0001_0032_0070_0062_0062.jpg 1 32 70 62 62
0002_0029_0049_0070_0070.jpg 1 29 49 70 70
0003_0026_0062_0054_0054.jpg 1 26 62 54 54
0004_0028_0009_0082_0082.jpg 1 28 9 82 82
0005_0020_0023_0069_0069.jpg 1 20 23 69 69
0006_0034_0075_0054_0054.jpg 1 34 75 54 54
0007_0016_0029_0026_0026.jpg 1 16 29 26 26
0008_0057_0040_0069_0069.jpg 1 57 40 69 69
0009_0044_0071_0063_0063.jpg 1 44 71 63 63
0010_0023_0088_0029_0029.jpg 1 23 88 29 29
0011_0082_0092_0044_0044.jpg 1 82 92 44 44
0012_0094_0055_0027_0027.jpg 1 94 55 27 27
0013_0044_0013_0091_0091.jpg 1 44 13 91 91
0014_0056_0035_0085_0085.jpg 1 56 35 85 85
0015_0047_0023_0096_0096.jpg 1 47 23 96 96
0016_0046_0032_0089_0089.jpg 1 46 32 89 89
0017_0070_0035_0043_0043.jpg 1 70 35 43 43
0018_0064_0035_0074_0074.jpg 1 64 35 74 74
0019_0054_0015_0057_0057.jpg 1 54 15 57 57
0020_0040_0039_0091_0091.jpg 1 40 39 91 91
0021_0073_0012_0059_0059.jpg 1 73 12 59 59
0022_0018_0019_0084_0084.jpg 1 18 19 84 84
0023_0062_0016_0080_0080.jpg 1 62 16 80 80
0024_0009_0036_0090_0090.jpg 1 9 36 90 90
0025_0048_0008_0087_0087.jpg 1 48 8 87 87
0026_0036_0051_0064_0064.jpg 1 36 51 64 64
0027_0042_0052_0078_0078.jpg 1 42 52 78 78
0028_0054_0013_0026_0026.jpg 1 54 13 26 26
0029_0014_0011_0075_0075.jpg 1 14 11 75 75
0030_0069_0102_0026_0026.jpg 1 69 102 26 26
0031_0067_0019_0069_0069.jpg 1 67 19 69 69
0032_0024_0056_0082_0082.jpg 1 24 56 82 82
0033_0070_0048_0065_0065.jpg 1 70 48 65 65
0034_0021_0051_0026_0026.jpg 1 21 51 26 26
0035_0067_0058_0067_0067.jpg 1 67 58 67 67
0036_0032_0030_0101_0101.jpg 1 32 30 101 101
0037_0017_0054_0088_0088.jpg 1 17 54 88 88
0038_0049_0076_0055_0055.jpg 1 49 76 55 55
0039_0048_0099_0033_0033.jpg 1 48 99 33 33
0040_0048_0038_0078_0078.jpg 1 48 38 78 78
0041_0048_0064_0069_0069.jpg 1 48 64 69 69
0042_0040_0009_0100_0100.jpg 1 40 9 100 100
0043_0087_0063_0028_0028.jpg 1 87 63 28 28
0044_0038_0031_0045_0045.jpg 1 38 31 45 45
0045_0070_0027_0070_0070.jpg 1 70 27 70 70
0046_0077_0060_0056_0056.jpg 1 77 60 56 56
0047_0019_0005_0100_0100.jpg 1 19 5 100 100
0048_0034_0055_0061_0061.jpg 1 34 55 61 61
0049_0054_0049_0053_0053.jpg 1 54 49 53 53
0050_0027_0009_0075_0075.jpg 1 27 9 75 75
0051_0030_0039_0069_0069.jpg 1 30 39 69 69
0052_0099_0068_0037_0037.jpg 1 99 68 37 37
0053_0028_0011_0085_0085.jpg 1 28 11 85 85
0054_0009_0009_0088_0088.jpg 1 9 9 88 88
0055_0089_0089_0031_0031.jpg 1 89 89 31 31
0056_0007_0039_0104_0104.jpg 1 7 39 104 104
0057_0038_0031_0082_0082.jpg 1 38 31 82 82
0058_0059_0049_0029_0029.jpg 1 59 49 29 29
0059_0035_0010_0090_0090.jpg 1 35 10 90 90
0060_0035_0032_0051_0051.jpg 1 35 32 51 51
0061_0055_0047_0080_0080.jpg 1 55 47 80 80
0062_0040_0039_0099_0099.jpg 1 40 39 99 99
0063_0014_0023_0093_0093.jpg 1 14 23 93 93
0064_0006_0022_0101_0101.jpg 1 6 22 101 101
0065_0054_0071_0041_0041.jpg 1 54 71 41 41
0066_0026_0035_0063_0063.jpg 1 26 35 63 63
0067_0027_0020_0099_0099.jpg 1 27 20 99 99
0068_0029_0089_0045_0045.jpg 1 29 89 45 45
0069_0019_0009_0071_0071.jpg 1 19 9 71 71
0070_0011_0089_0036_0036.jpg 1 11 89 36 36
0071_0055_0089_0030_0030.jpg 1 55 89 30 30
0072_0035_0108_0028_0028.jpg 1 35 108 28 28
0073_0092_0092_0027_0027.jpg 1 92 92 27 27
0074_0036_0030_0084_0084.jpg 1 36 30 84 84
0075_0010_0018_0096_0096.jpg 1 10 18 96 96
0076_0019_0028_0025_0025.jpg 1 19 28 25 25
0077_0026_0036_0102_0102.jpg 1 26 36 102 102
0078_0065_0084_0044_0044.jpg 1 65 84 44 44
0079_0048_0008_0096_0096.jpg 1 48 8 96 96
0080_0039_0019_0083_0083.jpg 1 39 19 83 83
0081_0052_0092_0039_0039.jpg 1 52 92 39 39
0082_0063_0064_0031_0031.jpg 1 63 64 31 31
0083_0056_0026_0075_0075.jpg 1 56 26 75 75
0084_0053_0039_0086_0086.jpg 1 53 39 86 86
0085_0058_0009_0058_0058.jpg 1 58 9 58 58
0086_0092_0026_0045_0045.jpg 1 92 26 45 45
0087_0055_0069_0032_0032.jpg 1 55 69 32 32
0088_0035_0015_0102_0102.jpg 1 35 15 102 102
0089_0013_0032_0092_0092.jpg 1 13 32 92 92
0090_0016_0018_0058_0058.jpg 1 16 18 58 58
0091_0091_0071_0030_0030.jpg 1 91 71 30 30
0092_0081_0083_0034_0034.jpg 1 81 83 34 34
0093_0009_0023_0069_0069.jpg 1 9 23 69 69
0094_0042_0038_0099_0099.jpg 1 42 38 99 99
0095_0079_0102_0031_0031.jpg 1 79 102 31 31
0096_0076_0085_0052_0052.jpg 1 76 85 52 52
0097_0043_0070_0030_0030.jpg 1 43 70 30 30
0098_0078_0028_0044_0044.jpg 1 78 28 44 44
0099_0074_0040_0054_0054.jpg 1 74 40 54 54
0100_0031_0053_0085_0085.jpg 1 31 53 85 85
0101_0047_0091_0048_0048.jpg 1 47 91 48 48
0102_0028_0024_0065_0065.jpg 1 28 24 65 65
0103_0057_0056_0084_0084.jpg 1 57 56 84 84
0104_0054_0029_0056_0056.jpg 1 54 29 56 56
0105_0050_0020_0072_0072.jpg 1 50 20 72 72
0106_0023_0025_0097_0097.jpg 1 23 25 97 97
0107_0042_0011_0092_0092.jpg 1 42 11 92 92
0108_0077_0057_0051_0051.jpg 1 77 57 51 51
0109_0047_0028_0088_0088.jpg 1 47 28 88 88
0110_0017_0041_0102_0102.jpg 1 17 41 102 102
0111_0048_0090_0040_0040.jpg 1 48 90 40 40
0112_0070_0045_0043_0043.jpg 1 70 45 43 43
0113_0026_0007_0102_0102.jpg 1 26 7 102 102
0114_0054_0076_0030_0030.jpg 1 54 76 30 30
0115_0041_0041_0101_0101.jpg 1 41 41 101 101
0116_0083_0075_0054_0054.jpg 1 83 75 54 54
0117_0032_0039_0086_0086.jpg 1 32 39 86 86
0118_0046_0026_0068_0068.jpg 1 46 26 68 68
0119_0012_0018_0094_0094.jpg 1 12 18 94 94
0120_0042_0038_0076_0076.jpg 1 42 38 76 76
0121_0023_0020_0091_0091.jpg 1 23 20 91 91
0122_0072_0017_0058_0058.jpg 1 72 17 58 58
0123_0042_0040_0036_0036.jpg 1 42 40 36 36
0124_0074_0104_0030_0030.jpg 1 74 104 30 30
0125_0063_0057_0070_0070.jpg 1 63 57 70 70
0126_0019_0012_0085_0085.jpg 1 19 12 85 85
0127_0037_0026_0099_0099.jpg 1 37 26 99 99
0128_0030_0043_0078_0078.jpg 1 30 43 78 78
0129_0041_0043_0079_0079.jpg 1 41 43 79 79
0130_0071_0085_0033_0033.jpg 1 71 85 33 33
0131_0038_0010_0086_0086.jpg 1 38 10 86 86
0132_0095_0094_0037_0037.jpg 1 95 94 37 37
0133_0080_0017_0030_0030.jpg 1 80 17 30 30
0134_0028_0009_0096_0096.jpg 1 28 9 96 96
0135_0022_0046_0069_0069.jpg 1 22 46 69 69
0136_0066_0018_0031_0031.jpg 1 66 18 31 31
0137_0036_0083_0046_0046.jpg 1 36 83 46 46
0138_0058_0076_0050_0050.jpg 1 58 76 50 50
0139_0027_0064_0067_0067.jpg 1 27 64 67 67
0140_0017_0093_0046_0046.jpg 1 17 93 46 46
0141_0100_0071_0029_0029.jpg 1 100 71 29 29
0142_0060_0011_0065_0065.jpg 1 60 11 65 65
0143_0020_0044_0096_0096.jpg 1 20 44 96 96
0144_0010_0023_0086_0086.jpg 1 10 23 86 86
0145_0012_0010_0099_0099.jpg 1 12 10 99 99
0146_0041_0061_0071_0071.jpg 1 41 61 71 71
0147_0062_0028_0073_0073.jpg 1 62 28 73 73
0148_0066_0026_0057_0057.jpg 1 66 26 57 57
0149_0026_0032_0072_0072.jpg 1 26 32 72 72
0150_0028_0076_0039_0039.jpg 1 28 76 39 39
0151_0050_0022_0062_0062.jpg 1 50 22 62 62
0152_0018_0064_0028_0028.jpg 1 18 64 28 28
0153_0024_0021_0088_0088.jpg 1 24 21 88 88
0154_0028_0041_0090_0090.jpg 1 28 41 90 90
0155_0019_0053_0035_0035.jpg 1 19 53 35 35
0156_0026_0039_0058_0058.jpg 1 26 39 58 58
0157_0010_0014_0101_0101.jpg 1 10 14 101 101
0158_0077_0050_0042_0042.jpg 1 77 50 42 42
0159_0035_0032_0092_0092.jpg 1 35 32 92 92
0160_0015_0057_0045_0045.jpg 1 15 57 45 45
0161_0062_0053_0068_0068.jpg 1 62 53 68 68
0162_0008_0034_0099_0099.jpg 1 8 34 99 99
0163_0049_0068_0028_0028.jpg 1 49 68 28 28
0164_0015_0031_0050_0050.jpg 1 15 31 50 50
0165_0019_0045_0078_0078.jpg 1 19 45 78 78
0166_0033_0008_0075_0075.jpg 1 33 8 75 75
0167_0083_0030_0026_0026.jpg 1 83 30 26 26
0168_0019_0038_0052_0052.jpg 1 19 38 52 52
0169_0026_0011_0097_0097.jpg 1 26 11 97 97
0170_0065_0066_0056_0056.jpg 1 65 66 56 56
0171_0090_0049_0029_0029.jpg 1 90 49 29 29
0172_0039_0041_0083_0083.jpg 1 39 41 83 83
0173_0014_0019_0099_0099.jpg 1 14 19 99 99
0174_0016_0011_0098_0098.jpg 1 16 11 98 98
0175_0044_0023_0093_0093.jpg 1 44 23 93 93
0176_0012_0033_0056_0056.jpg 1 12 33 56 56
0177_0021_0072_0057_0057.jpg 1 21 72 57 57
0178_0058_0024_0084_0084.jpg 1 58 24 84 84
0179_0050_0047_0053_0053.jpg 1 50 47 53 53
0180_0042_0026_0028_0028.jpg 1 42 26 28 28
0181_0049_0054_0067_0067.jpg 1 49 54 67 67
0182_0013_0007_0089_0089.jpg 1 13 7 89 89
0183_0034_0075_0038_0038.jpg 1 34 75 38 38
0184_0033_0011_0073_0073.jpg 1 33 11 73 73
0185_0031_0039_0078_0078.jpg 1 31 39 78 78
0186_0011_0041_0100_0100.jpg 1 11 41 100 100
0187_0084_0098_0031_0031.jpg 1 84 98 31 31
0188_0039_0024_0098_0098.jpg 1 39 24 98 98
0189_0031_0038_0048_0048.jpg 1 31 38 48 48
0190_0046_0045_0028_0028.jpg 1 46 45 28 28
0191_0067_0058_0072_0072.jpg 1 67 58 72 72
0192_0062_0016_0025_0025.jpg 1 62 16 25 25
0193_0090_0027_0029_0029.jpg 1 90 27 29 29
0194_0031_0037_0092_0092.jpg 1 31 37 92 92
0195_0046_0052_0077_0077.jpg 1 46 52 77 77
0196_0070_0037_0033_0033.jpg 1 70 37 33 33
0197_0037_0012_0043_0043.jpg 1 37 12 43 43
0198_0014_0062_0060_0060.jpg 1 14 62 60 60
0199_0101_0071_0033_0033.jpg 1 101 71 33 33
0200_0080_0049_0058_0058.jpg 1 80 49 58 58
0201_0106_0079_0026_0026.jpg 1 106 79 26 26
0202_0083_0068_0045_0045.jpg 1 83 68 45 45
0203_0075_0051_0026_0026.jpg 1 75 51 26 26
0204_0041_0031_0101_0101.jpg 1 41 31 101 101
0205_0022_0038_0084_0084.jpg 1 22 38 84 84
0206_0034_0026_0096_0096.jpg 1 34 26 96 96
0207_0075_0038_0034_0034.jpg 1 75 38 34 34
0208_0047_0048_0089_0089.jpg 1 47 48 89 89
0209_0039_0019_0057_0057.jpg 1 39 19 57 57
0210_0032_0019_0080_0080.jpg 1 32 19 80 80
0211_0060_0035_0044_0044.jpg 1 60 35 44 44
0212_0058_0026_0075_0075.jpg 1 58 26 75 75
0213_0033_0092_0042_0042.jpg 1 33 92 42 42
0214_0049_0063_0062_0062.jpg 1 49 63 62 62
0215_0017_0060_0034_0034.jpg 1 17 60 34 34
0216_0095_0067_0042_0042.jpg 1 95 67 42 42
0217_0039_0044_0088_0088.jpg 1 39 44 88 88
0218_0045_0070_0029_0029.jpg 1 45 70 29 29
0219_0019_0090_0048_0048.jpg 1 19 90 48 48
0220_0017_0026_0067_0067.jpg 1 17 26 67 67
0221_0063_0046_0071_0071.jpg 1 63 46 71 71
0222_0023_0077_0056_0056.jpg 1 23 77 56 56
0223_0067_0041_0044_0044.jpg 1 67 41 44 44
0224_0010_0060_0067_0067.jpg 1 10 60 67 67
0225_0009_0028_0087_0087.jpg 1 9 28 87 87
0226_0075_0065_0051_0051.jpg 1 75 65 51 51
0227_0015_0048_0086_0086.jpg 1 15 48 86 86
0228_0080_0015_0026_0026.jpg 1 80 15 26 26
0229_0022_0039_0096_0096.jpg 1 22 39 96 96
0230_0023_0064_0051_0051.jpg 1 23 64 51 51
0231_0009_0037_0073_0073.jpg 1 9 37 73 73
0232_0031_0014_0094_0094.jpg 1 31 14 94 94
0233_0012_0012_0071_0071.jpg 1 12 12 71 71
0234_0053_0062_0043_0043.jpg 1 53 62 43 43
0235_0069_0062_0059_0059.jpg 1 69 62 59 59
0236_0042_0008_0102_0102.jpg 1 42 8 102 102
0237_0015_0019_0094_0094.jpg 1 15 19 94 94
0238_0067_0026_0034_0034.jpg 1 67 26 34 34
0239_0036_0009_0067_0067.jpg 1 36 9 67 67
0240_0065_0091_0036_0036.jpg 1 65 91 36 36
0241_0044_0022_0077_0077.jpg 1 44 22 77 77
0242_0006_0049_0090_0090.jpg 1 6 49 90 90
0243_0034_0067_0065_0065.jpg 1 34 67 65 65
0244_0010_0056_0066_0066.jpg 1 10 56 66 66
0245_0073_0078_0046_0046.jpg 1 73 78 46 46
0246_0031_0033_0069_0069.jpg 1 31 33 69 69
0247_0031_0016_0034_0034.jpg 1 31 16 34 34
0248_0033_0032_0075_0075.jpg 1 33 32 75 75
0249_0062_0038_0058_0058.jpg 1 62 38 58 58
0250_0062_0021_0066_0066.jpg 1 62 21 66 66
0251_0051_0111_0025_0025.jpg 1 51 111 25 25
0252_0030_0032_0076_0076.jpg 1 30 32 76 76
0253_0008_0045_0072_0072.jpg 1 8 45 72 72
0254_0041_0032_0100_0100.jpg 1 41 32 100 100
0255_0062_0059_0048_0048.jpg 1 62 59 48 48
0256_0011_0050_0077_0077.jpg 1 11 50 77 77
0257_0039_0019_0102_0102.jpg 1 39 19 102 102
0258_0008_0040_0072_0072.jpg 1 8 40 72 72
0259_0018_0045_0095_0095.jpg 1 18 45 95 95
0260_0020_0008_0084_0084.jpg 1 20 8 84 84
0261_0012_0033_0048_0048.jpg 1 12 33 48 48
0262_0024_0033_0098_0098.jpg 1 24 33 98 98
0263_0076_0026_0039_0039.jpg 1 76 26 39 39
0264_0022_0051_0063_0063.jpg 1 22 51 63 63
0265_0040_0089_0041_0041.jpg 1 40 89 41 41
0266_0050_0064_0038_0038.jpg 1 50 64 38 38
0267_0049_0059_0046_0046.jpg 1 49 59 46 46
0268_0017_0054_0066_0066.jpg 1 17 54 66 66
0269_0025_0015_0027_0027.jpg 1 25 15 27 27
0270_0051_0048_0080_0080.jpg 1 51 48 80 80
0271_0026_0050_0058_0058.jpg 1 26 50 58 58
0272_0032_0018_0024_0024.jpg 1 32 18 24 24
0273_0053_0065_0074_0074.jpg 1 53 65 74 74
0274_0013_0015_0101_0101.jpg 1 13 15 101 101
0275_0042_0048_0062_0062.jpg 1 42 48 62 62
0276_0070_0059_0035_0035.jpg 1 70 59 35 35
0277_0034_0017_0087_0087.jpg 1 34 17 87 87
0278_0038_0005_0103_0103.jpg 1 38 5 103 103
0279_0015_0036_0100_0100.jpg 1 15 36 100 100
0280_0012_0047_0065_0065.jpg 1 12 47 65 65
0281_0013_0022_0093_0093.jpg 1 13 22 93 93
0282_0038_0026_0083_0083.jpg 1 38 26 83 83
0283_0092_0094_0040_0040.jpg 1 92 94 40 40
0284_0028_0006_0102_0102.jpg 1 28 6 102 102
0285_0079_0083_0029_0029.jpg 1 79 83 29 29
0286_0098_0075_0029_0029.jpg 1 98 75 29 29
0287_0059_0095_0041_0041.jpg 1 59 95 41 41
0288_0033_0045_0036_0036.jpg 1 33 45 36 36
0289_0053_0035_0054_0054.jpg 1 53 35 54 54
0290_0072_0076_0059_0059.jpg 1 72 76 59 59
0291_0032_0038_0031_0031.jpg 1 32 38 31 31
0292_0010_0049_0081_0081.jpg 1 10 49 81 81
0293_0018_0059_0082_0082.jpg 1 18 59 82 82
0294_0036_0040_0064_0064.jpg 1 36 40 64 64
0295_0022_0028_0051_0051.jpg 1 22 28 51 51
0296_0096_0022_0031_0031.jpg 1 96 22 31 31
0297_0059_0011_0081_0081.jpg 1 59 11 81 81
0298_0061_0033_0061_0061.jpg 1 61 33 61 61
0299_0006_0016_0098_0098.jpg 1 6 16 98 98
0300_0013_0056_0084_0084.jpg 1 13 56 84 84
0301_0008_0044_0093_0093.jpg 1 8 44 93 93
0302_0056_0036_0063_0063.jpg 1 56 36 63 63
0303_0064_0072_0048_0048.jpg 1 64 72 48 48
0304_0010_0023_0096_0096.jpg 1 10 23 96 96
0305_0017_0047_0060_0060.jpg 1 17 47 60 60
0306_0057_0032_0065_0065.jpg 1 57 32 65 65
0307_0088_0087_0036_0036.jpg 1 88 87 36 36
0308_0062_0015_0039_0039.jpg 1 62 15 39 39
0309_0035_0051_0042_0042.jpg 1 35 51 42 42
0310_0061_0064_0025_0025.jpg 1 61 64 25 25
0311_0017_0016_0062_0062.jpg 1 17 16 62 62
0312_0062_0037_0056_0056.jpg 1 62 37 56 56
0313_0024_0031_0098_0098.jpg 1 24 31 98 98
0314_0039_0028_0085_0085.jpg 1 39 28 85 85
0315_0015_0035_0099_0099.jpg 1 15 35 99 99
0316_0066_0056_0074_0074.jpg 1 66 56 74 74
0317_0034_0073_0041_0041.jpg 1 34 73 41 41
0318_0012_0015_0100_0100.jpg 1 12 15 100 100
0319_0056_0043_0058_0058.jpg 1 56 43 58 58
0320_0038_0056_0085_0085.jpg 1 38 56 85 85
0321_0014_0020_0071_0071.jpg 1 14 20 71 71
0322_0067_0038_0039_0039.jpg 1 67 38 39 39
0323_0046_0057_0070_0070.jpg 1 46 57 70 70
0324_0005_0022_0103_0103.jpg 1 5 22 103 103
0325_0096_0085_0038_0038.jpg 1 96 85 38 38
0326_0029_0067_0056_0056.jpg 1 29 67 56 56
0327_0056_0083_0026_0026.jpg 1 56 83 26 26
0328_0066_0023_0027_0027.jpg 1 66 23 27 27
0329_0084_0085_0054_0054.jpg 1 84 85 54 54
0330_0101_0026_0031_0031.jpg 1 101 26 31 31
0331_0028_0032_0042_0042.jpg 1 28 32 42 42
0332_0022_0022_0060_0060.jpg 1 22 22 60 60
0333_0053_0082_0049_0049.jpg 1 53 82 49 49
0334_0012_0019_0068_0068.jpg 1 12 19 68 68
0335_0032_0028_0052_0052.jpg 1 32 28 52 52
0336_0072_0071_0068_0068.jpg 1 72 71 68 68
0337_0075_0030_0053_0053.jpg 1 75 30 53 53
0338_0077_0045_0057_0057.jpg 1 77 45 57 57
0339_0020_0031_0099_0099.jpg 1 20 31 99 99
0340_0032_0016_0025_0025.jpg 1 32 16 25 25
0341_0042_0015_0067_0067.jpg 1 42 15 67 67
0342_0081_0009_0055_0055.jpg 1 81 9 55 55
0343_0009_0017_0088_0088.jpg 1 9 17 88 88
0344_0021_0064_0044_0044.jpg 1 21 64 44 44
0345_0007_0042_0074_0074.jpg 1 7 42 74 74
0346_0038_0011_0084_0084.jpg 1 38 11 84 84
0347_0042_0044_0087_0087.jpg 1 42 44 87 87
0348_0009_0025_0099_0099.jpg 1 9 25 99 99
0349_0045_0032_0099_0099.jpg 1 45 32 99 99
0350_0059_0014_0067_0067.jpg 1 59 14 67 67
0351_0056_0074_0067_0067.jpg 1 56 74 67 67
0352_0048_0019_0060_0060.jpg 1 48 19 60 60
0353_0037_0072_0053_0053.jpg 1 37 72 53 53
0354_0055_0054_0086_0086.jpg 1 55 54 86 86
0355_0028_0009_0084_0084.jpg 1 28 9 84 84
0356_0056_0033_0044_0044.jpg 1 56 33 44 44
0357_0108_0035_0027_0027.jpg 1 108 35 27 27
0358_0057_0049_0085_0085.jpg 1 57 49 85 85
0359_0107_0078_0030_0030.jpg 1 107 78 30 30
0360_0026_0082_0038_0038.jpg 1 26 82 38 38
0361_0053_0042_0078_0078.jpg 1 53 42 78 78
0362_0067_0015_0045_0045.jpg 1 67 15 45 45
0363_0014_0025_0030_0030.jpg 1 14 25 30 30
0364_0073_0097_0032_0032.jpg 1 73 97 32 32
0365_0069_0067_0070_0070.jpg 1 69 67 70 70
0366_0060_0078_0044_0044.jpg 1 60 78 44 44
0367_0049_0014_0074_0074.jpg 1 49 14 74 74
0368_0038_0011_0094_0094.jpg 1 38 11 94 94
0369_0013_0025_0063_0063.jpg 1 13 25 63 63
0370_0007_0033_0076_0076.jpg 1 7 33 76 76
0371_0079_0011_0055_0055.jpg 1 79 11 55 55
0372_0011_0056_0042_0042.jpg 1 11 56 42 42
0373_0040_0032_0097_0097.jpg 1 40 32 97 97
0374_0028_0045_0084_0084.jpg 1 28 45 84 84
0375_0014_0032_0096_0096.jpg 1 14 32 96 96
0376_0016_0046_0058_0058.jpg 1 16 46 58 58
0377_0056_0060_0055_0055.jpg 1 56 60 55 55
0378_0078_0073_0043_0043.jpg 1 78 73 43 43
0379_0071_0034_0059_0059.jpg 1 71 34 59 59
0380_0022_0110_0025_0025.jpg 1 22 110 25 25
0381_0039_0032_0067_0067.jpg 1 39 32 67 67
0382_0021_0060_0036_0036.jpg 1 21 60 36 36
0383_0063_0043_0063_0063.jpg 1 63 43 63 63
0384_0058_0070_0046_0046.jpg 1 58 70 46 46
0385_0084_0046_0048_0048.jpg 1 84 46 48 48
0386_0080_0012_0030_0030.jpg 1 80 12 30 30
0387_0034_0018_0089_0089.jpg 1 34 18 89 89
0388_0006_0030_0094_0094.jpg 1 6 30 94 94
0389_0067_0071_0067_0067.jpg 1 67 71 67 67
0390_0005_0042_0096_0096.jpg 1 5 42 96 96
0391_0021_0023_0101_0101.jpg 1 21 23 101 101
0392_0025_0031_0083_0083.jpg 1 25 31 83 83
0393_0063_0085_0043_0043.jpg 1 63 85 43 43
0394_0034_0014_0093_0093.jpg 1 34 14 93 93
0395_0038_0069_0042_0042.jpg 1 38 69 42 42
0396_0028_0087_0042_0042.jpg 1 28 87 42 42
0397_0061_0052_0035_0035.jpg 1 61 52 35 35
0398_0044_0073_0030_0030.jpg 1 44 73 30 30
0399_0055_0040_0054_0054.jpg 1 55 40 54 54
0400_0028_0071_0031_0031.jpg 1 28 71 31 31
0401_0024_0007_0097_0097.jpg 1 24 7 97 97
0402_0040_0008_0104_0104.jpg 1 40 8 104 104
0403_0017_0010_0074_0074.jpg 1 17 10 74 74
0404_0029_0020_0100_0100.jpg 1 29 20 100 100
0405_0020_0011_0081_0081.jpg 1 20 11 81 81
0406_0044_0028_0093_0093.jpg 1 44 28 93 93
0407_0029_0021_0078_0078.jpg 1 29 21 78 78
0408_0027_0020_0084_0084.jpg 1 27 20 84 84
0409_0011_0009_0093_0093.jpg 1 11 9 93 93
0410_0018_0061_0057_0057.jpg 1 18 61 57 57
0411_0024_0060_0081_0081.jpg 1 24 60 81 81
0412_0023_0048_0073_0073.jpg 1 23 48 73 73
0413_0028_0009_0092_0092.jpg 1 28 9 92 92
0414_0027_0041_0103_0103.jpg 1 27 41 103 103
0415_0037_0044_0085_0085.jpg 1 37 44 85 85
0416_0019_0049_0065_0065.jpg 1 19 49 65 65
0417_0049_0009_0056_0056.jpg 1 49 9 56 56
0418_0066_0042_0054_0054.jpg 1 66 42 54 54
0419_0047_0053_0060_0060.jpg 1 47 53 60 60
0420_0018_0017_0065_0065.jpg 1 18 17 65 65
0421_0028_0031_0095_0095.jpg 1 28 31 95 95
0422_0019_0012_0058_0058.jpg 1 19 12 58 58
0423_0035_0028_0099_0099.jpg 1 35 28 99 99
0424_0025_0009_0100_0100.jpg 1 25 9 100 100
0425_0006_0039_0098_0098.jpg 1 6 39 98 98
0426_0076_0013_0039_0039.jpg 1 76 13 39 39
0427_0075_0054_0064_0064.jpg 1 75 54 64 64
0428_0016_0048_0080_0080.jpg 1 16 48 80 80
0429_0009_0008_0078_0078.jpg 1 9 8 78 78
0430_0035_0053_0073_0073.jpg 1 35 53 73 73
0431_0030_0009_0071_0071.jpg 1 30 9 71 71
0432_0077_0063_0052_0052.jpg 1 77 63 52 52
0433_0021_0039_0086_0086.jpg 1 21 39 86 86
0434_0064_0056_0076_0076.jpg 1 64 56 76 76
0435_0045_0026_0043_0043.jpg 1 45 26 43 43
0436_0023_0070_0067_0067.jpg 1 23 70 67 67
0437_0048_0048_0032_0032.jpg 1 48 48 32 32
0438_0029_0037_0093_0093.jpg 1 29 37 93 93
0439_0012_0053_0064_0064.jpg 1 12 53 64 64
0440_0051_0006_0091_0091.jpg 1 51 6 91 91
0441_0067_0087_0041_0041.jpg 1 67 87 41 41
0442_0013_0021_0099_0099.jpg 1 13 21 99 99
0443_0015_0032_0044_0044.jpg 1 15 32 44 44
0444_0023_0009_0092_0092.jpg 1 23 9 92 92
0445_0032_0061_0039_0039.jpg 1 32 61 39 39
0446_0013_0030_0074_0074.jpg 1 13 30 74 74
0447_0046_0034_0089_0089.jpg 1 46 34 89 89
0448_0052_0039_0067_0067.jpg 1 52 39 67 67
0449_0061_0010_0057_0057.jpg 1 61 10 57 57
0450_0075_0058_0026_0026.jpg 1 75 58 26 26
0451_0014_0061_0040_0040.jpg 1 14 61 40 40
0452_0066_0063_0072_0072.jpg 1 66 63 72 72
0453_0012_0043_0046_0046.jpg 1 12 43 46 46
0454_0033_0025_0093_0093.jpg 1 33 25 93 93
0455_0027_0070_0042_0042.jpg 1 27 70 42 42
0456_0020_0053_0067_0067.jpg 1 20 53 67 67
0457_0038_0043_0081_0081.jpg 1 38 43 81 81
0458_0037_0063_0044_0044.jpg 1 37 63 44 44
0459_0018_0064_0070_0070.jpg 1 18 64 70 70
0460_0053_0022_0080_0080.jpg 1 53 22 80 80
0461_0015_0029_0059_0059.jpg 1 15 29 59 59
0462_0029_0035_0098_0098.jpg 1 29 35 98 98
0463_0025_0019_0082_0082.jpg 1 25 19 82 82
0464_0054_0010_0052_0052.jpg 1 54 10 52 52
0465_0017_0033_0080_0080.jpg 1 17 33 80 80
0466_0044_0015_0057_0057.jpg 1 44 15 57 57
0467_0033_0035_0100_0100.jpg 1 33 35 100 100
0468_0101_0019_0035_0035.jpg 1 101 19 35 35
0469_0033_0030_0104_0104.jpg 1 33 30 104 104
0470_0041_0053_0072_0072.jpg 1 41 53 72 72
0471_0017_0041_0097_0097.jpg 1 17 41 97 97
0472_0014_0056_0029_0029.jpg 1 14 56 29 29
0473_0009_0007_0093_0093.jpg 1 9 7 93 93
0474_0033_0044_0027_0027.jpg 1 33 44 27 27
0475_0084_0070_0049_0049.jpg 1 84 70 49 49
0476_0046_0024_0061_0061.jpg 1 46 24 61 61
0477_0049_0039_0072_0072.jpg 1 49 39 72 72
0478_0022_0029_0062_0062.jpg 1 22 29 62 62
0479_0102_0031_0036_0036.jpg 1 102 31 36 36
0480_0056_0027_0071_0071.jpg 1 56 27 71 71
0481_0073_0073_0041_0041.jpg 1 73 73 41 41
0482_0086_0015_0037_0037.jpg 1 86 15 37 37
0483_0033_0007_0099_0099.jpg 1 33 7 99 99
0484_0011_0050_0091_0091.jpg 1 11 50 91 91
0485_0046_0035_0054_0054.jpg 1 46 35 54 54
0486_0076_0011_0064_0064.jpg 1 76 11 64 64
0487_0091_0047_0043_0043.jpg 1 91 47 43 43
0488_0069_0011_0070_0070.jpg 1 69 11 70 70
0489_0012_0048_0084_0084.jpg 1 12 48 84 84
0490_0012_0041_0070_0070.jpg 1 12 41 70 70
0491_0028_0013_0064_0064.jpg 1 28 13 64 64
0492_0011_0037_0088_0088.jpg 1 11 37 88 88
0493_0022_0042_0071_0071.jpg 1 22 42 71 71
0494_0034_0027_0077_0077.jpg 1 34 27 77 77
0495_0050_0056_0052_0052.jpg 1 50 56 52 52
0496_0050_0013_0065_0065.jpg 1 50 13 65 65
0497_0012_0010_0074_0074.jpg 1 12 10 74 74
0498_0023_0047_0047_0047.jpg 1 23 47 47 47
0499_0021_0011_0077_0077.jpg 1 21 11 77 77
0500_0013_0052_0031_0031.jpg 1 13 52 31 31
0501_0054_0036_0085_0085.jpg 1 54 36 85 85
0502_0055_0023_0046_0046.jpg 1 55 23 46 46
0503_0095_0055_0039_0039.jpg 1 95 55 39 39
0504_0026_0057_0070_0070.jpg 1 26 57 70 70
0505_0028_0029_0071_0071.jpg 1 28 29 71 71
0506_0024_0023_0098_0098.jpg 1 24 23 98 98
0507_0033_0031_0081_0081.jpg 1 33 31 81 81
0508_0005_0045_0095_0095.jpg 1 5 45 95 95
0509_0025_0045_0098_0098.jpg 1 25 45 98 98
0510_0005_0036_0101_0101.jpg 1 5 36 101 101
0511_0053_0036_0079_0079.jpg 1 53 36 79 79
0512_0065_0047_0056_0056.jpg 1 65 47 56 56
0513_0051_0063_0078_0078.jpg 1 51 63 78 78
0514_0024_0019_0084_0084.jpg 1 24 19 84 84
0515_0078_0085_0050_0050.jpg 1 78 85 50 50
0516_0072_0031_0062_0062.jpg 1 72 31 62 62
0517_0083_0020_0034_0034.jpg 1 83 20 34 34
0518_0040_0037_0086_0086.jpg 1 40 37 86 86
0519_0052_0011_0067_0067.jpg 1 52 11 67 67
0520_0081_0071_0028_0028.jpg 1 81 71 28 28
0521_0033_0046_0068_0068.jpg 1 33 46 68 68
0522_0021_0054_0061_0061.jpg 1 21 54 61 61
0523_0042_0009_0083_0083.jpg 1 42 9 83 83
0524_0081_0036_0056_0056.jpg 1 81 36 56 56
0525_0069_0020_0062_0062.jpg 1 69 20 62 62
0526_0017_0014_0041_0041.jpg 1 17 14 41 41
0527_0049_0030_0026_0026.jpg 1 49 30 26 26
0528_0071_0036_0058_0058.jpg 1 71 36 58 58
0529_0067_0047_0062_0062.jpg 1 67 47 62 62
0530_0013_0030_0034_0034.jpg 1 13 30 34 34
0531_0024_0031_0037_0037.jpg 1 24 31 37 37
0532_0019_0024_0070_0070.jpg 1 19 24 70 70
0533_0015_0008_0079_0079.jpg 1 15 8 79 79
0534_0027_0038_0052_0052.jpg 1 27 38 52 52
0535_0020_0038_0024_0024.jpg 1 20 38 24 24
0536_0005_0025_0095_0095.jpg 1 5 25 95 95
0537_0020_0034_0087_0087.jpg 1 20 34 87 87
0538_0013_0034_0100_0100.jpg 1 13 34 100 100
0539_0043_0050_0066_0066.jpg 1 43 50 66 66
0540_0013_0078_0030_0030.jpg 1 13 78 30 30
0541_0066_0028_0067_0067.jpg 1 66 28 67 67
0542_0031_0039_0058_0058.jpg 1 31 39 58 58
0543_0045_0057_0081_0081.jpg 1 45 57 81 81
0544_0032_0039_0093_0093.jpg 1 32 39 93 93
0545_0015_0047_0086_0086.jpg 1 15 47 86 86
0546_0046_0041_0086_0086.jpg 1 46 41 86 86
0547_0050_0061_0080_0080.jpg 1 50 61 80 80
0548_0008_0037_0096_0096.jpg 1 8 37 96 96
0549_0073_0054_0053_0053.jpg 1 73 54 53 53
0550_0094_0026_0033_0033.jpg 1 94 26 33 33
0551_0067_0067_0072_0072.jpg 1 67 67 72 72
0552_0073_0107_0028_0028.jpg 1 73 107 28 28
0553_0086_0079_0025_0025.jpg 1 86 79 25 25
0554_0023_0050_0087_0087.jpg 1 23 50 87 87
0555_0091_0054_0039_0039.jpg 1 91 54 39 39
0556_0059_0020_0052_0052.jpg 1 59 20 52 52
0557_0043_0041_0092_0092.jpg 1 43 41 92 92
0558_0006_0021_0094_0094.jpg 1 6 21 94 94
0559_0048_0026_0048_0048.jpg 1 48 26 48 48
0560_0026_0040_0081_0081.jpg 1 26 40 81 81
0561_0050_0025_0029_0029.jpg 1 50 25 29 29
0562_0042_0011_0067_0067.jpg 1 42 11 67 67
0563_0068_0012_0065_0065.jpg 1 68 12 65 65
0564_0017_0101_0031_0031.jpg 1 17 101 31 31
0565_0027_0010_0091_0091.jpg 1 27 10 91 91
0566_0077_0073_0047_0047.jpg 1 77 73 47 47
0567_0060_0027_0053_0053.jpg 1 60 27 53 53
0568_0080_0067_0060_0060.jpg 1 80 67 60 60
0569_0017_0027_0054_0054.jpg 1 17 27 54 54
0570_0055_0105_0024_0024.jpg 1 55 105 24 24
0571_0090_0088_0025_0025.jpg 1 90 88 25 25
0572_0016_0038_0028_0028.jpg 1 16 38 28 28
0573_0094_0040_0034_0034.jpg 1 94 40 34 34
0574_0077_0045_0047_0047.jpg 1 77 45 47 47
0575_0030_0015_0079_0079.jpg 1 30 15 79 79
0576_0040_0085_0026_0026.jpg 1 40 85 26 26
0577_0081_0068_0026_0026.jpg 1 81 68 26 26
0578_0101_0104_0029_0029.jpg 1 101 104 29 29
0579_0077_0037_0063_0063.jpg 1 77 37 63 63
0580_0018_0036_0103_0103.jpg 1 18 36 103 103
0581_0086_0105_0027_0027.jpg 1 86 105 27 27
0582_0018_0060_0082_0082.jpg 1 18 60 82 82
0583_0053_0012_0086_0086.jpg 1 53 12 86 86
0584_0084_0036_0054_0054.jpg 1 84 36 54 54
0585_0056_0043_0065_0065.jpg 1 56 43 65 65
0586_0027_0024_0104_0104.jpg 1 27 24 104 104
0587_0027_0063_0040_0040.jpg 1 27 63 40 40
0588_0019_0036_0099_0099.jpg 1 19 36 99 99
0589_0041_0024_0072_0072.jpg 1 41 24 72 72
0590_0064_0081_0052_0052.jpg 1 64 81 52 52
0591_0049_0058_0069_0069.jpg 1 49 58 69 69
0592_0039_0020_0090_0090.jpg 1 39 20 90 90
0593_0034_0029_0083_0083.jpg 1 34 29 83 83
0594_0025_0046_0087_0087.jpg 1 25 46 87 87
0595_0042_0027_0095_0095.jpg 1 42 27 95 95
0596_0050_0061_0060_0060.jpg 1 50 61 60 60
0597_0025_0012_0088_0088.jpg 1 25 12 88 88
0598_0060_0057_0078_0078.jpg 1 60 57 78 78
0599_0071_0070_0043_0043.jpg 1 71 70 43 43
0600_0010_0050_0069_0069.jpg 1 10 50 69 69
0601_0053_0076_0047_0047.jpg 1 53 76 47 47
0602_0074_0069_0057_0057.jpg 1 74 69 57 57
0603_0056_0085_0040_0040.jpg 1 56 85 40 40
0604_0029_0032_0093_0093.jpg 1 29 32 93 93
0605_0030_0023_0057_0057.jpg 1 30 23 57 57
0606_0015_0030_0082_0082.jpg 1 15 30 82 82
0607_0036_0063_0069_0069.jpg 1 36 63 69 69
0608_0015_0042_0084_0084.jpg 1 15 42 84 84
0609_0060_0021_0050_0050.jpg 1 60 21 50 50
0610_0015_0050_0089_0089.jpg 1 15 50 89 89
0611_0032_0031_0077_0077.jpg 1 32 31 77 77
0612_0100_0061_0026_0026.jpg 1 100 61 26 26
0613_0009_0023_0094_0094.jpg 1 9 23 94 94
0614_0043_0059_0069_0069.jpg 1 43 59 69 69
0615_0032_0060_0071_0071.jpg 1 32 60 71 71
0616_0009_0057_0066_0066.jpg 1 9 57 66 66
0617_0033_0024_0100_0100.jpg 1 33 24 100 100
0618_0051_0016_0035_0035.jpg 1 51 16 35 35
0619_0087_0048_0038_0038.jpg 1 87 48 38 38
0620_0052_0025_0041_0041.jpg 1 52 25 41 41
0621_0024_0044_0100_0100.jpg 1 24 44 100 100
0622_0040_0023_0092_0092.jpg 1 40 23 92 92
0623_0051_0087_0049_0049.jpg 1 51 87 49 49
0624_0008_0006_0092_0092.jpg 1 8 6 92 92
0625_0036_0025_0089_0089.jpg 1 36 25 89 89
0626_0028_0015_0087_0087.jpg 1 28 15 87 87
0627_0017_0035_0100_0100.jpg 1 17 35 100 100
0628_0012_0023_0075_0075.jpg 1 12 23 75 75
0629_0040_0041_0030_0030.jpg 1 40 41 30 30
0630_0083_0055_0049_0049.jpg 1 83 55 49 49
0631_0056_0044_0057_0057.jpg 1 56 44 57 57
0632_0044_0097_0039_0039.jpg 1 44 97 39 39
0633_0058_0013_0071_0071.jpg 1 58 13 71 71
0634_0033_0050_0032_0032.jpg 1 33 50 32 32
0635_0046_0036_0024_0024.jpg 1 46 36 24 24
0636_0039_0029_0056_0056.jpg 1 39 29 56 56
0637_0024_0066_0054_0054.jpg 1 24 66 54 54
0638_0007_0006_0090_0090.jpg 1 7 6 90 90
0639_0033_0055_0083_0083.jpg 1 33 55 83 83
0640_0033_0060_0069_0069.jpg 1 33 60 69 69
0641_0042_0046_0043_0043.jpg 1 42 46 43 43
0642_0071_0031_0054_0054.jpg 1 71 31 54 54
0643_0052_0035_0084_0084.jpg 1 52 35 84 84
0644_0047_0010_0057_0057.jpg 1 47 10 57 57
0645_0089_0036_0034_0034.jpg 1 89 36 34 34
0646_0080_0016_0042_0042.jpg 1 80 16 42 42
0647_0014_0065_0067_0067.jpg 1 14 65 67 67
0648_0027_0038_0082_0082.jpg 1 27 38 82 82
0649_0014_0048_0080_0080.jpg 1 14 48 80 80
0650_0077_0034_0055_0055.jpg 1 77 34 55 55
0651_0047_0058_0055_0055.jpg 1 47 58 55 55
0652_0088_0045_0045_0045.jpg 1 88 45 45 45
0653_0013_0052_0059_0059.jpg 1 13 52 59 59
0654_0023_0008_0083_0083.jpg 1 23 8 83 83
0655_0018_0061_0054_0054.jpg 1 18 61 54 54
0656_0050_0040_0082_0082.jpg 1 50 40 82 82
0657_0023_0091_0033_0033.jpg 1 23 91 33 33
0658_0077_0038_0038_0038.jpg 1 77 38 38 38
0659_0030_0041_0069_0069.jpg 1 30 41 69 69
0660_0034_0018_0082_0082.jpg 1 34 18 82 82
0661_0024_0039_0090_0090.jpg 1 24 39 90 90
0662_0027_0025_0041_0041.jpg 1 27 25 41 41
0663_0045_0034_0093_0093.jpg 1 45 34 93 93
0664_0015_0019_0086_0086.jpg 1 15 19 86 86
0665_0013_0016_0099_0099.jpg 1 13 16 99 99
0666_0024_0029_0101_0101.jpg 1 24 29 101 101
0667_0020_0057_0053_0053.jpg 1 20 57 53 53
0668_0007_0006_0101_0101.jpg 1 7 6 101 101
0669_0079_0025_0040_0040.jpg 1 79 25 40 40
0670_0005_0043_0100_0100.jpg 1 5 43 100 100
0671_0032_0008_0089_0089.jpg 1 32 8 89 89
0672_0014_0039_0070_0070.jpg 1 14 39 70 70
0673_0043_0098_0034_0034.jpg 1 43 98 34 34
0674_0023_0026_0088_0088.jpg 1 23 26 88 88
0675_0066_0055_0074_0074.jpg 1 66 55 74 74
0676_0060_0022_0071_0071.jpg 1 60 22 71 71
0677_0060_0065_0038_0038.jpg 1 60 65 38 38
0678_0049_0039_0031_0031.jpg 1 49 39 31 31
0679_0035_0040_0100_0100.jpg 1 35 40 100 100
0680_0054_0022_0073_0073.jpg 1 54 22 73 73
0681_0032_0018_0093_0093.jpg 1 32 18 93 93
0682_0111_0046_0024_0024.jpg 1 111 46 24 24
0683_0059_0040_0052_0052.jpg 1 59 40 52 52
0684_0041_0054_0026_0026.jpg 1 41 54 26 26
0685_0022_0024_0087_0087.jpg 1 22 24 87 87
0686_0031_0014_0092_0092.jpg 1 31 14 92 92
0687_0020_0045_0043_0043.jpg 1 20 45 43 43
0688_0047_0049_0094_0094.jpg 1 47 49 94 94
0689_0049_0039_0074_0074.jpg 1 49 39 74 74
0690_0043_0014_0088_0088.jpg 1 43 14 88 88
0691_0016_0018_0084_0084.jpg 1 16 18 84 84
0692_0047_0060_0054_0054.jpg 1 47 60 54 54
0693_0031_0065_0039_0039.jpg 1 31 65 39 39
0694_0078_0051_0059_0059.jpg 1 78 51 59 59
0695_0044_0019_0090_0090.jpg 1 44 19 90 90
0696_0033_0103_0028_0028.jpg 1 33 103 28 28
0697_0023_0009_0088_0088.jpg 1 23 9 88 88
0698_0035_0036_0063_0063.jpg 1 35 36 63 63
0699_0014_0018_0029_0029.jpg 1 14 18 29 29
0700_0047_0056_0069_0069.jpg 1 47 56 69 69
0701_0051_0045_0050_0050.jpg 1 51 45 50 50
0702_0046_0039_0094_0094.jpg 1 46 39 94 94
0703_0057_0084_0053_0053.jpg 1 57 84 53 53
0704_0039_0023_0043_0043.jpg 1 39 23 43 43
0705_0075_0082_0025_0025.jpg 1 75 82 25 25
0706_0061_0046_0059_0059.jpg 1 61 46 59 59
0707_0010_0029_0074_0074.jpg 1 10 29 74 74
0708_0101_0020_0026_0026.jpg 1 101 20 26 26
0709_0035_0054_0064_0064.jpg 1 35 54 64 64
0710_0027_0006_0087_0087.jpg 1 27 6 87 87
0711_0070_0019_0057_0057.jpg 1 70 19 57 57
0712_0024_0018_0092_0092.jpg 1 24 18 92 92
0713_0046_0060_0054_0054.jpg 1 46 60 54 54
0714_0034_0015_0074_0074.jpg 1 34 15 74 74
0715_0078_0109_0024_0024.jpg 1 78 109 24 24
0716_0027_0043_0071_0071.jpg 1 27 43 71 71
0717_0051_0036_0086_0086.jpg 1 51 36 86 86
0718_0022_0013_0100_0100.jpg 1 22 13 100 100
0719_0049_0055_0088_0088.jpg 1 49 55 88 88
0720_0033_0044_0025_0025.jpg 1 33 44 25 25
0721_0039_0008_0094_0094.jpg 1 39 8 94 94
0722_0025_0023_0094_0094.jpg 1 25 23 94 94
0723_0098_0079_0036_0036.jpg 1 98 79 36 36
0724_0017_0063_0076_0076.jpg 1 17 63 76 76
0725_0052_0047_0083_0083.jpg 1 52 47 83 83
0726_0016_0035_0095_0095.jpg 1 16 35 95 95
0727_0057_0064_0024_0024.jpg 1 57 64 24 24
0728_0054_0066_0071_0071.jpg 1 54 66 71 71
0729_0050_0019_0066_0066.jpg 1 50 19 66 66
0730_0105_0092_0032_0032.jpg 1 105 92 32 32
0731_0012_0018_0033_0033.jpg 1 12 18 33 33
0732_0030_0103_0034_0034.jpg 1 30 103 34 34
0733_0086_0094_0044_0044.jpg 1 86 94 44 44
0734_0017_0015_0092_0092.jpg 1 17 15 92 92
0735_0049_0039_0080_0080.jpg 1 49 39 80 80
0736_0082_0068_0041_0041.jpg 1 82 68 41 41
0737_0034_0046_0091_0091.jpg 1 34 46 91 91
0738_0013_0028_0097_0097.jpg 1 13 28 97 97
0739_0029_0025_0088_0088.jpg 1 29 25 88 88
0740_0040_0013_0070_0070.jpg 1 40 13 70 70
0741_0012_0042_0078_0078.jpg 1 12 42 78 78
0742_0056_0048_0037_0037.jpg 1 56 48 37 37
0743_0038_0090_0036_0036.jpg 1 38 90 36 36
0744_0030_0020_0093_0093.jpg 1 30 20 93 93
0745_0105_0054_0026_0026.jpg 1 105 54 26 26
0746_0035_0055_0064_0064.jpg 1 35 55 64 64
0747_0031_0015_0086_0086.jpg 1 31 15 86 86
0748_0036_0029_0097_0097.jpg 1 36 29 97 97
0749_0080_0109_0026_0026.jpg 1 80 109 26 26
0750_0067_0096_0025_0025.jpg 1 67 96 25 25
0751_0015_0051_0068_0068.jpg 1 15 51 68 68
0752_0042_0016_0091_0091.jpg 1 42 16 91 91
0753_0056_0028_0054_0054.jpg 1 56 28 54 54
0754_0012_0044_0073_0073.jpg 1 12 44 73 73
0755_0064_0022_0046_0046.jpg 1 64 22 46 46
0756_0024_0006_0100_0100.jpg 1 24 6 100 100
0757_0043_0070_0027_0027.jpg 1 43 70 27 27
0758_0056_0077_0050_0050.jpg 1 56 77 50 50
0759_0072_0073_0032_0032.jpg 1 72 73 32 32
0760_0073_0087_0052_0052.jpg 1 73 87 52 52
0761_0074_0061_0044_0044.jpg 1 74 61 44 44
0762_0030_0051_0050_0050.jpg 1 30 51 50 50
0763_0007_0036_0089_0089.jpg 1 7 36 89 89
0764_0021_0017_0084_0084.jpg 1 21 17 84 84
0765_0072_0088_0040_0040.jpg 1 72 88 40 40
0766_0041_0006_0089_0089.jpg 1 41 6 89 89
0767_0033_0092_0027_0027.jpg 1 33 92 27 27
0768_0037_0025_0099_0099.jpg 1 37 25 99 99
0769_0025_0022_0099_0099.jpg 1 25 22 99 99
0770_0016_0019_0043_0043.jpg 1 16 19 43 43
0771_0028_0028_0098_0098.jpg 1 28 28 98 98
0772_0051_0040_0070_0070.jpg 1 51 40 70 70
0773_0039_0068_0041_0041.jpg 1 39 68 41 41
0774_0105_0057_0027_0027.jpg 1 105 57 27 27
0775_0034_0017_0045_0045.jpg 1 34 17 45 45
0776_0051_0044_0067_0067.jpg 1 51 44 67 67
0777_0051_0067_0067_0067.jpg 1 51 67 67 67
0778_0042_0042_0095_0095.jpg 1 42 42 95 95
0779_0048_0029_0094_0094.jpg 1 48 29 94 94
0780_0057_0053_0077_0077.jpg 1 57 53 77 77
0781_0036_0017_0102_0102.jpg 1 36 17 102 102
0782_0021_0029_0096_0096.jpg 1 21 29 96 96
0783_0022_0057_0061_0061.jpg 1 22 57 61 61
0784_0039_0087_0042_0042.jpg 1 39 87 42 42
0785_0010_0063_0064_0064.jpg 1 10 63 64 64
0786_0059_0053_0074_0074.jpg 1 59 53 74 74
0787_0037_0036_0089_0089.jpg 1 37 36 89 89
0788_0034_0017_0071_0071.jpg 1 34 17 71 71
0789_0047_0008_0082_0082.jpg 1 47 8 82 82
0790_0052_0024_0087_0087.jpg 1 52 24 87 87
0791_0038_0046_0039_0039.jpg 1 38 46 39 39
0792_0077_0076_0026_0026.jpg 1 77 76 26 26
0793_0059_0072_0057_0057.jpg 1 59 72 57 57
0794_0055_0068_0054_0054.jpg 1 55 68 54 54
0795_0015_0037_0025_0025.jpg 1 15 37 25 25
0796_0012_0007_0099_0099.jpg 1 12 7 99 99
0797_0014_0007_0091_0091.jpg 1 14 7 91 91
0798_0026_0045_0098_0098.jpg 1 26 45 98 98
0799_0018_0030_0066_0066.jpg 1 18 30 66 66
0800_0050_0043_0072_0072.jpg 1 50 43 72 72
0801_0047_0070_0035_0035.jpg 1 47 70 35 35
0802_0057_0016_0069_0069.jpg 1 57 16 69 69
0803_0007_0029_0103_0103.jpg 1 7 29 103 103
0804_0061_0027_0034_0034.jpg 1 61 27 34 34
0805_0021_0019_0024_0024.jpg 1 21 19 24 24
0806_0088_0107_0024_0024.jpg 1 88 107 24 24
0807_0032_0012_0101_0101.jpg 1 32 12 101 101
0808_0063_0026_0077_0077.jpg 1 63 26 77 77
0809_0047_0095_0039_0039.jpg 1 47 95 39 39
0810_0109_0059_0025_0025.jpg 1 109 59 25 25
0811_0033_0015_0098_0098.jpg 1 33 15 98 98
0812_0006_0013_0099_0099.jpg 1 6 13 99 99
0813_0077_0071_0058_0058.jpg 1 77 71 58 58
0814_0028_0042_0037_0037.jpg 1 28 42 37 37
0815_0076_0022_0044_0044.jpg 1 76 22 44 44
0816_0033_0022_0055_0055.jpg 1 33 22 55 55
0817_0014_0050_0050_0050.jpg 1 14 50 50 50
0818_0034_0012_0077_0077.jpg 1 34 12 77 77
0819_0010_0018_0103_0103.jpg 1 10 18 103 103
0820_0044_0019_0039_0039.jpg 1 44 19 39 39
0821_0033_0045_0081_0081.jpg 1 33 45 81 81
0822_0014_0021_0056_0056.jpg 1 14 21 56 56
0823_0051_0044_0089_0089.jpg 1 51 44 89 89
0824_0080_0026_0045_0045.jpg 1 80 26 45 45
0825_0073_0017_0061_0061.jpg 1 73 17 61 61
0826_0031_0028_0059_0059.jpg 1 31 28 59 59
0827_0028_0024_0049_0049.jpg 1 28 24 49 49
0828_0039_0040_0082_0082.jpg 1 39 40 82 82
0829_0080_0018_0036_0036.jpg 1 80 18 36 36
0830_0080_0076_0043_0043.jpg 1 80 76 43 43
0831_0019_0063_0062_0062.jpg 1 19 63 62 62
0832_0015_0040_0097_0097.jpg 1 15 40 97 97
0833_0017_0009_0103_0103.jpg 1 17 9 103 103
0834_0038_0044_0078_0078.jpg 1 38 44 78 78
0835_0087_0093_0046_0046.jpg 1 87 93 46 46
0836_0024_0050_0047_0047.jpg 1 24 50 47 47
0837_0088_0034_0029_0029.jpg 1 88 34 29 29
0838_0032_0046_0091_0091.jpg 1 32 46 91 91
0839_0055_0035_0082_0082.jpg 1 55 35 82 82
0840_0042_0061_0027_0027.jpg 1 42 61 27 27
0841_0055_0032_0076_0076.jpg 1 55 32 76 76
0842_0057_0062_0053_0053.jpg 1 57 62 53 53
0843_0011_0037_0092_0092.jpg 1 11 37 92 92
0844_0067_0041_0031_0031.jpg 1 67 41 31 31
0845_0073_0033_0060_0060.jpg 1 73 33 60 60
0846_0036_0034_0094_0094.jpg 1 36 34 94 94
0847_0060_0071_0048_0048.jpg 1 60 71 48 48
0848_0052_0049_0063_0063.jpg 1 52 49 63 63
0849_0019_0062_0078_0078.jpg 1 19 62 78 78
0850_0098_0108_0029_0029.jpg 1 98 108 29 29
0851_0060_0021_0047_0047.jpg 1 60 21 47 47
0852_0031_0014_0058_0058.jpg 1 31 14 58 58
0853_0039_0065_0075_0075.jpg 1 39 65 75 75
0854_0060_0044_0062_0062.jpg 1 60 44 62 62
0855_0005_0021_0094_0094.jpg 1 5 21 94 94
0856_0074_0017_0031_0031.jpg 1 74 17 31 31
0857_0020_0053_0090_0090.jpg 1 20 53 90 90
0858_0057_0012_0035_0035.jpg 1 57 12 35 35
0859_0097_0056_0040_0040.jpg 1 97 56 40 40
0860_0034_0034_0101_0101.jpg 1 34 34 101 101
0861_0074_0054_0036_0036.jpg 1 74 54 36 36
0862_0024_0046_0090_0090.jpg 1 24 46 90 90
0863_0049_0045_0087_0087.jpg 1 49 45 87 87
0864_0044_0071_0059_0059.jpg 1 44 71 59 59
0865_0047_0044_0080_0080.jpg 1 47 44 80 80
0866_0035_0046_0093_0093.jpg 1 35 46 93 93
0867_0017_0016_0084_0084.jpg 1 17 16 84 84
0868_0047_0056_0072_0072.jpg 1 47 56 72 72
0869_0074_0072_0059_0059.jpg 1 74 72 59 59
0870_0052_0036_0051_0051.jpg 1 52 36 51 51
0871_0053_0053_0082_0082.jpg 1 53 53 82 82
0872_0029_0061_0075_0075.jpg 1 29 61 75 75
0873_0043_0059_0084_0084.jpg 1 43 59 84 84
0874_0042_0036_0055_0055.jpg 1 42 36 55 55
0875_0033_0019_0087_0087.jpg 1 33 19 87 87
0876_0027_0100_0035_0035.jpg 1 27 100 35 35
0877_0077_0104_0031_0031.jpg 1 77 104 31 31
0878_0033_0035_0087_0087.jpg 1 33 35 87 87
0879_0047_0017_0061_0061.jpg 1 47 17 61 61
0880_0018_0040_0102_0102.jpg 1 18 40 102 102
0881_0037_0019_0063_0063.jpg 1 37 19 63 63
0882_0082_0095_0026_0026.jpg 1 82 95 26 26
0883_0014_0054_0072_0072.jpg 1 14 54 72 72
0884_0032_0075_0050_0050.jpg 1 32 75 50 50
0885_0014_0008_0095_0095.jpg 1 14 8 95 95
0886_0063_0012_0056_0056.jpg 1 63 12 56 56
0887_0017_0054_0089_0089.jpg 1 17 54 89 89
0888_0043_0027_0087_0087.jpg 1 43 27 87 87
0889_0018_0010_0094_0094.jpg 1 18 10 94 94
0890_0039_0029_0102_0102.jpg 1 39 29 102 102
0891_0049_0013_0032_0032.jpg 1 49 13 32 32
0892_0013_0028_0101_0101.jpg 1 13 28 101 101
0893_0010_0036_0088_0088.jpg 1 10 36 88 88
0894_0053_0024_0063_0063.jpg 1 53 24 63 63
0895_0008_0010_0065_0065.jpg 1 8 10 65 65
0896_0026_0016_0054_0054.jpg 1 26 16 54 54
0897_0079_0036_0050_0050.jpg 1 79 36 50 50
0898_0019_0058_0056_0056.jpg 1 19 58 56 56
0899_0014_0011_0099_0099.jpg 1 14 11 99 99
0900_0043_0028_0053_0053.jpg 1 43 28 53 53
0901_0020_0013_0096_0096.jpg 1 20 13 96 96
0902_0056_0039_0065_0065.jpg 1 56 39 65 65
0903_0021_0044_0078_0078.jpg 1 21 44 78 78
0904_0029_0052_0074_0074.jpg 1 29 52 74 74
0905_0072_0061_0034_0034.jpg 1 72 61 34 34
0906_0045_0022_0045_0045.jpg 1 45 22 45 45
0907_0040_0076_0024_0024.jpg 1 40 76 24 24
0908_0037_0031_0048_0048.jpg 1 37 31 48 48
0909_0028_0054_0040_0040.jpg 1 28 54 40 40
0910_0042_0045_0044_0044.jpg 1 42 45 44 44
0911_0032_0047_0061_0061.jpg 1 32 47 61 61
0912_0059_0067_0032_0032.jpg 1 59 67 32 32
0913_0016_0101_0030_0030.jpg 1 16 101 30 30
0914_0039_0042_0069_0069.jpg 1 39 42 69 69
0915_0018_0020_0086_0086.jpg 1 18 20 86 86
0916_0075_0056_0052_0052.jpg 1 75 56 52 52
0917_0031_0023_0070_0070.jpg 1 31 23 70 70
0918_0014_0040_0027_0027.jpg 1 14 40 27 27
0919_0028_0015_0104_0104.jpg 1 28 15 104 104
0920_0055_0050_0025_0025.jpg 1 55 50 25 25
0921_0051_0058_0054_0054.jpg 1 51 58 54 54
0922_0056_0016_0024_0024.jpg 1 56 16 24 24
0923_0072_0092_0040_0040.jpg 1 72 92 40 40
0924_0026_0017_0084_0084.jpg 1 26 17 84 84
0925_0018_0073_0059_0059.jpg 1 18 73 59 59
0926_0045_0036_0089_0089.jpg 1 45 36 89 89
0927_0025_0040_0054_0054.jpg 1 25 40 54 54
0928_0038_0032_0043_0043.jpg 1 38 32 43 43
0929_0021_0037_0083_0083.jpg 1 21 37 83 83
0930_0068_0054_0024_0024.jpg 1 68 54 24 24
0931_0048_0045_0084_0084.jpg 1 48 45 84 84
0932_0050_0037_0084_0084.jpg 1 50 37 84 84
0933_0050_0060_0040_0040.jpg 1 50 60 40 40
0934_0054_0067_0024_0024.jpg 1 54 67 24 24
0935_0037_0023_0029_0029.jpg 1 37 23 29 29
0936_0048_0064_0046_0046.jpg 1 48 64 46 46
0937_0054_0015_0075_0075.jpg 1 54 15 75 75
0938_0084_0074_0025_0025.jpg 1 84 74 25 25
0939_0061_0027_0031_0031.jpg 1 61 27 31 31
0940_0015_0059_0044_0044.jpg 1 15 59 44 44
0941_0081_0013_0046_0046.jpg 1 81 13 46 46
0942_0067_0010_0051_0051.jpg 1 67 10 51 51
0943_0034_0020_0087_0087.jpg 1 34 20 87 87
0944_0019_0042_0051_0051.jpg 1 19 42 51 51
0945_0009_0063_0077_0077.jpg 1 9 63 77 77
0946_0012_0051_0051_0051.jpg 1 12 51 51 51
0947_0044_0044_0100_0100.jpg 1 44 44 100 100
0948_0035_0034_0026_0026.jpg 1 35 34 26 26
0949_0057_0056_0061_0061.jpg 1 57 56 61 61
0950_0028_0031_0101_0101.jpg 1 28 31 101 101
0951_0083_0077_0040_0040.jpg 1 83 77 40 40
0952_0022_0041_0093_0093.jpg 1 22 41 93 93
0953_0096_0056_0033_0033.jpg 1 96 56 33 33
0954_0047_0078_0052_0052.jpg 1 47 78 52 52
0955_0035_0018_0100_0100.jpg 1 35 18 100 100
0956_0016_0030_0049_0049.jpg 1 16 30 49 49
0957_0076_0032_0061_0061.jpg 1 76 32 61 61
0958_0022_0029_0103_0103.jpg 1 22 29 103 103
0959_0033_0032_0091_0091.jpg 1 33 32 91 91
0960_0044_0013_0040_0040.jpg 1 44 13 40 40
0961_0086_0032_0054_0054.jpg 1 86 32 54 54
0962_0058_0034_0030_0030.jpg 1 58 34 30 30
0963_0066_0052_0030_0030.jpg 1 66 52 30 30
0964_0054_0034_0084_0084.jpg 1 54 34 84 84
0965_0052_0059_0073_0073.jpg 1 52 59 73 73
0966_0039_0050_0050_0050.jpg 1 39 50 50 50
0967_0064_0032_0078_0078.jpg 1 64 32 78 78
0968_0037_0017_0068_0068.jpg 1 37 17 68 68
0969_0008_0048_0089_0089.jpg 1 8 48 89 89
0970_0037_0044_0082_0082.jpg 1 37 44 82 82
0971_0072_0077_0054_0054.jpg 1 72 77 54 54
0972_0049_0028_0089_0089.jpg 1 49 28 89 89
0973_0037_0072_0064_0064.jpg 1 37 72 64 64
0974_0066_0011_0060_0060.jpg 1 66 11 60 60
0975_0012_0047_0095_0095.jpg 1 12 47 95 95
0976_0046_0099_0034_0034.jpg 1 46 99 34 34
0977_0015_0036_0084_0084.jpg 1 15 36 84 84
0978_0055_0062_0080_0080.jpg 1 55 62 80 80
0979_0069_0107_0028_0028.jpg 1 69 107 28 28
0980_0072_0080_0045_0045.jpg 1 72 80 45 45
0981_0022_0034_0104_0104.jpg 1 22 34 104 104
0982_0044_0058_0038_0038.jpg 1 44 58 38 38
0983_0031_0021_0032_0032.jpg 1 31 21 32 32
0984_0010_0034_0045_0045.jpg 1 10 34 45 45
0985_0079_0016_0038_0038.jpg 1 79 16 38 38
0986_0051_0071_0051_0051.jpg 1 51 71 51 51
0987_0020_0025_0085_0085.jpg 1 20 25 85 85
0988_0047_0032_0043_0043.jpg 1 47 32 43 43
0989_0049_0056_0074_0074.jpg 1 49 56 74 74
0990_0024_0057_0038_0038.jpg 1 24 57 38 38
0991_0026_0028_0104_0104.jpg 1 26 28 104 104
0992_0013_0029_0092_0092.jpg 1 13 29 92 92
0993_0009_0026_0069_0069.jpg 1 9 26 69 69
0994_0086_0037_0042_0042.jpg 1 86 37 42 42
0995_0032_0029_0099_0099.jpg 1 32 29 99 99
0996_0055_0054_0070_0070.jpg 1 55 54 70 70
0997_0062_0084_0056_0056.jpg 1 62 84 56 56
0998_0065_0040_0034_0034.jpg 1 65 40 34 34
0999_0035_0086_0031_0031.jpg 1 35 86 31 31
1000_0021_0025_0027_0027.jpg 1 21 25 27 27
