0001_0059_0044_0070_0070.jpg 1 59 44 70 70
0002_0058_0015_0067_0067.jpg 1 58 15 67 67
0003_0038_0038_0056_0056.jpg 1 38 38 56 56
0004_0024_0075_0065_0065.jpg 1 24 75 65 65
0005_0022_0030_0078_0078.jpg 1 22 30 78 78
0006_0015_0096_0029_0029.jpg 1 15 96 29 29
0007_0008_0035_0089_0089.jpg 1 8 35 89 89
0008_0069_0062_0069_0069.jpg 1 69 62 69 69
0009_0038_0056_0081_0081.jpg 1 38 56 81 81
0010_0069_0016_0040_0040.jpg 1 69 16 40 40
0011_0029_0013_0076_0076.jpg 1 29 13 76 76
0012_0014_0059_0071_0071.jpg 1 14 59 71 71
0013_0023_0067_0051_0051.jpg 1 23 67 51 51
0014_0010_0035_0054_0054.jpg 1 10 35 54 54
0015_0050_0058_0039_0039.jpg 1 50 58 39 39
0016_0036_0041_0090_0090.jpg 1 36 41 90 90
0017_0014_0057_0086_0086.jpg 1 14 57 86 86
0018_0014_0081_0046_0046.jpg 1 14 81 46 46
0019_0025_0022_0063_0063.jpg 1 25 22 63 63
0020_0045_0025_0093_0093.jpg 1 45 25 93 93
0021_0052_0044_0071_0071.jpg 1 52 44 71 71
0022_0035_0044_0029_0029.jpg 1 35 44 29 29
0023_0060_0032_0063_0063.jpg 1 60 32 63 63
0024_0032_0058_0083_0083.jpg 1 32 58 83 83
0025_0014_0071_0056_0056.jpg 1 14 71 56 56
0026_0033_0061_0044_0044.jpg 1 33 61 44 44
0027_0063_0030_0062_0062.jpg 1 63 30 62 62
0028_0049_0020_0062_0062.jpg 1 49 20 62 62
0029_0033_0058_0071_0071.jpg 1 33 58 71 71
0030_0050_0014_0066_0066.jpg 1 50 14 66 66
0031_0008_0012_0074_0074.jpg 1 8 12 74 74
0032_0028_0038_0064_0064.jpg 1 28 38 64 64
0033_0062_0061_0049_0049.jpg 1 62 61 49 49
0034_0094_0070_0044_0044.jpg 1 94 70 44 44
0035_0024_0007_0103_0103.jpg 1 24 7 103 103
0036_0016_0038_0051_0051.jpg 1 16 38 51 51
0037_0022_0040_0081_0081.jpg 1 22 40 81 81
0038_0009_0025_0099_0099.jpg 1 9 25 99 99
0039_0025_0033_0048_0048.jpg 1 25 33 48 48
0040_0055_0039_0027_0027.jpg 1 55 39 27 27
0041_0038_0035_0088_0088.jpg 1 38 35 88 88
0042_0023_0062_0030_0030.jpg 1 23 62 30 30
0043_0032_0015_0090_0090.jpg 1 32 15 90 90
0044_0027_0046_0073_0073.jpg 1 27 46 73 73
0045_0037_0107_0026_0026.jpg 1 37 107 26 26
0046_0013_0042_0087_0087.jpg 1 13 42 87 87
0047_0030_0048_0091_0091.jpg 1 30 48 91 91
0048_0049_0058_0062_0062.jpg 1 49 58 62 62
0049_0057_0036_0054_0054.jpg 1 57 36 54 54
0050_0012_0099_0026_0026.jpg 1 12 99 26 26
0051_0090_0090_0039_0039.jpg 1 90 90 39 39
0052_0063_0045_0058_0058.jpg 1 63 45 58 58
0053_0007_0043_0079_0079.jpg 1 7 43 79 79
0054_0034_0083_0053_0053.jpg 1 34 83 53 53
0055_0012_0022_0029_0029.jpg 1 12 22 29 29
0056_0050_0056_0067_0067.jpg 1 50 56 67 67
0057_0025_0068_0051_0051.jpg 1 25 68 51 51
0058_0044_0011_0081_0081.jpg 1 44 11 81 81
0059_0015_0035_0102_0102.jpg 1 15 35 102 102
0060_0045_0045_0056_0056.jpg 1 45 45 56 56
0061_0029_0021_0081_0081.jpg 1 29 21 81 81
0062_0023_0036_0098_0098.jpg 1 23 36 98 98
0063_0047_0011_0065_0065.jpg 1 47 11 65 65
0064_0017_0040_0099_0099.jpg 1 17 40 99 99
0065_0044_0039_0047_0047.jpg 1 44 39 47 47
0066_0058_0033_0075_0075.jpg 1 58 33 75 75
0067_0071_0026_0034_0034.jpg 1 71 26 34 34
0068_0076_0041_0058_0058.jpg 1 76 41 58 58
0069_0081_0048_0055_0055.jpg 1 81 48 55 55
0070_0080_0065_0043_0043.jpg 1 80 65 43 43
0071_0067_0072_0062_0062.jpg 1 67 72 62 62
0072_0068_0026_0072_0072.jpg 1 68 26 72 72
0073_0018_0076_0038_0038.jpg 1 18 76 38 38
0074_0099_0054_0039_0039.jpg 1 99 54 39 39
0075_0037_0060_0045_0045.jpg 1 37 60 45 45
0076_0082_0027_0052_0052.jpg 1 82 27 52 52
0077_0031_0041_0065_0065.jpg 1 31 41 65 65
0078_0027_0022_0036_0036.jpg 1 27 22 36 36
0079_0039_0112_0024_0024.jpg 1 39 112 24 24
0080_0042_0013_0081_0081.jpg 1 42 13 81 81
0081_0052_0098_0028_0028.jpg 1 52 98 28 28
0082_0080_0075_0032_0032.jpg 1 80 75 32 32
0083_0027_0044_0056_0056.jpg 1 27 44 56 56
0084_0050_0040_0093_0093.jpg 1 50 40 93 93
0085_0075_0060_0054_0054.jpg 1 75 60 54 54
0086_0017_0052_0091_0091.jpg 1 17 52 91 91
0087_0022_0038_0088_0088.jpg 1 22 38 88 88
0088_0053_0061_0077_0077.jpg 1 53 61 77 77
0089_0043_0047_0068_0068.jpg 1 43 47 68 68
0090_0051_0054_0081_0081.jpg 1 51 54 81 81
0091_0034_0051_0045_0045.jpg 1 34 51 45 45
0092_0053_0064_0065_0065.jpg 1 53 64 65 65
0093_0059_0019_0073_0073.jpg 1 59 19 73 73
0094_0013_0011_0085_0085.jpg 1 13 11 85 85
0095_0051_0039_0078_0078.jpg 1 51 39 78 78
0096_0047_0031_0047_0047.jpg 1 47 31 47 47
0097_0030_0035_0100_0100.jpg 1 30 35 100 100
0098_0041_0098_0037_0037.jpg 1 41 98 37 37
0099_0024_0041_0078_0078.jpg 1 24 41 78 78
0100_0014_0047_0087_0087.jpg 1 14 47 87 87
0101_0056_0051_0070_0070.jpg 1 56 51 70 70
0102_0016_0053_0079_0079.jpg 1 16 53 79 79
0103_0042_0015_0072_0072.jpg 1 42 15 72 72
0104_0106_0070_0026_0026.jpg 1 106 70 26 26
0105_0017_0061_0068_0068.jpg 1 17 61 68 68
0106_0025_0038_0098_0098.jpg 1 25 38 98 98
0107_0110_0080_0026_0026.jpg 1 110 80 26 26
0108_0079_0009_0060_0060.jpg 1 79 9 60 60
0109_0024_0028_0095_0095.jpg 1 24 28 95 95
0110_0022_0056_0073_0073.jpg 1 22 56 73 73
0111_0067_0013_0045_0045.jpg 1 67 13 45 45
0112_0098_0103_0028_0028.jpg 1 98 103 28 28
0113_0090_0059_0033_0033.jpg 1 90 59 33 33
0114_0038_0033_0033_0033.jpg 1 38 33 33 33
0115_0017_0031_0071_0071.jpg 1 17 31 71 71
0116_0015_0106_0030_0030.jpg 1 15 106 30 30
0117_0067_0036_0062_0062.jpg 1 67 36 62 62
0118_0087_0055_0027_0027.jpg 1 87 55 27 27
0119_0053_0040_0032_0032.jpg 1 53 40 32 32
0120_0031_0026_0030_0030.jpg 1 31 26 30 30
0121_0031_0034_0031_0031.jpg 1 31 34 31 31
0122_0076_0080_0029_0029.jpg 1 76 80 29 29
0123_0036_0035_0100_0100.jpg 1 36 35 100 100
0124_0039_0036_0092_0092.jpg 1 39 36 92 92
0125_0059_0015_0040_0040.jpg 1 59 15 40 40
0126_0076_0081_0050_0050.jpg 1 76 81 50 50
0127_0034_0008_0104_0104.jpg 1 34 8 104 104
0128_0028_0038_0052_0052.jpg 1 28 38 52 52
0129_0042_0079_0024_0024.jpg 1 42 79 24 24
0130_0020_0062_0033_0033.jpg 1 20 62 33 33
0131_0013_0086_0051_0051.jpg 1 13 86 51 51
0132_0046_0019_0095_0095.jpg 1 46 19 95 95
0133_0022_0025_0078_0078.jpg 1 22 25 78 78
0134_0069_0037_0065_0065.jpg 1 69 37 65 65
0135_0034_0058_0046_0046.jpg 1 34 58 46 46
0136_0037_0015_0092_0092.jpg 1 37 15 92 92
0137_0032_0080_0034_0034.jpg 1 32 80 34 34
0138_0036_0049_0067_0067.jpg 1 36 49 67 67
0139_0042_0072_0063_0063.jpg 1 42 72 63 63
0140_0048_0053_0032_0032.jpg 1 48 53 32 32
0141_0025_0074_0057_0057.jpg 1 25 74 57 57
0142_0084_0036_0041_0041.jpg 1 84 36 41 41
0143_0010_0011_0087_0087.jpg 1 10 11 87 87
0144_0063_0058_0071_0071.jpg 1 63 58 71 71
0145_0058_0016_0031_0031.jpg 1 58 16 31 31
0146_0021_0073_0030_0030.jpg 1 21 73 30 30
0147_0009_0011_0088_0088.jpg 1 9 11 88 88
0148_0029_0035_0076_0076.jpg 1 29 35 76 76
0149_0042_0015_0054_0054.jpg 1 42 15 54 54
0150_0088_0083_0029_0029.jpg 1 88 83 29 29
0151_0061_0012_0077_0077.jpg 1 61 12 77 77
0152_0011_0053_0080_0080.jpg 1 11 53 80 80
0153_0012_0036_0103_0103.jpg 1 12 36 103 103
0154_0029_0020_0087_0087.jpg 1 29 20 87 87
0155_0030_0065_0076_0076.jpg 1 30 65 76 76
0156_0034_0055_0080_0080.jpg 1 34 55 80 80
0157_0067_0086_0027_0027.jpg 1 67 86 27 27
0158_0034_0037_0081_0081.jpg 1 34 37 81 81
0159_0007_0017_0088_0088.jpg 1 7 17 88 88
0160_0012_0010_0094_0094.jpg 1 12 10 94 94
0161_0039_0074_0033_0033.jpg 1 39 74 33 33
0162_0056_0055_0080_0080.jpg 1 56 55 80 80
0163_0032_0028_0027_0027.jpg 1 32 28 27 27
0164_0013_0068_0043_0043.jpg 1 13 68 43 43
0165_0026_0037_0052_0052.jpg 1 26 37 52 52
0166_0018_0043_0084_0084.jpg 1 18 43 84 84
0167_0046_0100_0036_0036.jpg 1 46 100 36 36
0168_0040_0047_0069_0069.jpg 1 40 47 69 69
0169_0030_0021_0104_0104.jpg 1 30 21 104 104
0170_0081_0044_0059_0059.jpg 1 81 44 59 59
0171_0053_0056_0031_0031.jpg 1 53 56 31 31
0172_0022_0033_0071_0071.jpg 1 22 33 71 71
0173_0070_0053_0058_0058.jpg 1 70 53 58 58
0174_0015_0036_0035_0035.jpg 1 15 36 35 35
0175_0011_0038_0056_0056.jpg 1 11 38 56 56
0176_0064_0012_0077_0077.jpg 1 64 12 77 77
0177_0071_0051_0039_0039.jpg 1 71 51 39 39
0178_0034_0057_0074_0074.jpg 1 34 57 74 74
0179_0010_0066_0075_0075.jpg 1 10 66 75 75
0180_0047_0026_0093_0093.jpg 1 47 26 93 93
0181_0032_0027_0104_0104.jpg 1 32 27 104 104
0182_0025_0037_0097_0097.jpg 1 25 37 97 97
0183_0031_0046_0095_0095.jpg 1 31 46 95 95
0184_0047_0092_0032_0032.jpg 1 47 92 32 32
0185_0099_0038_0025_0025.jpg 1 99 38 25 25
0186_0041_0036_0102_0102.jpg 1 41 36 102 102
0187_0043_0007_0100_0100.jpg 1 43 7 100 100
0188_0045_0046_0043_0043.jpg 1 45 46 43 43
0189_0061_0065_0042_0042.jpg 1 61 65 42 42
0190_0031_0038_0090_0090.jpg 1 31 38 90 90
0191_0073_0051_0059_0059.jpg 1 73 51 59 59
0192_0082_0022_0045_0045.jpg 1 82 22 45 45
0193_0049_0041_0085_0085.jpg 1 49 41 85 85
0194_0045_0010_0090_0090.jpg 1 45 10 90 90
0195_0013_0035_0059_0059.jpg 1 13 35 59 59
0196_0041_0068_0036_0036.jpg 1 41 68 36 36
0197_0040_0012_0085_0085.jpg 1 40 12 85 85
0198_0051_0087_0046_0046.jpg 1 51 87 46 46
0199_0050_0079_0047_0047.jpg 1 50 79 47 47
0200_0085_0046_0054_0054.jpg 1 85 46 54 54
0201_0038_0059_0080_0080.jpg 1 38 59 80 80
0202_0076_0048_0046_0046.jpg 1 76 48 46 46
0203_0012_0055_0073_0073.jpg 1 12 55 73 73
0204_0061_0044_0059_0059.jpg 1 61 44 59 59
0205_0027_0053_0079_0079.jpg 1 27 53 79 79
0206_0030_0050_0082_0082.jpg 1 30 50 82 82
0207_0018_0036_0104_0104.jpg 1 18 36 104 104
0208_0105_0012_0032_0032.jpg 1 105 12 32 32
0209_0058_0089_0031_0031.jpg 1 58 89 31 31
0210_0035_0009_0101_0101.jpg 1 35 9 101 101
0211_0016_0068_0066_0066.jpg 1 16 68 66 66
0212_0012_0036_0087_0087.jpg 1 12 36 87 87
0213_0021_0085_0052_0052.jpg 1 21 85 52 52
0214_0018_0018_0046_0046.jpg 1 18 18 46 46
0215_0033_0020_0082_0082.jpg 1 33 20 82 82
0216_0035_0030_0043_0043.jpg 1 35 30 43 43
0217_0038_0042_0100_0100.jpg 1 38 42 100 100
0218_0073_0017_0061_0061.jpg 1 73 17 61 61
0219_0029_0015_0068_0068.jpg 1 29 15 68 68
0220_0099_0069_0027_0027.jpg 1 99 69 27 27
0221_0030_0041_0067_0067.jpg 1 30 41 67 67
0222_0051_0062_0036_0036.jpg 1 51 62 36 36
0223_0046_0039_0089_0089.jpg 1 46 39 89 89
0224_0018_0108_0025_0025.jpg 1 18 108 25 25
0225_0023_0071_0067_0067.jpg 1 23 71 67 67
0226_0069_0063_0064_0064.jpg 1 69 63 64 64
0227_0025_0040_0092_0092.jpg 1 25 40 92 92
0228_0056_0049_0060_0060.jpg 1 56 49 60 60
0229_0044_0051_0035_0035.jpg 1 44 51 35 35
0230_0056_0061_0077_0077.jpg 1 56 61 77 77
0231_0051_0014_0083_0083.jpg 1 51 14 83 83
0232_0015_0018_0075_0075.jpg 1 15 18 75 75
0233_0023_0027_0090_0090.jpg 1 23 27 90 90
0234_0058_0026_0082_0082.jpg 1 58 26 82 82
0235_0027_0058_0074_0074.jpg 1 27 58 74 74
0236_0029_0019_0072_0072.jpg 1 29 19 72 72
0237_0048_0007_0084_0084.jpg 1 48 7 84 84
0238_0028_0012_0027_0027.jpg 1 28 12 27 27
0239_0027_0021_0095_0095.jpg 1 27 21 95 95
0240_0086_0044_0046_0046.jpg 1 86 44 46 46
0241_0052_0031_0044_0044.jpg 1 52 31 44 44
0242_0009_0027_0091_0091.jpg 1 9 27 91 91
0243_0017_0099_0030_0030.jpg 1 17 99 30 30
0244_0026_0016_0089_0089.jpg 1 26 16 89 89
0245_0047_0076_0049_0049.jpg 1 47 76 49 49
0246_0022_0011_0094_0094.jpg 1 22 11 94 94
0247_0045_0033_0091_0091.jpg 1 45 33 91 91
0248_0026_0015_0073_0073.jpg 1 26 15 73 73
0249_0071_0048_0039_0039.jpg 1 71 48 39 39
0250_0074_0040_0067_0067.jpg 1 74 40 67 67
0251_0036_0006_0088_0088.jpg 1 36 6 88 88
0252_0018_0020_0088_0088.jpg 1 18 20 88 88
0253_0010_0025_0055_0055.jpg 1 10 25 55 55
0254_0033_0061_0072_0072.jpg 1 33 61 72 72
0255_0023_0017_0086_0086.jpg 1 23 17 86 86
0256_0007_0063_0078_0078.jpg 1 7 63 78 78
0257_0025_0046_0092_0092.jpg 1 25 46 92 92
0258_0016_0032_0064_0064.jpg 1 16 32 64 64
0259_0036_0028_0035_0035.jpg 1 36 28 35 35
0260_0074_0025_0049_0049.jpg 1 74 25 49 49
0261_0080_0023_0029_0029.jpg 1 80 23 29 29
0262_0039_0028_0063_0063.jpg 1 39 28 63 63
0263_0028_0019_0061_0061.jpg 1 28 19 61 61
0264_0024_0051_0041_0041.jpg 1 24 51 41 41
0265_0028_0021_0083_0083.jpg 1 28 21 83 83
0266_0023_0064_0052_0052.jpg 1 23 64 52 52
0267_0030_0082_0039_0039.jpg 1 30 82 39 39
0268_0069_0046_0072_0072.jpg 1 69 46 72 72
0269_0056_0015_0040_0040.jpg 1 56 15 40 40
0270_0065_0029_0069_0069.jpg 1 65 29 69 69
0271_0034_0077_0038_0038.jpg 1 34 77 38 38
0272_0082_0060_0053_0053.jpg 1 82 60 53 53
0273_0010_0046_0074_0074.jpg 1 10 46 74 74
0274_0045_0030_0097_0097.jpg 1 45 30 97 97
0275_0075_0034_0065_0065.jpg 1 75 34 65 65
0276_0049_0013_0053_0053.jpg 1 49 13 53 53
0277_0033_0034_0070_0070.jpg 1 33 34 70 70
0278_0097_0044_0035_0035.jpg 1 97 44 35 35
0279_0045_0036_0073_0073.jpg 1 45 36 73 73
0280_0057_0047_0053_0053.jpg 1 57 47 53 53
0281_0081_0011_0045_0045.jpg 1 81 11 45 45
0282_0084_0058_0048_0048.jpg 1 84 58 48 48
0283_0030_0018_0100_0100.jpg 1 30 18 100 100
0284_0054_0021_0056_0056.jpg 1 54 21 56 56
0285_0014_0032_0044_0044.jpg 1 14 32 44 44
0286_0080_0049_0053_0053.jpg 1 80 49 53 53
0287_0045_0059_0065_0065.jpg 1 45 59 65 65
0288_0024_0006_0102_0102.jpg 1 24 6 102 102
0289_0010_0028_0052_0052.jpg 1 10 28 52 52
0290_0071_0051_0068_0068.jpg 1 71 51 68 68
0291_0067_0032_0068_0068.jpg 1 67 32 68 68
0292_0066_0072_0053_0053.jpg 1 66 72 53 53
0293_0012_0047_0072_0072.jpg 1 12 47 72 72
0294_0065_0009_0061_0061.jpg 1 65 9 61 61
0295_0036_0011_0100_0100.jpg 1 36 11 100 100
0296_0021_0038_0095_0095.jpg 1 21 38 95 95
0297_0058_0076_0056_0056.jpg 1 58 76 56 56
0298_0047_0032_0059_0059.jpg 1 47 32 59 59
0299_0057_0022_0080_0080.jpg 1 57 22 80 80
0300_0047_0031_0059_0059.jpg 1 47 31 59 59
0301_0053_0069_0040_0040.jpg 1 53 69 40 40
0302_0066_0061_0035_0035.jpg 1 66 61 35 35
0303_0011_0009_0098_0098.jpg 1 11 9 98 98
0304_0099_0082_0034_0034.jpg 1 99 82 34 34
0305_0095_0066_0034_0034.jpg 1 95 66 34 34
0306_0072_0046_0061_0061.jpg 1 72 46 61 61
0307_0045_0087_0033_0033.jpg 1 45 87 33 33
0308_0067_0087_0037_0037.jpg 1 67 87 37 37
0309_0074_0060_0039_0039.jpg 1 74 60 39 39
0310_0104_0051_0028_0028.jpg 1 104 51 28 28
0311_0050_0071_0063_0063.jpg 1 50 71 63 63
0312_0030_0035_0093_0093.jpg 1 30 35 93 93
0313_0032_0014_0041_0041.jpg 1 32 14 41 41
0314_0027_0074_0039_0039.jpg 1 27 74 39 39
0315_0034_0013_0029_0029.jpg 1 34 13 29 29
0316_0051_0090_0027_0027.jpg 1 51 90 27 27
0317_0081_0018_0041_0041.jpg 1 81 18 41 41
0318_0033_0020_0058_0058.jpg 1 33 20 58 58
0319_0081_0075_0031_0031.jpg 1 81 75 31 31
0320_0035_0021_0095_0095.jpg 1 35 21 95 95
0321_0019_0024_0050_0050.jpg 1 19 24 50 50
0322_0018_0031_0077_0077.jpg 1 18 31 77 77
0323_0061_0043_0046_0046.jpg 1 61 43 46 46
0324_0038_0031_0085_0085.jpg 1 38 31 85 85
0325_0071_0066_0070_0070.jpg 1 71 66 70 70
0326_0059_0060_0031_0031.jpg 1 59 60 31 31
0327_0017_0026_0101_0101.jpg 1 17 26 101 101
0328_0080_0024_0048_0048.jpg 1 80 24 48 48
0329_0038_0035_0089_0089.jpg 1 38 35 89 89
0330_0016_0022_0058_0058.jpg 1 16 22 58 58
0331_0025_0032_0093_0093.jpg 1 25 32 93 93
0332_0042_0056_0044_0044.jpg 1 42 56 44 44
0333_0052_0027_0090_0090.jpg 1 52 27 90 90
0334_0062_0087_0040_0040.jpg 1 62 87 40 40
0335_0032_0059_0070_0070.jpg 1 32 59 70 70
0336_0053_0031_0039_0039.jpg 1 53 31 39 39
0337_0057_0060_0041_0041.jpg 1 57 60 41 41
0338_0008_0006_0084_0084.jpg 1 8 6 84 84
0339_0012_0011_0070_0070.jpg 1 12 11 70 70
0340_0034_0037_0089_0089.jpg 1 34 37 89 89
0341_0096_0067_0029_0029.jpg 1 96 67 29 29
0342_0026_0085_0037_0037.jpg 1 26 85 37 37
0343_0035_0084_0054_0054.jpg 1 35 84 54 54
0344_0020_0031_0093_0093.jpg 1 20 31 93 93
0345_0007_0012_0103_0103.jpg 1 7 12 103 103
0346_0062_0071_0070_0070.jpg 1 62 71 70 70
0347_0069_0075_0051_0051.jpg 1 69 75 51 51
0348_0016_0046_0050_0050.jpg 1 16 46 50 50
0349_0076_0059_0032_0032.jpg 1 76 59 32 32
0350_0069_0036_0057_0057.jpg 1 69 36 57 57
0351_0027_0012_0059_0059.jpg 1 27 12 59 59
0352_0041_0041_0029_0029.jpg 1 41 41 29 29
0353_0080_0027_0053_0053.jpg 1 80 27 53 53
0354_0057_0041_0056_0056.jpg 1 57 41 56 56
0355_0042_0009_0102_0102.jpg 1 42 9 102 102
0356_0062_0038_0065_0065.jpg 1 62 38 65 65
0357_0013_0035_0092_0092.jpg 1 13 35 92 92
0358_0066_0082_0058_0058.jpg 1 66 82 58 58
0359_0061_0031_0054_0054.jpg 1 61 31 54 54
0360_0018_0089_0048_0048.jpg 1 18 89 48 48
0361_0053_0070_0067_0067.jpg 1 53 70 67 67
0362_0092_0056_0034_0034.jpg 1 92 56 34 34
0363_0026_0024_0035_0035.jpg 1 26 24 35 35
0364_0029_0037_0081_0081.jpg 1 29 37 81 81
0365_0020_0009_0086_0086.jpg 1 20 9 86 86
0366_0066_0057_0054_0054.jpg 1 66 57 54 54
0367_0054_0051_0081_0081.jpg 1 54 51 81 81
0368_0018_0037_0046_0046.jpg 1 18 37 46 46
0369_0013_0017_0071_0071.jpg 1 13 17 71 71
0370_0026_0034_0094_0094.jpg 1 26 34 94 94
0371_0022_0034_0076_0076.jpg 1 22 34 76 76
0372_0056_0060_0065_0065.jpg 1 56 60 65 65
0373_0010_0027_0093_0093.jpg 1 10 27 93 93
0374_0029_0010_0086_0086.jpg 1 29 10 86 86
0375_0023_0076_0033_0033.jpg 1 23 76 33 33
0376_0080_0101_0031_0031.jpg 1 80 101 31 31
0377_0044_0017_0077_0077.jpg 1 44 17 77 77
0378_0013_0009_0090_0090.jpg 1 13 9 90 90
0379_0080_0063_0041_0041.jpg 1 80 63 41 41
0380_0017_0015_0104_0104.jpg 1 17 15 104 104
0381_0051_0069_0043_0043.jpg 1 51 69 43 43
0382_0022_0042_0093_0093.jpg 1 22 42 93 93
0383_0056_0024_0070_0070.jpg 1 56 24 70 70
0384_0041_0045_0089_0089.jpg 1 41 45 89 89
0385_0047_0043_0047_0047.jpg 1 47 43 47 47
0386_0008_0011_0098_0098.jpg 1 8 11 98 98
0387_0046_0058_0055_0055.jpg 1 46 58 55 55
0388_0021_0017_0061_0061.jpg 1 21 17 61 61
0389_0057_0039_0054_0054.jpg 1 57 39 54 54
0390_0028_0032_0075_0075.jpg 1 28 32 75 75
0391_0031_0012_0068_0068.jpg 1 31 12 68 68
0392_0064_0075_0043_0043.jpg 1 64 75 43 43
0393_0063_0042_0076_0076.jpg 1 63 42 76 76
0394_0052_0037_0081_0081.jpg 1 52 37 81 81
0395_0025_0044_0042_0042.jpg 1 25 44 42 42
0396_0046_0085_0053_0053.jpg 1 46 85 53 53
0397_0035_0022_0101_0101.jpg 1 35 22 101 101
0398_0055_0077_0040_0040.jpg 1 55 77 40 40
0399_0044_0050_0070_0070.jpg 1 44 50 70 70
0400_0029_0013_0090_0090.jpg 1 29 13 90 90
0401_0063_0030_0079_0079.jpg 1 63 30 79 79
0402_0054_0053_0025_0025.jpg 1 54 53 25 25
0403_0063_0057_0074_0074.jpg 1 63 57 74 74
0404_0097_0037_0035_0035.jpg 1 97 37 35 35
0405_0025_0039_0077_0077.jpg 1 25 39 77 77
0406_0011_0025_0076_0076.jpg 1 11 25 76 76
0407_0072_0071_0059_0059.jpg 1 72 71 59 59
0408_0019_0030_0090_0090.jpg 1 19 30 90 90
0409_0047_0015_0066_0066.jpg 1 47 15 66 66
0410_0074_0065_0065_0065.jpg 1 74 65 65 65
0411_0085_0028_0032_0032.jpg 1 85 28 32 32
0412_0020_0050_0086_0086.jpg 1 20 50 86 86
0413_0026_0017_0100_0100.jpg 1 26 17 100 100
0414_0036_0009_0063_0063.jpg 1 36 9 63 63
0415_0032_0025_0084_0084.jpg 1 32 25 84 84
0416_0056_0101_0037_0037.jpg 1 56 101 37 37
0417_0017_0008_0091_0091.jpg 1 17 8 91 91
0418_0032_0027_0099_0099.jpg 1 32 27 99 99
0419_0050_0034_0048_0048.jpg 1 50 34 48 48
0420_0032_0035_0069_0069.jpg 1 32 35 69 69
0421_0012_0009_0082_0082.jpg 1 12 9 82 82
0422_0022_0027_0085_0085.jpg 1 22 27 85 85
0423_0022_0028_0104_0104.jpg 1 22 28 104 104
0424_0074_0074_0045_0045.jpg 1 74 74 45 45
0425_0082_0047_0056_0056.jpg 1 82 47 56 56
0426_0071_0034_0054_0054.jpg 1 71 34 54 54
0427_0026_0023_0084_0084.jpg 1 26 23 84 84
0428_0032_0065_0057_0057.jpg 1 32 65 57 57
0429_0044_0056_0043_0043.jpg 1 44 56 43 43
0430_0083_0060_0045_0045.jpg 1 83 60 45 45
0431_0010_0067_0069_0069.jpg 1 10 67 69 69
0432_0097_0068_0030_0030.jpg 1 97 68 30 30
0433_0019_0043_0049_0049.jpg 1 19 43 49 49
0434_0033_0051_0086_0086.jpg 1 33 51 86 86
0435_0026_0048_0076_0076.jpg 1 26 48 76 76
0436_0099_0072_0037_0037.jpg 1 99 72 37 37
0437_0027_0077_0051_0051.jpg 1 27 77 51 51
0438_0059_0063_0066_0066.jpg 1 59 63 66 66
0439_0025_0043_0083_0083.jpg 1 25 43 83 83
0440_0076_0094_0036_0036.jpg 1 76 94 36 36
0441_0030_0074_0031_0031.jpg 1 30 74 31 31
0442_0030_0027_0040_0040.jpg 1 30 27 40 40
0443_0065_0036_0071_0071.jpg 1 65 36 71 71
0444_0030_0014_0060_0060.jpg 1 30 14 60 60
0445_0042_0011_0098_0098.jpg 1 42 11 98 98
0446_0029_0037_0056_0056.jpg 1 29 37 56 56
0447_0034_0035_0042_0042.jpg 1 34 35 42 42
0448_0071_0011_0055_0055.jpg 1 71 11 55 55
0449_0047_0081_0029_0029.jpg 1 47 81 29 29
0450_0028_0035_0070_0070.jpg 1 28 35 70 70
0451_0055_0016_0044_0044.jpg 1 55 16 44 44
0452_0047_0008_0093_0093.jpg 1 47 8 93 93
0453_0041_0019_0037_0037.jpg 1 41 19 37 37
0454_0045_0013_0090_0090.jpg 1 45 13 90 90
0455_0035_0088_0031_0031.jpg 1 35 88 31 31
0456_0009_0024_0064_0064.jpg 1 9 24 64 64
0457_0027_0015_0095_0095.jpg 1 27 15 95 95
0458_0015_0075_0049_0049.jpg 1 15 75 49 49
0459_0045_0024_0076_0076.jpg 1 45 24 76 76
0460_0030_0022_0072_0072.jpg 1 30 22 72 72
0461_0048_0022_0048_0048.jpg 1 48 22 48 48
0462_0028_0020_0104_0104.jpg 1 28 20 104 104
0463_0091_0105_0032_0032.jpg 1 91 105 32 32
0464_0035_0064_0062_0062.jpg 1 35 64 62 62
0465_0027_0062_0078_0078.jpg 1 27 62 78 78
0466_0052_0031_0078_0078.jpg 1 52 31 78 78
0467_0049_0017_0039_0039.jpg 1 49 17 39 39
0468_0070_0047_0061_0061.jpg 1 70 47 61 61
0469_0038_0029_0095_0095.jpg 1 38 29 95 95
0470_0080_0046_0046_0046.jpg 1 80 46 46 46
0471_0025_0039_0082_0082.jpg 1 25 39 82 82
0472_0037_0043_0089_0089.jpg 1 37 43 89 89
0473_0051_0029_0074_0074.jpg 1 51 29 74 74
0474_0051_0065_0051_0051.jpg 1 51 65 51 51
0475_0038_0093_0040_0040.jpg 1 38 93 40 40
0476_0045_0030_0091_0091.jpg 1 45 30 91 91
0477_0036_0046_0038_0038.jpg 1 36 46 38 38
0478_0075_0015_0042_0042.jpg 1 75 15 42 42
0479_0014_0083_0025_0025.jpg 1 14 83 25 25
0480_0057_0024_0069_0069.jpg 1 57 24 69 69
0481_0038_0064_0068_0068.jpg 1 38 64 68 68
0482_0033_0063_0077_0077.jpg 1 33 63 77 77
0483_0046_0036_0090_0090.jpg 1 46 36 90 90
0484_0057_0051_0085_0085.jpg 1 57 51 85 85
0485_0035_0020_0104_0104.jpg 1 35 20 104 104
0486_0040_0066_0066_0066.jpg 1 40 66 66 66
0487_0072_0062_0033_0033.jpg 1 72 62 33 33
0488_0044_0065_0058_0058.jpg 1 44 65 58 58
0489_0081_0060_0043_0043.jpg 1 81 60 43 43
0490_0071_0087_0049_0049.jpg 1 71 87 49 49
0491_0008_0044_0086_0086.jpg 1 8 44 86 86
0492_0085_0037_0026_0026.jpg 1 85 37 26 26
0493_0038_0037_0092_0092.jpg 1 38 37 92 92
0494_0038_0060_0080_0080.jpg 1 38 60 80 80
0495_0095_0040_0025_0025.jpg 1 95 40 25 25
0496_0030_0031_0091_0091.jpg 1 30 31 91 91
0497_0024_0010_0083_0083.jpg 1 24 10 83 83
0498_0036_0033_0099_0099.jpg 1 36 33 99 99
0499_0046_0079_0031_0031.jpg 1 46 79 31 31
0500_0012_0022_0100_0100.jpg 1 12 22 100 100
0501_0012_0016_0099_0099.jpg 1 12 16 99 99
0502_0027_0025_0095_0095.jpg 1 27 25 95 95
0503_0080_0055_0051_0051.jpg 1 80 55 51 51
0504_0013_0007_0099_0099.jpg 1 13 7 99 99
0505_0047_0058_0058_0058.jpg 1 47 58 58 58
0506_0033_0025_0064_0064.jpg 1 33 25 64 64
0507_0045_0028_0085_0085.jpg 1 45 28 85 85
0508_0067_0011_0066_0066.jpg 1 67 11 66 66
0509_0011_0007_0103_0103.jpg 1 11 7 103 103
0510_0090_0062_0045_0045.jpg 1 90 62 45 45
0511_0071_0048_0042_0042.jpg 1 71 48 42 42
0512_0019_0079_0028_0028.jpg 1 19 79 28 28
0513_0022_0030_0074_0074.jpg 1 22 30 74 74
0514_0050_0069_0069_0069.jpg 1 50 69 69 69
0515_0080_0066_0035_0035.jpg 1 80 66 35 35
0516_0068_0076_0035_0035.jpg 1 68 76 35 35
0517_0037_0102_0029_0029.jpg 1 37 102 29 29
0518_0069_0097_0035_0035.jpg 1 69 97 35 35
0519_0014_0078_0061_0061.jpg 1 14 78 61 61
0520_0084_0037_0049_0049.jpg 1 84 37 49 49
0521_0026_0049_0079_0079.jpg 1 26 49 79 79
0522_0029_0038_0054_0054.jpg 1 29 38 54 54
0523_0017_0046_0096_0096.jpg 1 17 46 96 96
0524_0078_0084_0052_0052.jpg 1 78 84 52 52
0525_0035_0005_0104_0104.jpg 1 35 5 104 104
0526_0015_0005_0099_0099.jpg 1 15 5 99 99
0527_0020_0045_0087_0087.jpg 1 20 45 87 87
0528_0027_0014_0104_0104.jpg 1 27 14 104 104
0529_0015_0015_0101_0101.jpg 1 15 15 101 101
0530_0089_0014_0039_0039.jpg 1 89 14 39 39
0531_0019_0069_0053_0053.jpg 1 19 69 53 53
0532_0019_0007_0087_0087.jpg 1 19 7 87 87
0533_0032_0046_0068_0068.jpg 1 32 46 68 68
0534_0043_0013_0068_0068.jpg 1 43 13 68 68
0535_0029_0018_0084_0084.jpg 1 29 18 84 84
0536_0074_0027_0065_0065.jpg 1 74 27 65 65
0537_0062_0052_0056_0056.jpg 1 62 52 56 56
0538_0011_0024_0054_0054.jpg 1 11 24 54 54
0539_0012_0036_0064_0064.jpg 1 12 36 64 64
0540_0060_0066_0063_0063.jpg 1 60 66 63 63
0541_0037_0058_0074_0074.jpg 1 37 58 74 74
0542_0083_0109_0027_0027.jpg 1 83 109 27 27
0543_0027_0018_0025_0025.jpg 1 27 18 25 25
0544_0030_0028_0068_0068.jpg 1 30 28 68 68
0545_0048_0007_0080_0080.jpg 1 48 7 80 80
0546_0057_0014_0086_0086.jpg 1 57 14 86 86
0547_0068_0059_0067_0067.jpg 1 68 59 67 67
0548_0014_0051_0089_0089.jpg 1 14 51 89 89
0549_0032_0028_0068_0068.jpg 1 32 28 68 68
0550_0076_0075_0053_0053.jpg 1 76 75 53 53
0551_0053_0064_0066_0066.jpg 1 53 64 66 66
0552_0033_0076_0051_0051.jpg 1 33 76 51 51
0553_0058_0022_0084_0084.jpg 1 58 22 84 84
0554_0042_0010_0074_0074.jpg 1 42 10 74 74
0555_0067_0068_0059_0059.jpg 1 67 68 59 59
0556_0023_0086_0050_0050.jpg 1 23 86 50 50
0557_0024_0016_0099_0099.jpg 1 24 16 99 99
0558_0078_0023_0057_0057.jpg 1 78 23 57 57
0559_0061_0016_0063_0063.jpg 1 61 16 63 63
0560_0039_0017_0074_0074.jpg 1 39 17 74 74
0561_0073_0018_0048_0048.jpg 1 73 18 48 48
0562_0051_0047_0025_0025.jpg 1 51 47 25 25
0563_0072_0019_0050_0050.jpg 1 72 19 50 50
0564_0036_0074_0031_0031.jpg 1 36 74 31 31
0565_0019_0073_0064_0064.jpg 1 19 73 64 64
0566_0021_0023_0100_0100.jpg 1 21 23 100 100
0567_0046_0023_0036_0036.jpg 1 46 23 36 36
0568_0046_0090_0026_0026.jpg 1 46 90 26 26
0569_0109_0015_0027_0027.jpg 1 109 15 27 27
0570_0106_0084_0024_0024.jpg 1 106 84 24 24
0571_0013_0023_0067_0067.jpg 1 13 23 67 67
0572_0038_0056_0060_0060.jpg 1 38 56 60 60
0573_0033_0029_0078_0078.jpg 1 33 29 78 78
0574_0039_0076_0057_0057.jpg 1 39 76 57 57
0575_0070_0056_0071_0071.jpg 1 70 56 71 71
0576_0017_0028_0101_0101.jpg 1 17 28 101 101
0577_0071_0053_0068_0068.jpg 1 71 53 68 68
0578_0008_0040_0081_0081.jpg 1 8 40 81 81
0579_0034_0082_0036_0036.jpg 1 34 82 36 36
0580_0099_0109_0027_0027.jpg 1 99 109 27 27
0581_0053_0015_0089_0089.jpg 1 53 15 89 89
0582_0048_0095_0025_0025.jpg 1 48 95 25 25
0583_0070_0026_0046_0046.jpg 1 70 26 46 46
0584_0027_0057_0083_0083.jpg 1 27 57 83 83
0585_0008_0017_0100_0100.jpg 1 8 17 100 100
0586_0044_0056_0031_0031.jpg 1 44 56 31 31
0587_0075_0056_0042_0042.jpg 1 75 56 42 42
0588_0070_0079_0040_0040.jpg 1 70 79 40 40
0589_0046_0065_0041_0041.jpg 1 46 65 41 41
0590_0048_0024_0060_0060.jpg 1 48 24 60 60
0591_0042_0038_0085_0085.jpg 1 42 38 85 85
0592_0037_0046_0091_0091.jpg 1 37 46 91 91
0593_0028_0008_0074_0074.jpg 1 28 8 74 74
0594_0054_0051_0073_0073.jpg 1 54 51 73 73
0595_0057_0066_0068_0068.jpg 1 57 66 68 68
0596_0077_0087_0038_0038.jpg 1 77 87 38 38
0597_0037_0067_0059_0059.jpg 1 37 67 59 59
0598_0056_0042_0078_0078.jpg 1 56 42 78 78
0599_0040_0076_0055_0055.jpg 1 40 76 55 55
0600_0025_0016_0055_0055.jpg 1 25 16 55 55
0601_0021_0052_0090_0090.jpg 1 21 52 90 90
0602_0062_0050_0080_0080.jpg 1 62 50 80 80
0603_0017_0057_0076_0076.jpg 1 17 57 76 76
0604_0019_0047_0094_0094.jpg 1 19 47 94 94
0605_0071_0065_0037_0037.jpg 1 71 65 37 37
0606_0042_0068_0031_0031.jpg 1 42 68 31 31
0607_0043_0022_0071_0071.jpg 1 43 22 71 71
0608_0016_0047_0067_0067.jpg 1 16 47 67 67
0609_0021_0046_0061_0061.jpg 1 21 46 61 61
0610_0038_0064_0056_0056.jpg 1 38 64 56 56
0611_0017_0092_0028_0028.jpg 1 17 92 28 28
0612_0079_0047_0052_0052.jpg 1 79 47 52 52
0613_0019_0021_0070_0070.jpg 1 19 21 70 70
0614_0073_0109_0025_0025.jpg 1 73 109 25 25
0615_0006_0025_0101_0101.jpg 1 6 25 101 101
0616_0042_0066_0069_0069.jpg 1 42 66 69 69
0617_0058_0049_0073_0073.jpg 1 58 49 73 73
0618_0007_0031_0099_0099.jpg 1 7 31 99 99
0619_0055_0013_0067_0067.jpg 1 55 13 67 67
0620_0043_0030_0068_0068.jpg 1 43 30 68 68
0621_0064_0065_0035_0035.jpg 1 64 65 35 35
0622_0079_0094_0036_0036.jpg 1 79 94 36 36
0623_0032_0016_0074_0074.jpg 1 32 16 74 74
0624_0033_0046_0091_0091.jpg 1 33 46 91 91
0625_0039_0037_0094_0094.jpg 1 39 37 94 94
0626_0041_0053_0074_0074.jpg 1 41 53 74 74
0627_0047_0069_0036_0036.jpg 1 47 69 36 36
0628_0043_0088_0037_0037.jpg 1 43 88 37 37
0629_0052_0101_0036_0036.jpg 1 52 101 36 36
0630_0067_0061_0074_0074.jpg 1 67 61 74 74
0631_0018_0011_0069_0069.jpg 1 18 11 69 69
0632_0051_0032_0068_0068.jpg 1 51 32 68 68
0633_0052_0031_0034_0034.jpg 1 52 31 34 34
0634_0025_0037_0100_0100.jpg 1 25 37 100 100
0635_0020_0037_0099_0099.jpg 1 20 37 99 99
0636_0021_0011_0045_0045.jpg 1 21 11 45 45
0637_0054_0024_0087_0087.jpg 1 54 24 87 87
0638_0041_0033_0086_0086.jpg 1 41 33 86 86
0639_0074_0028_0024_0024.jpg 1 74 28 24 24
0640_0024_0011_0104_0104.jpg 1 24 11 104 104
0641_0036_0033_0086_0086.jpg 1 36 33 86 86
0642_0079_0038_0046_0046.jpg 1 79 38 46 46
0643_0077_0070_0047_0047.jpg 1 77 70 47 47
0644_0034_0019_0103_0103.jpg 1 34 19 103 103
0645_0079_0024_0044_0044.jpg 1 79 24 44 44
0646_0065_0082_0045_0045.jpg 1 65 82 45 45
0647_0020_0024_0049_0049.jpg 1 20 24 49 49
0648_0075_0030_0059_0059.jpg 1 75 30 59 59
0649_0044_0019_0082_0082.jpg 1 44 19 82 82
0650_0019_0026_0104_0104.jpg 1 19 26 104 104
0651_0030_0048_0051_0051.jpg 1 30 48 51 51
0652_0037_0082_0033_0033.jpg 1 37 82 33 33
0653_0048_0014_0045_0045.jpg 1 48 14 45 45
0654_0044_0024_0069_0069.jpg 1 44 24 69 69
0655_0030_0033_0102_0102.jpg 1 30 33 102 102
0656_0063_0079_0049_0049.jpg 1 63 79 49 49
0657_0071_0016_0070_0070.jpg 1 71 16 70 70
0658_0100_0094_0037_0037.jpg 1 100 94 37 37
0659_0010_0030_0078_0078.jpg 1 10 30 78 78
0660_0061_0081_0045_0045.jpg 1 61 81 45 45
0661_0050_0099_0028_0028.jpg 1 50 99 28 28
0662_0090_0014_0043_0043.jpg 1 90 14 43 43
0663_0017_0042_0088_0088.jpg 1 17 42 88 88
0664_0032_0033_0084_0084.jpg 1 32 33 84 84
0665_0010_0066_0052_0052.jpg 1 10 66 52 52
0666_0014_0026_0080_0080.jpg 1 14 26 80 80
0667_0073_0083_0031_0031.jpg 1 73 83 31 31
0668_0008_0010_0084_0084.jpg 1 8 10 84 84
0669_0067_0090_0036_0036.jpg 1 67 90 36 36
0670_0032_0010_0102_0102.jpg 1 32 10 102 102
0671_0069_0023_0029_0029.jpg 1 69 23 29 29
0672_0082_0082_0037_0037.jpg 1 82 82 37 37
0673_0023_0058_0072_0072.jpg 1 23 58 72 72
0674_0034_0025_0089_0089.jpg 1 34 25 89 89
0675_0035_0018_0096_0096.jpg 1 35 18 96 96
0676_0040_0012_0081_0081.jpg 1 40 12 81 81
0677_0020_0028_0069_0069.jpg 1 20 28 69 69
0678_0057_0103_0035_0035.jpg 1 57 103 35 35
0679_0045_0053_0053_0053.jpg 1 45 53 53 53
0680_0049_0022_0082_0082.jpg 1 49 22 82 82
0681_0008_0041_0068_0068.jpg 1 8 41 68 68
0682_0012_0078_0060_0060.jpg 1 12 78 60 60
0683_0042_0030_0100_0100.jpg 1 42 30 100 100
0684_0088_0081_0038_0038.jpg 1 88 81 38 38
0685_0017_0054_0070_0070.jpg 1 17 54 70 70
0686_0032_0010_0072_0072.jpg 1 32 10 72 72
0687_0011_0045_0081_0081.jpg 1 11 45 81 81
0688_0025_0031_0093_0093.jpg 1 25 31 93 93
0689_0069_0032_0043_0043.jpg 1 69 32 43 43
0690_0039_0072_0048_0048.jpg 1 39 72 48 48
0691_0061_0026_0068_0068.jpg 1 61 26 68 68
0692_0100_0085_0032_0032.jpg 1 100 85 32 32
0693_0080_0083_0057_0057.jpg 1 80 83 57 57
0694_0016_0036_0083_0083.jpg 1 16 36 83 83
0695_0068_0043_0066_0066.jpg 1 68 43 66 66
0696_0024_0044_0099_0099.jpg 1 24 44 99 99
0697_0037_0040_0072_0072.jpg 1 37 40 72 72
0698_0037_0027_0074_0074.jpg 1 37 27 74 74
0699_0012_0024_0101_0101.jpg 1 12 24 101 101
0700_0042_0050_0062_0062.jpg 1 42 50 62 62
0701_0028_0042_0075_0075.jpg 1 28 42 75 75
0702_0027_0017_0058_0058.jpg 1 27 17 58 58
0703_0107_0038_0028_0028.jpg 1 107 38 28 28
0704_0022_0029_0098_0098.jpg 1 22 29 98 98
0705_0047_0065_0074_0074.jpg 1 47 65 74 74
0706_0107_0067_0027_0027.jpg 1 107 67 27 27
0707_0025_0042_0088_0088.jpg 1 25 42 88 88
0708_0083_0012_0054_0054.jpg 1 83 12 54 54
0709_0050_0048_0068_0068.jpg 1 50 48 68 68
0710_0014_0028_0091_0091.jpg 1 14 28 91 91
0711_0047_0022_0027_0027.jpg 1 47 22 27 27
0712_0075_0098_0024_0024.jpg 1 75 98 24 24
0713_0038_0067_0060_0060.jpg 1 38 67 60 60
0714_0022_0048_0095_0095.jpg 1 22 48 95 95
0715_0038_0064_0076_0076.jpg 1 38 64 76 76
0716_0016_0040_0047_0047.jpg 1 16 40 47 47
0717_0009_0008_0071_0071.jpg 1 9 8 71 71
0718_0028_0015_0097_0097.jpg 1 28 15 97 97
0719_0072_0066_0068_0068.jpg 1 72 66 68 68
0720_0037_0007_0082_0082.jpg 1 37 7 82 82
0721_0083_0043_0056_0056.jpg 1 83 43 56 56
0722_0086_0021_0047_0047.jpg 1 86 21 47 47
0723_0052_0033_0071_0071.jpg 1 52 33 71 71
0724_0017_0079_0057_0057.jpg 1 17 79 57 57
0725_0030_0029_0074_0074.jpg 1 30 29 74 74
0726_0019_0010_0103_0103.jpg 1 19 10 103 103
0727_0040_0054_0079_0079.jpg 1 40 54 79 79
0728_0035_0026_0076_0076.jpg 1 35 26 76 76
0729_0025_0084_0053_0053.jpg 1 25 84 53 53
0730_0036_0017_0078_0078.jpg 1 36 17 78 78
0731_0033_0043_0035_0035.jpg 1 33 43 35 35
0732_0059_0067_0026_0026.jpg 1 59 67 26 26
0733_0064_0031_0055_0055.jpg 1 64 31 55 55
0734_0016_0013_0035_0035.jpg 1 16 13 35 35
0735_0071_0033_0051_0051.jpg 1 71 33 51 51
0736_0026_0044_0092_0092.jpg 1 26 44 92 92
0737_0018_0053_0043_0043.jpg 1 18 53 43 43
0738_0033_0019_0101_0101.jpg 1 33 19 101 101
0739_0016_0007_0097_0097.jpg 1 16 7 97 97
0740_0106_0101_0028_0028.jpg 1 106 101 28 28
0741_0032_0044_0040_0040.jpg 1 32 44 40 40
0742_0026_0034_0081_0081.jpg 1 26 34 81 81
0743_0037_0043_0049_0049.jpg 1 37 43 49 49
0744_0085_0063_0048_0048.jpg 1 85 63 48 48
0745_0099_0050_0037_0037.jpg 1 99 50 37 37
0746_0069_0080_0042_0042.jpg 1 69 80 42 42
0747_0033_0047_0088_0088.jpg 1 33 47 88 88
0748_0087_0077_0037_0037.jpg 1 87 77 37 37
0749_0033_0062_0030_0030.jpg 1 33 62 30 30
0750_0066_0043_0074_0074.jpg 1 66 43 74 74
0751_0078_0075_0054_0054.jpg 1 78 75 54 54
0752_0070_0030_0065_0065.jpg 1 70 30 65 65
0753_0011_0027_0052_0052.jpg 1 11 27 52 52
0754_0025_0031_0093_0093.jpg 1 25 31 93 93
0755_0055_0033_0062_0062.jpg 1 55 33 62 62
0756_0065_0040_0072_0072.jpg 1 65 40 72 72
0757_0052_0042_0061_0061.jpg 1 52 42 61 61
0758_0026_0053_0075_0075.jpg 1 26 53 75 75
0759_0019_0025_0091_0091.jpg 1 19 25 91 91
0760_0060_0066_0064_0064.jpg 1 60 66 64 64
0761_0059_0052_0047_0047.jpg 1 59 52 47 47
0762_0047_0044_0063_0063.jpg 1 47 44 63 63
0763_0075_0010_0061_0061.jpg 1 75 10 61 61
0764_0044_0021_0078_0078.jpg 1 44 21 78 78
0765_0063_0105_0029_0029.jpg 1 63 105 29 29
0766_0050_0044_0086_0086.jpg 1 50 44 86 86
0767_0053_0053_0061_0061.jpg 1 53 53 61 61
0768_0033_0035_0096_0096.jpg 1 33 35 96 96
0769_0010_0048_0048_0048.jpg 1 10 48 48 48
0770_0020_0042_0068_0068.jpg 1 20 42 68 68
0771_0095_0015_0032_0032.jpg 1 95 15 32 32
0772_0006_0027_0089_0089.jpg 1 6 27 89 89
0773_0050_0023_0070_0070.jpg 1 50 23 70 70
0774_0045_0054_0065_0065.jpg 1 45 54 65 65
0775_0056_0016_0045_0045.jpg 1 56 16 45 45
0776_0087_0080_0032_0032.jpg 1 87 80 32 32
0777_0060_0030_0065_0065.jpg 1 60 30 65 65
0778_0055_0016_0048_0048.jpg 1 55 16 48 48
0779_0048_0069_0049_0049.jpg 1 48 69 49 49
0780_0009_0033_0066_0066.jpg 1 9 33 66 66
0781_0045_0071_0070_0070.jpg 1 45 71 70 70
0782_0023_0031_0083_0083.jpg 1 23 31 83 83
0783_0067_0071_0068_0068.jpg 1 67 71 68 68
0784_0039_0015_0042_0042.jpg 1 39 15 42 42
0785_0033_0061_0066_0066.jpg 1 33 61 66 66
0786_0016_0066_0035_0035.jpg 1 16 66 35 35
0787_0037_0007_0097_0097.jpg 1 37 7 97 97
0788_0062_0058_0080_0080.jpg 1 62 58 80 80
0789_0087_0096_0024_0024.jpg 1 87 96 24 24
0790_0055_0095_0033_0033.jpg 1 55 95 33 33
0791_0046_0031_0092_0092.jpg 1 46 31 92 92
0792_0083_0030_0051_0051.jpg 1 83 30 51 51
0793_0009_0010_0093_0093.jpg 1 9 10 93 93
0794_0026_0032_0025_0025.jpg 1 26 32 25 25
0795_0055_0071_0058_0058.jpg 1 55 71 58 58
0796_0022_0041_0030_0030.jpg 1 22 41 30 30
0797_0011_0029_0065_0065.jpg 1 11 29 65 65
0798_0025_0025_0045_0045.jpg 1 25 25 45 45
0799_0028_0067_0038_0038.jpg 1 28 67 38 38
0800_0055_0080_0052_0052.jpg 1 55 80 52 52
0801_0023_0021_0091_0091.jpg 1 23 21 91 91
0802_0067_0072_0064_0064.jpg 1 67 72 64 64
0803_0051_0012_0082_0082.jpg 1 51 12 82 82
0804_0080_0035_0037_0037.jpg 1 80 35 37 37
0805_0032_0037_0076_0076.jpg 1 32 37 76 76
0806_0107_0041_0025_0025.jpg 1 107 41 25 25
0807_0085_0056_0029_0029.jpg 1 85 56 29 29
0808_0028_0035_0101_0101.jpg 1 28 35 101 101
0809_0064_0070_0025_0025.jpg 1 64 70 25 25
0810_0042_0013_0101_0101.jpg 1 42 13 101 101
0811_0077_0030_0033_0033.jpg 1 77 30 33 33
0812_0030_0039_0052_0052.jpg 1 30 39 52 52
0813_0021_0034_0091_0091.jpg 1 21 34 91 91
0814_0020_0013_0064_0064.jpg 1 20 13 64 64
0815_0013_0051_0073_0073.jpg 1 13 51 73 73
0816_0034_0053_0042_0042.jpg 1 34 53 42 42
0817_0028_0016_0100_0100.jpg 1 28 16 100 100
0818_0077_0017_0032_0032.jpg 1 77 17 32 32
0819_0022_0013_0088_0088.jpg 1 22 13 88 88
0820_0055_0021_0045_0045.jpg 1 55 21 45 45
0821_0025_0040_0086_0086.jpg 1 25 40 86 86
0822_0027_0014_0104_0104.jpg 1 27 14 104 104
0823_0041_0008_0101_0101.jpg 1 41 8 101 101
0824_0080_0048_0056_0056.jpg 1 80 48 56 56
0825_0088_0057_0033_0033.jpg 1 88 57 33 33
0826_0043_0063_0045_0045.jpg 1 43 63 45 45
0827_0014_0012_0067_0067.jpg 1 14 12 67 67
0828_0055_0054_0082_0082.jpg 1 55 54 82 82
0829_0034_0014_0092_0092.jpg 1 34 14 92 92
0830_0018_0045_0038_0038.jpg 1 18 45 38 38
0831_0027_0030_0053_0053.jpg 1 27 30 53 53
0832_0036_0097_0029_0029.jpg 1 36 97 29 29
0833_0048_0015_0085_0085.jpg 1 48 15 85 85
0834_0008_0020_0080_0080.jpg 1 8 20 80 80
0835_0021_0009_0093_0093.jpg 1 21 9 93 93
0836_0036_0034_0091_0091.jpg 1 36 34 91 91
0837_0067_0102_0033_0033.jpg 1 67 102 33 33
0838_0062_0097_0035_0035.jpg 1 62 97 35 35
0839_0024_0072_0063_0063.jpg 1 24 72 63 63
0840_0021_0016_0072_0072.jpg 1 21 16 72 72
0841_0055_0095_0029_0029.jpg 1 55 95 29 29
0842_0027_0027_0066_0066.jpg 1 27 27 66 66
0843_0016_0068_0062_0062.jpg 1 16 68 62 62
0844_0031_0033_0059_0059.jpg 1 31 33 59 59
0845_0021_0017_0103_0103.jpg 1 21 17 103 103
0846_0071_0036_0060_0060.jpg 1 71 36 60 60
0847_0068_0028_0072_0072.jpg 1 68 28 72 72
0848_0039_0067_0062_0062.jpg 1 39 67 62 62
0849_0020_0056_0078_0078.jpg 1 20 56 78 78
0850_0043_0053_0081_0081.jpg 1 43 53 81 81
0851_0011_0006_0097_0097.jpg 1 11 6 97 97
0852_0012_0024_0057_0057.jpg 1 12 24 57 57
0853_0040_0038_0058_0058.jpg 1 40 38 58 58
0854_0044_0047_0033_0033.jpg 1 44 47 33 33
0855_0022_0044_0058_0058.jpg 1 22 44 58 58
0856_0076_0062_0036_0036.jpg 1 76 62 36 36
0857_0009_0039_0053_0053.jpg 1 9 39 53 53
0858_0014_0053_0080_0080.jpg 1 14 53 80 80
0859_0038_0031_0102_0102.jpg 1 38 31 102 102
0860_0013_0021_0076_0076.jpg 1 13 21 76 76
0861_0055_0096_0031_0031.jpg 1 55 96 31 31
0862_0015_0063_0046_0046.jpg 1 15 63 46 46
0863_0050_0057_0074_0074.jpg 1 50 57 74 74
0864_0027_0048_0064_0064.jpg 1 27 48 64 64
0865_0038_0062_0041_0041.jpg 1 38 62 41 41
0866_0022_0045_0079_0079.jpg 1 22 45 79 79
0867_0060_0095_0043_0043.jpg 1 60 95 43 43
0868_0081_0062_0034_0034.jpg 1 81 62 34 34
0869_0065_0088_0038_0038.jpg 1 65 88 38 38
0870_0026_0072_0029_0029.jpg 1 26 72 29 29
0871_0048_0048_0029_0029.jpg 1 48 48 29 29
0872_0013_0034_0089_0089.jpg 1 13 34 89 89
0873_0025_0019_0083_0083.jpg 1 25 19 83 83
0874_0034_0045_0039_0039.jpg 1 34 45 39 39
0875_0026_0009_0086_0086.jpg 1 26 9 86 86
0876_0057_0035_0042_0042.jpg 1 57 35 42 42
0877_0105_0044_0026_0026.jpg 1 105 44 26 26
0878_0079_0012_0056_0056.jpg 1 79 12 56 56
0879_0011_0030_0068_0068.jpg 1 11 30 68 68
0880_0052_0019_0087_0087.jpg 1 52 19 87 87
0881_0058_0023_0052_0052.jpg 1 58 23 52 52
0882_0029_0022_0083_0083.jpg 1 29 22 83 83
0883_0016_0016_0056_0056.jpg 1 16 16 56 56
0884_0009_0061_0071_0071.jpg 1 9 61 71 71
0885_0055_0074_0059_0059.jpg 1 55 74 59 59
0886_0009_0039_0083_0083.jpg 1 9 39 83 83
0887_0039_0044_0055_0055.jpg 1 39 44 55 55
0888_0048_0029_0078_0078.jpg 1 48 29 78 78
0889_0029_0033_0104_0104.jpg 1 29 33 104 104
0890_0083_0078_0057_0057.jpg 1 83 78 57 57
0891_0015_0043_0090_0090.jpg 1 15 43 90 90
0892_0057_0078_0039_0039.jpg 1 57 78 39 39
0893_0077_0099_0027_0027.jpg 1 77 99 27 27
0894_0064_0067_0071_0071.jpg 1 64 67 71 71
0895_0052_0076_0032_0032.jpg 1 52 76 32 32
0896_0049_0017_0078_0078.jpg 1 49 17 78 78
0897_0022_0014_0104_0104.jpg 1 22 14 104 104
0898_0055_0044_0051_0051.jpg 1 55 44 51 51
0899_0049_0009_0076_0076.jpg 1 49 9 76 76
0900_0037_0039_0100_0100.jpg 1 37 39 100 100
0901_0067_0047_0034_0034.jpg 1 67 47 34 34
0902_0095_0013_0044_0044.jpg 1 95 13 44 44
0903_0020_0038_0079_0079.jpg 1 20 38 79 79
0904_0019_0009_0099_0099.jpg 1 19 9 99 99
0905_0058_0014_0069_0069.jpg 1 58 14 69 69
0906_0072_0091_0048_0048.jpg 1 72 91 48 48
0907_0065_0077_0035_0035.jpg 1 65 77 35 35
0908_0065_0035_0062_0062.jpg 1 65 35 62 62
0909_0059_0040_0072_0072.jpg 1 59 40 72 72
0910_0031_0069_0055_0055.jpg 1 31 69 55 55
0911_0022_0019_0066_0066.jpg 1 22 19 66 66
0912_0060_0030_0062_0062.jpg 1 60 30 62 62
0913_0007_0014_0092_0092.jpg 1 7 14 92 92
0914_0022_0040_0102_0102.jpg 1 22 40 102 102
0915_0032_0006_0099_0099.jpg 1 32 6 99 99
0916_0034_0066_0059_0059.jpg 1 34 66 59 59
0917_0011_0022_0091_0091.jpg 1 11 22 91 91
0918_0030_0058_0060_0060.jpg 1 30 58 60 60
0919_0034_0048_0074_0074.jpg 1 34 48 74 74
0920_0046_0083_0036_0036.jpg 1 46 83 36 36
0921_0049_0087_0045_0045.jpg 1 49 87 45 45
0922_0052_0064_0078_0078.jpg 1 52 64 78 78
0923_0048_0048_0082_0082.jpg 1 48 48 82 82
0924_0016_0040_0070_0070.jpg 1 16 40 70 70
0925_0021_0036_0070_0070.jpg 1 21 36 70 70
0926_0070_0105_0032_0032.jpg 1 70 105 32 32
0927_0039_0044_0091_0091.jpg 1 39 44 91 91
0928_0030_0042_0100_0100.jpg 1 30 42 100 100
0929_0040_0067_0056_0056.jpg 1 40 67 56 56
0930_0066_0014_0061_0061.jpg 1 66 14 61 61
0931_0065_0009_0073_0073.jpg 1 65 9 73 73
0932_0037_0027_0100_0100.jpg 1 37 27 100 100
0933_0054_0085_0032_0032.jpg 1 54 85 32 32
0934_0031_0026_0089_0089.jpg 1 31 26 89 89
0935_0026_0036_0043_0043.jpg 1 26 36 43 43
0936_0031_0041_0083_0083.jpg 1 31 41 83 83
0937_0055_0060_0069_0069.jpg 1 55 60 69 69
0938_0007_0055_0085_0085.jpg 1 7 55 85 85
0939_0039_0007_0082_0082.jpg 1 39 7 82 82
0940_0070_0059_0060_0060.jpg 1 70 59 60 60
0941_0008_0039_0100_0100.jpg 1 8 39 100 100
0942_0062_0020_0037_0037.jpg 1 62 20 37 37
0943_0010_0046_0072_0072.jpg 1 10 46 72 72
0944_0027_0065_0027_0027.jpg 1 27 65 27 27
0945_0042_0074_0028_0028.jpg 1 42 74 28 28
0946_0017_0030_0096_0096.jpg 1 17 30 96 96
0947_0055_0020_0074_0074.jpg 1 55 20 74 74
0948_0039_0021_0100_0100.jpg 1 39 21 100 100
0949_0021_0025_0097_0097.jpg 1 21 25 97 97
0950_0023_0037_0091_0091.jpg 1 23 37 91 91
0951_0053_0028_0067_0067.jpg 1 53 28 67 67
0952_0050_0028_0063_0063.jpg 1 50 28 63 63
0953_0048_0031_0095_0095.jpg 1 48 31 95 95
0954_0041_0076_0048_0048.jpg 1 41 76 48 48
0955_0019_0025_0103_0103.jpg 1 19 25 103 103
0956_0043_0020_0100_0100.jpg 1 43 20 100 100
0957_0043_0044_0095_0095.jpg 1 43 44 95 95
0958_0073_0044_0041_0041.jpg 1 73 44 41 41
0959_0058_0021_0080_0080.jpg 1 58 21 80 80
0960_0053_0050_0084_0084.jpg 1 53 50 84 84
0961_0069_0047_0027_0027.jpg 1 69 47 27 27
0962_0030_0019_0078_0078.jpg 1 30 19 78 78
0963_0055_0091_0026_0026.jpg 1 55 91 26 26
0964_0044_0062_0050_0050.jpg 1 44 62 50 50
0965_0046_0019_0055_0055.jpg 1 46 19 55 55
0966_0069_0019_0038_0038.jpg 1 69 19 38 38
0967_0035_0077_0055_0055.jpg 1 35 77 55 55
0968_0036_0053_0070_0070.jpg 1 36 53 70 70
0969_0037_0043_0085_0085.jpg 1 37 43 85 85
0970_0034_0052_0068_0068.jpg 1 34 52 68 68
0971_0067_0037_0034_0034.jpg 1 67 37 34 34
0972_0043_0023_0088_0088.jpg 1 43 23 88 88
0973_0039_0015_0030_0030.jpg 1 39 15 30 30
0974_0018_0037_0063_0063.jpg 1 18 37 63 63
0975_0024_0024_0060_0060.jpg 1 24 24 60 60
0976_0022_0026_0077_0077.jpg 1 22 26 77 77
0977_0044_0044_0098_0098.jpg 1 44 44 98 98
0978_0072_0059_0044_0044.jpg 1 72 59 44 44
0979_0018_0010_0054_0054.jpg 1 18 10 54 54
0980_0056_0052_0053_0053.jpg 1 56 52 53 53
0981_0009_0020_0078_0078.jpg 1 9 20 78 78
0982_0084_0029_0052_0052.jpg 1 84 29 52 52
0983_0062_0023_0074_0074.jpg 1 62 23 74 74
0984_0028_0092_0036_0036.jpg 1 28 92 36 36
0985_0043_0025_0101_0101.jpg 1 43 25 101 101
0986_0048_0031_0095_0095.jpg 1 48 31 95 95
0987_0030_0048_0077_0077.jpg 1 30 48 77 77
0988_0033_0015_0090_0090.jpg 1 33 15 90 90
0989_0056_0016_0076_0076.jpg 1 56 16 76 76
0990_0029_0010_0051_0051.jpg 1 29 10 51 51
0991_0076_0043_0056_0056.jpg 1 76 43 56 56
0992_0065_0065_0058_0058.jpg 1 65 65 58 58
0993_0032_0027_0025_0025.jpg 1 32 27 25 25
0994_0060_0056_0078_0078.jpg 1 60 56 78 78
0995_0069_0043_0052_0052.jpg 1 69 43 52 52
0996_0096_0053_0031_0031.jpg 1 96 53 31 31
0997_0039_0023_0096_0096.jpg 1 39 23 96 96
0998_0039_0072_0028_0028.jpg 1 39 72 28 28
0999_0029_0015_0101_0101.jpg 1 29 15 101 101
1000_0042_0033_0067_0067.jpg 1 42 33 67 67
