0001_0085_0057_0045_0045.jpg 1 85 57 45 45
0002_0031_0058_0068_0068.jpg 1 31 58 68 68
0003_0044_0037_0092_0092.jpg 1 44 37 92 92
0004_0052_0049_0035_0035.jpg 1 52 49 35 35
0005_0028_0017_0073_0073.jpg 1 28 17 73 73
0006_0053_0014_0063_0063.jpg 1 53 14 63 63
0007_0019_0043_0091_0091.jpg 1 19 43 91 91
0008_0070_0046_0070_0070.jpg 1 70 46 70 70
0009_0013_0045_0055_0055.jpg 1 13 45 55 55
0010_0017_0054_0078_0078.jpg 1 17 54 78 78
0011_0021_0059_0067_0067.jpg 1 21 59 67 67
0012_0022_0031_0069_0069.jpg 1 22 31 69 69
0013_0048_0031_0024_0024.jpg 1 48 31 24 24
0014_0006_0006_0094_0094.jpg 1 6 6 94 94
0015_0025_0025_0104_0104.jpg 1 25 25 104 104
0016_0046_0041_0068_0068.jpg 1 46 41 68 68
0017_0056_0044_0055_0055.jpg 1 56 44 55 55
0018_0020_0065_0074_0074.jpg 1 20 65 74 74
0019_0073_0080_0025_0025.jpg 1 73 80 25 25
0020_0100_0033_0026_0026.jpg 1 100 33 26 26
0021_0046_0039_0060_0060.jpg 1 46 39 60 60
0022_0053_0059_0073_0073.jpg 1 53 59 73 73
0023_0042_0015_0043_0043.jpg 1 42 15 43 43
0024_0031_0055_0053_0053.jpg 1 31 55 53 53
0025_0066_0056_0059_0059.jpg 1 66 56 59 59
0026_0019_0041_0062_0062.jpg 1 19 41 62 62
0027_0070_0065_0033_0033.jpg 1 70 65 33 33
0028_0006_0022_0104_0104.jpg 1 6 22 104 104
0029_0037_0069_0054_0054.jpg 1 37 69 54 54
0030_0070_0025_0049_0049.jpg 1 70 25 49 49
0031_0032_0032_0044_0044.jpg 1 32 32 44 44
0032_0014_0036_0057_0057.jpg 1 14 36 57 57
0033_0039_0082_0057_0057.jpg 1 39 82 57 57
0034_0032_0042_0061_0061.jpg 1 32 42 61 61
0035_0045_0065_0045_0045.jpg 1 45 65 45 45
0036_0064_0019_0040_0040.jpg 1 64 19 40 40
0037_0043_0037_0054_0054.jpg 1 43 37 54 54
0038_0009_0005_0102_0102.jpg 1 9 5 102 102
0039_0047_0024_0085_0085.jpg 1 47 24 85 85
0040_0078_0028_0050_0050.jpg 1 78 28 50 50
0041_0025_0007_0090_0090.jpg 1 25 7 90 90
0042_0043_0033_0050_0050.jpg 1 43 33 50 50
0043_0103_0096_0026_0026.jpg 1 103 96 26 26
0044_0035_0072_0031_0031.jpg 1 35 72 31 31
0045_0026_0070_0054_0054.jpg 1 26 70 54 54
0046_0024_0022_0098_0098.jpg 1 24 22 98 98
0047_0021_0039_0089_0089.jpg 1 21 39 89 89
0048_0027_0045_0071_0071.jpg 1 27 45 71 71
0049_0075_0053_0064_0064.jpg 1 75 53 64 64
0050_0007_0042_0078_0078.jpg 1 7 42 78 78
0051_0036_0046_0058_0058.jpg 1 36 46 58 58
0052_0046_0056_0087_0087.jpg 1 46 56 87 87
0053_0056_0028_0076_0076.jpg 1 56 28 76 76
0054_0037_0054_0081_0081.jpg 1 37 54 81 81
0055_0033_0057_0064_0064.jpg 1 33 57 64 64
0056_0066_0037_0066_0066.jpg 1 66 37 66 66
0057_0046_0047_0077_0077.jpg 1 46 47 77 77
0058_0021_0012_0088_0088.jpg 1 21 12 88 88
0059_0012_0040_0073_0073.jpg 1 12 40 73 73
0060_0023_0036_0063_0063.jpg 1 23 36 63 63
0061_0025_0005_0104_0104.jpg 1 25 5 104 104
0062_0045_0031_0091_0091.jpg 1 45 31 91 91
0063_0061_0070_0066_0066.jpg 1 61 70 66 66
0064_0039_0069_0059_0059.jpg 1 39 69 59 59
0065_0011_0047_0095_0095.jpg 1 11 47 95 95
0066_0016_0036_0076_0076.jpg 1 16 36 76 76
0067_0051_0083_0041_0041.jpg 1 51 83 41 41
0068_0061_0025_0058_0058.jpg 1 61 25 58 58
0069_0042_0025_0095_0095.jpg 1 42 25 95 95
0070_0012_0015_0095_0095.jpg 1 12 15 95 95
0071_0042_0070_0066_0066.jpg 1 42 70 66 66
0072_0031_0085_0029_0029.jpg 1 31 85 29 29
0073_0010_0039_0080_0080.jpg 1 10 39 80 80
0074_0044_0074_0045_0045.jpg 1 44 74 45 45
0075_0089_0068_0050_0050.jpg 1 89 68 50 50
0076_0104_0105_0032_0032.jpg 1 104 105 32 32
0077_0022_0031_0031_0031.jpg 1 22 31 31 31
0078_0095_0033_0043_0043.jpg 1 95 33 43 43
0079_0041_0026_0097_0097.jpg 1 41 26 97 97
0080_0018_0037_0042_0042.jpg 1 18 37 42 42
0081_0012_0036_0042_0042.jpg 1 12 36 42 42
0082_0103_0045_0025_0025.jpg 1 103 45 25 25
0083_0035_0016_0082_0082.jpg 1 35 16 82 82
0084_0046_0025_0070_0070.jpg 1 46 25 70 70
0085_0066_0039_0035_0035.jpg 1 66 39 35 35
0086_0075_0016_0058_0058.jpg 1 75 16 58 58
0087_0057_0077_0056_0056.jpg 1 57 77 56 56
0088_0045_0057_0035_0035.jpg 1 45 57 35 35
0089_0045_0050_0033_0033.jpg 1 45 50 33 33
0090_0019_0040_0103_0103.jpg 1 19 40 103 103
0091_0016_0051_0026_0026.jpg 1 16 51 26 26
0092_0051_0058_0024_0024.jpg 1 51 58 24 24
0093_0029_0068_0041_0041.jpg 1 29 68 41 41
0094_0082_0076_0051_0051.jpg 1 82 76 51 51
0095_0041_0034_0091_0091.jpg 1 41 34 91 91
0096_0044_0049_0080_0080.jpg 1 44 49 80 80
0097_0056_0093_0043_0043.jpg 1 56 93 43 43
0098_0042_0026_0062_0062.jpg 1 42 26 62 62
0099_0017_0058_0082_0082.jpg 1 17 58 82 82
0100_0073_0039_0029_0029.jpg 1 73 39 29 29
0101_0019_0018_0087_0087.jpg 1 19 18 87 87
0102_0100_0060_0028_0028.jpg 1 100 60 28 28
0103_0031_0012_0069_0069.jpg 1 31 12 69 69
0104_0057_0038_0039_0039.jpg 1 57 38 39 39
0105_0081_0055_0036_0036.jpg 1 81 55 36 36
0106_0017_0087_0024_0024.jpg 1 17 87 24 24
0107_0073_0092_0036_0036.jpg 1 73 92 36 36
0108_0034_0053_0065_0065.jpg 1 34 53 65 65
0109_0040_0032_0099_0099.jpg 1 40 32 99 99
0110_0048_0024_0091_0091.jpg 1 48 24 91 91
0111_0070_0055_0059_0059.jpg 1 70 55 59 59
0112_0012_0017_0045_0045.jpg 1 12 17 45 45
0113_0054_0086_0042_0042.jpg 1 54 86 42 42
0114_0088_0071_0049_0049.jpg 1 88 71 49 49
0115_0015_0031_0058_0058.jpg 1 15 31 58 58
0116_0043_0027_0063_0063.jpg 1 43 27 63 63
0117_0021_0042_0095_0095.jpg 1 21 42 95 95
0118_0043_0067_0062_0062.jpg 1 43 67 62 62
0119_0080_0067_0060_0060.jpg 1 80 67 60 60
0120_0022_0072_0061_0061.jpg 1 22 72 61 61
0121_0029_0014_0030_0030.jpg 1 29 14 30 30
0122_0067_0047_0063_0063.jpg 1 67 47 63 63
0123_0060_0088_0049_0049.jpg 1 60 88 49 49
0124_0080_0066_0051_0051.jpg 1 80 66 51 51
0125_0046_0043_0077_0077.jpg 1 46 43 77 77
0126_0046_0018_0067_0067.jpg 1 46 18 67 67
0127_0041_0033_0063_0063.jpg 1 41 33 63 63
0128_0022_0022_0041_0041.jpg 1 22 22 41 41
0129_0033_0022_0085_0085.jpg 1 33 22 85 85
0130_0053_0086_0041_0041.jpg 1 53 86 41 41
0131_0061_0032_0071_0071.jpg 1 61 32 71 71
0132_0068_0075_0061_0061.jpg 1 68 75 61 61
0133_0036_0008_0062_0062.jpg 1 36 8 62 62
0134_0014_0065_0031_0031.jpg 1 14 65 31 31
0135_0091_0065_0046_0046.jpg 1 91 65 46 46
0136_0081_0036_0051_0051.jpg 1 81 36 51 51
0137_0019_0044_0090_0090.jpg 1 19 44 90 90
0138_0028_0012_0040_0040.jpg 1 28 12 40 40
0139_0038_0047_0092_0092.jpg 1 38 47 92 92
0140_0073_0079_0039_0039.jpg 1 73 79 39 39
0141_0027_0059_0028_0028.jpg 1 27 59 28 28
0142_0048_0096_0035_0035.jpg 1 48 96 35 35
0143_0024_0049_0095_0095.jpg 1 24 49 95 95
0144_0011_0031_0094_0094.jpg 1 11 31 94 94
0145_0064_0074_0034_0034.jpg 1 64 74 34 34
0146_0034_0094_0040_0040.jpg 1 34 94 40 40
0147_0050_0008_0085_0085.jpg 1 50 8 85 85
0148_0043_0044_0052_0052.jpg 1 43 44 52 52
0149_0011_0014_0085_0085.jpg 1 11 14 85 85
0150_0068_0068_0059_0059.jpg 1 68 68 59 59
0151_0047_0020_0078_0078.jpg 1 47 20 78 78
0152_0056_0041_0055_0055.jpg 1 56 41 55 55
0153_0089_0052_0039_0039.jpg 1 89 52 39 39
0154_0071_0034_0039_0039.jpg 1 71 34 39 39
0155_0031_0065_0060_0060.jpg 1 31 65 60 60
0156_0080_0032_0046_0046.jpg 1 80 32 46 46
0157_0021_0014_0093_0093.jpg 1 21 14 93 93
0158_0065_0095_0029_0029.jpg 1 65 95 29 29
0159_0019_0025_0092_0092.jpg 1 19 25 92 92
0160_0039_0070_0067_0067.jpg 1 39 70 67 67
0161_0042_0026_0084_0084.jpg 1 42 26 84 84
0162_0022_0014_0087_0087.jpg 1 22 14 87 87
0163_0084_0064_0053_0053.jpg 1 84 64 53 53
0164_0050_0093_0041_0041.jpg 1 50 93 41 41
0165_0018_0063_0048_0048.jpg 1 18 63 48 48
0166_0014_0039_0087_0087.jpg 1 14 39 87 87
0167_0046_0040_0068_0068.jpg 1 46 40 68 68
0168_0063_0016_0061_0061.jpg 1 63 16 61 61
0169_0061_0023_0033_0033.jpg 1 61 23 33 33
0170_0025_0033_0091_0091.jpg 1 25 33 91 91
0171_0051_0063_0046_0046.jpg 1 51 63 46 46
0172_0068_0068_0074_0074.jpg 1 68 68 74 74
0173_0061_0023_0076_0076.jpg 1 61 23 76 76
0174_0017_0036_0071_0071.jpg 1 17 36 71 71
0175_0023_0093_0045_0045.jpg 1 23 93 45 45
0176_0037_0045_0054_0054.jpg 1 37 45 54 54
0177_0034_0023_0067_0067.jpg 1 34 23 67 67
0178_0037_0013_0090_0090.jpg 1 37 13 90 90
0179_0071_0014_0027_0027.jpg 1 71 14 27 27
0180_0031_0039_0082_0082.jpg 1 31 39 82 82
0181_0015_0032_0037_0037.jpg 1 15 32 37 37
0182_0100_0052_0036_0036.jpg 1 100 52 36 36
0183_0035_0038_0043_0043.jpg 1 35 38 43 43
0184_0042_0046_0080_0080.jpg 1 42 46 80 80
0185_0074_0040_0060_0060.jpg 1 74 40 60 60
0186_0016_0010_0095_0095.jpg 1 16 10 95 95
0187_0019_0018_0090_0090.jpg 1 19 18 90 90
0188_0025_0039_0096_0096.jpg 1 25 39 96 96
0189_0016_0052_0088_0088.jpg 1 16 52 88 88
0190_0025_0048_0081_0081.jpg 1 25 48 81 81
0191_0039_0029_0093_0093.jpg 1 39 29 93 93
0192_0028_0035_0088_0088.jpg 1 28 35 88 88
0193_0029_0028_0089_0089.jpg 1 29 28 89 89
0194_0021_0049_0084_0084.jpg 1 21 49 84 84
0195_0027_0058_0044_0044.jpg 1 27 58 44 44
0196_0071_0094_0033_0033.jpg 1 71 94 33 33
0197_0031_0040_0085_0085.jpg 1 31 40 85 85
0198_0027_0051_0091_0091.jpg 1 27 51 91 91
0199_0091_0083_0042_0042.jpg 1 91 83 42 42
0200_0060_0048_0073_0073.jpg 1 60 48 73 73
0201_0082_0037_0056_0056.jpg 1 82 37 56 56
0202_0037_0090_0039_0039.jpg 1 37 90 39 39
0203_0066_0046_0053_0053.jpg 1 66 46 53 53
0204_0008_0033_0087_0087.jpg 1 8 33 87 87
0205_0068_0106_0029_0029.jpg 1 68 106 29 29
0206_0062_0063_0045_0045.jpg 1 62 63 45 45
0207_0029_0011_0094_0094.jpg 1 29 11 94 94
0208_0024_0076_0024_0024.jpg 1 24 76 24 24
0209_0087_0028_0024_0024.jpg 1 87 28 24 24
0210_0044_0078_0044_0044.jpg 1 44 78 44 44
0211_0041_0013_0025_0025.jpg 1 41 13 25 25
0212_0023_0061_0064_0064.jpg 1 23 61 64 64
0213_0033_0016_0024_0024.jpg 1 33 16 24 24
0214_0026_0070_0031_0031.jpg 1 26 70 31 31
0215_0059_0054_0083_0083.jpg 1 59 54 83 83
0216_0021_0042_0081_0081.jpg 1 21 42 81 81
0217_0078_0037_0047_0047.jpg 1 78 37 47 47
0218_0090_0066_0041_0041.jpg 1 90 66 41 41
0219_0015_0099_0039_0039.jpg 1 15 99 39 39
0220_0006_0008_0103_0103.jpg 1 6 8 103 103
0221_0044_0008_0098_0098.jpg 1 44 8 98 98
0222_0052_0037_0078_0078.jpg 1 52 37 78 78
0223_0022_0041_0078_0078.jpg 1 22 41 78 78
0224_0054_0064_0065_0065.jpg 1 54 64 65 65
0225_0064_0082_0029_0029.jpg 1 64 82 29 29
0226_0043_0046_0061_0061.jpg 1 43 46 61 61
0227_0089_0035_0042_0042.jpg 1 89 35 42 42
0228_0058_0042_0037_0037.jpg 1 58 42 37 37
0229_0068_0083_0054_0054.jpg 1 68 83 54 54
0230_0022_0049_0065_0065.jpg 1 22 49 65 65
0231_0040_0029_0104_0104.jpg 1 40 29 104 104
0232_0033_0059_0037_0037.jpg 1 33 59 37 37
0233_0015_0059_0082_0082.jpg 1 15 59 82 82
0234_0037_0021_0098_0098.jpg 1 37 21 98 98
0235_0057_0085_0045_0045.jpg 1 57 85 45 45
0236_0109_0019_0026_0026.jpg 1 109 19 26 26
0237_0023_0022_0103_0103.jpg 1 23 22 103 103
0238_0031_0044_0099_0099.jpg 1 31 44 99 99
0239_0013_0050_0088_0088.jpg 1 13 50 88 88
0240_0014_0014_0089_0089.jpg 1 14 14 89 89
0241_0011_0040_0098_0098.jpg 1 11 40 98 98
0242_0043_0027_0101_0101.jpg 1 43 27 101 101
0243_0053_0060_0071_0071.jpg 1 53 60 71 71
0244_0018_0036_0055_0055.jpg 1 18 36 55 55
0245_0029_0070_0045_0045.jpg 1 29 70 45 45
0246_0065_0027_0036_0036.jpg 1 65 27 36 36
0247_0048_0010_0072_0072.jpg 1 48 10 72 72
0248_0010_0056_0055_0055.jpg 1 10 56 55 55
0249_0025_0012_0054_0054.jpg 1 25 12 54 54
0250_0106_0092_0030_0030.jpg 1 106 92 30 30
0251_0035_0011_0073_0073.jpg 1 35 11 73 73
0252_0020_0052_0078_0078.jpg 1 20 52 78 78
0253_0052_0059_0036_0036.jpg 1 52 59 36 36
0254_0065_0073_0032_0032.jpg 1 65 73 32 32
0255_0014_0023_0073_0073.jpg 1 14 23 73 73
0256_0056_0041_0083_0083.jpg 1 56 41 83 83
0257_0036_0030_0076_0076.jpg 1 36 30 76 76
0258_0011_0029_0092_0092.jpg 1 11 29 92 92
0259_0030_0052_0078_0078.jpg 1 30 52 78 78
0260_0027_0012_0039_0039.jpg 1 27 12 39 39
0261_0078_0026_0030_0030.jpg 1 78 26 30 30
0262_0040_0033_0061_0061.jpg 1 40 33 61 61
0263_0047_0013_0071_0071.jpg 1 47 13 71 71
0264_0036_0042_0032_0032.jpg 1 36 42 32 32
0265_0026_0020_0082_0082.jpg 1 26 20 82 82
0266_0031_0034_0054_0054.jpg 1 31 34 54 54
0267_0054_0093_0031_0031.jpg 1 54 93 31 31
0268_0043_0012_0092_0092.jpg 1 43 12 92 92
0269_0037_0035_0098_0098.jpg 1 37 35 98 98
0270_0081_0052_0027_0027.jpg 1 81 52 27 27
0271_0019_0015_0097_0097.jpg 1 19 15 97 97
0272_0059_0032_0043_0043.jpg 1 59 32 43 43
0273_0036_0052_0064_0064.jpg 1 36 52 64 64
0274_0018_0010_0074_0074.jpg 1 18 10 74 74
0275_0031_0035_0039_0039.jpg 1 31 35 39 39
0276_0011_0038_0059_0059.jpg 1 11 38 59 59
0277_0054_0040_0082_0082.jpg 1 54 40 82 82
0278_0024_0036_0097_0097.jpg 1 24 36 97 97
0279_0035_0043_0063_0063.jpg 1 35 43 63 63
0280_0027_0052_0085_0085.jpg 1 27 52 85 85
0281_0050_0046_0081_0081.jpg 1 50 46 81 81
0282_0033_0021_0090_0090.jpg 1 33 21 90 90
0283_0082_0074_0037_0037.jpg 1 82 74 37 37
0284_0022_0052_0030_0030.jpg 1 22 52 30 30
0285_0031_0038_0100_0100.jpg 1 31 38 100 100
0286_0018_0068_0066_0066.jpg 1 18 68 66 66
0287_0092_0034_0044_0044.jpg 1 92 34 44 44
0288_0082_0018_0038_0038.jpg 1 82 18 38 38
0289_0016_0051_0074_0074.jpg 1 16 51 74 74
0290_0081_0038_0049_0049.jpg 1 81 38 49 49
0291_0010_0011_0070_0070.jpg 1 10 11 70 70
0292_0022_0040_0093_0093.jpg 1 22 40 93 93
0293_0082_0063_0036_0036.jpg 1 82 63 36 36
0294_0035_0013_0041_0041.jpg 1 35 13 41 41
0295_0013_0054_0067_0067.jpg 1 13 54 67 67
0296_0035_0039_0047_0047.jpg 1 35 39 47 47
0297_0037_0027_0088_0088.jpg 1 37 27 88 88
0298_0021_0101_0025_0025.jpg 1 21 101 25 25
0299_0033_0022_0099_0099.jpg 1 33 22 99 99
0300_0011_0031_0091_0091.jpg 1 11 31 91 91
0301_0049_0032_0053_0053.jpg 1 49 32 53 53
0302_0043_0041_0086_0086.jpg 1 43 41 86 86
0303_0057_0029_0044_0044.jpg 1 57 29 44 44
0304_0091_0062_0024_0024.jpg 1 91 62 24 24
0305_0072_0030_0049_0049.jpg 1 72 30 49 49
0306_0009_0054_0081_0081.jpg 1 9 54 81 81
0307_0036_0054_0030_0030.jpg 1 36 54 30 30
0308_0035_0046_0093_0093.jpg 1 35 46 93 93
0309_0061_0017_0066_0066.jpg 1 61 17 66 66
0310_0065_0033_0058_0058.jpg 1 65 33 58 58
0311_0078_0053_0031_0031.jpg 1 78 53 31 31
0312_0095_0024_0031_0031.jpg 1 95 24 31 31
0313_0032_0030_0095_0095.jpg 1 32 30 95 95
0314_0049_0026_0093_0093.jpg 1 49 26 93 93
0315_0031_0011_0076_0076.jpg 1 31 11 76 76
0316_0020_0006_0101_0101.jpg 1 20 6 101 101
0317_0031_0025_0073_0073.jpg 1 31 25 73 73
0318_0011_0029_0072_0072.jpg 1 11 29 72 72
0319_0042_0045_0024_0024.jpg 1 42 45 24 24
0320_0063_0050_0031_0031.jpg 1 63 50 31 31
0321_0070_0054_0066_0066.jpg 1 70 54 66 66
0322_0086_0013_0048_0048.jpg 1 86 13 48 48
0323_0072_0051_0044_0044.jpg 1 72 51 44 44
0324_0028_0015_0102_0102.jpg 1 28 15 102 102
0325_0019_0043_0081_0081.jpg 1 19 43 81 81
0326_0043_0042_0101_0101.jpg 1 43 42 101 101
0327_0089_0044_0029_0029.jpg 1 89 44 29 29
0328_0045_0055_0061_0061.jpg 1 45 55 61 61
0329_0084_0084_0047_0047.jpg 1 84 84 47 47
0330_0057_0050_0050_0050.jpg 1 57 50 50 50
0331_0034_0042_0068_0068.jpg 1 34 42 68 68
0332_0054_0034_0064_0064.jpg 1 54 34 64 64
0333_0018_0019_0040_0040.jpg 1 18 19 40 40
0334_0023_0047_0069_0069.jpg 1 23 47 69 69
0335_0025_0009_0071_0071.jpg 1 25 9 71 71
0336_0058_0043_0053_0053.jpg 1 58 43 53 53
0337_0112_0031_0024_0024.jpg 1 112 31 24 24
0338_0089_0038_0028_0028.jpg 1 89 38 28 28
0339_0020_0046_0068_0068.jpg 1 20 46 68 68
0340_0006_0034_0095_0095.jpg 1 6 34 95 95
0341_0029_0070_0056_0056.jpg 1 29 70 56 56
0342_0012_0043_0081_0081.jpg 1 12 43 81 81
0343_0060_0014_0028_0028.jpg 1 60 14 28 28
0344_0034_0024_0096_0096.jpg 1 34 24 96 96
0345_0023_0014_0055_0055.jpg 1 23 14 55 55
0346_0023_0055_0029_0029.jpg 1 23 55 29 29
0347_0011_0019_0097_0097.jpg 1 11 19 97 97
0348_0011_0053_0081_0081.jpg 1 11 53 81 81
0349_0041_0068_0054_0054.jpg 1 41 68 54 54
0350_0071_0032_0046_0046.jpg 1 71 32 46 46
0351_0024_0020_0102_0102.jpg 1 24 20 102 102
0352_0015_0053_0071_0071.jpg 1 15 53 71 71
0353_0033_0013_0044_0044.jpg 1 33 13 44 44
0354_0023_0031_0089_0089.jpg 1 23 31 89 89
0355_0032_0036_0097_0097.jpg 1 32 36 97 97
0356_0107_0074_0024_0024.jpg 1 107 74 24 24
0357_0013_0030_0046_0046.jpg 1 13 30 46 46
0358_0022_0106_0027_0027.jpg 1 22 106 27 27
0359_0067_0087_0032_0032.jpg 1 67 87 32 32
0360_0069_0042_0071_0071.jpg 1 69 42 71 71
0361_0070_0048_0069_0069.jpg 1 70 48 69 69
0362_0039_0026_0066_0066.jpg 1 39 26 66 66
0363_0011_0017_0056_0056.jpg 1 11 17 56 56
0364_0070_0077_0052_0052.jpg 1 70 77 52 52
0365_0024_0065_0043_0043.jpg 1 24 65 43 43
0366_0067_0035_0070_0070.jpg 1 67 35 70 70
0367_0032_0034_0103_0103.jpg 1 32 34 103 103
0368_0035_0055_0071_0071.jpg 1 35 55 71 71
0369_0067_0054_0050_0050.jpg 1 67 54 50 50
0370_0037_0032_0082_0082.jpg 1 37 32 82 82
0371_0014_0048_0094_0094.jpg 1 14 48 94 94
0372_0034_0010_0099_0099.jpg 1 34 10 99 99
0373_0088_0068_0045_0045.jpg 1 88 68 45 45
0374_0058_0040_0064_0064.jpg 1 58 40 64 64
0375_0014_0031_0076_0076.jpg 1 14 31 76 76
0376_0054_0031_0077_0077.jpg 1 54 31 77 77
0377_0029_0047_0062_0062.jpg 1 29 47 62 62
0378_0035_0009_0096_0096.jpg 1 35 9 96 96
0379_0038_0025_0069_0069.jpg 1 38 25 69 69
0380_0047_0044_0074_0074.jpg 1 47 44 74 74
0381_0046_0034_0059_0059.jpg 1 46 34 59 59
0382_0017_0017_0085_0085.jpg 1 17 17 85 85
0383_0015_0043_0073_0073.jpg 1 15 43 73 73
0384_0034_0023_0073_0073.jpg 1 34 23 73 73
0385_0048_0014_0069_0069.jpg 1 48 14 69 69
0386_0031_0025_0028_0028.jpg 1 31 25 28 28
0387_0012_0037_0055_0055.jpg 1 12 37 55 55
0388_0009_0026_0074_0074.jpg 1 9 26 74 74
0389_0073_0053_0035_0035.jpg 1 73 53 35 35
0390_0026_0018_0058_0058.jpg 1 26 18 58 58
0391_0096_0020_0026_0026.jpg 1 96 20 26 26
0392_0041_0060_0052_0052.jpg 1 41 60 52 52
0393_0034_0036_0088_0088.jpg 1 34 36 88 88
0394_0092_0018_0025_0025.jpg 1 92 18 25 25
0395_0013_0058_0038_0038.jpg 1 13 58 38 38
0396_0025_0033_0103_0103.jpg 1 25 33 103 103
0397_0012_0012_0088_0088.jpg 1 12 12 88 88
0398_0020_0020_0103_0103.jpg 1 20 20 103 103
0399_0025_0085_0053_0053.jpg 1 25 85 53 53
0400_0048_0057_0069_0069.jpg 1 48 57 69 69
0401_0019_0032_0040_0040.jpg 1 19 32 40 40
0402_0052_0102_0026_0026.jpg 1 52 102 26 26
0403_0008_0009_0088_0088.jpg 1 8 9 88 88
0404_0013_0036_0047_0047.jpg 1 13 36 47 47
0405_0044_0018_0078_0078.jpg 1 44 18 78 78
0406_0007_0024_0084_0084.jpg 1 7 24 84 84
0407_0052_0019_0089_0089.jpg 1 52 19 89 89
0408_0010_0037_0080_0080.jpg 1 10 37 80 80
0409_0043_0065_0076_0076.jpg 1 43 65 76 76
0410_0055_0015_0062_0062.jpg 1 55 15 62 62
0411_0059_0075_0039_0039.jpg 1 59 75 39 39
0412_0030_0084_0036_0036.jpg 1 30 84 36 36
0413_0058_0049_0076_0076.jpg 1 58 49 76 76
0414_0041_0065_0074_0074.jpg 1 41 65 74 74
0415_0076_0046_0049_0049.jpg 1 76 46 49 49
0416_0051_0071_0056_0056.jpg 1 51 71 56 56
0417_0026_0028_0066_0066.jpg 1 26 28 66 66
0418_0018_0034_0043_0043.jpg 1 18 34 43 43
0419_0067_0028_0068_0068.jpg 1 67 28 68 68
0420_0064_0052_0059_0059.jpg 1 64 52 59 59
0421_0049_0060_0081_0081.jpg 1 49 60 81 81
0422_0060_0013_0076_0076.jpg 1 60 13 76 76
0423_0040_0040_0045_0045.jpg 1 40 40 45 45
0424_0019_0024_0036_0036.jpg 1 19 24 36 36
0425_0048_0059_0054_0054.jpg 1 48 59 54 54
0426_0042_0038_0092_0092.jpg 1 42 38 92 92
0427_0070_0042_0035_0035.jpg 1 70 42 35 35
0428_0027_0008_0073_0073.jpg 1 27 8 73 73
0429_0057_0072_0033_0033.jpg 1 57 72 33 33
0430_0019_0034_0042_0042.jpg 1 19 34 42 42
0431_0090_0088_0043_0043.jpg 1 90 88 43 43
0432_0062_0022_0041_0041.jpg 1 62 22 41 41
0433_0056_0064_0058_0058.jpg 1 56 64 58 58
0434_0063_0046_0074_0074.jpg 1 63 46 74 74
0435_0056_0024_0042_0042.jpg 1 56 24 42 42
0436_0036_0086_0035_0035.jpg 1 36 86 35 35
0437_0092_0086_0024_0024.jpg 1 92 86 24 24
0438_0075_0019_0061_0061.jpg 1 75 19 61 61
0439_0032_0041_0098_0098.jpg 1 32 41 98 98
0440_0042_0047_0078_0078.jpg 1 42 47 78 78
0441_0082_0051_0034_0034.jpg 1 82 51 34 34
0442_0024_0034_0098_0098.jpg 1 24 34 98 98
0443_0053_0023_0072_0072.jpg 1 53 23 72 72
0444_0093_0010_0043_0043.jpg 1 93 10 43 43
0445_0020_0010_0047_0047.jpg 1 20 10 47 47
0446_0061_0011_0076_0076.jpg 1 61 11 76 76
0447_0097_0026_0033_0033.jpg 1 97 26 33 33
0448_0093_0032_0037_0037.jpg 1 93 32 37 37
0449_0021_0010_0085_0085.jpg 1 21 10 85 85
0450_0016_0009_0094_0094.jpg 1 16 9 94 94
0451_0073_0045_0039_0039.jpg 1 73 45 39 39
0452_0041_0016_0104_0104.jpg 1 41 16 104 104
0453_0058_0059_0051_0051.jpg 1 58 59 51 51
0454_0068_0060_0040_0040.jpg 1 68 60 40 40
0455_0031_0061_0062_0062.jpg 1 31 61 62 62
0456_0006_0035_0099_0099.jpg 1 6 35 99 99
0457_0048_0011_0075_0075.jpg 1 48 11 75 75
0458_0066_0074_0031_0031.jpg 1 66 74 31 31
0459_0048_0047_0069_0069.jpg 1 48 47 69 69
0460_0033_0023_0065_0065.jpg 1 33 23 65 65
0461_0032_0094_0037_0037.jpg 1 32 94 37 37
0462_0037_0057_0062_0062.jpg 1 37 57 62 62
0463_0066_0050_0065_0065.jpg 1 66 50 65 65
0464_0072_0064_0039_0039.jpg 1 72 64 39 39
0465_0058_0081_0028_0028.jpg 1 58 81 28 28
0466_0056_0017_0078_0078.jpg 1 56 17 78 78
0467_0019_0066_0073_0073.jpg 1 19 66 73 73
0468_0052_0033_0086_0086.jpg 1 52 33 86 86
0469_0094_0033_0043_0043.jpg 1 94 33 43 43
0470_0042_0072_0027_0027.jpg 1 42 72 27 27
0471_0074_0029_0066_0066.jpg 1 74 29 66 66
0472_0079_0095_0032_0032.jpg 1 79 95 32 32
0473_0031_0048_0028_0028.jpg 1 31 48 28 28
0474_0010_0017_0104_0104.jpg 1 10 17 104 104
0475_0074_0052_0047_0047.jpg 1 74 52 47 47
0476_0014_0065_0055_0055.jpg 1 14 65 55 55
0477_0024_0032_0085_0085.jpg 1 24 32 85 85
0478_0082_0014_0025_0025.jpg 1 82 14 25 25
0479_0033_0014_0084_0084.jpg 1 33 14 84 84
0480_0023_0075_0054_0054.jpg 1 23 75 54 54
0481_0010_0061_0078_0078.jpg 1 10 61 78 78
0482_0019_0015_0063_0063.jpg 1 19 15 63 63
0483_0079_0054_0044_0044.jpg 1 79 54 44 44
0484_0014_0059_0051_0051.jpg 1 14 59 51 51
0485_0094_0041_0035_0035.jpg 1 94 41 35 35
0486_0075_0013_0065_0065.jpg 1 75 13 65 65
0487_0065_0022_0075_0075.jpg 1 65 22 75 75
0488_0066_0092_0036_0036.jpg 1 66 92 36 36
0489_0021_0069_0041_0041.jpg 1 21 69 41 41
0490_0027_0015_0104_0104.jpg 1 27 15 104 104
0491_0006_0016_0103_0103.jpg 1 6 16 103 103
0492_0022_0034_0093_0093.jpg 1 22 34 93 93
0493_0011_0022_0086_0086.jpg 1 11 22 86 86
0494_0063_0010_0079_0079.jpg 1 63 10 79 79
0495_0031_0078_0027_0027.jpg 1 31 78 27 27
0496_0057_0037_0086_0086.jpg 1 57 37 86 86
0497_0066_0067_0060_0060.jpg 1 66 67 60 60
0498_0053_0043_0076_0076.jpg 1 53 43 76 76
0499_0044_0046_0083_0083.jpg 1 44 46 83 83
0500_0030_0049_0087_0087.jpg 1 30 49 87 87
0501_0011_0055_0054_0054.jpg 1 11 55 54 54
0502_0056_0041_0077_0077.jpg 1 56 41 77 77
0503_0041_0048_0056_0056.jpg 1 41 48 56 56
0504_0049_0015_0054_0054.jpg 1 49 15 54 54
0505_0049_0053_0038_0038.jpg 1 49 53 38 38
0506_0026_0038_0096_0096.jpg 1 26 38 96 96
0507_0069_0074_0067_0067.jpg 1 69 74 67 67
0508_0026_0078_0059_0059.jpg 1 26 78 59 59
0509_0023_0059_0033_0033.jpg 1 23 59 33 33
0510_0065_0018_0048_0048.jpg 1 65 18 48 48
0511_0042_0034_0060_0060.jpg 1 42 34 60 60
0512_0030_0051_0074_0074.jpg 1 30 51 74 74
0513_0076_0080_0052_0052.jpg 1 76 80 52 52
0514_0062_0035_0077_0077.jpg 1 62 35 77 77
0515_0043_0017_0099_0099.jpg 1 43 17 99 99
0516_0029_0026_0052_0052.jpg 1 29 26 52 52
0517_0025_0071_0065_0065.jpg 1 25 71 65 65
0518_0058_0039_0075_0075.jpg 1 58 39 75 75
0519_0050_0077_0057_0057.jpg 1 50 77 57 57
0520_0069_0023_0058_0058.jpg 1 69 23 58 58
0521_0085_0088_0044_0044.jpg 1 85 88 44 44
0522_0097_0088_0035_0035.jpg 1 97 88 35 35
0523_0019_0075_0036_0036.jpg 1 19 75 36 36
0524_0009_0023_0089_0089.jpg 1 9 23 89 89
0525_0039_0014_0097_0097.jpg 1 39 14 97 97
0526_0049_0056_0075_0075.jpg 1 49 56 75 75
0527_0050_0017_0034_0034.jpg 1 50 17 34 34
0528_0066_0086_0038_0038.jpg 1 66 86 38 38
0529_0062_0074_0059_0059.jpg 1 62 74 59 59
0530_0061_0085_0047_0047.jpg 1 61 85 47 47
0531_0083_0013_0052_0052.jpg 1 83 13 52 52
0532_0071_0022_0051_0051.jpg 1 71 22 51 51
0533_0012_0089_0032_0032.jpg 1 12 89 32 32
0534_0050_0032_0066_0066.jpg 1 50 32 66 66
0535_0031_0024_0078_0078.jpg 1 31 24 78 78
0536_0030_0062_0075_0075.jpg 1 30 62 75 75
0537_0100_0050_0038_0038.jpg 1 100 50 38 38
0538_0035_0034_0060_0060.jpg 1 35 34 60 60
0539_0018_0026_0101_0101.jpg 1 18 26 101 101
0540_0007_0041_0096_0096.jpg 1 7 41 96 96
0541_0064_0031_0064_0064.jpg 1 64 31 64 64
0542_0015_0034_0098_0098.jpg 1 15 34 98 98
0543_0080_0045_0038_0038.jpg 1 80 45 38 38
0544_0050_0049_0080_0080.jpg 1 50 49 80 80
0545_0039_0042_0054_0054.jpg 1 39 42 54 54
0546_0020_0027_0036_0036.jpg 1 20 27 36 36
0547_0079_0047_0047_0047.jpg 1 79 47 47 47
0548_0062_0047_0080_0080.jpg 1 62 47 80 80
0549_0064_0034_0053_0053.jpg 1 64 34 53 53
0550_0029_0062_0061_0061.jpg 1 29 62 61 61
0551_0064_0068_0026_0026.jpg 1 64 68 26 26
0552_0032_0044_0080_0080.jpg 1 32 44 80 80
0553_0048_0074_0057_0057.jpg 1 48 74 57 57
0554_0024_0011_0074_0074.jpg 1 24 11 74 74
0555_0012_0022_0082_0082.jpg 1 12 22 82 82
0556_0053_0024_0054_0054.jpg 1 53 24 54 54
0557_0081_0029_0033_0033.jpg 1 81 29 33 33
0558_0040_0027_0086_0086.jpg 1 40 27 86 86
0559_0065_0055_0070_0070.jpg 1 65 55 70 70
0560_0042_0027_0083_0083.jpg 1 42 27 83 83
0561_0062_0047_0077_0077.jpg 1 62 47 77 77
0562_0018_0021_0052_0052.jpg 1 18 21 52 52
0563_0062_0013_0076_0076.jpg 1 62 13 76 76
0564_0012_0015_0100_0100.jpg 1 12 15 100 100
0565_0062_0084_0053_0053.jpg 1 62 84 53 53
0566_0062_0077_0028_0028.jpg 1 62 77 28 28
0567_0062_0011_0040_0040.jpg 1 62 11 40 40
0568_0047_0052_0079_0079.jpg 1 47 52 79 79
0569_0065_0052_0024_0024.jpg 1 65 52 24 24
0570_0052_0067_0055_0055.jpg 1 52 67 55 55
0571_0063_0025_0056_0056.jpg 1 63 25 56 56
0572_0040_0085_0030_0030.jpg 1 40 85 30 30
0573_0054_0074_0064_0064.jpg 1 54 74 64 64
0574_0036_0029_0070_0070.jpg 1 36 29 70 70
0575_0038_0016_0102_0102.jpg 1 38 16 102 102
0576_0041_0043_0059_0059.jpg 1 41 43 59 59
0577_0099_0031_0025_0025.jpg 1 99 31 25 25
0578_0027_0031_0071_0071.jpg 1 27 31 71 71
0579_0078_0057_0036_0036.jpg 1 78 57 36 36
0580_0082_0060_0053_0053.jpg 1 82 60 53 53
0581_0025_0029_0037_0037.jpg 1 25 29 37 37
0582_0048_0020_0084_0084.jpg 1 48 20 84 84
0583_0016_0010_0051_0051.jpg 1 16 10 51 51
0584_0008_0029_0096_0096.jpg 1 8 29 96 96
0585_0065_0018_0067_0067.jpg 1 65 18 67 67
0586_0030_0053_0071_0071.jpg 1 30 53 71 71
0587_0067_0079_0044_0044.jpg 1 67 79 44 44
0588_0026_0035_0092_0092.jpg 1 26 35 92 92
0589_0052_0063_0031_0031.jpg 1 52 63 31 31
0590_0077_0029_0039_0039.jpg 1 77 29 39 39
0591_0070_0058_0072_0072.jpg 1 70 58 72 72
0592_0054_0067_0071_0071.jpg 1 54 67 71 71
0593_0039_0097_0027_0027.jpg 1 39 97 27 27
0594_0020_0079_0062_0062.jpg 1 20 79 62 62
0595_0069_0016_0071_0071.jpg 1 69 16 71 71
0596_0008_0021_0080_0080.jpg 1 8 21 80 80
0597_0034_0020_0094_0094.jpg 1 34 20 94 94
0598_0065_0017_0055_0055.jpg 1 65 17 55 55
0599_0031_0062_0068_0068.jpg 1 31 62 68 68
0600_0078_0070_0025_0025.jpg 1 78 70 25 25
0601_0075_0063_0037_0037.jpg 1 75 63 37 37
0602_0030_0037_0057_0057.jpg 1 30 37 57 57
0603_0045_0038_0086_0086.jpg 1 45 38 86 86
0604_0011_0009_0098_0098.jpg 1 11 9 98 98
0605_0031_0044_0085_0085.jpg 1 31 44 85 85
0606_0048_0052_0051_0051.jpg 1 48 52 51 51
0607_0067_0015_0069_0069.jpg 1 67 15 69 69
0608_0060_0035_0072_0072.jpg 1 60 35 72 72
0609_0022_0023_0095_0095.jpg 1 22 23 95 95
0610_0010_0040_0103_0103.jpg 1 10 40 103 103
0611_0029_0086_0042_0042.jpg 1 29 86 42 42
0612_0050_0063_0077_0077.jpg 1 50 63 77 77
0613_0042_0021_0101_0101.jpg 1 42 21 101 101
0614_0049_0087_0027_0027.jpg 1 49 87 27 27
0615_0049_0065_0043_0043.jpg 1 49 65 43 43
0616_0078_0040_0051_0051.jpg 1 78 40 51 51
0617_0021_0033_0092_0092.jpg 1 21 33 92 92
0618_0047_0025_0097_0097.jpg 1 47 25 97 97
0619_0042_0036_0070_0070.jpg 1 42 36 70 70
0620_0016_0045_0096_0096.jpg 1 16 45 96 96
0621_0059_0085_0045_0045.jpg 1 59 85 45 45
0622_0007_0033_0101_0101.jpg 1 7 33 101 101
0623_0033_0033_0070_0070.jpg 1 33 33 70 70
0624_0087_0081_0030_0030.jpg 1 87 81 30 30
0625_0050_0051_0052_0052.jpg 1 50 51 52 52
0626_0040_0064_0028_0028.jpg 1 40 64 28 28
0627_0015_0021_0075_0075.jpg 1 15 21 75 75
0628_0034_0015_0101_0101.jpg 1 34 15 101 101
0629_0010_0030_0065_0065.jpg 1 10 30 65 65
0630_0042_0049_0080_0080.jpg 1 42 49 80 80
0631_0015_0043_0101_0101.jpg 1 15 43 101 101
0632_0064_0053_0065_0065.jpg 1 64 53 65 65
0633_0051_0071_0062_0062.jpg 1 51 71 62 62
0634_0053_0078_0053_0053.jpg 1 53 78 53 53
0635_0032_0026_0102_0102.jpg 1 32 26 102 102
0636_0088_0075_0031_0031.jpg 1 88 75 31 31
0637_0036_0056_0081_0081.jpg 1 36 56 81 81
0638_0056_0039_0032_0032.jpg 1 56 39 32 32
0639_0034_0058_0062_0062.jpg 1 34 58 62 62
0640_0085_0082_0041_0041.jpg 1 85 82 41 41
0641_0020_0083_0055_0055.jpg 1 20 83 55 55
0642_0036_0029_0055_0055.jpg 1 36 29 55 55
0643_0063_0048_0045_0045.jpg 1 63 48 45 45
0644_0045_0019_0080_0080.jpg 1 45 19 80 80
0645_0052_0048_0088_0088.jpg 1 52 48 88 88
0646_0091_0032_0046_0046.jpg 1 91 32 46 46
0647_0025_0049_0089_0089.jpg 1 25 49 89 89
0648_0033_0017_0037_0037.jpg 1 33 17 37 37
0649_0035_0030_0071_0071.jpg 1 35 30 71 71
0650_0085_0029_0051_0051.jpg 1 85 29 51 51
0651_0049_0010_0054_0054.jpg 1 49 10 54 54
0652_0016_0018_0080_0080.jpg 1 16 18 80 80
0653_0013_0034_0094_0094.jpg 1 13 34 94 94
0654_0051_0024_0081_0081.jpg 1 51 24 81 81
0655_0009_0026_0068_0068.jpg 1 9 26 68 68
0656_0038_0053_0044_0044.jpg 1 38 53 44 44
0657_0056_0052_0073_0073.jpg 1 56 52 73 73
0658_0026_0072_0062_0062.jpg 1 26 72 62 62
0659_0058_0046_0039_0039.jpg 1 58 46 39 39
0660_0020_0023_0095_0095.jpg 1 20 23 95 95
0661_0054_0053_0080_0080.jpg 1 54 53 80 80
0662_0036_0026_0054_0054.jpg 1 36 26 54 54
0663_0009_0031_0074_0074.jpg 1 9 31 74 74
0664_0014_0057_0080_0080.jpg 1 14 57 80 80
0665_0044_0070_0052_0052.jpg 1 44 70 52 52
0666_0011_0032_0078_0078.jpg 1 11 32 78 78
0667_0013_0075_0050_0050.jpg 1 13 75 50 50
0668_0050_0054_0033_0033.jpg 1 50 54 33 33
0669_0066_0072_0029_0029.jpg 1 66 72 29 29
0670_0020_0042_0102_0102.jpg 1 20 42 102 102
0671_0056_0013_0049_0049.jpg 1 56 13 49 49
0672_0015_0034_0096_0096.jpg 1 15 34 96 96
0673_0030_0040_0077_0077.jpg 1 30 40 77 77
0674_0035_0051_0060_0060.jpg 1 35 51 60 60
0675_0045_0049_0038_0038.jpg 1 45 49 38 38
0676_0046_0008_0091_0091.jpg 1 46 8 91 91
0677_0050_0044_0075_0075.jpg 1 50 44 75 75
0678_0027_0006_0099_0099.jpg 1 27 6 99 99
0679_0011_0009_0100_0100.jpg 1 11 9 100 100
0680_0039_0024_0097_0097.jpg 1 39 24 97 97
0681_0032_0037_0072_0072.jpg 1 32 37 72 72
0682_0010_0023_0098_0098.jpg 1 10 23 98 98
0683_0108_0103_0029_0029.jpg 1 108 103 29 29
0684_0026_0042_0103_0103.jpg 1 26 42 103 103
0685_0026_0014_0100_0100.jpg 1 26 14 100 100
0686_0048_0043_0076_0076.jpg 1 48 43 76 76
0687_0036_0059_0083_0083.jpg 1 36 59 83 83
0688_0096_0061_0039_0039.jpg 1 96 61 39 39
0689_0030_0041_0087_0087.jpg 1 30 41 87 87
0690_0041_0054_0033_0033.jpg 1 41 54 33 33
0691_0084_0068_0037_0037.jpg 1 84 68 37 37
0692_0092_0057_0026_0026.jpg 1 92 57 26 26
0693_0023_0040_0100_0100.jpg 1 23 40 100 100
0694_0046_0012_0057_0057.jpg 1 46 12 57 57
0695_0062_0033_0078_0078.jpg 1 62 33 78 78
0696_0043_0026_0074_0074.jpg 1 43 26 74 74
0697_0014_0026_0101_0101.jpg 1 14 26 101 101
0698_0041_0014_0071_0071.jpg 1 41 14 71 71
0699_0022_0006_0092_0092.jpg 1 22 6 92 92
0700_0014_0061_0029_0029.jpg 1 14 61 29 29
0701_0057_0070_0071_0071.jpg 1 57 70 71 71
0702_0029_0028_0101_0101.jpg 1 29 28 101 101
0703_0041_0021_0055_0055.jpg 1 41 21 55 55
0704_0043_0037_0040_0040.jpg 1 43 37 40 40
0705_0035_0090_0035_0035.jpg 1 35 90 35 35
0706_0075_0077_0061_0061.jpg 1 75 77 61 61
0707_0042_0006_0092_0092.jpg 1 42 6 92 92
0708_0012_0015_0094_0094.jpg 1 12 15 94 94
0709_0037_0012_0096_0096.jpg 1 37 12 96 96
0710_0025_0042_0072_0072.jpg 1 25 42 72 72
0711_0021_0035_0104_0104.jpg 1 21 35 104 104
0712_0058_0066_0052_0052.jpg 1 58 66 52 52
0713_0023_0050_0078_0078.jpg 1 23 50 78 78
0714_0023_0040_0085_0085.jpg 1 23 40 85 85
0715_0046_0070_0058_0058.jpg 1 46 70 58 58
0716_0035_0011_0070_0070.jpg 1 35 11 70 70
0717_0060_0029_0029_0029.jpg 1 60 29 29 29
0718_0052_0024_0081_0081.jpg 1 52 24 81 81
0719_0020_0017_0085_0085.jpg 1 20 17 85 85
0720_0056_0024_0032_0032.jpg 1 56 24 32 32
0721_0031_0027_0061_0061.jpg 1 31 27 61 61
0722_0056_0097_0038_0038.jpg 1 56 97 38 38
0723_0058_0070_0029_0029.jpg 1 58 70 29 29
0724_0028_0011_0103_0103.jpg 1 28 11 103 103
0725_0043_0030_0047_0047.jpg 1 43 30 47 47
0726_0089_0049_0035_0035.jpg 1 89 49 35 35
0727_0021_0043_0093_0093.jpg 1 21 43 93 93
0728_0079_0059_0034_0034.jpg 1 79 59 34 34
0729_0015_0083_0044_0044.jpg 1 15 83 44 44
0730_0045_0064_0055_0055.jpg 1 45 64 55 55
0731_0024_0006_0097_0097.jpg 1 24 6 97 97
0732_0051_0007_0090_0090.jpg 1 51 7 90 90
0733_0104_0096_0030_0030.jpg 1 104 96 30 30
0734_0056_0087_0046_0046.jpg 1 56 87 46 46
0735_0033_0069_0056_0056.jpg 1 33 69 56 56
0736_0006_0006_0092_0092.jpg 1 6 6 92 92
0737_0009_0041_0096_0096.jpg 1 9 41 96 96
0738_0054_0056_0048_0048.jpg 1 54 56 48 48
0739_0067_0069_0051_0051.jpg 1 67 69 51 51
0740_0063_0095_0027_0027.jpg 1 63 95 27 27
0741_0018_0035_0065_0065.jpg 1 18 35 65 65
0742_0057_0024_0064_0064.jpg 1 57 24 64 64
0743_0016_0023_0093_0093.jpg 1 16 23 93 93
0744_0054_0013_0083_0083.jpg 1 54 13 83 83
0745_0053_0043_0082_0082.jpg 1 53 43 82 82
0746_0032_0033_0072_0072.jpg 1 32 33 72 72
0747_0028_0017_0048_0048.jpg 1 28 17 48 48
0748_0032_0039_0060_0060.jpg 1 32 39 60 60
0749_0066_0096_0037_0037.jpg 1 66 96 37 37
0750_0014_0052_0089_0089.jpg 1 14 52 89 89
0751_0026_0013_0067_0067.jpg 1 26 13 67 67
0752_0060_0033_0069_0069.jpg 1 60 33 69 69
0753_0050_0049_0082_0082.jpg 1 50 49 82 82
0754_0016_0030_0076_0076.jpg 1 16 30 76 76
0755_0007_0052_0075_0075.jpg 1 7 52 75 75
0756_0070_0012_0049_0049.jpg 1 70 12 49 49
0757_0062_0034_0074_0074.jpg 1 62 34 74 74
0758_0043_0005_0100_0100.jpg 1 43 5 100 100
0759_0018_0005_0103_0103.jpg 1 18 5 103 103
0760_0041_0062_0053_0053.jpg 1 41 62 53 53
0761_0013_0025_0087_0087.jpg 1 13 25 87 87
0762_0046_0029_0079_0079.jpg 1 46 29 79 79
0763_0015_0075_0052_0052.jpg 1 15 75 52 52
0764_0055_0061_0043_0043.jpg 1 55 61 43 43
0765_0030_0006_0091_0091.jpg 1 30 6 91 91
0766_0051_0025_0083_0083.jpg 1 51 25 83 83
0767_0072_0044_0066_0066.jpg 1 72 44 66 66
0768_0036_0017_0104_0104.jpg 1 36 17 104 104
0769_0015_0043_0102_0102.jpg 1 15 43 102 102
0770_0055_0038_0065_0065.jpg 1 55 38 65 65
0771_0095_0043_0027_0027.jpg 1 95 43 27 27
0772_0014_0014_0099_0099.jpg 1 14 14 99 99
0773_0011_0014_0088_0088.jpg 1 11 14 88 88
0774_0011_0025_0075_0075.jpg 1 11 25 75 75
0775_0087_0077_0039_0039.jpg 1 87 77 39 39
0776_0101_0081_0026_0026.jpg 1 101 81 26 26
0777_0024_0057_0078_0078.jpg 1 24 57 78 78
0778_0034_0008_0085_0085.jpg 1 34 8 85 85
0779_0020_0043_0085_0085.jpg 1 20 43 85 85
0780_0062_0089_0024_0024.jpg 1 62 89 24 24
0781_0017_0020_0073_0073.jpg 1 17 20 73 73
0782_0093_0040_0040_0040.jpg 1 93 40 40 40
0783_0032_0055_0043_0043.jpg 1 32 55 43 43
0784_0054_0048_0066_0066.jpg 1 54 48 66 66
0785_0035_0028_0099_0099.jpg 1 35 28 99 99
0786_0039_0046_0083_0083.jpg 1 39 46 83 83
0787_0018_0055_0075_0075.jpg 1 18 55 75 75
0788_0016_0032_0098_0098.jpg 1 16 32 98 98
0789_0055_0061_0059_0059.jpg 1 55 61 59 59
0790_0036_0060_0070_0070.jpg 1 36 60 70 70
0791_0027_0033_0088_0088.jpg 1 27 33 88 88
0792_0053_0059_0077_0077.jpg 1 53 59 77 77
0793_0048_0044_0081_0081.jpg 1 48 44 81 81
0794_0058_0031_0042_0042.jpg 1 58 31 42 42
0795_0033_0080_0057_0057.jpg 1 33 80 57 57
0796_0014_0033_0093_0093.jpg 1 14 33 93 93
0797_0027_0029_0104_0104.jpg 1 27 29 104 104
0798_0046_0102_0027_0027.jpg 1 46 102 27 27
0799_0024_0024_0096_0096.jpg 1 24 24 96 96
0800_0010_0016_0093_0093.jpg 1 10 16 93 93
0801_0066_0064_0070_0070.jpg 1 66 64 70 70
0802_0052_0015_0090_0090.jpg 1 52 15 90 90
0803_0079_0043_0051_0051.jpg 1 79 43 51 51
0804_0028_0020_0044_0044.jpg 1 28 20 44 44
0805_0036_0040_0104_0104.jpg 1 36 40 104 104
0806_0024_0049_0089_0089.jpg 1 24 49 89 89
0807_0085_0081_0048_0048.jpg 1 85 81 48 48
0808_0108_0085_0024_0024.jpg 1 108 85 24 24
0809_0015_0025_0088_0088.jpg 1 15 25 88 88
0810_0021_0052_0080_0080.jpg 1 21 52 80 80
0811_0048_0034_0032_0032.jpg 1 48 34 32 32
0812_0053_0036_0063_0063.jpg 1 53 36 63 63
0813_0014_0057_0050_0050.jpg 1 14 57 50 50
0814_0041_0043_0100_0100.jpg 1 41 43 100 100
0815_0009_0058_0057_0057.jpg 1 9 58 57 57
0816_0014_0062_0073_0073.jpg 1 14 62 73 73
0817_0068_0089_0048_0048.jpg 1 68 89 48 48
0818_0035_0048_0071_0071.jpg 1 35 48 71 71
0819_0017_0085_0026_0026.jpg 1 17 85 26 26
0820_0016_0020_0095_0095.jpg 1 16 20 95 95
0821_0061_0025_0038_0038.jpg 1 61 25 38 38
0822_0018_0059_0084_0084.jpg 1 18 59 84 84
0823_0064_0048_0064_0064.jpg 1 64 48 64 64
0824_0038_0013_0082_0082.jpg 1 38 13 82 82
0825_0017_0043_0061_0061.jpg 1 17 43 61 61
0826_0034_0010_0104_0104.jpg 1 34 10 104 104
0827_0093_0081_0039_0039.jpg 1 93 81 39 39
0828_0024_0012_0083_0083.jpg 1 24 12 83 83
0829_0031_0027_0043_0043.jpg 1 31 27 43 43
0830_0099_0033_0034_0034.jpg 1 99 33 34 34
0831_0045_0047_0052_0052.jpg 1 45 47 52 52
0832_0059_0024_0068_0068.jpg 1 59 24 68 68
0833_0025_0039_0086_0086.jpg 1 25 39 86 86
0834_0031_0038_0071_0071.jpg 1 31 38 71 71
0835_0073_0047_0028_0028.jpg 1 73 47 28 28
0836_0012_0060_0034_0034.jpg 1 12 60 34 34
0837_0063_0014_0029_0029.jpg 1 63 14 29 29
0838_0036_0034_0081_0081.jpg 1 36 34 81 81
0839_0050_0056_0078_0078.jpg 1 50 56 78 78
0840_0032_0011_0076_0076.jpg 1 32 11 76 76
0841_0025_0039_0075_0075.jpg 1 25 39 75 75
0842_0043_0092_0038_0038.jpg 1 43 92 38 38
0843_0040_0076_0033_0033.jpg 1 40 76 33 33
0844_0067_0098_0039_0039.jpg 1 67 98 39 39
0845_0007_0053_0076_0076.jpg 1 7 53 76 76
0846_0050_0074_0066_0066.jpg 1 50 74 66 66
0847_0016_0084_0043_0043.jpg 1 16 84 43 43
0848_0035_0028_0090_0090.jpg 1 35 28 90 90
0849_0018_0097_0038_0038.jpg 1 18 97 38 38
0850_0057_0078_0041_0041.jpg 1 57 78 41 41
0851_0027_0029_0071_0071.jpg 1 27 29 71 71
0852_0032_0046_0050_0050.jpg 1 32 46 50 50
0853_0066_0036_0048_0048.jpg 1 66 36 48 48
0854_0041_0050_0073_0073.jpg 1 41 50 73 73
0855_0092_0061_0039_0039.jpg 1 92 61 39 39
0856_0093_0066_0034_0034.jpg 1 93 66 34 34
0857_0094_0055_0036_0036.jpg 1 94 55 36 36
0858_0028_0044_0033_0033.jpg 1 28 44 33 33
0859_0015_0041_0078_0078.jpg 1 15 41 78 78
0860_0063_0034_0076_0076.jpg 1 63 34 76 76
0861_0025_0012_0087_0087.jpg 1 25 12 87 87
0862_0008_0033_0089_0089.jpg 1 8 33 89 89
0863_0031_0036_0091_0091.jpg 1 31 36 91 91
0864_0028_0024_0099_0099.jpg 1 28 24 99 99
0865_0072_0039_0054_0054.jpg 1 72 39 54 54
0866_0044_0077_0028_0028.jpg 1 44 77 28 28
0867_0056_0067_0056_0056.jpg 1 56 67 56 56
0868_0034_0047_0081_0081.jpg 1 34 47 81 81
0869_0066_0019_0025_0025.jpg 1 66 19 25 25
0870_0066_0037_0062_0062.jpg 1 66 37 62 62
0871_0030_0037_0077_0077.jpg 1 30 37 77 77
0872_0011_0043_0067_0067.jpg 1 11 43 67 67
0873_0072_0030_0067_0067.jpg 1 72 30 67 67
0874_0028_0015_0085_0085.jpg 1 28 15 85 85
0875_0064_0041_0051_0051.jpg 1 64 41 51 51
0876_0055_0020_0027_0027.jpg 1 55 20 27 27
0877_0039_0031_0093_0093.jpg 1 39 31 93 93
0878_0049_0066_0046_0046.jpg 1 49 66 46 46
0879_0043_0070_0061_0061.jpg 1 43 70 61 61
0880_0027_0060_0062_0062.jpg 1 27 60 62 62
0881_0013_0023_0068_0068.jpg 1 13 23 68 68
0882_0029_0042_0096_0096.jpg 1 29 42 96 96
0883_0017_0024_0060_0060.jpg 1 17 24 60 60
0884_0020_0024_0041_0041.jpg 1 20 24 41 41
0885_0064_0049_0074_0074.jpg 1 64 49 74 74
0886_0044_0044_0059_0059.jpg 1 44 44 59 59
0887_0036_0038_0068_0068.jpg 1 36 38 68 68
0888_0038_0036_0075_0075.jpg 1 38 36 75 75
0889_0039_0099_0024_0024.jpg 1 39 99 24 24
0890_0006_0037_0098_0098.jpg 1 6 37 98 98
0891_0066_0047_0070_0070.jpg 1 66 47 70 70
0892_0030_0048_0091_0091.jpg 1 30 48 91 91
0893_0007_0031_0099_0099.jpg 1 7 31 99 99
0894_0060_0019_0062_0062.jpg 1 60 19 62 62
0895_0056_0058_0034_0034.jpg 1 56 58 34 34
0896_0015_0015_0074_0074.jpg 1 15 15 74 74
0897_0055_0018_0065_0065.jpg 1 55 18 65 65
0898_0030_0029_0073_0073.jpg 1 30 29 73 73
0899_0039_0099_0030_0030.jpg 1 39 99 30 30
0900_0063_0039_0058_0058.jpg 1 63 39 58 58
0901_0018_0010_0074_0074.jpg 1 18 10 74 74
0902_0031_0011_0097_0097.jpg 1 31 11 97 97
0903_0058_0023_0034_0034.jpg 1 58 23 34 34
0904_0067_0065_0056_0056.jpg 1 67 65 56 56
0905_0031_0033_0071_0071.jpg 1 31 33 71 71
0906_0025_0065_0071_0071.jpg 1 25 65 71 71
0907_0031_0041_0103_0103.jpg 1 31 41 103 103
0908_0069_0051_0064_0064.jpg 1 69 51 64 64
0909_0020_0038_0059_0059.jpg 1 20 38 59 59
0910_0005_0008_0099_0099.jpg 1 5 8 99 99
0911_0019_0024_0052_0052.jpg 1 19 24 52 52
0912_0078_0051_0062_0062.jpg 1 78 51 62 62
0913_0020_0029_0058_0058.jpg 1 20 29 58 58
0914_0026_0013_0078_0078.jpg 1 26 13 78 78
0915_0057_0075_0040_0040.jpg 1 57 75 40 40
0916_0025_0092_0038_0038.jpg 1 25 92 38 38
0917_0045_0035_0070_0070.jpg 1 45 35 70 70
0918_0061_0021_0069_0069.jpg 1 61 21 69 69
0919_0042_0028_0080_0080.jpg 1 42 28 80 80
0920_0037_0047_0029_0029.jpg 1 37 47 29 29
0921_0035_0061_0081_0081.jpg 1 35 61 81 81
0922_0042_0029_0085_0085.jpg 1 42 29 85 85
0923_0008_0033_0081_0081.jpg 1 8 33 81 81
0924_0067_0034_0074_0074.jpg 1 67 34 74 74
0925_0032_0042_0098_0098.jpg 1 32 42 98 98
0926_0033_0033_0102_0102.jpg 1 33 33 102 102
0927_0051_0046_0091_0091.jpg 1 51 46 91 91
0928_0097_0076_0032_0032.jpg 1 97 76 32 32
0929_0032_0043_0061_0061.jpg 1 32 43 61 61
0930_0045_0090_0036_0036.jpg 1 45 90 36 36
0931_0030_0026_0078_0078.jpg 1 30 26 78 78
0932_0020_0021_0095_0095.jpg 1 20 21 95 95
0933_0024_0071_0035_0035.jpg 1 24 71 35 35
0934_0027_0039_0101_0101.jpg 1 27 39 101 101
0935_0029_0031_0099_0099.jpg 1 29 31 99 99
0936_0061_0065_0074_0074.jpg 1 61 65 74 74
0937_0059_0056_0068_0068.jpg 1 59 56 68 68
0938_0065_0059_0024_0024.jpg 1 65 59 24 24
0939_0044_0032_0091_0091.jpg 1 44 32 91 91
0940_0017_0016_0029_0029.jpg 1 17 16 29 29
0941_0014_0034_0096_0096.jpg 1 14 34 96 96
0942_0039_0019_0089_0089.jpg 1 39 19 89 89
0943_0043_0014_0066_0066.jpg 1 43 14 66 66
0944_0058_0059_0062_0062.jpg 1 58 59 62 62
0945_0049_0053_0032_0032.jpg 1 49 53 32 32
0946_0050_0025_0086_0086.jpg 1 50 25 86 86
0947_0051_0045_0085_0085.jpg 1 51 45 85 85
0948_0057_0042_0054_0054.jpg 1 57 42 54 54
0949_0029_0016_0036_0036.jpg 1 29 16 36 36
0950_0014_0052_0087_0087.jpg 1 14 52 87 87
0951_0022_0073_0040_0040.jpg 1 22 73 40 40
0952_0032_0035_0099_0099.jpg 1 32 35 99 99
0953_0015_0031_0099_0099.jpg 1 15 31 99 99
0954_0049_0047_0036_0036.jpg 1 49 47 36 36
0955_0041_0033_0100_0100.jpg 1 41 33 100 100
0956_0049_0035_0089_0089.jpg 1 49 35 89 89
0957_0041_0007_0096_0096.jpg 1 41 7 96 96
0958_0053_0038_0045_0045.jpg 1 53 38 45 45
0959_0070_0012_0062_0062.jpg 1 70 12 62 62
0960_0061_0017_0047_0047.jpg 1 61 17 47 47
0961_0034_0106_0025_0025.jpg 1 34 106 25 25
0962_0014_0041_0101_0101.jpg 1 14 41 101 101
0963_0010_0037_0079_0079.jpg 1 10 37 79 79
0964_0036_0062_0050_0050.jpg 1 36 62 50 50
0965_0073_0022_0044_0044.jpg 1 73 22 44 44
0966_0069_0020_0046_0046.jpg 1 69 20 46 46
0967_0037_0039_0096_0096.jpg 1 37 39 96 96
0968_0049_0028_0072_0072.jpg 1 49 28 72 72
0969_0017_0045_0086_0086.jpg 1 17 45 86 86
0970_0021_0005_0103_0103.jpg 1 21 5 103 103
0971_0056_0044_0075_0075.jpg 1 56 44 75 75
0972_0065_0022_0063_0063.jpg 1 65 22 63 63
0973_0014_0014_0080_0080.jpg 1 14 14 80 80
0974_0027_0099_0028_0028.jpg 1 27 99 28 28
0975_0094_0018_0032_0032.jpg 1 94 18 32 32
0976_0081_0064_0034_0034.jpg 1 81 64 34 34
0977_0065_0059_0048_0048.jpg 1 65 59 48 48
0978_0096_0045_0041_0041.jpg 1 96 45 41 41
0979_0021_0055_0074_0074.jpg 1 21 55 74 74
0980_0046_0046_0063_0063.jpg 1 46 46 63 63
0981_0018_0052_0028_0028.jpg 1 18 52 28 28
0982_0006_0029_0092_0092.jpg 1 6 29 92 92
0983_0041_0027_0103_0103.jpg 1 41 27 103 103
0984_0011_0033_0068_0068.jpg 1 11 33 68 68
0985_0066_0016_0053_0053.jpg 1 66 16 53 53
0986_0031_0058_0036_0036.jpg 1 31 58 36 36
0987_0043_0030_0061_0061.jpg 1 43 30 61 61
0988_0053_0057_0071_0071.jpg 1 53 57 71 71
0989_0067_0053_0058_0058.jpg 1 67 53 58 58
0990_0030_0039_0046_0046.jpg 1 30 39 46 46
0991_0026_0013_0093_0093.jpg 1 26 13 93 93
0992_0017_0016_0081_0081.jpg 1 17 16 81 81
0993_0040_0084_0051_0051.jpg 1 40 84 51 51
0994_0060_0066_0044_0044.jpg 1 60 66 44 44
0995_0033_0032_0101_0101.jpg 1 33 32 101 101
0996_0017_0031_0058_0058.jpg 1 17 31 58 58
0997_0010_0062_0080_0080.jpg 1 10 62 80 80
0998_0085_0057_0024_0024.jpg 1 85 57 24 24
0999_0013_0022_0047_0047.jpg 1 13 22 47 47
1000_0024_0022_0044_0044.jpg 1 24 22 44 44
