0001_0054_0026_0049_0049.jpg 1 54 26 49 49
0002_0073_0016_0048_0048.jpg 1 73 16 48 48
0003_0046_0028_0093_0093.jpg 1 46 28 93 93
0004_0022_0084_0053_0053.jpg 1 22 84 53 53
0005_0048_0017_0073_0073.jpg 1 48 17 73 73
0006_0026_0021_0074_0074.jpg 1 26 21 74 74
0007_0017_0008_0090_0090.jpg 1 17 8 90 90
0008_0066_0027_0040_0040.jpg 1 66 27 40 40
0009_0032_0015_0079_0079.jpg 1 32 15 79 79
0010_0055_0026_0085_0085.jpg 1 55 26 85 85
0011_0080_0091_0027_0027.jpg 1 80 91 27 27
0012_0012_0078_0043_0043.jpg 1 12 78 43 43
0013_0027_0030_0060_0060.jpg 1 27 30 60 60
0014_0083_0047_0049_0049.jpg 1 83 47 49 49
0015_0028_0065_0027_0027.jpg 1 28 65 27 27
0016_0079_0034_0047_0047.jpg 1 79 34 47 47
0017_0099_0076_0038_0038.jpg 1 99 76 38 38
0018_0038_0092_0040_0040.jpg 1 38 92 40 40
0019_0018_0053_0082_0082.jpg 1 18 53 82 82
0020_0097_0026_0033_0033.jpg 1 97 26 33 33
0021_0023_0043_0067_0067.jpg 1 23 43 67 67
0022_0012_0053_0077_0077.jpg 1 12 53 77 77
0023_0015_0056_0080_0080.jpg 1 15 56 80 80
0024_0029_0045_0064_0064.jpg 1 29 45 64 64
0025_0067_0036_0029_0029.jpg 1 67 36 29 29
0026_0062_0080_0033_0033.jpg 1 62 80 33 33
0027_0098_0011_0038_0038.jpg 1 98 11 38 38
0028_0041_0039_0085_0085.jpg 1 41 39 85 85
0029_0012_0074_0062_0062.jpg 1 12 74 62 62
0030_0020_0015_0091_0091.jpg 1 20 15 91 91
0031_0015_0025_0084_0084.jpg 1 15 25 84 84
0032_0028_0036_0088_0088.jpg 1 28 36 88 88
0033_0017_0083_0034_0034.jpg 1 17 83 34 34
0034_0058_0084_0032_0032.jpg 1 58 84 32 32
0035_0036_0008_0077_0077.jpg 1 36 8 77 77
0036_0064_0068_0055_0055.jpg 1 64 68 55 55
0037_0066_0016_0063_0063.jpg 1 66 16 63 63
0038_0026_0036_0046_0046.jpg 1 26 36 46 46
0039_0070_0027_0031_0031.jpg 1 70 27 31 31
0040_0027_0016_0066_0066.jpg 1 27 16 66 66
0041_0100_0104_0026_0026.jpg 1 100 104 26 26
0042_0009_0030_0092_0092.jpg 1 9 30 92 92
0043_0008_0052_0068_0068.jpg 1 8 52 68 68
0044_0017_0031_0093_0093.jpg 1 17 31 93 93
0045_0090_0019_0031_0031.jpg 1 90 19 31 31
0046_0020_0057_0054_0054.jpg 1 20 57 54 54
0047_0091_0042_0028_0028.jpg 1 91 42 28 28
0048_0019_0044_0073_0073.jpg 1 19 44 73 73
0049_0044_0036_0051_0051.jpg 1 44 36 51 51
0050_0047_0013_0096_0096.jpg 1 47 13 96 96
0051_0016_0043_0060_0060.jpg 1 16 43 60 60
0052_0006_0037_0089_0089.jpg 1 6 37 89 89
0053_0019_0065_0046_0046.jpg 1 19 65 46 46
0054_0035_0066_0070_0070.jpg 1 35 66 70 70
0055_0011_0008_0104_0104.jpg 1 11 8 104 104
0056_0069_0084_0034_0034.jpg 1 69 84 34 34
0057_0061_0061_0066_0066.jpg 1 61 61 66 66
0058_0041_0041_0090_0090.jpg 1 41 41 90 90
0059_0034_0015_0088_0088.jpg 1 34 15 88 88
0060_0030_0069_0044_0044.jpg 1 30 69 44 44
0061_0052_0020_0032_0032.jpg 1 52 20 32 32
0062_0019_0006_0095_0095.jpg 1 19 6 95 95
0063_0080_0021_0025_0025.jpg 1 80 21 25 25
0064_0040_0079_0043_0043.jpg 1 40 79 43 43
0065_0079_0101_0026_0026.jpg 1 79 101 26 26
0066_0034_0061_0046_0046.jpg 1 34 61 46 46
0067_0031_0007_0079_0079.jpg 1 31 7 79 79
0068_0008_0065_0076_0076.jpg 1 8 65 76 76
0069_0008_0019_0104_0104.jpg 1 8 19 104 104
0070_0016_0096_0042_0042.jpg 1 16 96 42 42
0071_0042_0039_0097_0097.jpg 1 42 39 97 97
0072_0069_0043_0026_0026.jpg 1 69 43 26 26
0073_0022_0032_0094_0094.jpg 1 22 32 94 94
0074_0009_0035_0076_0076.jpg 1 9 35 76 76
0075_0036_0023_0094_0094.jpg 1 36 23 94 94
0076_0019_0037_0028_0028.jpg 1 19 37 28 28
0077_0089_0086_0041_0041.jpg 1 89 86 41 41
0078_0063_0056_0057_0057.jpg 1 63 56 57 57
0079_0063_0069_0069_0069.jpg 1 63 69 69 69
0080_0072_0078_0048_0048.jpg 1 72 78 48 48
0081_0005_0012_0100_0100.jpg 1 5 12 100 100
0082_0050_0056_0078_0078.jpg 1 50 56 78 78
0083_0035_0040_0097_0097.jpg 1 35 40 97 97
0084_0018_0036_0091_0091.jpg 1 18 36 91 91
0085_0056_0048_0078_0078.jpg 1 56 48 78 78
0086_0005_0011_0101_0101.jpg 1 5 11 101 101
0087_0028_0044_0052_0052.jpg 1 28 44 52 52
0088_0108_0020_0027_0027.jpg 1 108 20 27 27
0089_0028_0012_0047_0047.jpg 1 28 12 47 47
0090_0031_0029_0054_0054.jpg 1 31 29 54 54
0091_0054_0073_0040_0040.jpg 1 54 73 40 40
0092_0081_0055_0051_0051.jpg 1 81 55 51 51
0093_0066_0054_0035_0035.jpg 1 66 54 35 35
0094_0014_0027_0082_0082.jpg 1 14 27 82 82
0095_0057_0035_0085_0085.jpg 1 57 35 85 85
0096_0039_0007_0097_0097.jpg 1 39 7 97 97
0097_0059_0070_0066_0066.jpg 1 59 70 66 66
0098_0027_0021_0025_0025.jpg 1 27 21 25 25
0099_0028_0046_0089_0089.jpg 1 28 46 89 89
0100_0039_0018_0104_0104.jpg 1 39 18 104 104
0101_0008_0029_0101_0101.jpg 1 8 29 101 101
0102_0046_0086_0044_0044.jpg 1 46 86 44 44
0103_0043_0048_0089_0089.jpg 1 43 48 89 89
0104_0061_0051_0070_0070.jpg 1 61 51 70 70
0105_0021_0097_0037_0037.jpg 1 21 97 37 37
0106_0045_0042_0075_0075.jpg 1 45 42 75 75
0107_0027_0026_0064_0064.jpg 1 27 26 64 64
0108_0010_0083_0057_0057.jpg 1 10 83 57 57
0109_0043_0029_0064_0064.jpg 1 43 29 64 64
0110_0062_0084_0038_0038.jpg 1 62 84 38 38
0111_0040_0045_0067_0067.jpg 1 40 45 67 67
0112_0011_0050_0088_0088.jpg 1 11 50 88 88
0113_0045_0047_0074_0074.jpg 1 45 47 74 74
0114_0032_0023_0033_0033.jpg 1 32 23 33 33
0115_0022_0060_0036_0036.jpg 1 22 60 36 36
0116_0072_0034_0067_0067.jpg 1 72 34 67 67
0117_0093_0017_0024_0024.jpg 1 93 17 24 24
0118_0037_0011_0069_0069.jpg 1 37 11 69 69
0119_0042_0017_0064_0064.jpg 1 42 17 64 64
0120_0038_0028_0050_0050.jpg 1 38 28 50 50
0121_0032_0032_0084_0084.jpg 1 32 32 84 84
0122_0048_0059_0057_0057.jpg 1 48 59 57 57
0123_0017_0024_0097_0097.jpg 1 17 24 97 97
0124_0083_0061_0039_0039.jpg 1 83 61 39 39
0125_0030_0030_0085_0085.jpg 1 30 30 85 85
0126_0035_0017_0044_0044.jpg 1 35 17 44 44
0127_0018_0032_0065_0065.jpg 1 18 32 65 65
0128_0038_0017_0070_0070.jpg 1 38 17 70 70
0129_0037_0011_0104_0104.jpg 1 37 11 104 104
0130_0063_0045_0077_0077.jpg 1 63 45 77 77
0131_0035_0044_0042_0042.jpg 1 35 44 42 42
0132_0018_0056_0071_0071.jpg 1 18 56 71 71
0133_0060_0013_0077_0077.jpg 1 60 13 77 77
0134_0054_0053_0070_0070.jpg 1 54 53 70 70
0135_0018_0057_0077_0077.jpg 1 18 57 77 77
0136_0051_0028_0073_0073.jpg 1 51 28 73 73
0137_0045_0012_0064_0064.jpg 1 45 12 64 64
0138_0078_0037_0055_0055.jpg 1 78 37 55 55
0139_0013_0073_0029_0029.jpg 1 13 73 29 29
0140_0062_0019_0061_0061.jpg 1 62 19 61 61
0141_0017_0006_0103_0103.jpg 1 17 6 103 103
0142_0098_0015_0037_0037.jpg 1 98 15 37 37
0143_0019_0025_0060_0060.jpg 1 19 25 60 60
0144_0045_0084_0034_0034.jpg 1 45 84 34 34
0145_0008_0048_0092_0092.jpg 1 8 48 92 92
0146_0021_0047_0090_0090.jpg 1 21 47 90 90
0147_0059_0029_0068_0068.jpg 1 59 29 68 68
0148_0043_0066_0074_0074.jpg 1 43 66 74 74
0149_0017_0045_0063_0063.jpg 1 17 45 63 63
0150_0102_0067_0036_0036.jpg 1 102 67 36 36
0151_0050_0042_0094_0094.jpg 1 50 42 94 94
0152_0086_0024_0047_0047.jpg 1 86 24 47 47
0153_0011_0067_0065_0065.jpg 1 11 67 65 65
0154_0045_0010_0058_0058.jpg 1 45 10 58 58
0155_0024_0037_0087_0087.jpg 1 24 37 87 87
0156_0070_0022_0067_0067.jpg 1 70 22 67 67
0157_0018_0013_0024_0024.jpg 1 18 13 24 24
0158_0016_0035_0072_0072.jpg 1 16 35 72 72
0159_0044_0035_0094_0094.jpg 1 44 35 94 94
0160_0035_0035_0098_0098.jpg 1 35 35 98 98
0161_0008_0030_0068_0068.jpg 1 8 30 68 68
0162_0085_0015_0042_0042.jpg 1 85 15 42 42
0163_0023_0072_0036_0036.jpg 1 23 72 36 36
0164_0016_0026_0094_0094.jpg 1 16 26 94 94
0165_0021_0037_0085_0085.jpg 1 21 37 85 85
0166_0046_0079_0030_0030.jpg 1 46 79 30 30
0167_0067_0077_0044_0044.jpg 1 67 77 44 44
0168_0040_0042_0097_0097.jpg 1 40 42 97 97
0169_0038_0039_0037_0037.jpg 1 38 39 37 37
0170_0051_0053_0065_0065.jpg 1 51 53 65 65
0171_0040_0046_0071_0071.jpg 1 40 46 71 71
0172_0025_0021_0062_0062.jpg 1 25 21 62 62
0173_0008_0040_0074_0074.jpg 1 8 40 74 74
0174_0012_0013_0097_0097.jpg 1 12 13 97 97
0175_0094_0028_0034_0034.jpg 1 94 28 34 34
0176_0034_0063_0032_0032.jpg 1 34 63 32 32
0177_0023_0040_0030_0030.jpg 1 23 40 30 30
0178_0033_0025_0097_0097.jpg 1 33 25 97 97
0179_0066_0019_0068_0068.jpg 1 66 19 68 68
0180_0060_0069_0072_0072.jpg 1 60 69 72 72
0181_0084_0042_0044_0044.jpg 1 84 42 44 44
0182_0021_0035_0104_0104.jpg 1 21 35 104 104
0183_0072_0080_0055_0055.jpg 1 72 80 55 55
0184_0013_0021_0098_0098.jpg 1 13 21 98 98
0185_0025_0011_0104_0104.jpg 1 25 11 104 104
0186_0024_0051_0028_0028.jpg 1 24 51 28 28
0187_0083_0100_0025_0025.jpg 1 83 100 25 25
0188_0023_0085_0040_0040.jpg 1 23 85 40 40
0189_0076_0073_0039_0039.jpg 1 76 73 39 39
0190_0051_0013_0088_0088.jpg 1 51 13 88 88
0191_0086_0032_0045_0045.jpg 1 86 32 45 45
0192_0037_0050_0058_0058.jpg 1 37 50 58 58
0193_0057_0053_0036_0036.jpg 1 57 53 36 36
0194_0068_0067_0040_0040.jpg 1 68 67 40 40
0195_0063_0034_0077_0077.jpg 1 63 34 77 77
0196_0016_0065_0039_0039.jpg 1 16 65 39 39
0197_0059_0031_0057_0057.jpg 1 59 31 57 57
0198_0060_0099_0029_0029.jpg 1 60 99 29 29
0199_0025_0020_0096_0096.jpg 1 25 20 96 96
0200_0095_0022_0030_0030.jpg 1 95 22 30 30
0201_0053_0015_0079_0079.jpg 1 53 15 79 79
0202_0065_0017_0077_0077.jpg 1 65 17 77 77
0203_0029_0024_0094_0094.jpg 1 29 24 94 94
0204_0022_0013_0054_0054.jpg 1 22 13 54 54
0205_0065_0042_0070_0070.jpg 1 65 42 70 70
0206_0018_0045_0053_0053.jpg 1 18 45 53 53
0207_0040_0007_0097_0097.jpg 1 40 7 97 97
0208_0026_0052_0081_0081.jpg 1 26 52 81 81
0209_0065_0012_0071_0071.jpg 1 65 12 71 71
0210_0015_0050_0030_0030.jpg 1 15 50 30 30
0211_0064_0083_0053_0053.jpg 1 64 83 53 53
0212_0065_0027_0060_0060.jpg 1 65 27 60 60
0213_0030_0028_0101_0101.jpg 1 30 28 101 101
0214_0058_0102_0033_0033.jpg 1 58 102 33 33
0215_0052_0052_0032_0032.jpg 1 52 52 32 32
0216_0036_0046_0088_0088.jpg 1 36 46 88 88
0217_0063_0072_0069_0069.jpg 1 63 72 69 69
0218_0021_0034_0033_0033.jpg 1 21 34 33 33
0219_0014_0036_0096_0096.jpg 1 14 36 96 96
0220_0013_0077_0033_0033.jpg 1 13 77 33 33
0221_0053_0015_0029_0029.jpg 1 53 15 29 29
0222_0007_0021_0101_0101.jpg 1 7 21 101 101
0223_0062_0062_0066_0066.jpg 1 62 62 66 66
0224_0029_0039_0059_0059.jpg 1 29 39 59 59
0225_0097_0036_0034_0034.jpg 1 97 36 34 34
0226_0040_0050_0092_0092.jpg 1 40 50 92 92
0227_0070_0017_0059_0059.jpg 1 70 17 59 59
0228_0036_0050_0071_0071.jpg 1 36 50 71 71
0229_0051_0045_0024_0024.jpg 1 51 45 24 24
0230_0065_0024_0073_0073.jpg 1 65 24 73 73
0231_0096_0074_0038_0038.jpg 1 96 74 38 38
0232_0072_0059_0033_0033.jpg 1 72 59 33 33
0233_0046_0040_0076_0076.jpg 1 46 40 76 76
0234_0012_0039_0092_0092.jpg 1 12 39 92 92
0235_0023_0051_0056_0056.jpg 1 23 51 56 56
0236_0036_0053_0089_0089.jpg 1 36 53 89 89
0237_0011_0028_0093_0093.jpg 1 11 28 93 93
0238_0027_0020_0090_0090.jpg 1 27 20 90 90
0239_0069_0011_0071_0071.jpg 1 69 11 71 71
0240_0033_0039_0081_0081.jpg 1 33 39 81 81
0241_0037_0058_0040_0040.jpg 1 37 58 40 40
0242_0064_0093_0038_0038.jpg 1 64 93 38 38
0243_0086_0014_0047_0047.jpg 1 86 14 47 47
0244_0084_0057_0024_0024.jpg 1 84 57 24 24
0245_0021_0064_0071_0071.jpg 1 21 64 71 71
0246_0037_0026_0090_0090.jpg 1 37 26 90 90
0247_0015_0011_0087_0087.jpg 1 15 11 87 87
0248_0048_0030_0056_0056.jpg 1 48 30 56 56
0249_0101_0020_0032_0032.jpg 1 101 20 32 32
0250_0047_0059_0071_0071.jpg 1 47 59 71 71
0251_0053_0056_0082_0082.jpg 1 53 56 82 82
0252_0048_0010_0091_0091.jpg 1 48 10 91 91
0253_0044_0048_0057_0057.jpg 1 44 48 57 57
0254_0023_0007_0077_0077.jpg 1 23 7 77 77
0255_0043_0047_0033_0033.jpg 1 43 47 33 33
0256_0057_0023_0060_0060.jpg 1 57 23 60 60
0257_0075_0045_0027_0027.jpg 1 75 45 27 27
0258_0029_0019_0042_0042.jpg 1 29 19 42 42
0259_0036_0050_0084_0084.jpg 1 36 50 84 84
0260_0023_0069_0050_0050.jpg 1 23 69 50 50
0261_0038_0062_0058_0058.jpg 1 38 62 58 58
0262_0046_0017_0072_0072.jpg 1 46 17 72 72
0263_0011_0033_0078_0078.jpg 1 11 33 78 78
0264_0046_0037_0026_0026.jpg 1 46 37 26 26
0265_0046_0051_0024_0024.jpg 1 46 51 24 24
0266_0073_0051_0041_0041.jpg 1 73 51 41 41
0267_0034_0029_0080_0080.jpg 1 34 29 80 80
0268_0048_0036_0075_0075.jpg 1 48 36 75 75
0269_0061_0008_0081_0081.jpg 1 61 8 81 81
0270_0054_0043_0060_0060.jpg 1 54 43 60 60
0271_0029_0023_0077_0077.jpg 1 29 23 77 77
0272_0073_0068_0042_0042.jpg 1 73 68 42 42
0273_0046_0048_0062_0062.jpg 1 46 48 62 62
0274_0011_0035_0072_0072.jpg 1 11 35 72 72
0275_0016_0054_0033_0033.jpg 1 16 54 33 33
0276_0027_0024_0091_0091.jpg 1 27 24 91 91
0277_0035_0067_0048_0048.jpg 1 35 67 48 48
0278_0028_0015_0077_0077.jpg 1 28 15 77 77
0279_0055_0033_0077_0077.jpg 1 55 33 77 77
0280_0058_0022_0070_0070.jpg 1 58 22 70 70
0281_0088_0070_0049_0049.jpg 1 88 70 49 49
0282_0105_0092_0025_0025.jpg 1 105 92 25 25
0283_0033_0046_0092_0092.jpg 1 33 46 92 92
0284_0077_0072_0053_0053.jpg 1 77 72 53 53
0285_0020_0023_0098_0098.jpg 1 20 23 98 98
0286_0058_0023_0075_0075.jpg 1 58 23 75 75
0287_0050_0045_0068_0068.jpg 1 50 45 68 68
0288_0080_0046_0036_0036.jpg 1 80 46 36 36
0289_0035_0021_0085_0085.jpg 1 35 21 85 85
0290_0050_0021_0077_0077.jpg 1 50 21 77 77
0291_0007_0017_0082_0082.jpg 1 7 17 82 82
0292_0045_0053_0047_0047.jpg 1 45 53 47 47
0293_0034_0012_0077_0077.jpg 1 34 12 77 77
0294_0046_0066_0042_0042.jpg 1 46 66 42 42
0295_0072_0038_0064_0064.jpg 1 72 38 64 64
0296_0099_0063_0025_0025.jpg 1 99 63 25 25
0297_0028_0055_0085_0085.jpg 1 28 55 85 85
0298_0075_0085_0036_0036.jpg 1 75 85 36 36
0299_0012_0016_0069_0069.jpg 1 12 16 69 69
0300_0021_0041_0088_0088.jpg 1 21 41 88 88
0301_0020_0042_0090_0090.jpg 1 20 42 90 90
0302_0048_0046_0040_0040.jpg 1 48 46 40 40
0303_0016_0015_0096_0096.jpg 1 16 15 96 96
0304_0046_0019_0038_0038.jpg 1 46 19 38 38
0305_0036_0058_0026_0026.jpg 1 36 58 26 26
0306_0063_0055_0028_0028.jpg 1 63 55 28 28
0307_0064_0038_0032_0032.jpg 1 64 38 32 32
0308_0016_0019_0103_0103.jpg 1 16 19 103 103
0309_0015_0008_0101_0101.jpg 1 15 8 101 101
0310_0042_0069_0031_0031.jpg 1 42 69 31 31
0311_0011_0070_0040_0040.jpg 1 11 70 40 40
0312_0023_0032_0091_0091.jpg 1 23 32 91 91
0313_0029_0008_0102_0102.jpg 1 29 8 102 102
0314_0022_0030_0083_0083.jpg 1 22 30 83 83
0315_0025_0076_0038_0038.jpg 1 25 76 38 38
0316_0057_0011_0084_0084.jpg 1 57 11 84 84
0317_0057_0091_0030_0030.jpg 1 57 91 30 30
0318_0037_0041_0055_0055.jpg 1 37 41 55 55
0319_0037_0060_0082_0082.jpg 1 37 60 82 82
0320_0033_0037_0024_0024.jpg 1 33 37 24 24
0321_0064_0057_0062_0062.jpg 1 64 57 62 62
0322_0020_0056_0078_0078.jpg 1 20 56 78 78
0323_0059_0052_0054_0054.jpg 1 59 52 54 54
0324_0022_0024_0086_0086.jpg 1 22 24 86 86
0325_0037_0077_0055_0055.jpg 1 37 77 55 55
0326_0074_0019_0024_0024.jpg 1 74 19 24 24
0327_0088_0030_0050_0050.jpg 1 88 30 50 50
0328_0030_0025_0037_0037.jpg 1 30 25 37 37
0329_0034_0043_0067_0067.jpg 1 34 43 67 67
0330_0057_0015_0050_0050.jpg 1 57 15 50 50
0331_0013_0068_0068_0068.jpg 1 13 68 68 68
0332_0011_0075_0058_0058.jpg 1 11 75 58 58
0333_0073_0029_0046_0046.jpg 1 73 29 46 46
0334_0098_0070_0028_0028.jpg 1 98 70 28 28
0335_0089_0059_0043_0043.jpg 1 89 59 43 43
0336_0029_0089_0034_0034.jpg 1 29 89 34 34
0337_0027_0032_0102_0102.jpg 1 27 32 102 102
0338_0091_0069_0030_0030.jpg 1 91 69 30 30
0339_0012_0040_0063_0063.jpg 1 12 40 63 63
0340_0032_0042_0089_0089.jpg 1 32 42 89 89
0341_0036_0058_0048_0048.jpg 1 36 58 48 48
0342_0047_0039_0091_0091.jpg 1 47 39 91 91
0343_0043_0065_0041_0041.jpg 1 43 65 41 41
0344_0043_0058_0077_0077.jpg 1 43 58 77 77
0345_0051_0079_0054_0054.jpg 1 51 79 54 54
0346_0028_0012_0045_0045.jpg 1 28 12 45 45
0347_0020_0033_0069_0069.jpg 1 20 33 69 69
0348_0039_0019_0047_0047.jpg 1 39 19 47 47
0349_0030_0043_0099_0099.jpg 1 30 43 99 99
0350_0024_0028_0093_0093.jpg 1 24 28 93 93
0351_0014_0068_0067_0067.jpg 1 14 68 67 67
0352_0076_0073_0053_0053.jpg 1 76 73 53 53
0353_0017_0045_0092_0092.jpg 1 17 45 92 92
0354_0044_0073_0024_0024.jpg 1 44 73 24 24
0355_0052_0010_0058_0058.jpg 1 52 10 58 58
0356_0029_0015_0041_0041.jpg 1 29 15 41 41
0357_0034_0051_0079_0079.jpg 1 34 51 79 79
0358_0012_0093_0042_0042.jpg 1 12 93 42 42
0359_0058_0035_0064_0064.jpg 1 58 35 64 64
0360_0096_0107_0027_0027.jpg 1 96 107 27 27
0361_0015_0065_0060_0060.jpg 1 15 65 60 60
0362_0076_0059_0045_0045.jpg 1 76 59 45 45
0363_0036_0033_0083_0083.jpg 1 36 33 83 83
0364_0083_0086_0031_0031.jpg 1 83 86 31 31
0365_0041_0027_0085_0085.jpg 1 41 27 85 85
0366_0038_0008_0088_0088.jpg 1 38 8 88 88
0367_0055_0063_0059_0059.jpg 1 55 63 59 59
0368_0085_0078_0034_0034.jpg 1 85 78 34 34
0369_0016_0042_0092_0092.jpg 1 16 42 92 92
0370_0027_0031_0026_0026.jpg 1 27 31 26 26
0371_0056_0021_0067_0067.jpg 1 56 21 67 67
0372_0040_0016_0070_0070.jpg 1 40 16 70 70
0373_0057_0056_0032_0032.jpg 1 57 56 32 32
0374_0011_0066_0072_0072.jpg 1 11 66 72 72
0375_0030_0070_0071_0071.jpg 1 30 70 71 71
0376_0048_0021_0041_0041.jpg 1 48 21 41 41
0377_0056_0090_0032_0032.jpg 1 56 90 32 32
0378_0068_0080_0029_0029.jpg 1 68 80 29 29
0379_0010_0017_0104_0104.jpg 1 10 17 104 104
0380_0085_0022_0035_0035.jpg 1 85 22 35 35
0381_0031_0048_0083_0083.jpg 1 31 48 83 83
0382_0036_0039_0083_0083.jpg 1 36 39 83 83
0383_0017_0050_0074_0074.jpg 1 17 50 74 74
0384_0030_0057_0069_0069.jpg 1 30 57 69 69
0385_0006_0042_0094_0094.jpg 1 6 42 94 94
0386_0057_0054_0042_0042.jpg 1 57 54 42 42
0387_0014_0096_0033_0033.jpg 1 14 96 33 33
0388_0081_0090_0037_0037.jpg 1 81 90 37 37
0389_0012_0024_0052_0052.jpg 1 12 24 52 52
0390_0012_0009_0087_0087.jpg 1 12 9 87 87
0391_0043_0026_0033_0033.jpg 1 43 26 33 33
0392_0081_0019_0026_0026.jpg 1 81 19 26 26
0393_0101_0066_0033_0033.jpg 1 101 66 33 33
0394_0011_0048_0088_0088.jpg 1 11 48 88 88
0395_0085_0030_0028_0028.jpg 1 85 30 28 28
0396_0038_0064_0061_0061.jpg 1 38 64 61 61
0397_0045_0049_0089_0089.jpg 1 45 49 89 89
0398_0051_0056_0060_0060.jpg 1 51 56 60 60
0399_0076_0108_0026_0026.jpg 1 76 108 26 26
0400_0085_0043_0029_0029.jpg 1 85 43 29 29
0401_0063_0072_0052_0052.jpg 1 63 72 52 52
0402_0098_0031_0034_0034.jpg 1 98 31 34 34
0403_0007_0007_0097_0097.jpg 1 7 7 97 97
0404_0069_0009_0065_0065.jpg 1 69 9 65 65
0405_0037_0078_0029_0029.jpg 1 37 78 29 29
0406_0016_0049_0077_0077.jpg 1 16 49 77 77
0407_0028_0069_0046_0046.jpg 1 28 69 46 46
0408_0074_0055_0033_0033.jpg 1 74 55 33 33
0409_0072_0082_0040_0040.jpg 1 72 82 40 40
0410_0037_0014_0041_0041.jpg 1 37 14 41 41
0411_0066_0067_0073_0073.jpg 1 66 67 73 73
0412_0018_0038_0068_0068.jpg 1 18 38 68 68
0413_0012_0005_0093_0093.jpg 1 12 5 93 93
0414_0077_0077_0034_0034.jpg 1 77 77 34 34
0415_0015_0049_0075_0075.jpg 1 15 49 75 75
0416_0021_0063_0074_0074.jpg 1 21 63 74 74
0417_0036_0033_0084_0084.jpg 1 36 33 84 84
0418_0057_0050_0061_0061.jpg 1 57 50 61 61
0419_0018_0019_0102_0102.jpg 1 18 19 102 102
0420_0080_0053_0035_0035.jpg 1 80 53 35 35
0421_0018_0039_0092_0092.jpg 1 18 39 92 92
0422_0044_0020_0052_0052.jpg 1 44 20 52 52
0423_0019_0006_0094_0094.jpg 1 19 6 94 94
0424_0036_0087_0041_0041.jpg 1 36 87 41 41
0425_0017_0042_0048_0048.jpg 1 17 42 48 48
0426_0060_0086_0052_0052.jpg 1 60 86 52 52
0427_0089_0055_0044_0044.jpg 1 89 55 44 44
0428_0029_0040_0100_0100.jpg 1 29 40 100 100
0429_0043_0033_0074_0074.jpg 1 43 33 74 74
0430_0095_0098_0039_0039.jpg 1 95 98 39 39
0431_0076_0091_0037_0037.jpg 1 76 91 37 37
0432_0020_0091_0036_0036.jpg 1 20 91 36 36
0433_0089_0066_0028_0028.jpg 1 89 66 28 28
0434_0033_0035_0091_0091.jpg 1 33 35 91 91
0435_0048_0051_0048_0048.jpg 1 48 51 48 48
0436_0041_0061_0047_0047.jpg 1 41 61 47 47
0437_0024_0052_0064_0064.jpg 1 24 52 64 64
0438_0020_0013_0052_0052.jpg 1 20 13 52 52
0439_0016_0032_0056_0056.jpg 1 16 32 56 56
0440_0022_0009_0076_0076.jpg 1 22 9 76 76
0441_0041_0016_0032_0032.jpg 1 41 16 32 32
0442_0023_0024_0103_0103.jpg 1 23 24 103 103
0443_0076_0057_0028_0028.jpg 1 76 57 28 28
0444_0034_0064_0036_0036.jpg 1 34 64 36 36
0445_0023_0055_0080_0080.jpg 1 23 55 80 80
0446_0106_0058_0024_0024.jpg 1 106 58 24 24
0447_0048_0092_0039_0039.jpg 1 48 92 39 39
0448_0050_0012_0078_0078.jpg 1 50 12 78 78
0449_0012_0044_0043_0043.jpg 1 12 44 43 43
0450_0026_0088_0029_0029.jpg 1 26 88 29 29
0451_0076_0071_0045_0045.jpg 1 76 71 45 45
0452_0066_0021_0027_0027.jpg 1 66 21 27 27
0453_0030_0011_0095_0095.jpg 1 30 11 95 95
0454_0016_0041_0046_0046.jpg 1 16 41 46 46
0455_0013_0022_0086_0086.jpg 1 13 22 86 86
0456_0024_0039_0073_0073.jpg 1 24 39 73 73
0457_0037_0026_0087_0087.jpg 1 37 26 87 87
0458_0068_0097_0031_0031.jpg 1 68 97 31 31
0459_0047_0039_0059_0059.jpg 1 47 39 59 59
0460_0046_0021_0090_0090.jpg 1 46 21 90 90
0461_0041_0010_0093_0093.jpg 1 41 10 93 93
0462_0028_0006_0099_0099.jpg 1 28 6 99 99
0463_0073_0062_0037_0037.jpg 1 73 62 37 37
0464_0029_0018_0093_0093.jpg 1 29 18 93 93
0465_0040_0062_0045_0045.jpg 1 40 62 45 45
0466_0082_0055_0049_0049.jpg 1 82 55 49 49
0467_0056_0036_0066_0066.jpg 1 56 36 66 66
0468_0078_0019_0052_0052.jpg 1 78 19 52 52
0469_0049_0028_0031_0031.jpg 1 49 28 31 31
0470_0061_0025_0029_0029.jpg 1 61 25 29 29
0471_0064_0055_0050_0050.jpg 1 64 55 50 50
0472_0090_0019_0024_0024.jpg 1 90 19 24 24
0473_0046_0032_0096_0096.jpg 1 46 32 96 96
0474_0050_0088_0052_0052.jpg 1 50 88 52 52
0475_0037_0024_0077_0077.jpg 1 37 24 77 77
0476_0053_0029_0065_0065.jpg 1 53 29 65 65
0477_0010_0026_0090_0090.jpg 1 10 26 90 90
0478_0037_0055_0083_0083.jpg 1 37 55 83 83
0479_0024_0079_0028_0028.jpg 1 24 79 28 28
0480_0012_0041_0095_0095.jpg 1 12 41 95 95
0481_0095_0093_0034_0034.jpg 1 95 93 34 34
0482_0024_0032_0086_0086.jpg 1 24 32 86 86
0483_0035_0016_0098_0098.jpg 1 35 16 98 98
0484_0012_0018_0074_0074.jpg 1 12 18 74 74
0485_0028_0020_0027_0027.jpg 1 28 20 27 27
0486_0059_0029_0040_0040.jpg 1 59 29 40 40
0487_0013_0043_0100_0100.jpg 1 13 43 100 100
0488_0074_0074_0056_0056.jpg 1 74 74 56 56
0489_0048_0060_0035_0035.jpg 1 48 60 35 35
0490_0022_0013_0085_0085.jpg 1 22 13 85 85
0491_0014_0039_0092_0092.jpg 1 14 39 92 92
0492_0008_0038_0085_0085.jpg 1 8 38 85 85
0493_0015_0016_0066_0066.jpg 1 15 16 66 66
0494_0018_0018_0101_0101.jpg 1 18 18 101 101
0495_0051_0047_0058_0058.jpg 1 51 47 58 58
0496_0023_0029_0026_0026.jpg 1 23 29 26 26
0497_0052_0033_0090_0090.jpg 1 52 33 90 90
0498_0010_0027_0088_0088.jpg 1 10 27 88 88
0499_0084_0045_0036_0036.jpg 1 84 45 36 36
0500_0042_0035_0076_0076.jpg 1 42 35 76 76
0501_0030_0028_0103_0103.jpg 1 30 28 103 103
0502_0026_0085_0036_0036.jpg 1 26 85 36 36
0503_0078_0037_0042_0042.jpg 1 78 37 42 42
0504_0048_0013_0089_0089.jpg 1 48 13 89 89
0505_0046_0015_0098_0098.jpg 1 46 15 98 98
0506_0077_0030_0058_0058.jpg 1 77 30 58 58
0507_0014_0037_0090_0090.jpg 1 14 37 90 90
0508_0037_0065_0026_0026.jpg 1 37 65 26 26
0509_0035_0057_0036_0036.jpg 1 35 57 36 36
0510_0034_0034_0100_0100.jpg 1 34 34 100 100
0511_0024_0031_0088_0088.jpg 1 24 31 88 88
0512_0017_0080_0032_0032.jpg 1 17 80 32 32
0513_0051_0009_0086_0086.jpg 1 51 9 86 86
0514_0019_0015_0051_0051.jpg 1 19 15 51 51
0515_0046_0097_0037_0037.jpg 1 46 97 37 37
0516_0011_0032_0064_0064.jpg 1 11 32 64 64
0517_0010_0043_0095_0095.jpg 1 10 43 95 95
0518_0015_0039_0061_0061.jpg 1 15 39 61 61
0519_0012_0014_0042_0042.jpg 1 12 14 42 42
0520_0036_0079_0056_0056.jpg 1 36 79 56 56
0521_0006_0039_0091_0091.jpg 1 6 39 91 91
0522_0054_0051_0083_0083.jpg 1 54 51 83 83
0523_0041_0029_0067_0067.jpg 1 41 29 67 67
0524_0031_0047_0071_0071.jpg 1 31 47 71 71
0525_0012_0036_0063_0063.jpg 1 12 36 63 63
0526_0071_0014_0070_0070.jpg 1 71 14 70 70
0527_0083_0075_0046_0046.jpg 1 83 75 46 46
0528_0014_0084_0030_0030.jpg 1 14 84 30 30
0529_0108_0104_0024_0024.jpg 1 108 104 24 24
0530_0059_0079_0031_0031.jpg 1 59 79 31 31
0531_0006_0020_0091_0091.jpg 1 6 20 91 91
0532_0027_0076_0054_0054.jpg 1 27 76 54 54
0533_0016_0046_0062_0062.jpg 1 16 46 62 62
0534_0038_0047_0058_0058.jpg 1 38 47 58 58
0535_0048_0058_0080_0080.jpg 1 48 58 80 80
0536_0017_0018_0091_0091.jpg 1 17 18 91 91
0537_0048_0054_0080_0080.jpg 1 48 54 80 80
0538_0079_0015_0047_0047.jpg 1 79 15 47 47
0539_0068_0028_0028_0028.jpg 1 68 28 28 28
0540_0043_0044_0091_0091.jpg 1 43 44 91 91
0541_0032_0029_0101_0101.jpg 1 32 29 101 101
0542_0081_0077_0058_0058.jpg 1 81 77 58 58
0543_0098_0024_0026_0026.jpg 1 98 24 26 26
0544_0051_0040_0060_0060.jpg 1 51 40 60 60
0545_0048_0044_0075_0075.jpg 1 48 44 75 75
0546_0040_0059_0068_0068.jpg 1 40 59 68 68
0547_0020_0030_0089_0089.jpg 1 20 30 89 89
0548_0060_0097_0037_0037.jpg 1 60 97 37 37
0549_0038_0034_0080_0080.jpg 1 38 34 80 80
0550_0060_0014_0055_0055.jpg 1 60 14 55 55
0551_0029_0067_0027_0027.jpg 1 29 67 27 27
0552_0047_0015_0070_0070.jpg 1 47 15 70 70
0553_0090_0086_0048_0048.jpg 1 90 86 48 48
0554_0043_0006_0087_0087.jpg 1 43 6 87 87
0555_0062_0047_0076_0076.jpg 1 62 47 76 76
0556_0026_0018_0029_0029.jpg 1 26 18 29 29
0557_0051_0068_0049_0049.jpg 1 51 68 49 49
0558_0014_0005_0104_0104.jpg 1 14 5 104 104
0559_0016_0031_0056_0056.jpg 1 16 31 56 56
0560_0047_0040_0088_0088.jpg 1 47 40 88 88
0561_0050_0087_0042_0042.jpg 1 50 87 42 42
0562_0078_0013_0060_0060.jpg 1 78 13 60 60
0563_0009_0053_0087_0087.jpg 1 9 53 87 87
0564_0042_0006_0087_0087.jpg 1 42 6 87 87
0565_0073_0060_0056_0056.jpg 1 73 60 56 56
0566_0041_0006_0097_0097.jpg 1 41 6 97 97
0567_0042_0036_0098_0098.jpg 1 42 36 98 98
0568_0018_0044_0071_0071.jpg 1 18 44 71 71
0569_0069_0073_0061_0061.jpg 1 69 73 61 61
0570_0037_0043_0078_0078.jpg 1 37 43 78 78
0571_0069_0033_0062_0062.jpg 1 69 33 62 62
0572_0045_0019_0067_0067.jpg 1 45 19 67 67
0573_0025_0019_0063_0063.jpg 1 25 19 63 63
0574_0084_0060_0052_0052.jpg 1 84 60 52 52
0575_0048_0043_0080_0080.jpg 1 48 43 80 80
0576_0076_0021_0029_0029.jpg 1 76 21 29 29
0577_0031_0053_0064_0064.jpg 1 31 53 64 64
0578_0033_0053_0063_0063.jpg 1 33 53 63 63
0579_0052_0054_0063_0063.jpg 1 52 54 63 63
0580_0035_0053_0078_0078.jpg 1 35 53 78 78
0581_0061_0007_0079_0079.jpg 1 61 7 79 79
0582_0036_0060_0041_0041.jpg 1 36 60 41 41
0583_0018_0019_0035_0035.jpg 1 18 19 35 35
0584_0014_0027_0082_0082.jpg 1 14 27 82 82
0585_0072_0053_0040_0040.jpg 1 72 53 40 40
0586_0090_0091_0025_0025.jpg 1 90 91 25 25
0587_0072_0023_0065_0065.jpg 1 72 23 65 65
0588_0052_0030_0067_0067.jpg 1 52 30 67 67
0589_0007_0026_0096_0096.jpg 1 7 26 96 96
0590_0050_0105_0024_0024.jpg 1 50 105 24 24
0591_0056_0042_0048_0048.jpg 1 56 42 48 48
0592_0087_0032_0035_0035.jpg 1 87 32 35 35
0593_0035_0038_0093_0093.jpg 1 35 38 93 93
0594_0043_0005_0099_0099.jpg 1 43 5 99 99
0595_0035_0027_0048_0048.jpg 1 35 27 48 48
0596_0104_0102_0033_0033.jpg 1 104 102 33 33
0597_0091_0054_0029_0029.jpg 1 91 54 29 29
0598_0034_0020_0100_0100.jpg 1 34 20 100 100
0599_0040_0058_0038_0038.jpg 1 40 58 38 38
0600_0021_0030_0095_0095.jpg 1 21 30 95 95
0601_0057_0050_0067_0067.jpg 1 57 50 67 67
0602_0098_0078_0033_0033.jpg 1 98 78 33 33
0603_0011_0033_0085_0085.jpg 1 11 33 85 85
0604_0068_0041_0068_0068.jpg 1 68 41 68 68
0605_0047_0051_0070_0070.jpg 1 47 51 70 70
0606_0015_0028_0099_0099.jpg 1 15 28 99 99
0607_0111_0076_0025_0025.jpg 1 111 76 25 25
0608_0014_0038_0075_0075.jpg 1 14 38 75 75
0609_0039_0079_0061_0061.jpg 1 39 79 61 61
0610_0043_0038_0093_0093.jpg 1 43 38 93 93
0611_0023_0012_0101_0101.jpg 1 23 12 101 101
0612_0028_0063_0061_0061.jpg 1 28 63 61 61
0613_0042_0030_0090_0090.jpg 1 42 30 90 90
0614_0021_0060_0054_0054.jpg 1 21 60 54 54
0615_0057_0032_0075_0075.jpg 1 57 32 75 75
0616_0060_0061_0064_0064.jpg 1 60 61 64 64
0617_0004_0008_0102_0102.jpg 1 4 8 102 102
0618_0046_0011_0039_0039.jpg 1 46 11 39 39
0619_0023_0015_0065_0065.jpg 1 23 15 65 65
0620_0033_0094_0042_0042.jpg 1 33 94 42 42
0621_0059_0061_0059_0059.jpg 1 59 61 59 59
0622_0062_0052_0073_0073.jpg 1 62 52 73 73
0623_0034_0047_0074_0074.jpg 1 34 47 74 74
0624_0060_0058_0043_0043.jpg 1 60 58 43 43
0625_0033_0011_0060_0060.jpg 1 33 11 60 60
0626_0008_0021_0078_0078.jpg 1 8 21 78 78
0627_0042_0037_0070_0070.jpg 1 42 37 70 70
0628_0093_0039_0039_0039.jpg 1 93 39 39 39
0629_0062_0046_0057_0057.jpg 1 62 46 57 57
0630_0014_0022_0040_0040.jpg 1 14 22 40 40
0631_0053_0065_0036_0036.jpg 1 53 65 36 36
0632_0024_0034_0037_0037.jpg 1 24 34 37 37
0633_0085_0036_0055_0055.jpg 1 85 36 55 55
0634_0031_0026_0101_0101.jpg 1 31 26 101 101
0635_0077_0024_0028_0028.jpg 1 77 24 28 28
0636_0048_0044_0091_0091.jpg 1 48 44 91 91
0637_0081_0102_0031_0031.jpg 1 81 102 31 31
0638_0005_0016_0098_0098.jpg 1 5 16 98 98
0639_0043_0018_0081_0081.jpg 1 43 18 81 81
0640_0042_0057_0081_0081.jpg 1 42 57 81 81
0641_0081_0053_0058_0058.jpg 1 81 53 58 58
0642_0042_0011_0098_0098.jpg 1 42 11 98 98
0643_0045_0027_0090_0090.jpg 1 45 27 90 90
0644_0011_0039_0040_0040.jpg 1 11 39 40 40
0645_0026_0030_0101_0101.jpg 1 26 30 101 101
0646_0014_0015_0051_0051.jpg 1 14 15 51 51
0647_0049_0024_0091_0091.jpg 1 49 24 91 91
0648_0028_0019_0093_0093.jpg 1 28 19 93 93
0649_0060_0067_0072_0072.jpg 1 60 67 72 72
0650_0021_0053_0043_0043.jpg 1 21 53 43 43
0651_0092_0073_0045_0045.jpg 1 92 73 45 45
0652_0032_0004_0103_0103.jpg 1 32 4 103 103
0653_0050_0044_0068_0068.jpg 1 50 44 68 68
0654_0027_0053_0057_0057.jpg 1 27 53 57 57
0655_0024_0050_0055_0055.jpg 1 24 50 55 55
0656_0063_0054_0061_0061.jpg 1 63 54 61 61
0657_0111_0040_0024_0024.jpg 1 111 40 24 24
0658_0017_0062_0054_0054.jpg 1 17 62 54 54
0659_0059_0020_0036_0036.jpg 1 59 20 36 36
0660_0043_0044_0069_0069.jpg 1 43 44 69 69
0661_0070_0042_0043_0043.jpg 1 70 42 43 43
0662_0021_0040_0090_0090.jpg 1 21 40 90 90
0663_0074_0064_0044_0044.jpg 1 74 64 44 44
0664_0051_0017_0091_0091.jpg 1 51 17 91 91
0665_0026_0050_0058_0058.jpg 1 26 50 58 58
0666_0060_0060_0061_0061.jpg 1 60 60 61 61
0667_0041_0036_0060_0060.jpg 1 41 36 60 60
0668_0022_0056_0047_0047.jpg 1 22 56 47 47
0669_0086_0074_0025_0025.jpg 1 86 74 25 25
0670_0022_0007_0093_0093.jpg 1 22 7 93 93
0671_0023_0017_0084_0084.jpg 1 23 17 84 84
0672_0017_0069_0038_0038.jpg 1 17 69 38 38
0673_0052_0056_0028_0028.jpg 1 52 56 28 28
0674_0058_0058_0047_0047.jpg 1 58 58 47 47
0675_0017_0012_0094_0094.jpg 1 17 12 94 94
0676_0023_0023_0062_0062.jpg 1 23 23 62 62
0677_0005_0012_0100_0100.jpg 1 5 12 100 100
0678_0055_0013_0047_0047.jpg 1 55 13 47 47
0679_0058_0026_0062_0062.jpg 1 58 26 62 62
0680_0074_0063_0039_0039.jpg 1 74 63 39 39
0681_0036_0040_0092_0092.jpg 1 36 40 92 92
0682_0046_0009_0095_0095.jpg 1 46 9 95 95
0683_0107_0079_0025_0025.jpg 1 107 79 25 25
0684_0023_0060_0075_0075.jpg 1 23 60 75 75
0685_0051_0032_0078_0078.jpg 1 51 32 78 78
0686_0015_0024_0090_0090.jpg 1 15 24 90 90
0687_0059_0035_0060_0060.jpg 1 59 35 60 60
0688_0072_0045_0062_0062.jpg 1 72 45 62 62
0689_0012_0030_0060_0060.jpg 1 12 30 60 60
0690_0012_0044_0092_0092.jpg 1 12 44 92 92
0691_0039_0016_0070_0070.jpg 1 39 16 70 70
0692_0017_0025_0100_0100.jpg 1 17 25 100 100
0693_0072_0028_0053_0053.jpg 1 72 28 53 53
0694_0037_0052_0028_0028.jpg 1 37 52 28 28
0695_0010_0030_0085_0085.jpg 1 10 30 85 85
0696_0088_0058_0033_0033.jpg 1 88 58 33 33
0697_0043_0056_0055_0055.jpg 1 43 56 55 55
0698_0074_0023_0065_0065.jpg 1 74 23 65 65
0699_0024_0044_0072_0072.jpg 1 24 44 72 72
0700_0042_0036_0084_0084.jpg 1 42 36 84 84
0701_0074_0022_0058_0058.jpg 1 74 22 58 58
0702_0050_0066_0070_0070.jpg 1 50 66 70 70
0703_0097_0013_0030_0030.jpg 1 97 13 30 30
0704_0035_0013_0054_0054.jpg 1 35 13 54 54
0705_0046_0031_0069_0069.jpg 1 46 31 69 69
0706_0012_0061_0055_0055.jpg 1 12 61 55 55
0707_0036_0017_0070_0070.jpg 1 36 17 70 70
0708_0016_0061_0069_0069.jpg 1 16 61 69 69
0709_0063_0083_0052_0052.jpg 1 63 83 52 52
0710_0079_0017_0060_0060.jpg 1 79 17 60 60
0711_0040_0030_0076_0076.jpg 1 40 30 76 76
0712_0038_0023_0086_0086.jpg 1 38 23 86 86
0713_0040_0024_0093_0093.jpg 1 40 24 93 93
0714_0026_0040_0056_0056.jpg 1 26 40 56 56
0715_0041_0019_0095_0095.jpg 1 41 19 95 95
0716_0090_0079_0049_0049.jpg 1 90 79 49 49
0717_0011_0071_0060_0060.jpg 1 11 71 60 60
0718_0067_0013_0030_0030.jpg 1 67 13 30 30
0719_0050_0044_0076_0076.jpg 1 50 44 76 76
0720_0037_0030_0083_0083.jpg 1 37 30 83 83
0721_0065_0069_0056_0056.jpg 1 65 69 56 56
0722_0073_0054_0061_0061.jpg 1 73 54 61 61
0723_0054_0041_0073_0073.jpg 1 54 41 73 73
0724_0027_0012_0067_0067.jpg 1 27 12 67 67
0725_0062_0018_0065_0065.jpg 1 62 18 65 65
0726_0008_0028_0088_0088.jpg 1 8 28 88 88
0727_0079_0057_0055_0055.jpg 1 79 57 55 55
0728_0026_0041_0035_0035.jpg 1 26 41 35 35
0729_0064_0056_0041_0041.jpg 1 64 56 41 41
0730_0035_0033_0090_0090.jpg 1 35 33 90 90
0731_0024_0031_0042_0042.jpg 1 24 31 42 42
0732_0072_0046_0063_0063.jpg 1 72 46 63 63
0733_0048_0036_0061_0061.jpg 1 48 36 61 61
0734_0028_0038_0074_0074.jpg 1 28 38 74 74
0735_0009_0011_0079_0079.jpg 1 9 11 79 79
0736_0033_0042_0075_0075.jpg 1 33 42 75 75
0737_0072_0051_0055_0055.jpg 1 72 51 55 55
0738_0067_0065_0031_0031.jpg 1 67 65 31 31
0739_0081_0027_0056_0056.jpg 1 81 27 56 56
0740_0059_0023_0072_0072.jpg 1 59 23 72 72
0741_0033_0008_0093_0093.jpg 1 33 8 93 93
0742_0043_0031_0097_0097.jpg 1 43 31 97 97
0743_0093_0098_0035_0035.jpg 1 93 98 35 35
0744_0032_0058_0077_0077.jpg 1 32 58 77 77
0745_0023_0101_0032_0032.jpg 1 23 101 32 32
0746_0089_0063_0050_0050.jpg 1 89 63 50 50
0747_0045_0022_0086_0086.jpg 1 45 22 86 86
0748_0055_0049_0063_0063.jpg 1 55 49 63 63
0749_0016_0022_0065_0065.jpg 1 16 22 65 65
0750_0023_0041_0052_0052.jpg 1 23 41 52 52
0751_0096_0023_0024_0024.jpg 1 96 23 24 24
0752_0036_0064_0078_0078.jpg 1 36 64 78 78
0753_0041_0082_0054_0054.jpg 1 41 82 54 54
0754_0076_0044_0039_0039.jpg 1 76 44 39 39
0755_0024_0018_0052_0052.jpg 1 24 18 52 52
0756_0041_0038_0087_0087.jpg 1 41 38 87 87
0757_0030_0006_0085_0085.jpg 1 30 6 85 85
0758_0011_0048_0067_0067.jpg 1 11 48 67 67
0759_0045_0052_0053_0053.jpg 1 45 52 53 53
0760_0053_0046_0085_0085.jpg 1 53 46 85 85
0761_0042_0066_0075_0075.jpg 1 42 66 75 75
0762_0067_0055_0047_0047.jpg 1 67 55 47 47
0763_0032_0029_0094_0094.jpg 1 32 29 94 94
0764_0079_0024_0059_0059.jpg 1 79 24 59 59
0765_0090_0097_0040_0040.jpg 1 90 97 40 40
0766_0079_0064_0044_0044.jpg 1 79 64 44 44
0767_0054_0073_0033_0033.jpg 1 54 73 33 33
0768_0015_0021_0092_0092.jpg 1 15 21 92 92
0769_0067_0026_0058_0058.jpg 1 67 26 58 58
0770_0028_0013_0098_0098.jpg 1 28 13 98 98
0771_0070_0067_0036_0036.jpg 1 70 67 36 36
0772_0019_0041_0078_0078.jpg 1 19 41 78 78
0773_0066_0032_0063_0063.jpg 1 66 32 63 63
0774_0082_0068_0025_0025.jpg 1 82 68 25 25
0775_0036_0099_0039_0039.jpg 1 36 99 39 39
0776_0018_0009_0084_0084.jpg 1 18 9 84 84
0777_0031_0058_0050_0050.jpg 1 31 58 50 50
0778_0045_0047_0085_0085.jpg 1 45 47 85 85
0779_0074_0020_0063_0063.jpg 1 74 20 63 63
0780_0104_0084_0034_0034.jpg 1 104 84 34 34
0781_0037_0052_0060_0060.jpg 1 37 52 60 60
0782_0017_0010_0099_0099.jpg 1 17 10 99 99
0783_0040_0035_0099_0099.jpg 1 40 35 99 99
0784_0104_0030_0029_0029.jpg 1 104 30 29 29
0785_0067_0035_0074_0074.jpg 1 67 35 74 74
0786_0058_0064_0070_0070.jpg 1 58 64 70 70
0787_0015_0033_0082_0082.jpg 1 15 33 82 82
0788_0012_0083_0053_0053.jpg 1 12 83 53 53
0789_0054_0037_0086_0086.jpg 1 54 37 86 86
0790_0037_0018_0103_0103.jpg 1 37 18 103 103
0791_0046_0060_0037_0037.jpg 1 46 60 37 37
0792_0053_0019_0066_0066.jpg 1 53 19 66 66
0793_0040_0048_0041_0041.jpg 1 40 48 41 41
0794_0105_0020_0030_0030.jpg 1 105 20 30 30
0795_0030_0089_0025_0025.jpg 1 30 89 25 25
0796_0057_0075_0059_0059.jpg 1 57 75 59 59
0797_0018_0077_0059_0059.jpg 1 18 77 59 59
0798_0053_0010_0077_0077.jpg 1 53 10 77 77
0799_0012_0052_0073_0073.jpg 1 12 52 73 73
0800_0060_0086_0038_0038.jpg 1 60 86 38 38
0801_0008_0006_0087_0087.jpg 1 8 6 87 87
0802_0046_0053_0042_0042.jpg 1 46 53 42 42
0803_0044_0021_0099_0099.jpg 1 44 21 99 99
0804_0055_0014_0084_0084.jpg 1 55 14 84 84
0805_0059_0031_0079_0079.jpg 1 59 31 79 79
0806_0061_0013_0060_0060.jpg 1 61 13 60 60
0807_0061_0040_0052_0052.jpg 1 61 40 52 52
0808_0012_0096_0028_0028.jpg 1 12 96 28 28
0809_0066_0083_0034_0034.jpg 1 66 83 34 34
0810_0020_0073_0041_0041.jpg 1 20 73 41 41
0811_0027_0061_0061_0061.jpg 1 27 61 61 61
0812_0035_0097_0039_0039.jpg 1 35 97 39 39
0813_0011_0033_0074_0074.jpg 1 11 33 74 74
0814_0056_0053_0073_0073.jpg 1 56 53 73 73
0815_0039_0025_0103_0103.jpg 1 39 25 103 103
0816_0026_0015_0102_0102.jpg 1 26 15 102 102
0817_0093_0074_0045_0045.jpg 1 93 74 45 45
0818_0055_0031_0084_0084.jpg 1 55 31 84 84
0819_0027_0045_0068_0068.jpg 1 27 45 68 68
0820_0017_0030_0084_0084.jpg 1 17 30 84 84
0821_0032_0067_0061_0061.jpg 1 32 67 61 61
0822_0087_0085_0051_0051.jpg 1 87 85 51 51
0823_0078_0043_0054_0054.jpg 1 78 43 54 54
0824_0015_0071_0039_0039.jpg 1 15 71 39 39
0825_0056_0018_0035_0035.jpg 1 56 18 35 35
0826_0097_0082_0039_0039.jpg 1 97 82 39 39
0827_0065_0066_0049_0049.jpg 1 65 66 49 49
0828_0018_0034_0058_0058.jpg 1 18 34 58 58
0829_0030_0053_0045_0045.jpg 1 30 53 45 45
0830_0014_0011_0103_0103.jpg 1 14 11 103 103
0831_0035_0064_0030_0030.jpg 1 35 64 30 30
0832_0033_0021_0095_0095.jpg 1 33 21 95 95
0833_0094_0018_0037_0037.jpg 1 94 18 37 37
0834_0011_0034_0100_0100.jpg 1 11 34 100 100
0835_0068_0016_0069_0069.jpg 1 68 16 69 69
0836_0042_0051_0035_0035.jpg 1 42 51 35 35
0837_0021_0104_0032_0032.jpg 1 21 104 32 32
0838_0064_0073_0041_0041.jpg 1 64 73 41 41
0839_0061_0067_0069_0069.jpg 1 61 67 69 69
0840_0070_0042_0034_0034.jpg 1 70 42 34 34
0841_0062_0053_0062_0062.jpg 1 62 53 62 62
0842_0026_0008_0073_0073.jpg 1 26 8 73 73
0843_0021_0080_0052_0052.jpg 1 21 80 52 52
0844_0036_0097_0038_0038.jpg 1 36 97 38 38
0845_0064_0072_0066_0066.jpg 1 64 72 66 66
0846_0009_0042_0100_0100.jpg 1 9 42 100 100
0847_0013_0036_0104_0104.jpg 1 13 36 104 104
0848_0043_0081_0043_0043.jpg 1 43 81 43 43
0849_0026_0023_0092_0092.jpg 1 26 23 92 92
0850_0036_0050_0070_0070.jpg 1 36 50 70 70
0851_0041_0083_0048_0048.jpg 1 41 83 48 48
0852_0046_0008_0092_0092.jpg 1 46 8 92 92
0853_0032_0037_0093_0093.jpg 1 32 37 93 93
0854_0014_0006_0095_0095.jpg 1 14 6 95 95
0855_0017_0053_0045_0045.jpg 1 17 53 45 45
0856_0018_0072_0067_0067.jpg 1 18 72 67 67
0857_0028_0041_0104_0104.jpg 1 28 41 104 104
0858_0078_0070_0033_0033.jpg 1 78 70 33 33
0859_0045_0010_0052_0052.jpg 1 45 10 52 52
0860_0101_0052_0031_0031.jpg 1 101 52 31 31
0861_0059_0011_0058_0058.jpg 1 59 11 58 58
0862_0012_0050_0065_0065.jpg 1 12 50 65 65
0863_0059_0028_0038_0038.jpg 1 59 28 38 38
0864_0030_0013_0044_0044.jpg 1 30 13 44 44
0865_0071_0044_0059_0059.jpg 1 71 44 59 59
0866_0043_0034_0071_0071.jpg 1 43 34 71 71
0867_0047_0017_0074_0074.jpg 1 47 17 74 74
0868_0028_0016_0047_0047.jpg 1 28 16 47 47
0869_0030_0018_0046_0046.jpg 1 30 18 46 46
0870_0009_0019_0087_0087.jpg 1 9 19 87 87
0871_0062_0032_0075_0075.jpg 1 62 32 75 75
0872_0015_0076_0033_0033.jpg 1 15 76 33 33
0873_0041_0009_0084_0084.jpg 1 41 9 84 84
0874_0022_0020_0086_0086.jpg 1 22 20 86 86
0875_0034_0033_0092_0092.jpg 1 34 33 92 92
0876_0028_0030_0077_0077.jpg 1 28 30 77 77
0877_0015_0012_0087_0087.jpg 1 15 12 87 87
0878_0093_0027_0032_0032.jpg 1 93 27 32 32
0879_0011_0053_0038_0038.jpg 1 11 53 38 38
0880_0015_0081_0025_0025.jpg 1 15 81 25 25
0881_0020_0008_0082_0082.jpg 1 20 8 82 82
0882_0033_0037_0089_0089.jpg 1 33 37 89 89
0883_0060_0073_0039_0039.jpg 1 60 73 39 39
0884_0011_0062_0079_0079.jpg 1 11 62 79 79
0885_0060_0074_0063_0063.jpg 1 60 74 63 63
0886_0013_0056_0048_0048.jpg 1 13 56 48 48
0887_0091_0064_0039_0039.jpg 1 91 64 39 39
0888_0021_0016_0086_0086.jpg 1 21 16 86 86
0889_0047_0072_0067_0067.jpg 1 47 72 67 67
0890_0036_0022_0059_0059.jpg 1 36 22 59 59
0891_0044_0072_0068_0068.jpg 1 44 72 68 68
0892_0071_0055_0053_0053.jpg 1 71 55 53 53
0893_0070_0040_0059_0059.jpg 1 70 40 59 59
0894_0065_0049_0066_0066.jpg 1 65 49 66 66
0895_0055_0098_0039_0039.jpg 1 55 98 39 39
0896_0018_0022_0081_0081.jpg 1 18 22 81 81
0897_0074_0043_0028_0028.jpg 1 74 43 28 28
0898_0030_0086_0034_0034.jpg 1 30 86 34 34
0899_0037_0022_0075_0075.jpg 1 37 22 75 75
0900_0055_0035_0072_0072.jpg 1 55 35 72 72
0901_0024_0020_0104_0104.jpg 1 24 20 104 104
0902_0040_0030_0056_0056.jpg 1 40 30 56 56
0903_0048_0038_0095_0095.jpg 1 48 38 95 95
0904_0067_0061_0052_0052.jpg 1 67 61 52 52
0905_0061_0042_0080_0080.jpg 1 61 42 80 80
0906_0049_0046_0044_0044.jpg 1 49 46 44 44
0907_0038_0044_0090_0090.jpg 1 38 44 90 90
0908_0034_0079_0051_0051.jpg 1 34 79 51 51
0909_0094_0062_0028_0028.jpg 1 94 62 28 28
0910_0013_0022_0060_0060.jpg 1 13 22 60 60
0911_0012_0066_0071_0071.jpg 1 12 66 71 71
0912_0026_0052_0063_0063.jpg 1 26 52 63 63
0913_0047_0069_0061_0061.jpg 1 47 69 61 61
0914_0015_0009_0091_0091.jpg 1 15 9 91 91
0915_0085_0047_0044_0044.jpg 1 85 47 44 44
0916_0049_0049_0093_0093.jpg 1 49 49 93 93
0917_0050_0060_0064_0064.jpg 1 50 60 64 64
0918_0025_0031_0101_0101.jpg 1 25 31 101 101
0919_0058_0060_0036_0036.jpg 1 58 60 36 36
0920_0089_0086_0028_0028.jpg 1 89 86 28 28
0921_0051_0039_0070_0070.jpg 1 51 39 70 70
0922_0040_0043_0073_0073.jpg 1 40 43 73 73
0923_0013_0007_0102_0102.jpg 1 13 7 102 102
0924_0009_0016_0103_0103.jpg 1 9 16 103 103
0925_0039_0018_0081_0081.jpg 1 39 18 81 81
0926_0091_0073_0032_0032.jpg 1 91 73 32 32
0927_0068_0021_0030_0030.jpg 1 68 21 30 30
0928_0015_0040_0102_0102.jpg 1 15 40 102 102
0929_0024_0012_0085_0085.jpg 1 24 12 85 85
0930_0010_0037_0085_0085.jpg 1 10 37 85 85
0931_0062_0056_0062_0062.jpg 1 62 56 62 62
0932_0014_0051_0086_0086.jpg 1 14 51 86 86
0933_0030_0026_0098_0098.jpg 1 30 26 98 98
0934_0017_0024_0055_0055.jpg 1 17 24 55 55
0935_0022_0054_0072_0072.jpg 1 22 54 72 72
0936_0015_0019_0042_0042.jpg 1 15 19 42 42
0937_0021_0046_0082_0082.jpg 1 21 46 82 82
0938_0016_0009_0062_0062.jpg 1 16 9 62 62
0939_0065_0065_0056_0056.jpg 1 65 65 56 56
0940_0011_0072_0062_0062.jpg 1 11 72 62 62
0941_0026_0037_0085_0085.jpg 1 26 37 85 85
0942_0084_0099_0024_0024.jpg 1 84 99 24 24
0943_0037_0042_0102_0102.jpg 1 37 42 102 102
0944_0015_0034_0075_0075.jpg 1 15 34 75 75
0945_0044_0029_0052_0052.jpg 1 44 29 52 52
0946_0043_0094_0029_0029.jpg 1 43 94 29 29
0947_0051_0075_0052_0052.jpg 1 51 75 52 52
0948_0060_0037_0057_0057.jpg 1 60 37 57 57
0949_0011_0034_0066_0066.jpg 1 11 34 66 66
0950_0024_0014_0086_0086.jpg 1 24 14 86 86
0951_0010_0007_0083_0083.jpg 1 10 7 83 83
0952_0037_0019_0071_0071.jpg 1 37 19 71 71
0953_0071_0014_0047_0047.jpg 1 71 14 47 47
0954_0016_0027_0051_0051.jpg 1 16 27 51 51
0955_0058_0025_0061_0061.jpg 1 58 25 61 61
0956_0018_0016_0093_0093.jpg 1 18 16 93 93
0957_0037_0045_0087_0087.jpg 1 37 45 87 87
0958_0059_0046_0060_0060.jpg 1 59 46 60 60
0959_0087_0012_0044_0044.jpg 1 87 12 44 44
0960_0035_0044_0077_0077.jpg 1 35 44 77 77
0961_0010_0038_0093_0093.jpg 1 10 38 93 93
0962_0044_0013_0081_0081.jpg 1 44 13 81 81
0963_0073_0063_0058_0058.jpg 1 73 63 58 58
0964_0010_0027_0081_0081.jpg 1 10 27 81 81
0965_0055_0011_0050_0050.jpg 1 55 11 50 50
0966_0037_0070_0069_0069.jpg 1 37 70 69 69
0967_0037_0016_0101_0101.jpg 1 37 16 101 101
0968_0061_0010_0065_0065.jpg 1 61 10 65 65
0969_0061_0067_0068_0068.jpg 1 61 67 68 68
0970_0028_0010_0093_0093.jpg 1 28 10 93 93
0971_0048_0046_0084_0084.jpg 1 48 46 84 84
0972_0099_0100_0036_0036.jpg 1 99 100 36 36
0973_0031_0061_0053_0053.jpg 1 31 61 53 53
0974_0050_0016_0084_0084.jpg 1 50 16 84 84
0975_0006_0057_0084_0084.jpg 1 6 57 84 84
0976_0056_0014_0051_0051.jpg 1 56 14 51 51
0977_0012_0020_0071_0071.jpg 1 12 20 71 71
0978_0060_0047_0077_0077.jpg 1 60 47 77 77
0979_0021_0042_0102_0102.jpg 1 21 42 102 102
0980_0042_0026_0090_0090.jpg 1 42 26 90 90
0981_0051_0050_0086_0086.jpg 1 51 50 86 86
0982_0051_0017_0087_0087.jpg 1 51 17 87 87
0983_0076_0043_0054_0054.jpg 1 76 43 54 54
0984_0053_0051_0087_0087.jpg 1 53 51 87 87
0985_0011_0007_0080_0080.jpg 1 11 7 80 80
0986_0054_0026_0036_0036.jpg 1 54 26 36 36
0987_0045_0095_0025_0025.jpg 1 45 95 25 25
0988_0035_0014_0072_0072.jpg 1 35 14 72 72
0989_0041_0079_0047_0047.jpg 1 41 79 47 47
0990_0060_0049_0037_0037.jpg 1 60 49 37 37
0991_0041_0048_0048_0048.jpg 1 41 48 48 48
0992_0037_0043_0049_0049.jpg 1 37 43 49 49
0993_0050_0024_0089_0089.jpg 1 50 24 89 89
0994_0044_0047_0081_0081.jpg 1 44 47 81 81
0995_0033_0006_0102_0102.jpg 1 33 6 102 102
0996_0064_0027_0045_0045.jpg 1 64 27 45 45
0997_0065_0027_0076_0076.jpg 1 65 27 76 76
0998_0055_0062_0067_0067.jpg 1 55 62 67 67
0999_0096_0013_0027_0027.jpg 1 96 13 27 27
1000_0029_0025_0102_0102.jpg 1 29 25 102 102
