0001_0039_0041_0076_0076.jpg 1 39 41 76 76
0002_0009_0040_0077_0077.jpg 1 9 40 77 77
0003_0082_0028_0051_0051.jpg 1 82 28 51 51
0004_0088_0105_0032_0032.jpg 1 88 105 32 32
0005_0081_0088_0037_0037.jpg 1 81 88 37 37
0006_0047_0039_0063_0063.jpg 1 47 39 63 63
0007_0053_0074_0039_0039.jpg 1 53 74 39 39
0008_0087_0093_0025_0025.jpg 1 87 93 25 25
0009_0030_0042_0064_0064.jpg 1 30 42 64 64
0010_0024_0019_0099_0099.jpg 1 24 19 99 99
0011_0031_0073_0034_0034.jpg 1 31 73 34 34
0012_0017_0041_0089_0089.jpg 1 17 41 89 89
0013_0090_0086_0044_0044.jpg 1 90 86 44 44
0014_0055_0059_0080_0080.jpg 1 55 59 80 80
0015_0071_0073_0062_0062.jpg 1 71 73 62 62
0016_0049_0029_0095_0095.jpg 1 49 29 95 95
0017_0027_0042_0093_0093.jpg 1 27 42 93 93
0018_0009_0041_0067_0067.jpg 1 9 41 67 67
0019_0024_0012_0085_0085.jpg 1 24 12 85 85
0020_0014_0014_0036_0036.jpg 1 14 14 36 36
0021_0019_0023_0096_0096.jpg 1 19 23 96 96
0022_0023_0067_0071_0071.jpg 1 23 67 71 71
0023_0018_0038_0047_0047.jpg 1 18 38 47 47
0024_0060_0030_0059_0059.jpg 1 60 30 59 59
0025_0064_0066_0062_0062.jpg 1 64 66 62 62
0026_0025_0033_0091_0091.jpg 1 25 33 91 91
0027_0061_0031_0029_0029.jpg 1 61 31 29 29
0028_0059_0064_0037_0037.jpg 1 59 64 37 37
0029_0042_0029_0043_0043.jpg 1 42 29 43 43
0030_0063_0014_0062_0062.jpg 1 63 14 62 62
0031_0032_0018_0098_0098.jpg 1 32 18 98 98
0032_0027_0046_0053_0053.jpg 1 27 46 53 53
0033_0022_0015_0104_0104.jpg 1 22 15 104 104
0034_0038_0045_0075_0075.jpg 1 38 45 75 75
0035_0095_0058_0041_0041.jpg 1 95 58 41 41
0036_0011_0034_0093_0093.jpg 1 11 34 93 93
0037_0072_0038_0053_0053.jpg 1 72 38 53 53
0038_0020_0030_0051_0051.jpg 1 20 30 51 51
0039_0041_0059_0053_0053.jpg 1 41 59 53 53
0040_0046_0044_0058_0058.jpg 1 46 44 58 58
0041_0048_0042_0046_0046.jpg 1 48 42 46 46
0042_0037_0040_0087_0087.jpg 1 37 40 87 87
0043_0020_0082_0053_0053.jpg 1 20 82 53 53
0044_0021_0064_0068_0068.jpg 1 21 64 68 68
0045_0067_0018_0026_0026.jpg 1 67 18 26 26
0046_0020_0050_0070_0070.jpg 1 20 50 70 70
0047_0019_0040_0083_0083.jpg 1 19 40 83 83
0048_0052_0037_0051_0051.jpg 1 52 37 51 51
0049_0052_0062_0068_0068.jpg 1 52 62 68 68
0050_0094_0024_0027_0027.jpg 1 94 24 27 27
0051_0010_0023_0093_0093.jpg 1 10 23 93 93
0052_0036_0049_0057_0057.jpg 1 36 49 57 57
0053_0050_0078_0026_0026.jpg 1 50 78 26 26
0054_0040_0010_0084_0084.jpg 1 40 10 84 84
0055_0012_0026_0058_0058.jpg 1 12 26 58 58
0056_0058_0045_0080_0080.jpg 1 58 45 80 80
0057_0073_0083_0037_0037.jpg 1 73 83 37 37
0058_0013_0015_0094_0094.jpg 1 13 15 94 94
0059_0026_0036_0089_0089.jpg 1 26 36 89 89
0060_0058_0064_0057_0057.jpg 1 58 64 57 57
0061_0069_0064_0069_0069.jpg 1 69 64 69 69
0062_0040_0051_0090_0090.jpg 1 40 51 90 90
0063_0039_0029_0062_0062.jpg 1 39 29 62 62
0064_0075_0060_0043_0043.jpg 1 75 60 43 43
0065_0018_0024_0048_0048.jpg 1 18 24 48 48
0066_0057_0028_0075_0075.jpg 1 57 28 75 75
0067_0012_0020_0071_0071.jpg 1 12 20 71 71
0068_0007_0043_0089_0089.jpg 1 7 43 89 89
0069_0020_0015_0091_0091.jpg 1 20 15 91 91
0070_0023_0063_0068_0068.jpg 1 23 63 68 68
0071_0026_0059_0045_0045.jpg 1 26 59 45 45
0072_0077_0101_0032_0032.jpg 1 77 101 32 32
0073_0057_0055_0032_0032.jpg 1 57 55 32 32
0074_0037_0039_0101_0101.jpg 1 37 39 101 101
0075_0076_0066_0064_0064.jpg 1 76 66 64 64
0076_0027_0064_0043_0043.jpg 1 27 64 43 43
0077_0021_0023_0069_0069.jpg 1 21 23 69 69
0078_0012_0035_0097_0097.jpg 1 12 35 97 97
0079_0051_0058_0036_0036.jpg 1 51 58 36 36
0080_0035_0032_0089_0089.jpg 1 35 32 89 89
0081_0025_0027_0104_0104.jpg 1 25 27 104 104
0082_0073_0012_0065_0065.jpg 1 73 12 65 65
0083_0043_0052_0079_0079.jpg 1 43 52 79 79
0084_0096_0028_0037_0037.jpg 1 96 28 37 37
0085_0046_0053_0031_0031.jpg 1 46 53 31 31
0086_0031_0047_0078_0078.jpg 1 31 47 78 78
0087_0057_0021_0036_0036.jpg 1 57 21 36 36
0088_0044_0007_0080_0080.jpg 1 44 7 80 80
0089_0021_0077_0061_0061.jpg 1 21 77 61 61
0090_0008_0021_0093_0093.jpg 1 8 21 93 93
0091_0013_0053_0054_0054.jpg 1 13 53 54 54
0092_0027_0052_0076_0076.jpg 1 27 52 76 76
0093_0015_0015_0030_0030.jpg 1 15 15 30 30
0094_0106_0042_0027_0027.jpg 1 106 42 27 27
0095_0036_0058_0064_0064.jpg 1 36 58 64 64
0096_0094_0015_0040_0040.jpg 1 94 15 40 40
0097_0028_0035_0102_0102.jpg 1 28 35 102 102
0098_0054_0029_0039_0039.jpg 1 54 29 39 39
0099_0010_0045_0091_0091.jpg 1 10 45 91 91
0100_0073_0068_0052_0052.jpg 1 73 68 52 52
0101_0065_0038_0030_0030.jpg 1 65 38 30 30
0102_0044_0036_0036_0036.jpg 1 44 36 36 36
0103_0027_0073_0029_0029.jpg 1 27 73 29 29
0104_0050_0075_0059_0059.jpg 1 50 75 59 59
0105_0008_0038_0088_0088.jpg 1 8 38 88 88
0106_0047_0020_0056_0056.jpg 1 47 20 56 56
0107_0079_0052_0040_0040.jpg 1 79 52 40 40
0108_0058_0058_0058_0058.jpg 1 58 58 58 58
0109_0087_0052_0030_0030.jpg 1 87 52 30 30
0110_0012_0062_0061_0061.jpg 1 12 62 61 61
0111_0096_0082_0036_0036.jpg 1 96 82 36 36
0112_0056_0036_0047_0047.jpg 1 56 36 47 47
0113_0008_0029_0097_0097.jpg 1 8 29 97 97
0114_0043_0011_0076_0076.jpg 1 43 11 76 76
0115_0080_0069_0030_0030.jpg 1 80 69 30 30
0116_0034_0023_0103_0103.jpg 1 34 23 103 103
0117_0023_0056_0051_0051.jpg 1 23 56 51 51
0118_0085_0038_0037_0037.jpg 1 85 38 37 37
0119_0022_0034_0058_0058.jpg 1 22 34 58 58
0120_0043_0027_0085_0085.jpg 1 43 27 85 85
0121_0053_0021_0065_0065.jpg 1 53 21 65 65
0122_0077_0076_0053_0053.jpg 1 77 76 53 53
0123_0036_0006_0092_0092.jpg 1 36 6 92 92
0124_0027_0057_0030_0030.jpg 1 27 57 30 30
0125_0080_0025_0060_0060.jpg 1 80 25 60 60
0126_0026_0049_0081_0081.jpg 1 26 49 81 81
0127_0049_0044_0078_0078.jpg 1 49 44 78 78
0128_0019_0063_0070_0070.jpg 1 19 63 70 70
0129_0019_0067_0052_0052.jpg 1 19 67 52 52
0130_0024_0059_0072_0072.jpg 1 24 59 72 72
0131_0029_0036_0091_0091.jpg 1 29 36 91 91
0132_0035_0050_0089_0089.jpg 1 35 50 89 89
0133_0019_0034_0049_0049.jpg 1 19 34 49 49
0134_0034_0058_0085_0085.jpg 1 34 58 85 85
0135_0033_0013_0089_0089.jpg 1 33 13 89 89
0136_0026_0091_0043_0043.jpg 1 26 91 43 43
0137_0026_0041_0101_0101.jpg 1 26 41 101 101
0138_0026_0010_0055_0055.jpg 1 26 10 55 55
0139_0064_0034_0049_0049.jpg 1 64 34 49 49
0140_0058_0012_0075_0075.jpg 1 58 12 75 75
0141_0027_0034_0102_0102.jpg 1 27 34 102 102
0142_0024_0068_0042_0042.jpg 1 24 68 42 42
0143_0044_0024_0095_0095.jpg 1 44 24 95 95
0144_0012_0038_0060_0060.jpg 1 12 38 60 60
0145_0054_0046_0073_0073.jpg 1 54 46 73 73
0146_0013_0036_0073_0073.jpg 1 13 36 73 73
0147_0018_0035_0086_0086.jpg 1 18 35 86 86
0148_0060_0025_0035_0035.jpg 1 60 25 35 35
0149_0061_0008_0071_0071.jpg 1 61 8 71 71
0150_0049_0013_0061_0061.jpg 1 49 13 61 61
0151_0024_0015_0103_0103.jpg 1 24 15 103 103
0152_0040_0025_0042_0042.jpg 1 40 25 42 42
0153_0064_0019_0030_0030.jpg 1 64 19 30 30
0154_0068_0044_0040_0040.jpg 1 68 44 40 40
0155_0064_0046_0041_0041.jpg 1 64 46 41 41
0156_0008_0047_0092_0092.jpg 1 8 47 92 92
0157_0013_0062_0069_0069.jpg 1 13 62 69 69
0158_0009_0027_0099_0099.jpg 1 9 27 99 99
0159_0031_0015_0099_0099.jpg 1 31 15 99 99
0160_0038_0075_0039_0039.jpg 1 38 75 39 39
0161_0025_0009_0060_0060.jpg 1 25 9 60 60
0162_0048_0036_0067_0067.jpg 1 48 36 67 67
0163_0036_0006_0099_0099.jpg 1 36 6 99 99
0164_0056_0026_0060_0060.jpg 1 56 26 60 60
0165_0059_0051_0036_0036.jpg 1 59 51 36 36
0166_0079_0017_0028_0028.jpg 1 79 17 28 28
0167_0022_0018_0084_0084.jpg 1 22 18 84 84
0168_0026_0048_0089_0089.jpg 1 26 48 89 89
0169_0038_0035_0056_0056.jpg 1 38 35 56 56
0170_0037_0023_0057_0057.jpg 1 37 23 57 57
0171_0069_0036_0042_0042.jpg 1 69 36 42 42
0172_0018_0052_0068_0068.jpg 1 18 52 68 68
0173_0108_0110_0027_0027.jpg 1 108 110 27 27
0174_0038_0028_0073_0073.jpg 1 38 28 73 73
0175_0011_0038_0056_0056.jpg 1 11 38 56 56
0176_0061_0031_0062_0062.jpg 1 61 31 62 62
0177_0090_0084_0027_0027.jpg 1 90 84 27 27
0178_0020_0046_0089_0089.jpg 1 20 46 89 89
0179_0027_0031_0046_0046.jpg 1 27 31 46 46
0180_0049_0008_0065_0065.jpg 1 49 8 65 65
0181_0017_0027_0100_0100.jpg 1 17 27 100 100
0182_0013_0039_0102_0102.jpg 1 13 39 102 102
0183_0037_0009_0078_0078.jpg 1 37 9 78 78
0184_0039_0032_0082_0082.jpg 1 39 32 82 82
0185_0039_0006_0081_0081.jpg 1 39 6 81 81
0186_0009_0020_0102_0102.jpg 1 9 20 102 102
0187_0090_0085_0037_0037.jpg 1 90 85 37 37
0188_0051_0025_0040_0040.jpg 1 51 25 40 40
0189_0018_0039_0092_0092.jpg 1 18 39 92 92
0190_0039_0019_0057_0057.jpg 1 39 19 57 57
0191_0060_0104_0024_0024.jpg 1 60 104 24 24
0192_0018_0069_0046_0046.jpg 1 18 69 46 46
0193_0057_0073_0064_0064.jpg 1 57 73 64 64
0194_0014_0029_0085_0085.jpg 1 14 29 85 85
0195_0051_0042_0045_0045.jpg 1 51 42 45 45
0196_0045_0023_0083_0083.jpg 1 45 23 83 83
0197_0025_0013_0025_0025.jpg 1 25 13 25 25
0198_0052_0034_0063_0063.jpg 1 52 34 63 63
0199_0052_0016_0077_0077.jpg 1 52 16 77 77
0200_0066_0025_0054_0054.jpg 1 66 25 54 54
0201_0016_0049_0066_0066.jpg 1 16 49 66 66
0202_0080_0021_0036_0036.jpg 1 80 21 36 36
0203_0044_0012_0082_0082.jpg 1 44 12 82 82
0204_0050_0012_0054_0054.jpg 1 50 12 54 54
0205_0015_0067_0071_0071.jpg 1 15 67 71 71
0206_0077_0036_0043_0043.jpg 1 77 36 43 43
0207_0018_0040_0061_0061.jpg 1 18 40 61 61
0208_0083_0015_0029_0029.jpg 1 83 15 29 29
0209_0079_0072_0030_0030.jpg 1 79 72 30 30
0210_0029_0019_0102_0102.jpg 1 29 19 102 102
0211_0010_0061_0074_0074.jpg 1 10 61 74 74
0212_0072_0039_0048_0048.jpg 1 72 39 48 48
0213_0045_0069_0051_0051.jpg 1 45 69 51 51
0214_0052_0020_0034_0034.jpg 1 52 20 34 34
0215_0023_0050_0094_0094.jpg 1 23 50 94 94
0216_0104_0025_0028_0028.jpg 1 104 25 28 28
0217_0028_0057_0074_0074.jpg 1 28 57 74 74
0218_0029_0021_0099_0099.jpg 1 29 21 99 99
0219_0021_0039_0101_0101.jpg 1 21 39 101 101
0220_0014_0012_0095_0095.jpg 1 14 12 95 95
0221_0006_0008_0096_0096.jpg 1 6 8 96 96
0222_0015_0025_0049_0049.jpg 1 15 25 49 49
0223_0008_0008_0091_0091.jpg 1 8 8 91 91
0224_0013_0050_0089_0089.jpg 1 13 50 89 89
0225_0018_0021_0103_0103.jpg 1 18 21 103 103
0226_0021_0022_0084_0084.jpg 1 21 22 84 84
0227_0047_0036_0075_0075.jpg 1 47 36 75 75
0228_0006_0049_0094_0094.jpg 1 6 49 94 94
0229_0049_0057_0081_0081.jpg 1 49 57 81 81
0230_0034_0028_0093_0093.jpg 1 34 28 93 93
0231_0074_0065_0042_0042.jpg 1 74 65 42 42
0232_0030_0040_0085_0085.jpg 1 30 40 85 85
0233_0027_0074_0055_0055.jpg 1 27 74 55 55
0234_0006_0030_0095_0095.jpg 1 6 30 95 95
0235_0047_0057_0061_0061.jpg 1 47 57 61 61
0236_0014_0051_0068_0068.jpg 1 14 51 68 68
0237_0039_0011_0102_0102.jpg 1 39 11 102 102
0238_0052_0038_0041_0041.jpg 1 52 38 41 41
0239_0058_0024_0058_0058.jpg 1 58 24 58 58
0240_0052_0013_0049_0049.jpg 1 52 13 49 49
0241_0022_0050_0079_0079.jpg 1 22 50 79 79
0242_0069_0050_0026_0026.jpg 1 69 50 26 26
0243_0042_0050_0049_0049.jpg 1 42 50 49 49
0244_0052_0025_0066_0066.jpg 1 52 25 66 66
0245_0039_0012_0104_0104.jpg 1 39 12 104 104
0246_0024_0021_0103_0103.jpg 1 24 21 103 103
0247_0087_0060_0045_0045.jpg 1 87 60 45 45
0248_0009_0014_0053_0053.jpg 1 9 14 53 53
0249_0043_0037_0043_0043.jpg 1 43 37 43 43
0250_0054_0078_0053_0053.jpg 1 54 78 53 53
0251_0064_0039_0067_0067.jpg 1 64 39 67 67
0252_0073_0089_0043_0043.jpg 1 73 89 43 43
0253_0043_0047_0092_0092.jpg 1 43 47 92 92
0254_0050_0017_0082_0082.jpg 1 50 17 82 82
0255_0016_0029_0045_0045.jpg 1 16 29 45 45
0256_0023_0022_0045_0045.jpg 1 23 22 45 45
0257_0032_0011_0070_0070.jpg 1 32 11 70 70
0258_0010_0028_0101_0101.jpg 1 10 28 101 101
0259_0049_0031_0081_0081.jpg 1 49 31 81 81
0260_0042_0033_0101_0101.jpg 1 42 33 101 101
0261_0018_0061_0064_0064.jpg 1 18 61 64 64
0262_0060_0086_0026_0026.jpg 1 60 86 26 26
0263_0018_0067_0047_0047.jpg 1 18 67 47 47
0264_0024_0074_0046_0046.jpg 1 24 74 46 46
0265_0052_0021_0070_0070.jpg 1 52 21 70 70
0266_0059_0009_0054_0054.jpg 1 59 9 54 54
0267_0011_0008_0084_0084.jpg 1 11 8 84 84
0268_0019_0067_0041_0041.jpg 1 19 67 41 41
0269_0029_0006_0091_0091.jpg 1 29 6 91 91
0270_0051_0030_0059_0059.jpg 1 51 30 59 59
0271_0032_0053_0076_0076.jpg 1 32 53 76 76
0272_0082_0025_0043_0043.jpg 1 82 25 43 43
0273_0023_0023_0103_0103.jpg 1 23 23 103 103
0274_0015_0019_0051_0051.jpg 1 15 19 51 51
0275_0039_0054_0070_0070.jpg 1 39 54 70 70
0276_0039_0016_0103_0103.jpg 1 39 16 103 103
0277_0044_0073_0054_0054.jpg 1 44 73 54 54
0278_0038_0009_0057_0057.jpg 1 38 9 57 57
0279_0086_0018_0030_0030.jpg 1 86 18 30 30
0280_0059_0054_0075_0075.jpg 1 59 54 75 75
0281_0109_0111_0024_0024.jpg 1 109 111 24 24
0282_0030_0051_0075_0075.jpg 1 30 51 75 75
0283_0026_0022_0064_0064.jpg 1 26 22 64 64
0284_0025_0016_0073_0073.jpg 1 25 16 73 73
0285_0047_0009_0088_0088.jpg 1 47 9 88 88
0286_0061_0062_0044_0044.jpg 1 61 62 44 44
0287_0091_0071_0026_0026.jpg 1 91 71 26 26
0288_0018_0012_0094_0094.jpg 1 18 12 94 94
0289_0048_0010_0047_0047.jpg 1 48 10 47 47
0290_0051_0008_0087_0087.jpg 1 51 8 87 87
0291_0040_0011_0083_0083.jpg 1 40 11 83 83
0292_0068_0067_0052_0052.jpg 1 68 67 52 52
0293_0043_0022_0076_0076.jpg 1 43 22 76 76
0294_0053_0020_0054_0054.jpg 1 53 20 54 54
0295_0104_0018_0024_0024.jpg 1 104 18 24 24
0296_0034_0032_0052_0052.jpg 1 34 32 52 52
0297_0029_0008_0091_0091.jpg 1 29 8 91 91
0298_0039_0068_0068_0068.jpg 1 39 68 68 68
0299_0089_0091_0041_0041.jpg 1 89 91 41 41
0300_0029_0005_0104_0104.jpg 1 29 5 104 104
0301_0027_0088_0037_0037.jpg 1 27 88 37 37
0302_0085_0040_0043_0043.jpg 1 85 40 43 43
0303_0092_0033_0046_0046.jpg 1 92 33 46 46
0304_0020_0006_0087_0087.jpg 1 20 6 87 87
0305_0036_0016_0044_0044.jpg 1 36 16 44 44
0306_0047_0023_0059_0059.jpg 1 47 23 59 59
0307_0023_0080_0053_0053.jpg 1 23 80 53 53
0308_0057_0035_0042_0042.jpg 1 57 35 42 42
0309_0011_0086_0039_0039.jpg 1 11 86 39 39
0310_0019_0048_0090_0090.jpg 1 19 48 90 90
0311_0062_0065_0075_0075.jpg 1 62 65 75 75
0312_0028_0037_0046_0046.jpg 1 28 37 46 46
0313_0047_0017_0043_0043.jpg 1 47 17 43 43
0314_0077_0041_0029_0029.jpg 1 77 41 29 29
0315_0035_0020_0081_0081.jpg 1 35 20 81 81
0316_0061_0048_0070_0070.jpg 1 61 48 70 70
0317_0011_0009_0094_0094.jpg 1 11 9 94 94
0318_0010_0009_0061_0061.jpg 1 10 9 61 61
0319_0026_0057_0030_0030.jpg 1 26 57 30 30
0320_0065_0036_0074_0074.jpg 1 65 36 74 74
0321_0073_0076_0044_0044.jpg 1 73 76 44 44
0322_0039_0037_0055_0055.jpg 1 39 37 55 55
0323_0018_0014_0085_0085.jpg 1 18 14 85 85
0324_0022_0033_0071_0071.jpg 1 22 33 71 71
0325_0071_0050_0056_0056.jpg 1 71 50 56 56
0326_0051_0028_0047_0047.jpg 1 51 28 47 47
0327_0016_0069_0061_0061.jpg 1 16 69 61 61
0328_0039_0016_0062_0062.jpg 1 39 16 62 62
0329_0009_0049_0068_0068.jpg 1 9 49 68 68
0330_0041_0071_0061_0061.jpg 1 41 71 61 61
0331_0025_0025_0089_0089.jpg 1 25 25 89 89
0332_0038_0057_0070_0070.jpg 1 38 57 70 70
0333_0028_0090_0026_0026.jpg 1 28 90 26 26
0334_0007_0037_0087_0087.jpg 1 7 37 87 87
0335_0067_0069_0065_0065.jpg 1 67 69 65 65
0336_0019_0008_0100_0100.jpg 1 19 8 100 100
0337_0040_0042_0098_0098.jpg 1 40 42 98 98
0338_0013_0019_0078_0078.jpg 1 13 19 78 78
0339_0077_0026_0041_0041.jpg 1 77 26 41 41
0340_0014_0041_0093_0093.jpg 1 14 41 93 93
0341_0022_0056_0085_0085.jpg 1 22 56 85 85
0342_0019_0046_0068_0068.jpg 1 19 46 68 68
0343_0056_0013_0041_0041.jpg 1 56 13 41 41
0344_0070_0070_0028_0028.jpg 1 70 70 28 28
0345_0091_0023_0037_0037.jpg 1 91 23 37 37
0346_0038_0030_0062_0062.jpg 1 38 30 62 62
0347_0034_0013_0056_0056.jpg 1 34 13 56 56
0348_0020_0029_0026_0026.jpg 1 20 29 26 26
0349_0006_0028_0104_0104.jpg 1 6 28 104 104
0350_0046_0030_0063_0063.jpg 1 46 30 63 63
0351_0020_0013_0100_0100.jpg 1 20 13 100 100
0352_0035_0028_0042_0042.jpg 1 35 28 42 42
0353_0052_0065_0063_0063.jpg 1 52 65 63 63
0354_0031_0019_0086_0086.jpg 1 31 19 86 86
0355_0028_0026_0071_0071.jpg 1 28 26 71 71
0356_0036_0015_0064_0064.jpg 1 36 15 64 64
0357_0037_0014_0078_0078.jpg 1 37 14 78 78
0358_0040_0033_0069_0069.jpg 1 40 33 69 69
0359_0044_0053_0074_0074.jpg 1 44 53 74 74
0360_0035_0069_0031_0031.jpg 1 35 69 31 31
0361_0016_0052_0038_0038.jpg 1 16 52 38 38
0362_0032_0015_0103_0103.jpg 1 32 15 103 103
0363_0064_0056_0069_0069.jpg 1 64 56 69 69
0364_0033_0023_0084_0084.jpg 1 33 23 84 84
0365_0056_0092_0042_0042.jpg 1 56 92 42 42
0366_0028_0098_0025_0025.jpg 1 28 98 25 25
0367_0063_0017_0062_0062.jpg 1 63 17 62 62
0368_0036_0030_0093_0093.jpg 1 36 30 93 93
0369_0022_0029_0063_0063.jpg 1 22 29 63 63
0370_0105_0103_0028_0028.jpg 1 105 103 28 28
0371_0023_0010_0089_0089.jpg 1 23 10 89 89
0372_0023_0039_0053_0053.jpg 1 23 39 53 53
0373_0038_0028_0100_0100.jpg 1 38 28 100 100
0374_0013_0015_0094_0094.jpg 1 13 15 94 94
0375_0056_0016_0026_0026.jpg 1 56 16 26 26
0376_0069_0027_0063_0063.jpg 1 69 27 63 63
0377_0065_0079_0034_0034.jpg 1 65 79 34 34
0378_0039_0047_0078_0078.jpg 1 39 47 78 78
0379_0061_0021_0060_0060.jpg 1 61 21 60 60
0380_0006_0012_0103_0103.jpg 1 6 12 103 103
0381_0030_0069_0072_0072.jpg 1 30 69 72 72
0382_0031_0062_0069_0069.jpg 1 31 62 69 69
0383_0090_0052_0048_0048.jpg 1 90 52 48 48
0384_0022_0039_0063_0063.jpg 1 22 39 63 63
0385_0032_0033_0104_0104.jpg 1 32 33 104 104
0386_0046_0101_0034_0034.jpg 1 46 101 34 34
0387_0044_0021_0070_0070.jpg 1 44 21 70 70
0388_0044_0016_0091_0091.jpg 1 44 16 91 91
0389_0036_0033_0053_0053.jpg 1 36 33 53 53
0390_0055_0020_0087_0087.jpg 1 55 20 87 87
0391_0022_0067_0068_0068.jpg 1 22 67 68 68
0392_0023_0028_0095_0095.jpg 1 23 28 95 95
0393_0039_0032_0056_0056.jpg 1 39 32 56 56
0394_0014_0022_0078_0078.jpg 1 14 22 78 78
0395_0055_0086_0053_0053.jpg 1 55 86 53 53
0396_0066_0038_0069_0069.jpg 1 66 38 69 69
0397_0018_0018_0063_0063.jpg 1 18 18 63 63
0398_0039_0038_0091_0091.jpg 1 39 38 91 91
0399_0012_0014_0066_0066.jpg 1 12 14 66 66
0400_0030_0084_0051_0051.jpg 1 30 84 51 51
0401_0027_0034_0072_0072.jpg 1 27 34 72 72
0402_0055_0015_0068_0068.jpg 1 55 15 68 68
0403_0097_0039_0037_0037.jpg 1 97 39 37 37
0404_0042_0017_0089_0089.jpg 1 42 17 89 89
0405_0033_0023_0096_0096.jpg 1 33 23 96 96
0406_0015_0045_0093_0093.jpg 1 15 45 93 93
0407_0024_0036_0094_0094.jpg 1 24 36 94 94
0408_0036_0033_0068_0068.jpg 1 36 33 68 68
0409_0049_0022_0076_0076.jpg 1 49 22 76 76
0410_0055_0091_0025_0025.jpg 1 55 91 25 25
0411_0041_0016_0029_0029.jpg 1 41 16 29 29
0412_0020_0066_0040_0040.jpg 1 20 66 40 40
0413_0033_0023_0034_0034.jpg 1 33 23 34 34
0414_0053_0076_0064_0064.jpg 1 53 76 64 64
0415_0078_0082_0050_0050.jpg 1 78 82 50 50
0416_0082_0024_0031_0031.jpg 1 82 24 31 31
0417_0075_0041_0063_0063.jpg 1 75 41 63 63
0418_0024_0083_0037_0037.jpg 1 24 83 37 37
0419_0037_0056_0027_0027.jpg 1 37 56 27 27
0420_0036_0071_0059_0059.jpg 1 36 71 59 59
0421_0024_0047_0066_0066.jpg 1 24 47 66 66
0422_0058_0042_0075_0075.jpg 1 58 42 75 75
0423_0040_0071_0026_0026.jpg 1 40 71 26 26
0424_0028_0060_0081_0081.jpg 1 28 60 81 81
0425_0021_0044_0070_0070.jpg 1 21 44 70 70
0426_0031_0017_0044_0044.jpg 1 31 17 44 44
0427_0022_0068_0070_0070.jpg 1 22 68 70 70
0428_0026_0040_0066_0066.jpg 1 26 40 66 66
0429_0079_0017_0054_0054.jpg 1 79 17 54 54
0430_0083_0041_0044_0044.jpg 1 83 41 44 44
0431_0032_0065_0062_0062.jpg 1 32 65 62 62
0432_0091_0062_0042_0042.jpg 1 91 62 42 42
0433_0068_0011_0073_0073.jpg 1 68 11 73 73
0434_0016_0059_0040_0040.jpg 1 16 59 40 40
0435_0051_0048_0053_0053.jpg 1 51 48 53 53
0436_0046_0046_0096_0096.jpg 1 46 46 96 96
0437_0026_0016_0030_0030.jpg 1 26 16 30 30
0438_0018_0014_0069_0069.jpg 1 18 14 69 69
0439_0035_0012_0056_0056.jpg 1 35 12 56 56
0440_0025_0075_0056_0056.jpg 1 25 75 56 56
0441_0040_0035_0091_0091.jpg 1 40 35 91 91
0442_0021_0024_0089_0089.jpg 1 21 24 89 89
0443_0017_0044_0056_0056.jpg 1 17 44 56 56
0444_0067_0048_0058_0058.jpg 1 67 48 58 58
0445_0098_0070_0032_0032.jpg 1 98 70 32 32
0446_0026_0012_0068_0068.jpg 1 26 12 68 68
0447_0068_0041_0047_0047.jpg 1 68 41 47 47
0448_0109_0087_0024_0024.jpg 1 109 87 24 24
0449_0046_0040_0066_0066.jpg 1 46 40 66 66
0450_0038_0072_0067_0067.jpg 1 38 72 67 67
0451_0021_0006_0101_0101.jpg 1 21 6 101 101
0452_0029_0086_0047_0047.jpg 1 29 86 47 47
0453_0070_0055_0065_0065.jpg 1 70 55 65 65
0454_0045_0075_0059_0059.jpg 1 45 75 59 59
0455_0042_0052_0050_0050.jpg 1 42 52 50 50
0456_0077_0071_0054_0054.jpg 1 77 71 54 54
0457_0030_0031_0086_0086.jpg 1 30 31 86 86
0458_0030_0068_0065_0065.jpg 1 30 68 65 65
0459_0010_0080_0057_0057.jpg 1 10 80 57 57
0460_0026_0054_0070_0070.jpg 1 26 54 70 70
0461_0027_0014_0094_0094.jpg 1 27 14 94 94
0462_0044_0007_0087_0087.jpg 1 44 7 87 87
0463_0013_0035_0074_0074.jpg 1 13 35 74 74
0464_0069_0025_0045_0045.jpg 1 69 25 45 45
0465_0081_0035_0038_0038.jpg 1 81 35 38 38
0466_0101_0060_0035_0035.jpg 1 101 60 35 35
0467_0041_0023_0034_0034.jpg 1 41 23 34 34
0468_0045_0043_0075_0075.jpg 1 45 43 75 75
0469_0021_0027_0025_0025.jpg 1 21 27 25 25
0470_0049_0031_0038_0038.jpg 1 49 31 38 38
0471_0034_0014_0104_0104.jpg 1 34 14 104 104
0472_0082_0060_0055_0055.jpg 1 82 60 55 55
0473_0017_0065_0055_0055.jpg 1 17 65 55 55
0474_0051_0051_0025_0025.jpg 1 51 51 25 25
0475_0068_0020_0040_0040.jpg 1 68 20 40 40
0476_0031_0039_0077_0077.jpg 1 31 39 77 77
0477_0018_0011_0076_0076.jpg 1 18 11 76 76
0478_0075_0032_0062_0062.jpg 1 75 32 62 62
0479_0012_0057_0040_0040.jpg 1 12 57 40 40
0480_0097_0052_0031_0031.jpg 1 97 52 31 31
0481_0056_0022_0029_0029.jpg 1 56 22 29 29
0482_0033_0054_0085_0085.jpg 1 33 54 85 85
0483_0023_0013_0093_0093.jpg 1 23 13 93 93
0484_0020_0031_0055_0055.jpg 1 20 31 55 55
0485_0034_0051_0071_0071.jpg 1 34 51 71 71
0486_0025_0049_0089_0089.jpg 1 25 49 89 89
0487_0019_0020_0102_0102.jpg 1 19 20 102 102
0488_0007_0028_0101_0101.jpg 1 7 28 101 101
0489_0076_0027_0056_0056.jpg 1 76 27 56 56
0490_0031_0008_0082_0082.jpg 1 31 8 82 82
0491_0034_0047_0056_0056.jpg 1 34 47 56 56
0492_0090_0059_0046_0046.jpg 1 90 59 46 46
0493_0040_0043_0096_0096.jpg 1 40 43 96 96
0494_0055_0010_0057_0057.jpg 1 55 10 57 57
0495_0042_0043_0084_0084.jpg 1 42 43 84 84
0496_0086_0081_0042_0042.jpg 1 86 81 42 42
0497_0023_0026_0075_0075.jpg 1 23 26 75 75
0498_0054_0057_0070_0070.jpg 1 54 57 70 70
0499_0057_0019_0059_0059.jpg 1 57 19 59 59
0500_0014_0027_0081_0081.jpg 1 14 27 81 81
0501_0009_0006_0097_0097.jpg 1 9 6 97 97
0502_0031_0033_0041_0041.jpg 1 31 33 41 41
0503_0048_0025_0093_0093.jpg 1 48 25 93 93
0504_0054_0034_0038_0038.jpg 1 54 34 38 38
0505_0035_0048_0080_0080.jpg 1 35 48 80 80
0506_0019_0064_0071_0071.jpg 1 19 64 71 71
0507_0007_0017_0093_0093.jpg 1 7 17 93 93
0508_0037_0018_0034_0034.jpg 1 37 18 34 34
0509_0036_0034_0069_0069.jpg 1 36 34 69 69
0510_0041_0022_0097_0097.jpg 1 41 22 97 97
0511_0045_0097_0041_0041.jpg 1 45 97 41 41
0512_0064_0053_0031_0031.jpg 1 64 53 31 31
0513_0010_0013_0084_0084.jpg 1 10 13 84 84
0514_0064_0027_0062_0062.jpg 1 64 27 62 62
0515_0051_0060_0079_0079.jpg 1 51 60 79 79
0516_0058_0069_0059_0059.jpg 1 58 69 59 59
0517_0018_0062_0063_0063.jpg 1 18 62 63 63
0518_0008_0012_0084_0084.jpg 1 8 12 84 84
0519_0020_0063_0048_0048.jpg 1 20 63 48 48
0520_0035_0052_0024_0024.jpg 1 35 52 24 24
0521_0025_0020_0077_0077.jpg 1 25 20 77 77
0522_0026_0015_0084_0084.jpg 1 26 15 84 84
0523_0030_0061_0064_0064.jpg 1 30 61 64 64
0524_0043_0039_0093_0093.jpg 1 43 39 93 93
0525_0079_0023_0051_0051.jpg 1 79 23 51 51
0526_0011_0028_0086_0086.jpg 1 11 28 86 86
0527_0053_0061_0060_0060.jpg 1 53 61 60 60
0528_0035_0015_0082_0082.jpg 1 35 15 82 82
0529_0017_0047_0058_0058.jpg 1 17 47 58 58
0530_0006_0025_0101_0101.jpg 1 6 25 101 101
0531_0020_0065_0046_0046.jpg 1 20 65 46 46
0532_0044_0009_0061_0061.jpg 1 44 9 61 61
0533_0040_0026_0093_0093.jpg 1 40 26 93 93
0534_0042_0086_0038_0038.jpg 1 42 86 38 38
0535_0023_0034_0082_0082.jpg 1 23 34 82 82
0536_0018_0068_0050_0050.jpg 1 18 68 50 50
0537_0047_0025_0072_0072.jpg 1 47 25 72 72
0538_0059_0034_0064_0064.jpg 1 59 34 64 64
0539_0058_0012_0037_0037.jpg 1 58 12 37 37
0540_0015_0025_0039_0039.jpg 1 15 25 39 39
0541_0042_0034_0028_0028.jpg 1 42 34 28 28
0542_0054_0036_0033_0033.jpg 1 54 36 33 33
0543_0021_0021_0075_0075.jpg 1 21 21 75 75
0544_0069_0017_0062_0062.jpg 1 69 17 62 62
0545_0044_0111_0026_0026.jpg 1 44 111 26 26
0546_0012_0034_0093_0093.jpg 1 12 34 93 93
0547_0087_0066_0028_0028.jpg 1 87 66 28 28
0548_0044_0016_0100_0100.jpg 1 44 16 100 100
0549_0047_0009_0056_0056.jpg 1 47 9 56 56
0550_0052_0028_0073_0073.jpg 1 52 28 73 73
0551_0034_0051_0072_0072.jpg 1 34 51 72 72
0552_0023_0073_0030_0030.jpg 1 23 73 30 30
0553_0041_0021_0032_0032.jpg 1 41 21 32 32
0554_0034_0018_0036_0036.jpg 1 34 18 36 36
0555_0034_0037_0104_0104.jpg 1 34 37 104 104
0556_0086_0043_0052_0052.jpg 1 86 43 52 52
0557_0052_0050_0051_0051.jpg 1 52 50 51 51
0558_0068_0015_0029_0029.jpg 1 68 15 29 29
0559_0040_0024_0092_0092.jpg 1 40 24 92 92
0560_0082_0042_0048_0048.jpg 1 82 42 48 48
0561_0019_0058_0051_0051.jpg 1 19 58 51 51
0562_0044_0039_0097_0097.jpg 1 44 39 97 97
0563_0062_0022_0062_0062.jpg 1 62 22 62 62
0564_0088_0018_0045_0045.jpg 1 88 18 45 45
0565_0066_0021_0031_0031.jpg 1 66 21 31 31
0566_0033_0041_0089_0089.jpg 1 33 41 89 89
0567_0050_0024_0075_0075.jpg 1 50 24 75 75
0568_0054_0021_0083_0083.jpg 1 54 21 83 83
0569_0049_0006_0093_0093.jpg 1 49 6 93 93
0570_0036_0014_0094_0094.jpg 1 36 14 94 94
0571_0029_0074_0061_0061.jpg 1 29 74 61 61
0572_0064_0012_0074_0074.jpg 1 64 12 74 74
0573_0032_0042_0080_0080.jpg 1 32 42 80 80
0574_0040_0035_0101_0101.jpg 1 40 35 101 101
0575_0103_0024_0028_0028.jpg 1 103 24 28 28
0576_0038_0022_0083_0083.jpg 1 38 22 83 83
0577_0029_0011_0095_0095.jpg 1 29 11 95 95
0578_0019_0028_0078_0078.jpg 1 19 28 78 78
0579_0033_0033_0039_0039.jpg 1 33 33 39 39
0580_0012_0053_0079_0079.jpg 1 12 53 79 79
0581_0084_0060_0028_0028.jpg 1 84 60 28 28
0582_0011_0024_0098_0098.jpg 1 11 24 98 98
0583_0058_0016_0037_0037.jpg 1 58 16 37 37
0584_0029_0084_0055_0055.jpg 1 29 84 55 55
0585_0051_0032_0073_0073.jpg 1 51 32 73 73
0586_0015_0051_0071_0071.jpg 1 15 51 71 71
0587_0025_0014_0084_0084.jpg 1 25 14 84 84
0588_0019_0065_0070_0070.jpg 1 19 65 70 70
0589_0021_0034_0073_0073.jpg 1 21 34 73 73
0590_0026_0026_0058_0058.jpg 1 26 26 58 58
0591_0051_0066_0034_0034.jpg 1 51 66 34 34
0592_0011_0047_0078_0078.jpg 1 11 47 78 78
0593_0062_0045_0080_0080.jpg 1 62 45 80 80
0594_0084_0046_0033_0033.jpg 1 84 46 33 33
0595_0011_0051_0091_0091.jpg 1 11 51 91 91
0596_0076_0087_0027_0027.jpg 1 76 87 27 27
0597_0011_0051_0072_0072.jpg 1 11 51 72 72
0598_0086_0030_0052_0052.jpg 1 86 30 52 52
0599_0086_0046_0043_0043.jpg 1 86 46 43 43
0600_0016_0065_0053_0053.jpg 1 16 65 53 53
0601_0030_0026_0068_0068.jpg 1 30 26 68 68
0602_0040_0033_0082_0082.jpg 1 40 33 82 82
0603_0021_0025_0100_0100.jpg 1 21 25 100 100
0604_0021_0040_0097_0097.jpg 1 21 40 97 97
0605_0025_0054_0080_0080.jpg 1 25 54 80 80
0606_0044_0014_0099_0099.jpg 1 44 14 99 99
0607_0039_0067_0074_0074.jpg 1 39 67 74 74
0608_0034_0028_0084_0084.jpg 1 34 28 84 84
0609_0071_0050_0055_0055.jpg 1 71 50 55 55
0610_0062_0037_0030_0030.jpg 1 62 37 30 30
0611_0030_0012_0082_0082.jpg 1 30 12 82 82
0612_0040_0062_0064_0064.jpg 1 40 62 64 64
0613_0090_0071_0024_0024.jpg 1 90 71 24 24
0614_0048_0028_0080_0080.jpg 1 48 28 80 80
0615_0043_0061_0064_0064.jpg 1 43 61 64 64
0616_0057_0014_0080_0080.jpg 1 57 14 80 80
0617_0029_0032_0086_0086.jpg 1 29 32 86 86
0618_0038_0043_0096_0096.jpg 1 38 43 96 96
0619_0039_0032_0037_0037.jpg 1 39 32 37 37
0620_0031_0049_0076_0076.jpg 1 31 49 76 76
0621_0063_0070_0070_0070.jpg 1 63 70 70 70
0622_0081_0069_0055_0055.jpg 1 81 69 55 55
0623_0026_0030_0031_0031.jpg 1 26 30 31 31
0624_0046_0009_0093_0093.jpg 1 46 9 93 93
0625_0065_0038_0054_0054.jpg 1 65 38 54 54
0626_0027_0011_0083_0083.jpg 1 27 11 83 83
0627_0050_0034_0093_0093.jpg 1 50 34 93 93
0628_0073_0024_0066_0066.jpg 1 73 24 66 66
0629_0070_0030_0034_0034.jpg 1 70 30 34 34
0630_0038_0055_0077_0077.jpg 1 38 55 77 77
0631_0048_0035_0043_0043.jpg 1 48 35 43 43
0632_0044_0033_0077_0077.jpg 1 44 33 77 77
0633_0040_0031_0046_0046.jpg 1 40 31 46 46
0634_0051_0055_0035_0035.jpg 1 51 55 35 35
0635_0045_0071_0057_0057.jpg 1 45 71 57 57
0636_0050_0058_0084_0084.jpg 1 50 58 84 84
0637_0035_0087_0027_0027.jpg 1 35 87 27 27
0638_0046_0037_0097_0097.jpg 1 46 37 97 97
0639_0014_0045_0025_0025.jpg 1 14 45 25 25
0640_0062_0088_0049_0049.jpg 1 62 88 49 49
0641_0019_0009_0092_0092.jpg 1 19 9 92 92
0642_0014_0031_0089_0089.jpg 1 14 31 89 89
0643_0043_0039_0081_0081.jpg 1 43 39 81 81
0644_0026_0030_0075_0075.jpg 1 26 30 75 75
0645_0040_0021_0093_0093.jpg 1 40 21 93 93
0646_0030_0018_0104_0104.jpg 1 30 18 104 104
0647_0046_0030_0076_0076.jpg 1 46 30 76 76
0648_0040_0037_0104_0104.jpg 1 40 37 104 104
0649_0033_0029_0064_0064.jpg 1 33 29 64 64
0650_0016_0057_0078_0078.jpg 1 16 57 78 78
0651_0052_0020_0041_0041.jpg 1 52 20 41 41
0652_0031_0016_0026_0026.jpg 1 31 16 26 26
0653_0060_0019_0029_0029.jpg 1 60 19 29 29
0654_0039_0056_0083_0083.jpg 1 39 56 83 83
0655_0057_0010_0074_0074.jpg 1 57 10 74 74
0656_0032_0063_0036_0036.jpg 1 32 63 36 36
0657_0066_0041_0066_0066.jpg 1 66 41 66 66
0658_0010_0006_0095_0095.jpg 1 10 6 95 95
0659_0024_0011_0092_0092.jpg 1 24 11 92 92
0660_0005_0018_0101_0101.jpg 1 5 18 101 101
0661_0010_0025_0066_0066.jpg 1 10 25 66 66
0662_0055_0048_0074_0074.jpg 1 55 48 74 74
0663_0060_0033_0081_0081.jpg 1 60 33 81 81
0664_0039_0048_0051_0051.jpg 1 39 48 51 51
0665_0035_0029_0024_0024.jpg 1 35 29 24 24
0666_0019_0010_0086_0086.jpg 1 19 10 86 86
0667_0014_0008_0089_0089.jpg 1 14 8 89 89
0668_0071_0042_0057_0057.jpg 1 71 42 57 57
0669_0095_0028_0026_0026.jpg 1 95 28 26 26
0670_0039_0041_0086_0086.jpg 1 39 41 86 86
0671_0071_0033_0068_0068.jpg 1 71 33 68 68
0672_0014_0026_0044_0044.jpg 1 14 26 44 44
0673_0079_0023_0040_0040.jpg 1 79 23 40 40
0674_0067_0028_0068_0068.jpg 1 67 28 68 68
0675_0030_0052_0087_0087.jpg 1 30 52 87 87
0676_0060_0072_0036_0036.jpg 1 60 72 36 36
0677_0040_0019_0050_0050.jpg 1 40 19 50 50
0678_0052_0038_0026_0026.jpg 1 52 38 26 26
0679_0020_0041_0029_0029.jpg 1 20 41 29 29
0680_0030_0017_0103_0103.jpg 1 30 17 103 103
0681_0066_0047_0034_0034.jpg 1 66 47 34 34
0682_0038_0055_0085_0085.jpg 1 38 55 85 85
0683_0074_0029_0036_0036.jpg 1 74 29 36 36
0684_0054_0009_0070_0070.jpg 1 54 9 70 70
0685_0027_0034_0090_0090.jpg 1 27 34 90 90
0686_0028_0055_0063_0063.jpg 1 28 55 63 63
0687_0090_0014_0045_0045.jpg 1 90 14 45 45
0688_0037_0044_0087_0087.jpg 1 37 44 87 87
0689_0012_0013_0101_0101.jpg 1 12 13 101 101
0690_0020_0045_0070_0070.jpg 1 20 45 70 70
0691_0039_0059_0024_0024.jpg 1 39 59 24 24
0692_0049_0008_0094_0094.jpg 1 49 8 94 94
0693_0034_0036_0058_0058.jpg 1 34 36 58 58
0694_0112_0089_0024_0024.jpg 1 112 89 24 24
0695_0075_0057_0036_0036.jpg 1 75 57 36 36
0696_0011_0058_0044_0044.jpg 1 11 58 44 44
0697_0056_0020_0055_0055.jpg 1 56 20 55 55
0698_0024_0031_0102_0102.jpg 1 24 31 102 102
0699_0065_0020_0025_0025.jpg 1 65 20 25 25
0700_0030_0018_0085_0085.jpg 1 30 18 85 85
0701_0041_0026_0102_0102.jpg 1 41 26 102 102
0702_0047_0031_0093_0093.jpg 1 47 31 93 93
0703_0068_0020_0063_0063.jpg 1 68 20 63 63
0704_0030_0042_0053_0053.jpg 1 30 42 53 53
0705_0018_0009_0083_0083.jpg 1 18 9 83 83
0706_0039_0039_0099_0099.jpg 1 39 39 99 99
0707_0045_0044_0043_0043.jpg 1 45 44 43 43
0708_0045_0046_0097_0097.jpg 1 45 46 97 97
0709_0016_0044_0068_0068.jpg 1 16 44 68 68
0710_0059_0081_0057_0057.jpg 1 59 81 57 57
0711_0019_0048_0092_0092.jpg 1 19 48 92 92
0712_0032_0069_0067_0067.jpg 1 32 69 67 67
0713_0055_0053_0048_0048.jpg 1 55 53 48 48
0714_0049_0007_0091_0091.jpg 1 49 7 91 91
0715_0014_0040_0100_0100.jpg 1 14 40 100 100
0716_0029_0046_0074_0074.jpg 1 29 46 74 74
0717_0037_0089_0046_0046.jpg 1 37 89 46 46
0718_0010_0021_0104_0104.jpg 1 10 21 104 104
0719_0045_0096_0024_0024.jpg 1 45 96 24 24
0720_0083_0029_0051_0051.jpg 1 83 29 51 51
0721_0032_0089_0036_0036.jpg 1 32 89 36 36
0722_0070_0056_0038_0038.jpg 1 70 56 38 38
0723_0012_0040_0054_0054.jpg 1 12 40 54 54
0724_0022_0021_0094_0094.jpg 1 22 21 94 94
0725_0021_0045_0084_0084.jpg 1 21 45 84 84
0726_0047_0021_0036_0036.jpg 1 47 21 36 36
0727_0029_0048_0095_0095.jpg 1 29 48 95 95
0728_0040_0009_0083_0083.jpg 1 40 9 83 83
0729_0021_0008_0090_0090.jpg 1 21 8 90 90
0730_0078_0024_0061_0061.jpg 1 78 24 61 61
0731_0056_0036_0085_0085.jpg 1 56 36 85 85
0732_0014_0047_0046_0046.jpg 1 14 47 46 46
0733_0063_0068_0066_0066.jpg 1 63 68 66 66
0734_0048_0061_0030_0030.jpg 1 48 61 30 30
0735_0013_0028_0082_0082.jpg 1 13 28 82 82
0736_0046_0033_0095_0095.jpg 1 46 33 95 95
0737_0049_0030_0076_0076.jpg 1 49 30 76 76
0738_0073_0027_0041_0041.jpg 1 73 27 41 41
0739_0011_0040_0093_0093.jpg 1 11 40 93 93
0740_0047_0028_0085_0085.jpg 1 47 28 85 85
0741_0025_0054_0080_0080.jpg 1 25 54 80 80
0742_0033_0051_0084_0084.jpg 1 33 51 84 84
0743_0053_0043_0085_0085.jpg 1 53 43 85 85
0744_0067_0029_0043_0043.jpg 1 67 29 43 43
0745_0077_0013_0029_0029.jpg 1 77 13 29 29
0746_0098_0077_0032_0032.jpg 1 98 77 32 32
0747_0010_0034_0060_0060.jpg 1 10 34 60 60
0748_0040_0058_0066_0066.jpg 1 40 58 66 66
0749_0058_0043_0073_0073.jpg 1 58 43 73 73
0750_0021_0045_0081_0081.jpg 1 21 45 81 81
0751_0011_0055_0052_0052.jpg 1 11 55 52 52
0752_0040_0025_0100_0100.jpg 1 40 25 100 100
0753_0086_0074_0041_0041.jpg 1 86 74 41 41
0754_0064_0013_0069_0069.jpg 1 64 13 69 69
0755_0061_0053_0029_0029.jpg 1 61 53 29 29
0756_0101_0103_0028_0028.jpg 1 101 103 28 28
0757_0051_0034_0082_0082.jpg 1 51 34 82 82
0758_0011_0049_0093_0093.jpg 1 11 49 93 93
0759_0037_0057_0051_0051.jpg 1 37 57 51 51
0760_0041_0022_0089_0089.jpg 1 41 22 89 89
0761_0046_0015_0089_0089.jpg 1 46 15 89 89
0762_0077_0059_0042_0042.jpg 1 77 59 42 42
0763_0065_0038_0074_0074.jpg 1 65 38 74 74
0764_0067_0049_0068_0068.jpg 1 67 49 68 68
0765_0015_0058_0048_0048.jpg 1 15 58 48 48
0766_0076_0038_0057_0057.jpg 1 76 38 57 57
0767_0038_0010_0088_0088.jpg 1 38 10 88 88
0768_0053_0035_0041_0041.jpg 1 53 35 41 41
0769_0019_0030_0102_0102.jpg 1 19 30 102 102
0770_0044_0025_0096_0096.jpg 1 44 25 96 96
0771_0028_0012_0079_0079.jpg 1 28 12 79 79
0772_0049_0053_0053_0053.jpg 1 49 53 53 53
0773_0043_0104_0026_0026.jpg 1 43 104 26 26
0774_0033_0014_0064_0064.jpg 1 33 14 64 64
0775_0097_0055_0035_0035.jpg 1 97 55 35 35
0776_0030_0013_0056_0056.jpg 1 30 13 56 56
0777_0073_0046_0028_0028.jpg 1 73 46 28 28
0778_0058_0051_0084_0084.jpg 1 58 51 84 84
0779_0016_0023_0095_0095.jpg 1 16 23 95 95
0780_0051_0068_0042_0042.jpg 1 51 68 42 42
0781_0046_0071_0063_0063.jpg 1 46 71 63 63
0782_0042_0037_0101_0101.jpg 1 42 37 101 101
0783_0075_0085_0052_0052.jpg 1 75 85 52 52
0784_0029_0034_0095_0095.jpg 1 29 34 95 95
0785_0008_0038_0101_0101.jpg 1 8 38 101 101
0786_0035_0034_0095_0095.jpg 1 35 34 95 95
0787_0038_0025_0104_0104.jpg 1 38 25 104 104
0788_0024_0063_0054_0054.jpg 1 24 63 54 54
0789_0030_0034_0090_0090.jpg 1 30 34 90 90
0790_0045_0026_0064_0064.jpg 1 45 26 64 64
0791_0042_0073_0047_0047.jpg 1 42 73 47 47
0792_0072_0028_0041_0041.jpg 1 72 28 41 41
0793_0011_0049_0049_0049.jpg 1 11 49 49 49
0794_0057_0010_0085_0085.jpg 1 57 10 85 85
0795_0018_0086_0039_0039.jpg 1 18 86 39 39
0796_0011_0031_0062_0062.jpg 1 11 31 62 62
0797_0015_0012_0081_0081.jpg 1 15 12 81 81
0798_0024_0056_0073_0073.jpg 1 24 56 73 73
0799_0026_0011_0068_0068.jpg 1 26 11 68 68
0800_0083_0076_0027_0027.jpg 1 83 76 27 27
0801_0090_0029_0041_0041.jpg 1 90 29 41 41
0802_0042_0023_0092_0092.jpg 1 42 23 92 92
0803_0048_0029_0039_0039.jpg 1 48 29 39 39
0804_0007_0023_0096_0096.jpg 1 7 23 96 96
0805_0032_0017_0066_0066.jpg 1 32 17 66 66
0806_0063_0014_0034_0034.jpg 1 63 14 34 34
0807_0023_0014_0060_0060.jpg 1 23 14 60 60
0808_0060_0054_0055_0055.jpg 1 60 54 55 55
0809_0013_0053_0048_0048.jpg 1 13 53 48 48
0810_0026_0025_0069_0069.jpg 1 26 25 69 69
0811_0006_0034_0095_0095.jpg 1 6 34 95 95
0812_0062_0022_0050_0050.jpg 1 62 22 50 50
0813_0029_0019_0037_0037.jpg 1 29 19 37 37
0814_0021_0064_0054_0054.jpg 1 21 64 54 54
0815_0031_0048_0078_0078.jpg 1 31 48 78 78
0816_0057_0015_0064_0064.jpg 1 57 15 64 64
0817_0018_0086_0034_0034.jpg 1 18 86 34 34
0818_0072_0033_0053_0053.jpg 1 72 33 53 53
0819_0013_0070_0066_0066.jpg 1 13 70 66 66
0820_0043_0044_0040_0040.jpg 1 43 44 40 40
0821_0055_0069_0047_0047.jpg 1 55 69 47 47
0822_0038_0023_0079_0079.jpg 1 38 23 79 79
0823_0031_0034_0102_0102.jpg 1 31 34 102 102
0824_0030_0063_0040_0040.jpg 1 30 63 40 40
0825_0018_0058_0080_0080.jpg 1 18 58 80 80
0826_0022_0037_0089_0089.jpg 1 22 37 89 89
0827_0054_0007_0089_0089.jpg 1 54 7 89 89
0828_0007_0030_0082_0082.jpg 1 7 30 82 82
0829_0024_0053_0081_0081.jpg 1 24 53 81 81
0830_0049_0013_0062_0062.jpg 1 49 13 62 62
0831_0030_0009_0097_0097.jpg 1 30 9 97 97
0832_0079_0056_0061_0061.jpg 1 79 56 61 61
0833_0032_0035_0102_0102.jpg 1 32 35 102 102
0834_0045_0030_0068_0068.jpg 1 45 30 68 68
0835_0042_0090_0037_0037.jpg 1 42 90 37 37
0836_0078_0077_0024_0024.jpg 1 78 77 24 24
0837_0017_0056_0078_0078.jpg 1 17 56 78 78
0838_0022_0050_0077_0077.jpg 1 22 50 77 77
0839_0078_0045_0057_0057.jpg 1 78 45 57 57
0840_0029_0033_0046_0046.jpg 1 29 33 46 46
0841_0037_0098_0033_0033.jpg 1 37 98 33 33
0842_0076_0017_0037_0037.jpg 1 76 17 37 37
0843_0015_0029_0104_0104.jpg 1 15 29 104 104
0844_0075_0070_0057_0057.jpg 1 75 70 57 57
0845_0068_0034_0049_0049.jpg 1 68 34 49 49
0846_0052_0040_0062_0062.jpg 1 52 40 62 62
0847_0011_0070_0044_0044.jpg 1 11 70 44 44
0848_0040_0038_0041_0041.jpg 1 40 38 41 41
0849_0031_0038_0093_0093.jpg 1 31 38 93 93
0850_0082_0053_0031_0031.jpg 1 82 53 31 31
0851_0020_0044_0092_0092.jpg 1 20 44 92 92
0852_0095_0057_0030_0030.jpg 1 95 57 30 30
0853_0017_0079_0059_0059.jpg 1 17 79 59 59
0854_0022_0061_0044_0044.jpg 1 22 61 44 44
0855_0091_0082_0024_0024.jpg 1 91 82 24 24
0856_0048_0044_0094_0094.jpg 1 48 44 94 94
0857_0039_0084_0036_0036.jpg 1 39 84 36 36
0858_0027_0049_0068_0068.jpg 1 27 49 68 68
0859_0032_0067_0071_0071.jpg 1 32 67 71 71
0860_0006_0011_0094_0094.jpg 1 6 11 94 94
0861_0045_0046_0032_0032.jpg 1 45 46 32 32
0862_0017_0034_0075_0075.jpg 1 17 34 75 75
0863_0053_0045_0090_0090.jpg 1 53 45 90 90
0864_0074_0023_0044_0044.jpg 1 74 23 44 44
0865_0022_0011_0101_0101.jpg 1 22 11 101 101
0866_0030_0046_0092_0092.jpg 1 30 46 92 92
0867_0100_0090_0038_0038.jpg 1 100 90 38 38
0868_0038_0041_0035_0035.jpg 1 38 41 35 35
0869_0052_0052_0077_0077.jpg 1 52 52 77 77
0870_0061_0081_0055_0055.jpg 1 61 81 55 55
0871_0085_0112_0024_0024.jpg 1 85 112 24 24
0872_0014_0018_0074_0074.jpg 1 14 18 74 74
0873_0099_0076_0027_0027.jpg 1 99 76 27 27
0874_0038_0029_0101_0101.jpg 1 38 29 101 101
0875_0094_0089_0042_0042.jpg 1 94 89 42 42
0876_0022_0026_0056_0056.jpg 1 22 26 56 56
0877_0027_0025_0048_0048.jpg 1 27 25 48 48
0878_0026_0014_0103_0103.jpg 1 26 14 103 103
0879_0017_0065_0049_0049.jpg 1 17 65 49 49
0880_0046_0044_0061_0061.jpg 1 46 44 61 61
0881_0075_0056_0043_0043.jpg 1 75 56 43 43
0882_0107_0015_0024_0024.jpg 1 107 15 24 24
0883_0038_0022_0089_0089.jpg 1 38 22 89 89
0884_0019_0027_0100_0100.jpg 1 19 27 100 100
0885_0054_0039_0078_0078.jpg 1 54 39 78 78
0886_0014_0019_0096_0096.jpg 1 14 19 96 96
0887_0033_0048_0092_0092.jpg 1 33 48 92 92
0888_0007_0016_0097_0097.jpg 1 7 16 97 97
0889_0056_0043_0059_0059.jpg 1 56 43 59 59
0890_0067_0021_0038_0038.jpg 1 67 21 38 38
0891_0019_0042_0089_0089.jpg 1 19 42 89 89
0892_0049_0035_0074_0074.jpg 1 49 35 74 74
0893_0039_0040_0067_0067.jpg 1 39 40 67 67
0894_0058_0080_0057_0057.jpg 1 58 80 57 57
0895_0024_0039_0071_0071.jpg 1 24 39 71 71
0896_0026_0016_0080_0080.jpg 1 26 16 80 80
0897_0090_0104_0026_0026.jpg 1 90 104 26 26
0898_0058_0058_0077_0077.jpg 1 58 58 77 77
0899_0042_0060_0049_0049.jpg 1 42 60 49 49
0900_0042_0043_0092_0092.jpg 1 42 43 92 92
0901_0012_0045_0077_0077.jpg 1 12 45 77 77
0902_0027_0019_0101_0101.jpg 1 27 19 101 101
0903_0022_0041_0092_0092.jpg 1 22 41 92 92
0904_0026_0073_0037_0037.jpg 1 26 73 37 37
0905_0087_0060_0040_0040.jpg 1 87 60 40 40
0906_0067_0038_0065_0065.jpg 1 67 38 65 65
0907_0008_0038_0097_0097.jpg 1 8 38 97 97
0908_0017_0046_0084_0084.jpg 1 17 46 84 84
0909_0069_0038_0039_0039.jpg 1 69 38 39 39
0910_0024_0068_0059_0059.jpg 1 24 68 59 59
0911_0022_0025_0095_0095.jpg 1 22 25 95 95
0912_0028_0029_0037_0037.jpg 1 28 29 37 37
0913_0050_0024_0048_0048.jpg 1 50 24 48 48
0914_0049_0029_0082_0082.jpg 1 49 29 82 82
0915_0062_0033_0037_0037.jpg 1 62 33 37 37
0916_0076_0078_0033_0033.jpg 1 76 78 33 33
0917_0036_0045_0043_0043.jpg 1 36 45 43 43
0918_0065_0058_0075_0075.jpg 1 65 58 75 75
0919_0063_0020_0078_0078.jpg 1 63 20 78 78
0920_0042_0050_0082_0082.jpg 1 42 50 82 82
0921_0033_0017_0056_0056.jpg 1 33 17 56 56
0922_0029_0020_0104_0104.jpg 1 29 20 104 104
0923_0058_0108_0024_0024.jpg 1 58 108 24 24
0924_0027_0045_0073_0073.jpg 1 27 45 73 73
0925_0008_0032_0077_0077.jpg 1 8 32 77 77
0926_0067_0038_0047_0047.jpg 1 67 38 47 47
0927_0030_0013_0076_0076.jpg 1 30 13 76 76
0928_0032_0021_0060_0060.jpg 1 32 21 60 60
0929_0068_0042_0058_0058.jpg 1 68 42 58 58
0930_0034_0027_0089_0089.jpg 1 34 27 89 89
0931_0045_0018_0090_0090.jpg 1 45 18 90 90
0932_0037_0051_0062_0062.jpg 1 37 51 62 62
0933_0021_0026_0088_0088.jpg 1 21 26 88 88
0934_0024_0011_0104_0104.jpg 1 24 11 104 104
0935_0024_0068_0062_0062.jpg 1 24 68 62 62
0936_0099_0076_0032_0032.jpg 1 99 76 32 32
0937_0035_0019_0083_0083.jpg 1 35 19 83 83
0938_0024_0040_0091_0091.jpg 1 24 40 91 91
0939_0037_0065_0070_0070.jpg 1 37 65 70 70
0940_0024_0033_0089_0089.jpg 1 24 33 89 89
0941_0077_0082_0057_0057.jpg 1 77 82 57 57
0942_0022_0083_0048_0048.jpg 1 22 83 48 48
0943_0077_0031_0044_0044.jpg 1 77 31 44 44
0944_0062_0051_0060_0060.jpg 1 62 51 60 60
0945_0039_0024_0096_0096.jpg 1 39 24 96 96
0946_0049_0029_0089_0089.jpg 1 49 29 89 89
0947_0077_0042_0036_0036.jpg 1 77 42 36 36
0948_0106_0061_0026_0026.jpg 1 106 61 26 26
0949_0016_0040_0063_0063.jpg 1 16 40 63 63
0950_0017_0018_0036_0036.jpg 1 17 18 36 36
0951_0035_0024_0082_0082.jpg 1 35 24 82 82
0952_0005_0046_0095_0095.jpg 1 5 46 95 95
0953_0014_0049_0045_0045.jpg 1 14 49 45 45
0954_0045_0065_0038_0038.jpg 1 45 65 38 38
0955_0010_0044_0084_0084.jpg 1 10 44 84 84
0956_0006_0022_0098_0098.jpg 1 6 22 98 98
0957_0079_0091_0048_0048.jpg 1 79 91 48 48
0958_0027_0089_0050_0050.jpg 1 27 89 50 50
0959_0055_0017_0080_0080.jpg 1 55 17 80 80
0960_0041_0034_0055_0055.jpg 1 41 34 55 55
0961_0026_0019_0046_0046.jpg 1 26 19 46 46
0962_0027_0037_0071_0071.jpg 1 27 37 71 71
0963_0008_0033_0087_0087.jpg 1 8 33 87 87
0964_0034_0040_0077_0077.jpg 1 34 40 77 77
0965_0015_0083_0041_0041.jpg 1 15 83 41 41
0966_0027_0038_0098_0098.jpg 1 27 38 98 98
0967_0069_0020_0061_0061.jpg 1 69 20 61 61
0968_0021_0047_0082_0082.jpg 1 21 47 82 82
0969_0055_0045_0081_0081.jpg 1 55 45 81 81
0970_0011_0046_0081_0081.jpg 1 11 46 81 81
0971_0031_0015_0084_0084.jpg 1 31 15 84 84
0972_0021_0047_0094_0094.jpg 1 21 47 94 94
0973_0013_0012_0090_0090.jpg 1 13 12 90 90
0974_0012_0050_0050_0050.jpg 1 12 50 50 50
0975_0082_0031_0055_0055.jpg 1 82 31 55 55
0976_0039_0060_0069_0069.jpg 1 39 60 69 69
0977_0017_0018_0096_0096.jpg 1 17 18 96 96
0978_0037_0058_0078_0078.jpg 1 37 58 78 78
0979_0034_0022_0082_0082.jpg 1 34 22 82 82
0980_0023_0064_0039_0039.jpg 1 23 64 39 39
0981_0051_0050_0050_0050.jpg 1 51 50 50 50
0982_0044_0019_0092_0092.jpg 1 44 19 92 92
0983_0021_0053_0069_0069.jpg 1 21 53 69 69
0984_0065_0035_0040_0040.jpg 1 65 35 40 40
0985_0023_0041_0073_0073.jpg 1 23 41 73 73
0986_0084_0035_0053_0053.jpg 1 84 35 53 53
0987_0059_0025_0043_0043.jpg 1 59 25 43 43
0988_0018_0053_0076_0076.jpg 1 18 53 76 76
0989_0077_0041_0040_0040.jpg 1 77 41 40 40
0990_0060_0039_0032_0032.jpg 1 60 39 32 32
0991_0045_0039_0064_0064.jpg 1 45 39 64 64
0992_0012_0021_0075_0075.jpg 1 12 21 75 75
0993_0027_0031_0036_0036.jpg 1 27 31 36 36
0994_0043_0014_0061_0061.jpg 1 43 14 61 61
0995_0093_0027_0042_0042.jpg 1 93 27 42 42
0996_0026_0030_0084_0084.jpg 1 26 30 84 84
0997_0091_0059_0044_0044.jpg 1 91 59 44 44
0998_0049_0015_0082_0082.jpg 1 49 15 82 82
0999_0051_0046_0086_0086.jpg 1 51 46 86 86
1000_0027_0044_0084_0084.jpg 1 27 44 84 84
