0001_0065_0053_0072_0072.jpg 1 65 53 72 72
0002_0079_0028_0046_0046.jpg 1 79 28 46 46
0003_0068_0016_0068_0068.jpg 1 68 16 68 68
0004_0028_0014_0096_0096.jpg 1 28 14 96 96
0005_0050_0035_0063_0063.jpg 1 50 35 63 63
0006_0034_0040_0085_0085.jpg 1 34 40 85 85
0007_0032_0017_0096_0096.jpg 1 32 17 96 96
0008_0045_0043_0077_0077.jpg 1 45 43 77 77
0009_0018_0040_0099_0099.jpg 1 18 40 99 99
0010_0011_0033_0058_0058.jpg 1 11 33 58 58
0011_0016_0021_0076_0076.jpg 1 16 21 76 76
0012_0041_0019_0094_0094.jpg 1 41 19 94 94
0013_0017_0006_0096_0096.jpg 1 17 6 96 96
0014_0045_0024_0024_0024.jpg 1 45 24 24 24
0015_0046_0062_0049_0049.jpg 1 46 62 49 49
0016_0051_0029_0042_0042.jpg 1 51 29 42 42
0017_0067_0071_0043_0043.jpg 1 67 71 43 43
0018_0073_0075_0060_0060.jpg 1 73 75 60 60
0019_0030_0088_0048_0048.jpg 1 30 88 48 48
0020_0022_0029_0077_0077.jpg 1 22 29 77 77
0021_0083_0045_0056_0056.jpg 1 83 45 56 56
0022_0044_0024_0096_0096.jpg 1 44 24 96 96
0023_0008_0032_0100_0100.jpg 1 8 32 100 100
0024_0064_0038_0073_0073.jpg 1 64 38 73 73
0025_0094_0097_0030_0030.jpg 1 94 97 30 30
0026_0036_0024_0076_0076.jpg 1 36 24 76 76
0027_0089_0087_0049_0049.jpg 1 89 87 49 49
0028_0099_0079_0025_0025.jpg 1 99 79 25 25
0029_0049_0011_0088_0088.jpg 1 49 11 88 88
0030_0077_0058_0024_0024.jpg 1 77 58 24 24
0031_0015_0019_0100_0100.jpg 1 15 19 100 100
0032_0050_0038_0033_0033.jpg 1 50 38 33 33
0033_0025_0041_0078_0078.jpg 1 25 41 78 78
0034_0055_0033_0086_0086.jpg 1 55 33 86 86
0035_0042_0063_0077_0077.jpg 1 42 63 77 77
0036_0061_0044_0062_0062.jpg 1 61 44 62 62
0037_0026_0011_0066_0066.jpg 1 26 11 66 66
0038_0050_0046_0027_0027.jpg 1 50 46 27 27
0039_0050_0007_0092_0092.jpg 1 50 7 92 92
0040_0041_0038_0093_0093.jpg 1 41 38 93 93
0041_0044_0044_0051_0051.jpg 1 44 44 51 51
0042_0022_0038_0095_0095.jpg 1 22 38 95 95
0043_0048_0048_0077_0077.jpg 1 48 48 77 77
0044_0040_0058_0036_0036.jpg 1 40 58 36 36
0045_0024_0022_0104_0104.jpg 1 24 22 104 104
0046_0020_0050_0043_0043.jpg 1 20 50 43 43
0047_0017_0064_0035_0035.jpg 1 17 64 35 35
0048_0046_0023_0044_0044.jpg 1 46 23 44 44
0049_0069_0073_0052_0052.jpg 1 69 73 52 52
0050_0030_0014_0059_0059.jpg 1 30 14 59 59
0051_0032_0005_0103_0103.jpg 1 32 5 103 103
0052_0023_0047_0044_0044.jpg 1 23 47 44 44
0053_0067_0049_0056_0056.jpg 1 67 49 56 56
0054_0076_0060_0058_0058.jpg 1 76 60 58 58
0055_0028_0101_0030_0030.jpg 1 28 101 30 30
0056_0027_0006_0103_0103.jpg 1 27 6 103 103
0057_0022_0047_0077_0077.jpg 1 22 47 77 77
0058_0094_0040_0040_0040.jpg 1 94 40 40 40
0059_0077_0095_0042_0042.jpg 1 77 95 42 42
0060_0017_0038_0085_0085.jpg 1 17 38 85 85
0061_0095_0068_0032_0032.jpg 1 95 68 32 32
0062_0016_0064_0072_0072.jpg 1 16 64 72 72
0063_0017_0014_0080_0080.jpg 1 17 14 80 80
0064_0011_0022_0091_0091.jpg 1 11 22 91 91
0065_0092_0072_0034_0034.jpg 1 92 72 34 34
0066_0074_0066_0063_0063.jpg 1 74 66 63 63
0067_0067_0093_0037_0037.jpg 1 67 93 37 37
0068_0067_0078_0062_0062.jpg 1 67 78 62 62
0069_0024_0080_0043_0043.jpg 1 24 80 43 43
0070_0035_0053_0064_0064.jpg 1 35 53 64 64
0071_0041_0035_0063_0063.jpg 1 41 35 63 63
0072_0060_0060_0071_0071.jpg 1 60 60 71 71
0073_0074_0072_0050_0050.jpg 1 74 72 50 50
0074_0090_0015_0046_0046.jpg 1 90 15 46 46
0075_0015_0018_0077_0077.jpg 1 15 18 77 77
0076_0016_0024_0098_0098.jpg 1 16 24 98 98
0077_0032_0023_0079_0079.jpg 1 32 23 79 79
0078_0011_0016_0098_0098.jpg 1 11 16 98 98
0079_0034_0038_0092_0092.jpg 1 34 38 92 92
0080_0062_0009_0070_0070.jpg 1 62 9 70 70
0081_0021_0048_0039_0039.jpg 1 21 48 39 39
0082_0020_0053_0089_0089.jpg 1 20 53 89 89
0083_0038_0045_0099_0099.jpg 1 38 45 99 99
0084_0073_0084_0053_0053.jpg 1 73 84 53 53
0085_0059_0068_0069_0069.jpg 1 59 68 69 69
0086_0037_0028_0104_0104.jpg 1 37 28 104 104
0087_0036_0019_0096_0096.jpg 1 36 19 96 96
0088_0042_0030_0095_0095.jpg 1 42 30 95 95
0089_0030_0041_0058_0058.jpg 1 30 41 58 58
0090_0014_0054_0086_0086.jpg 1 14 54 86 86
0091_0016_0084_0043_0043.jpg 1 16 84 43 43
0092_0044_0019_0069_0069.jpg 1 44 19 69 69
0093_0015_0052_0025_0025.jpg 1 15 52 25 25
0094_0077_0088_0037_0037.jpg 1 77 88 37 37
0095_0008_0070_0066_0066.jpg 1 8 70 66 66
0096_0049_0090_0031_0031.jpg 1 49 90 31 31
0097_0016_0034_0049_0049.jpg 1 16 34 49 49
0098_0048_0015_0048_0048.jpg 1 48 15 48 48
0099_0017_0008_0092_0092.jpg 1 17 8 92 92
0100_0054_0024_0045_0045.jpg 1 54 24 45 45
0101_0005_0027_0101_0101.jpg 1 5 27 101 101
0102_0051_0010_0083_0083.jpg 1 51 10 83 83
0103_0039_0012_0077_0077.jpg 1 39 12 77 77
0104_0039_0028_0028_0028.jpg 1 39 28 28 28
0105_0009_0048_0090_0090.jpg 1 9 48 90 90
0106_0054_0018_0057_0057.jpg 1 54 18 57 57
0107_0068_0042_0068_0068.jpg 1 68 42 68 68
0108_0073_0039_0037_0037.jpg 1 73 39 37 37
0109_0042_0006_0096_0096.jpg 1 42 6 96 96
0110_0013_0038_0081_0081.jpg 1 13 38 81 81
0111_0048_0034_0096_0096.jpg 1 48 34 96 96
0112_0019_0097_0032_0032.jpg 1 19 97 32 32
0113_0005_0008_0101_0101.jpg 1 5 8 101 101
0114_0044_0014_0035_0035.jpg 1 44 14 35 35
0115_0056_0032_0040_0040.jpg 1 56 32 40 40
0116_0097_0068_0030_0030.jpg 1 97 68 30 30
0117_0022_0023_0069_0069.jpg 1 22 23 69 69
0118_0069_0035_0040_0040.jpg 1 69 35 40 40
0119_0026_0014_0093_0093.jpg 1 26 14 93 93
0120_0034_0013_0095_0095.jpg 1 34 13 95 95
0121_0069_0085_0039_0039.jpg 1 69 85 39 39
0122_0032_0058_0075_0075.jpg 1 32 58 75 75
0123_0021_0056_0051_0051.jpg 1 21 56 51 51
0124_0028_0028_0104_0104.jpg 1 28 28 104 104
0125_0072_0045_0054_0054.jpg 1 72 45 54 54
0126_0064_0030_0073_0073.jpg 1 64 30 73 73
0127_0085_0019_0038_0038.jpg 1 85 19 38 38
0128_0061_0015_0063_0063.jpg 1 61 15 63 63
0129_0057_0087_0040_0040.jpg 1 57 87 40 40
0130_0044_0064_0052_0052.jpg 1 44 64 52 52
0131_0074_0055_0063_0063.jpg 1 74 55 63 63
0132_0033_0030_0092_0092.jpg 1 33 30 92 92
0133_0036_0078_0033_0033.jpg 1 36 78 33 33
0134_0038_0034_0049_0049.jpg 1 38 34 49 49
0135_0084_0068_0037_0037.jpg 1 84 68 37 37
0136_0056_0018_0059_0059.jpg 1 56 18 59 59
0137_0039_0044_0094_0094.jpg 1 39 44 94 94
0138_0031_0034_0100_0100.jpg 1 31 34 100 100
0139_0059_0047_0081_0081.jpg 1 59 47 81 81
0140_0040_0058_0050_0050.jpg 1 40 58 50 50
0141_0041_0014_0030_0030.jpg 1 41 14 30 30
0142_0066_0037_0051_0051.jpg 1 66 37 51 51
0143_0024_0032_0052_0052.jpg 1 24 32 52 52
0144_0064_0029_0067_0067.jpg 1 64 29 67 67
0145_0012_0016_0060_0060.jpg 1 12 16 60 60
0146_0030_0014_0069_0069.jpg 1 30 14 69 69
0147_0044_0013_0060_0060.jpg 1 44 13 60 60
0148_0070_0030_0047_0047.jpg 1 70 30 47 47
0149_0043_0050_0084_0084.jpg 1 43 50 84 84
0150_0020_0028_0096_0096.jpg 1 20 28 96 96
0151_0056_0011_0079_0079.jpg 1 56 11 79 79
0152_0010_0046_0098_0098.jpg 1 10 46 98 98
0153_0038_0054_0036_0036.jpg 1 38 54 36 36
0154_0011_0032_0069_0069.jpg 1 11 32 69 69
0155_0021_0017_0049_0049.jpg 1 21 17 49 49
0156_0006_0043_0096_0096.jpg 1 6 43 96 96
0157_0009_0008_0068_0068.jpg 1 9 8 68 68
0158_0039_0031_0099_0099.jpg 1 39 31 99 99
0159_0016_0014_0095_0095.jpg 1 16 14 95 95
0160_0059_0018_0078_0078.jpg 1 59 18 78 78
0161_0027_0054_0086_0086.jpg 1 27 54 86 86
0162_0041_0011_0065_0065.jpg 1 41 11 65 65
0163_0080_0068_0037_0037.jpg 1 80 68 37 37
0164_0088_0051_0024_0024.jpg 1 88 51 24 24
0165_0049_0024_0083_0083.jpg 1 49 24 83 83
0166_0048_0034_0090_0090.jpg 1 48 34 90 90
0167_0059_0022_0065_0065.jpg 1 59 22 65 65
0168_0031_0033_0078_0078.jpg 1 31 33 78 78
0169_0106_0074_0024_0024.jpg 1 106 74 24 24
0170_0035_0012_0047_0047.jpg 1 35 12 47 47
0171_0060_0035_0067_0067.jpg 1 60 35 67 67
0172_0015_0011_0062_0062.jpg 1 15 11 62 62
0173_0018_0054_0086_0086.jpg 1 18 54 86 86
0174_0087_0100_0037_0037.jpg 1 87 100 37 37
0175_0070_0052_0060_0060.jpg 1 70 52 60 60
0176_0077_0056_0025_0025.jpg 1 77 56 25 25
0177_0052_0065_0042_0042.jpg 1 52 65 42 42
0178_0023_0070_0049_0049.jpg 1 23 70 49 49
0179_0067_0041_0048_0048.jpg 1 67 41 48 48
0180_0083_0032_0039_0039.jpg 1 83 32 39 39
0181_0080_0098_0027_0027.jpg 1 80 98 27 27
0182_0050_0074_0024_0024.jpg 1 50 74 24 24
0183_0062_0061_0059_0059.jpg 1 62 61 59 59
0184_0060_0036_0056_0056.jpg 1 60 36 56 56
0185_0007_0020_0077_0077.jpg 1 7 20 77 77
0186_0016_0044_0079_0079.jpg 1 16 44 79 79
0187_0011_0029_0065_0065.jpg 1 11 29 65 65
0188_0020_0021_0031_0031.jpg 1 20 21 31 31
0189_0012_0027_0098_0098.jpg 1 12 27 98 98
0190_0059_0037_0079_0079.jpg 1 59 37 79 79
0191_0010_0028_0060_0060.jpg 1 10 28 60 60
0192_0022_0033_0089_0089.jpg 1 22 33 89 89
0193_0017_0045_0078_0078.jpg 1 17 45 78 78
0194_0045_0017_0027_0027.jpg 1 45 17 27 27
0195_0037_0040_0080_0080.jpg 1 37 40 80 80
0196_0040_0079_0034_0034.jpg 1 40 79 34 34
0197_0012_0041_0082_0082.jpg 1 12 41 82 82
0198_0074_0028_0067_0067.jpg 1 74 28 67 67
0199_0062_0085_0032_0032.jpg 1 62 85 32 32
0200_0094_0052_0043_0043.jpg 1 94 52 43 43
0201_0070_0075_0045_0045.jpg 1 70 75 45 45
0202_0061_0091_0039_0039.jpg 1 61 91 39 39
0203_0072_0043_0060_0060.jpg 1 72 43 60 60
0204_0012_0089_0035_0035.jpg 1 12 89 35 35
0205_0013_0083_0036_0036.jpg 1 13 83 36 36
0206_0060_0028_0042_0042.jpg 1 60 28 42 42
0207_0058_0067_0075_0075.jpg 1 58 67 75 75
0208_0087_0097_0027_0027.jpg 1 87 97 27 27
0209_0047_0009_0080_0080.jpg 1 47 9 80 80
0210_0059_0051_0071_0071.jpg 1 59 51 71 71
0211_0009_0021_0101_0101.jpg 1 9 21 101 101
0212_0011_0017_0085_0085.jpg 1 11 17 85 85
0213_0068_0066_0049_0049.jpg 1 68 66 49 49
0214_0028_0043_0065_0065.jpg 1 28 43 65 65
0215_0009_0022_0094_0094.jpg 1 9 22 94 94
0216_0022_0050_0083_0083.jpg 1 22 50 83 83
0217_0047_0054_0088_0088.jpg 1 47 54 88 88
0218_0090_0078_0025_0025.jpg 1 90 78 25 25
0219_0070_0075_0040_0040.jpg 1 70 75 40 40
0220_0040_0044_0072_0072.jpg 1 40 44 72 72
0221_0080_0046_0031_0031.jpg 1 80 46 31 31
0222_0043_0025_0094_0094.jpg 1 43 25 94 94
0223_0038_0037_0093_0093.jpg 1 38 37 93 93
0224_0009_0038_0099_0099.jpg 1 9 38 99 99
0225_0041_0040_0104_0104.jpg 1 41 40 104 104
0226_0050_0029_0039_0039.jpg 1 50 29 39 39
0227_0045_0043_0093_0093.jpg 1 45 43 93 93
0228_0087_0035_0037_0037.jpg 1 87 35 37 37
0229_0086_0090_0028_0028.jpg 1 86 90 28 28
0230_0072_0024_0033_0033.jpg 1 72 24 33 33
0231_0018_0038_0085_0085.jpg 1 18 38 85 85
0232_0044_0075_0045_0045.jpg 1 44 75 45 45
0233_0058_0087_0053_0053.jpg 1 58 87 53 53
0234_0016_0059_0064_0064.jpg 1 16 59 64 64
0235_0043_0009_0065_0065.jpg 1 43 9 65 65
0236_0037_0045_0081_0081.jpg 1 37 45 81 81
0237_0040_0052_0077_0077.jpg 1 40 52 77 77
0238_0034_0015_0090_0090.jpg 1 34 15 90 90
0239_0073_0032_0031_0031.jpg 1 73 32 31 31
0240_0017_0031_0058_0058.jpg 1 17 31 58 58
0241_0032_0015_0091_0091.jpg 1 32 15 91 91
0242_0008_0042_0082_0082.jpg 1 8 42 82 82
0243_0072_0010_0051_0051.jpg 1 72 10 51 51
0244_0031_0014_0057_0057.jpg 1 31 14 57 57
0245_0009_0024_0065_0065.jpg 1 9 24 65 65
0246_0050_0047_0067_0067.jpg 1 50 47 67 67
0247_0042_0029_0085_0085.jpg 1 42 29 85 85
0248_0076_0053_0026_0026.jpg 1 76 53 26 26
0249_0035_0058_0076_0076.jpg 1 35 58 76 76
0250_0025_0026_0102_0102.jpg 1 25 26 102 102
0251_0012_0007_0075_0075.jpg 1 12 7 75 75
0252_0048_0059_0033_0033.jpg 1 48 59 33 33
0253_0055_0094_0040_0040.jpg 1 55 94 40 40
0254_0103_0084_0027_0027.jpg 1 103 84 27 27
0255_0048_0019_0079_0079.jpg 1 48 19 79 79
0256_0027_0087_0045_0045.jpg 1 27 87 45 45
0257_0066_0036_0045_0045.jpg 1 66 36 45 45
0258_0015_0019_0091_0091.jpg 1 15 19 91 91
0259_0026_0020_0099_0099.jpg 1 26 20 99 99
0260_0035_0026_0104_0104.jpg 1 35 26 104 104
0261_0062_0040_0072_0072.jpg 1 62 40 72 72
0262_0008_0067_0065_0065.jpg 1 8 67 65 65
0263_0045_0036_0083_0083.jpg 1 45 36 83 83
0264_0074_0093_0031_0031.jpg 1 74 93 31 31
0265_0017_0067_0066_0066.jpg 1 17 67 66 66
0266_0046_0076_0062_0062.jpg 1 46 76 62 62
0267_0048_0086_0037_0037.jpg 1 48 86 37 37
0268_0039_0059_0045_0045.jpg 1 39 59 45 45
0269_0043_0065_0064_0064.jpg 1 43 65 64 64
0270_0054_0052_0078_0078.jpg 1 54 52 78 78
0271_0033_0036_0030_0030.jpg 1 33 36 30 30
0272_0047_0012_0059_0059.jpg 1 47 12 59 59
0273_0013_0025_0050_0050.jpg 1 13 25 50 50
0274_0017_0025_0089_0089.jpg 1 17 25 89 89
0275_0100_0106_0025_0025.jpg 1 100 106 25 25
0276_0094_0083_0028_0028.jpg 1 94 83 28 28
0277_0039_0015_0089_0089.jpg 1 39 15 89 89
0278_0072_0048_0060_0060.jpg 1 72 48 60 60
0279_0101_0098_0028_0028.jpg 1 101 98 28 28
0280_0065_0055_0056_0056.jpg 1 65 55 56 56
0281_0084_0082_0052_0052.jpg 1 84 82 52 52
0282_0026_0044_0092_0092.jpg 1 26 44 92 92
0283_0027_0006_0101_0101.jpg 1 27 6 101 101
0284_0053_0016_0074_0074.jpg 1 53 16 74 74
0285_0021_0076_0051_0051.jpg 1 21 76 51 51
0286_0018_0029_0104_0104.jpg 1 18 29 104 104
0287_0009_0056_0056_0056.jpg 1 9 56 56 56
0288_0055_0057_0048_0048.jpg 1 55 57 48 48
0289_0028_0015_0045_0045.jpg 1 28 15 45 45
0290_0090_0087_0045_0045.jpg 1 90 87 45 45
0291_0050_0053_0087_0087.jpg 1 50 53 87 87
0292_0038_0021_0072_0072.jpg 1 38 21 72 72
0293_0021_0015_0052_0052.jpg 1 21 15 52 52
0294_0020_0053_0067_0067.jpg 1 20 53 67 67
0295_0076_0027_0038_0038.jpg 1 76 27 38 38
0296_0036_0031_0080_0080.jpg 1 36 31 80 80
0297_0028_0027_0050_0050.jpg 1 28 27 50 50
0298_0064_0011_0064_0064.jpg 1 64 11 64 64
0299_0038_0076_0040_0040.jpg 1 38 76 40 40
0300_0054_0022_0037_0037.jpg 1 54 22 37 37
0301_0033_0021_0091_0091.jpg 1 33 21 91 91
0302_0024_0082_0033_0033.jpg 1 24 82 33 33
0303_0090_0037_0027_0027.jpg 1 90 37 27 27
0304_0012_0013_0087_0087.jpg 1 12 13 87 87
0305_0066_0010_0060_0060.jpg 1 66 10 60 60
0306_0012_0048_0062_0062.jpg 1 12 48 62 62
0307_0064_0067_0069_0069.jpg 1 64 67 69 69
0308_0050_0045_0053_0053.jpg 1 50 45 53 53
0309_0021_0020_0103_0103.jpg 1 21 20 103 103
0310_0019_0008_0078_0078.jpg 1 19 8 78 78
0311_0022_0097_0037_0037.jpg 1 22 97 37 37
0312_0018_0024_0098_0098.jpg 1 18 24 98 98
0313_0053_0056_0061_0061.jpg 1 53 56 61 61
0314_0067_0040_0024_0024.jpg 1 67 40 24 24
0315_0067_0018_0067_0067.jpg 1 67 18 67 67
0316_0048_0038_0028_0028.jpg 1 48 38 28 28
0317_0025_0059_0046_0046.jpg 1 25 59 46 46
0318_0047_0034_0069_0069.jpg 1 47 34 69 69
0319_0033_0029_0078_0078.jpg 1 33 29 78 78
0320_0068_0081_0054_0054.jpg 1 68 81 54 54
0321_0006_0020_0101_0101.jpg 1 6 20 101 101
0322_0045_0045_0074_0074.jpg 1 45 45 74 74
0323_0010_0064_0051_0051.jpg 1 10 64 51 51
0324_0041_0016_0027_0027.jpg 1 41 16 27 27
0325_0052_0014_0079_0079.jpg 1 52 14 79 79
0326_0079_0038_0039_0039.jpg 1 79 38 39 39
0327_0014_0048_0091_0091.jpg 1 14 48 91 91
0328_0053_0055_0071_0071.jpg 1 53 55 71 71
0329_0027_0006_0093_0093.jpg 1 27 6 93 93
0330_0025_0041_0063_0063.jpg 1 25 41 63 63
0331_0059_0043_0082_0082.jpg 1 59 43 82 82
0332_0020_0051_0062_0062.jpg 1 20 51 62 62
0333_0034_0019_0031_0031.jpg 1 34 19 31 31
0334_0034_0044_0050_0050.jpg 1 34 44 50 50
0335_0010_0042_0088_0088.jpg 1 10 42 88 88
0336_0036_0038_0095_0095.jpg 1 36 38 95 95
0337_0010_0026_0103_0103.jpg 1 10 26 103 103
0338_0056_0017_0040_0040.jpg 1 56 17 40 40
0339_0035_0021_0065_0065.jpg 1 35 21 65 65
0340_0065_0070_0061_0061.jpg 1 65 70 61 61
0341_0040_0052_0068_0068.jpg 1 40 52 68 68
0342_0042_0024_0089_0089.jpg 1 42 24 89 89
0343_0058_0057_0037_0037.jpg 1 58 57 37 37
0344_0020_0033_0050_0050.jpg 1 20 33 50 50
0345_0046_0039_0032_0032.jpg 1 46 39 32 32
0346_0013_0021_0100_0100.jpg 1 13 21 100 100
0347_0048_0044_0042_0042.jpg 1 48 44 42 42
0348_0065_0034_0064_0064.jpg 1 65 34 64 64
0349_0051_0076_0038_0038.jpg 1 51 76 38 38
0350_0066_0029_0031_0031.jpg 1 66 29 31 31
0351_0023_0087_0027_0027.jpg 1 23 87 27 27
0352_0025_0042_0082_0082.jpg 1 25 42 82 82
0353_0048_0041_0091_0091.jpg 1 48 41 91 91
0354_0088_0066_0046_0046.jpg 1 88 66 46 46
0355_0050_0055_0042_0042.jpg 1 50 55 42 42
0356_0048_0093_0034_0034.jpg 1 48 93 34 34
0357_0072_0056_0042_0042.jpg 1 72 56 42 42
0358_0098_0055_0038_0038.jpg 1 98 55 38 38
0359_0058_0053_0044_0044.jpg 1 58 53 44 44
0360_0066_0079_0056_0056.jpg 1 66 79 56 56
0361_0024_0027_0092_0092.jpg 1 24 27 92 92
0362_0059_0031_0078_0078.jpg 1 59 31 78 78
0363_0042_0051_0081_0081.jpg 1 42 51 81 81
0364_0044_0051_0072_0072.jpg 1 44 51 72 72
0365_0025_0051_0056_0056.jpg 1 25 51 56 56
0366_0055_0016_0042_0042.jpg 1 55 16 42 42
0367_0087_0018_0032_0032.jpg 1 87 18 32 32
0368_0019_0034_0061_0061.jpg 1 19 34 61 61
0369_0094_0027_0024_0024.jpg 1 94 27 24 24
0370_0088_0065_0026_0026.jpg 1 88 65 26 26
0371_0017_0042_0048_0048.jpg 1 17 42 48 48
0372_0038_0084_0027_0027.jpg 1 38 84 27 27
0373_0057_0017_0075_0075.jpg 1 57 17 75 75
0374_0011_0047_0095_0095.jpg 1 11 47 95 95
0375_0079_0067_0052_0052.jpg 1 79 67 52 52
0376_0056_0026_0076_0076.jpg 1 56 26 76 76
0377_0014_0010_0090_0090.jpg 1 14 10 90 90
0378_0041_0019_0068_0068.jpg 1 41 19 68 68
0379_0082_0103_0035_0035.jpg 1 82 103 35 35
0380_0005_0018_0104_0104.jpg 1 5 18 104 104
0381_0054_0064_0072_0072.jpg 1 54 64 72 72
0382_0008_0049_0093_0093.jpg 1 8 49 93 93
0383_0026_0053_0054_0054.jpg 1 26 53 54 54
0384_0027_0038_0085_0085.jpg 1 27 38 85 85
0385_0054_0055_0071_0071.jpg 1 54 55 71 71
0386_0064_0072_0059_0059.jpg 1 64 72 59 59
0387_0041_0038_0103_0103.jpg 1 41 38 103 103
0388_0056_0061_0044_0044.jpg 1 56 61 44 44
0389_0014_0060_0045_0045.jpg 1 14 60 45 45
0390_0072_0025_0059_0059.jpg 1 72 25 59 59
0391_0052_0069_0052_0052.jpg 1 52 69 52 52
0392_0014_0031_0094_0094.jpg 1 14 31 94 94
0393_0016_0078_0024_0024.jpg 1 16 78 24 24
0394_0078_0060_0032_0032.jpg 1 78 60 32 32
0395_0020_0016_0042_0042.jpg 1 20 16 42 42
0396_0036_0032_0089_0089.jpg 1 36 32 89 89
0397_0007_0021_0087_0087.jpg 1 7 21 87 87
0398_0019_0007_0081_0081.jpg 1 19 7 81 81
0399_0016_0012_0085_0085.jpg 1 16 12 85 85
0400_0006_0026_0104_0104.jpg 1 6 26 104 104
0401_0015_0034_0046_0046.jpg 1 15 34 46 46
0402_0016_0068_0061_0061.jpg 1 16 68 61 61
0403_0085_0034_0031_0031.jpg 1 85 34 31 31
0404_0053_0022_0040_0040.jpg 1 53 22 40 40
0405_0019_0021_0076_0076.jpg 1 19 21 76 76
0406_0027_0031_0029_0029.jpg 1 27 31 29 29
0407_0015_0011_0088_0088.jpg 1 15 11 88 88
0408_0048_0046_0063_0063.jpg 1 48 46 63 63
0409_0020_0023_0094_0094.jpg 1 20 23 94 94
0410_0044_0046_0078_0078.jpg 1 44 46 78 78
0411_0023_0102_0024_0024.jpg 1 23 102 24 24
0412_0060_0059_0066_0066.jpg 1 60 59 66 66
0413_0023_0016_0058_0058.jpg 1 23 16 58 58
0414_0024_0015_0034_0034.jpg 1 24 15 34 34
0415_0061_0048_0065_0065.jpg 1 61 48 65 65
0416_0015_0042_0081_0081.jpg 1 15 42 81 81
0417_0008_0024_0079_0079.jpg 1 8 24 79 79
0418_0075_0015_0053_0053.jpg 1 75 15 53 53
0419_0042_0019_0065_0065.jpg 1 42 19 65 65
0420_0038_0036_0077_0077.jpg 1 38 36 77 77
0421_0040_0030_0085_0085.jpg 1 40 30 85 85
0422_0047_0064_0048_0048.jpg 1 47 64 48 48
0423_0019_0043_0072_0072.jpg 1 19 43 72 72
0424_0068_0074_0050_0050.jpg 1 68 74 50 50
0425_0020_0018_0032_0032.jpg 1 20 18 32 32
0426_0009_0054_0064_0064.jpg 1 9 54 64 64
0427_0063_0027_0077_0077.jpg 1 63 27 77 77
0428_0046_0080_0032_0032.jpg 1 46 80 32 32
0429_0031_0042_0041_0041.jpg 1 31 42 41 41
0430_0030_0009_0079_0079.jpg 1 30 9 79 79
0431_0024_0073_0037_0037.jpg 1 24 73 37 37
0432_0087_0068_0036_0036.jpg 1 87 68 36 36
0433_0053_0017_0089_0089.jpg 1 53 17 89 89
0434_0030_0044_0077_0077.jpg 1 30 44 77 77
0435_0072_0067_0042_0042.jpg 1 72 67 42 42
0436_0033_0025_0041_0041.jpg 1 33 25 41 41
0437_0053_0039_0078_0078.jpg 1 53 39 78 78
0438_0060_0023_0064_0064.jpg 1 60 23 64 64
0439_0043_0016_0045_0045.jpg 1 43 16 45 45
0440_0055_0019_0025_0025.jpg 1 55 19 25 25
0441_0023_0036_0088_0088.jpg 1 23 36 88 88
0442_0068_0013_0031_0031.jpg 1 68 13 31 31
0443_0022_0052_0072_0072.jpg 1 22 52 72 72
0444_0027_0013_0078_0078.jpg 1 27 13 78 78
0445_0041_0030_0102_0102.jpg 1 41 30 102 102
0446_0020_0032_0100_0100.jpg 1 20 32 100 100
0447_0041_0059_0067_0067.jpg 1 41 59 67 67
0448_0023_0043_0099_0099.jpg 1 23 43 99 99
0449_0051_0043_0025_0025.jpg 1 51 43 25 25
0450_0050_0007_0082_0082.jpg 1 50 7 82 82
0451_0071_0087_0027_0027.jpg 1 71 87 27 27
0452_0088_0098_0027_0027.jpg 1 88 98 27 27
0453_0053_0059_0051_0051.jpg 1 53 59 51 51
0454_0038_0016_0090_0090.jpg 1 38 16 90 90
0455_0034_0016_0103_0103.jpg 1 34 16 103 103
0456_0084_0016_0049_0049.jpg 1 84 16 49 49
0457_0021_0007_0101_0101.jpg 1 21 7 101 101
0458_0024_0008_0091_0091.jpg 1 24 8 91 91
0459_0031_0049_0082_0082.jpg 1 31 49 82 82
0460_0039_0069_0055_0055.jpg 1 39 69 55 55
0461_0086_0020_0049_0049.jpg 1 86 20 49 49
0462_0064_0069_0060_0060.jpg 1 64 69 60 60
0463_0083_0029_0026_0026.jpg 1 83 29 26 26
0464_0078_0044_0033_0033.jpg 1 78 44 33 33
0465_0082_0095_0034_0034.jpg 1 82 95 34 34
0466_0017_0018_0071_0071.jpg 1 17 18 71 71
0467_0022_0014_0082_0082.jpg 1 22 14 82 82
0468_0042_0010_0097_0097.jpg 1 42 10 97 97
0469_0076_0091_0047_0047.jpg 1 76 91 47 47
0470_0013_0024_0072_0072.jpg 1 13 24 72 72
0471_0059_0039_0076_0076.jpg 1 59 39 76 76
0472_0024_0028_0082_0082.jpg 1 24 28 82 82
0473_0016_0083_0041_0041.jpg 1 16 83 41 41
0474_0098_0041_0038_0038.jpg 1 98 41 38 38
0475_0005_0020_0098_0098.jpg 1 5 20 98 98
0476_0007_0033_0098_0098.jpg 1 7 33 98 98
0477_0038_0007_0098_0098.jpg 1 38 7 98 98
0478_0050_0055_0031_0031.jpg 1 50 55 31 31
0479_0056_0036_0073_0073.jpg 1 56 36 73 73
0480_0033_0063_0065_0065.jpg 1 33 63 65 65
0481_0046_0043_0087_0087.jpg 1 46 43 87 87
0482_0054_0032_0054_0054.jpg 1 54 32 54 54
0483_0035_0013_0077_0077.jpg 1 35 13 77 77
0484_0044_0020_0098_0098.jpg 1 44 20 98 98
0485_0025_0035_0059_0059.jpg 1 25 35 59 59
0486_0007_0026_0079_0079.jpg 1 7 26 79 79
0487_0029_0025_0094_0094.jpg 1 29 25 94 94
0488_0073_0073_0065_0065.jpg 1 73 73 65 65
0489_0035_0071_0055_0055.jpg 1 35 71 55 55
0490_0012_0042_0102_0102.jpg 1 12 42 102 102
0491_0005_0024_0099_0099.jpg 1 5 24 99 99
0492_0032_0080_0060_0060.jpg 1 32 80 60 60
0493_0079_0061_0050_0050.jpg 1 79 61 50 50
0494_0090_0055_0043_0043.jpg 1 90 55 43 43
0495_0088_0083_0047_0047.jpg 1 88 83 47 47
0496_0035_0055_0063_0063.jpg 1 35 55 63 63
0497_0021_0054_0066_0066.jpg 1 21 54 66 66
0498_0020_0061_0077_0077.jpg 1 20 61 77 77
0499_0014_0018_0055_0055.jpg 1 14 18 55 55
0500_0044_0095_0036_0036.jpg 1 44 95 36 36
0501_0029_0031_0096_0096.jpg 1 29 31 96 96
0502_0058_0071_0052_0052.jpg 1 58 71 52 52
0503_0012_0009_0095_0095.jpg 1 12 9 95 95
0504_0071_0038_0060_0060.jpg 1 71 38 60 60
0505_0061_0029_0074_0074.jpg 1 61 29 74 74
0506_0020_0043_0094_0094.jpg 1 20 43 94 94
0507_0059_0041_0074_0074.jpg 1 59 41 74 74
0508_0071_0077_0025_0025.jpg 1 71 77 25 25
0509_0090_0027_0040_0040.jpg 1 90 27 40 40
0510_0032_0044_0098_0098.jpg 1 32 44 98 98
0511_0015_0051_0081_0081.jpg 1 15 51 81 81
0512_0019_0006_0093_0093.jpg 1 19 6 93 93
0513_0064_0069_0038_0038.jpg 1 64 69 38 38
0514_0037_0022_0101_0101.jpg 1 37 22 101 101
0515_0030_0028_0085_0085.jpg 1 30 28 85 85
0516_0024_0045_0052_0052.jpg 1 24 45 52 52
0517_0030_0059_0061_0061.jpg 1 30 59 61 61
0518_0036_0061_0071_0071.jpg 1 36 61 71 71
0519_0054_0065_0058_0058.jpg 1 54 65 58 58
0520_0014_0013_0070_0070.jpg 1 14 13 70 70
0521_0078_0066_0055_0055.jpg 1 78 66 55 55
0522_0055_0036_0081_0081.jpg 1 55 36 81 81
0523_0013_0013_0093_0093.jpg 1 13 13 93 93
0524_0037_0029_0097_0097.jpg 1 37 29 97 97
0525_0054_0081_0057_0057.jpg 1 54 81 57 57
0526_0035_0070_0061_0061.jpg 1 35 70 61 61
0527_0059_0033_0062_0062.jpg 1 59 33 62 62
0528_0037_0016_0094_0094.jpg 1 37 16 94 94
0529_0024_0054_0082_0082.jpg 1 24 54 82 82
0530_0034_0022_0078_0078.jpg 1 34 22 78 78
0531_0072_0058_0042_0042.jpg 1 72 58 42 42
0532_0051_0094_0027_0027.jpg 1 51 94 27 27
0533_0017_0031_0067_0067.jpg 1 17 31 67 67
0534_0075_0021_0043_0043.jpg 1 75 21 43 43
0535_0045_0065_0067_0067.jpg 1 45 65 67 67
0536_0009_0024_0073_0073.jpg 1 9 24 73 73
0537_0041_0072_0036_0036.jpg 1 41 72 36 36
0538_0011_0057_0082_0082.jpg 1 11 57 82 82
0539_0106_0066_0024_0024.jpg 1 106 66 24 24
0540_0056_0027_0072_0072.jpg 1 56 27 72 72
0541_0024_0038_0089_0089.jpg 1 24 38 89 89
0542_0071_0015_0055_0055.jpg 1 71 15 55 55
0543_0018_0038_0087_0087.jpg 1 18 38 87 87
0544_0068_0069_0067_0067.jpg 1 68 69 67 67
0545_0020_0073_0049_0049.jpg 1 20 73 49 49
0546_0015_0036_0073_0073.jpg 1 15 36 73 73
0547_0009_0049_0080_0080.jpg 1 9 49 80 80
0548_0011_0041_0055_0055.jpg 1 11 41 55 55
0549_0064_0029_0075_0075.jpg 1 64 29 75 75
0550_0048_0037_0050_0050.jpg 1 48 37 50 50
0551_0073_0050_0063_0063.jpg 1 73 50 63 63
0552_0019_0051_0063_0063.jpg 1 19 51 63 63
0553_0030_0016_0069_0069.jpg 1 30 16 69 69
0554_0012_0051_0040_0040.jpg 1 12 51 40 40
0555_0056_0032_0059_0059.jpg 1 56 32 59 59
0556_0019_0016_0055_0055.jpg 1 19 16 55 55
0557_0011_0045_0055_0055.jpg 1 11 45 55 55
0558_0013_0044_0052_0052.jpg 1 13 44 52 52
0559_0086_0023_0038_0038.jpg 1 86 23 38 38
0560_0063_0032_0041_0041.jpg 1 63 32 41 41
0561_0008_0018_0098_0098.jpg 1 8 18 98 98
0562_0041_0068_0045_0045.jpg 1 41 68 45 45
0563_0038_0060_0041_0041.jpg 1 38 60 41 41
0564_0040_0025_0071_0071.jpg 1 40 25 71 71
0565_0020_0042_0081_0081.jpg 1 20 42 81 81
0566_0082_0045_0037_0037.jpg 1 82 45 37 37
0567_0027_0017_0096_0096.jpg 1 27 17 96 96
0568_0013_0036_0104_0104.jpg 1 13 36 104 104
0569_0039_0010_0074_0074.jpg 1 39 10 74 74
0570_0042_0029_0076_0076.jpg 1 42 29 76 76
0571_0050_0059_0061_0061.jpg 1 50 59 61 61
0572_0082_0102_0031_0031.jpg 1 82 102 31 31
0573_0063_0062_0052_0052.jpg 1 63 62 52 52
0574_0053_0018_0037_0037.jpg 1 53 18 37 37
0575_0064_0011_0043_0043.jpg 1 64 11 43 43
0576_0100_0082_0026_0026.jpg 1 100 82 26 26
0577_0074_0049_0035_0035.jpg 1 74 49 35 35
0578_0064_0038_0060_0060.jpg 1 64 38 60 60
0579_0047_0051_0046_0046.jpg 1 47 51 46 46
0580_0015_0017_0071_0071.jpg 1 15 17 71 71
0581_0022_0038_0052_0052.jpg 1 22 38 52 52
0582_0085_0047_0048_0048.jpg 1 85 47 48 48
0583_0090_0092_0041_0041.jpg 1 90 92 41 41
0584_0028_0028_0057_0057.jpg 1 28 28 57 57
0585_0035_0038_0101_0101.jpg 1 35 38 101 101
0586_0056_0040_0024_0024.jpg 1 56 40 24 24
0587_0052_0010_0052_0052.jpg 1 52 10 52 52
0588_0044_0046_0065_0065.jpg 1 44 46 65 65
0589_0022_0078_0027_0027.jpg 1 22 78 27 27
0590_0029_0012_0096_0096.jpg 1 29 12 96 96
0591_0058_0023_0050_0050.jpg 1 58 23 50 50
0592_0013_0088_0038_0038.jpg 1 13 88 38 38
0593_0059_0081_0037_0037.jpg 1 59 81 37 37
0594_0069_0050_0040_0040.jpg 1 69 50 40 40
0595_0007_0030_0087_0087.jpg 1 7 30 87 87
0596_0028_0018_0041_0041.jpg 1 28 18 41 41
0597_0075_0085_0055_0055.jpg 1 75 85 55 55
0598_0024_0044_0096_0096.jpg 1 24 44 96 96
0599_0029_0047_0038_0038.jpg 1 29 47 38 38
0600_0072_0036_0055_0055.jpg 1 72 36 55 55
0601_0015_0058_0050_0050.jpg 1 15 58 50 50
0602_0042_0012_0099_0099.jpg 1 42 12 99 99
0603_0045_0062_0063_0063.jpg 1 45 62 63 63
0604_0072_0040_0064_0064.jpg 1 72 40 64 64
0605_0050_0022_0060_0060.jpg 1 50 22 60 60
0606_0009_0063_0071_0071.jpg 1 9 63 71 71
0607_0027_0033_0086_0086.jpg 1 27 33 86 86
0608_0064_0014_0035_0035.jpg 1 64 14 35 35
0609_0099_0051_0036_0036.jpg 1 99 51 36 36
0610_0072_0055_0055_0055.jpg 1 72 55 55 55
0611_0051_0014_0043_0043.jpg 1 51 14 43 43
0612_0069_0026_0033_0033.jpg 1 69 26 33 33
0613_0015_0061_0052_0052.jpg 1 15 61 52 52
0614_0025_0016_0083_0083.jpg 1 25 16 83 83
0615_0079_0095_0027_0027.jpg 1 79 95 27 27
0616_0059_0023_0038_0038.jpg 1 59 23 38 38
0617_0028_0014_0050_0050.jpg 1 28 14 50 50
0618_0021_0060_0075_0075.jpg 1 21 60 75 75
0619_0041_0021_0033_0033.jpg 1 41 21 33 33
0620_0049_0083_0049_0049.jpg 1 49 83 49 49
0621_0024_0021_0099_0099.jpg 1 24 21 99 99
0622_0037_0053_0032_0032.jpg 1 37 53 32 32
0623_0085_0040_0028_0028.jpg 1 85 40 28 28
0624_0024_0043_0078_0078.jpg 1 24 43 78 78
0625_0040_0014_0100_0100.jpg 1 40 14 100 100
0626_0066_0059_0071_0071.jpg 1 66 59 71 71
0627_0051_0061_0037_0037.jpg 1 51 61 37 37
0628_0038_0018_0034_0034.jpg 1 38 18 34 34
0629_0034_0099_0033_0033.jpg 1 34 99 33 33
0630_0086_0076_0034_0034.jpg 1 86 76 34 34
0631_0046_0069_0025_0025.jpg 1 46 69 25 25
0632_0015_0043_0084_0084.jpg 1 15 43 84 84
0633_0014_0035_0047_0047.jpg 1 14 35 47 47
0634_0046_0058_0071_0071.jpg 1 46 58 71 71
0635_0045_0086_0046_0046.jpg 1 45 86 46 46
0636_0034_0051_0083_0083.jpg 1 34 51 83 83
0637_0049_0058_0031_0031.jpg 1 49 58 31 31
0638_0028_0011_0042_0042.jpg 1 28 11 42 42
0639_0026_0060_0062_0062.jpg 1 26 60 62 62
0640_0036_0045_0091_0091.jpg 1 36 45 91 91
0641_0024_0025_0034_0034.jpg 1 24 25 34 34
0642_0065_0035_0055_0055.jpg 1 65 35 55 55
0643_0023_0081_0053_0053.jpg 1 23 81 53 53
0644_0053_0046_0042_0042.jpg 1 53 46 42 42
0645_0058_0058_0063_0063.jpg 1 58 58 63 63
0646_0020_0014_0073_0073.jpg 1 20 14 73 73
0647_0030_0037_0044_0044.jpg 1 30 37 44 44
0648_0044_0051_0086_0086.jpg 1 44 51 86 86
0649_0044_0021_0099_0099.jpg 1 44 21 99 99
0650_0013_0041_0076_0076.jpg 1 13 41 76 76
0651_0016_0024_0089_0089.jpg 1 16 24 89 89
0652_0039_0046_0062_0062.jpg 1 39 46 62 62
0653_0021_0087_0038_0038.jpg 1 21 87 38 38
0654_0039_0059_0024_0024.jpg 1 39 59 24 24
0655_0060_0050_0043_0043.jpg 1 60 50 43 43
0656_0044_0054_0040_0040.jpg 1 44 54 40 40
0657_0009_0020_0097_0097.jpg 1 9 20 97 97
0658_0068_0061_0058_0058.jpg 1 68 61 58 58
0659_0016_0045_0063_0063.jpg 1 16 45 63 63
0660_0067_0087_0048_0048.jpg 1 67 87 48 48
0661_0093_0106_0032_0032.jpg 1 93 106 32 32
0662_0023_0051_0078_0078.jpg 1 23 51 78 78
0663_0035_0022_0092_0092.jpg 1 35 22 92 92
0664_0052_0016_0056_0056.jpg 1 52 16 56 56
0665_0043_0054_0086_0086.jpg 1 43 54 86 86
0666_0053_0054_0080_0080.jpg 1 53 54 80 80
0667_0017_0021_0048_0048.jpg 1 17 21 48 48
0668_0093_0079_0044_0044.jpg 1 93 79 44 44
0669_0051_0038_0040_0040.jpg 1 51 38 40 40
0670_0037_0106_0026_0026.jpg 1 37 106 26 26
0671_0060_0018_0070_0070.jpg 1 60 18 70 70
0672_0013_0010_0055_0055.jpg 1 13 10 55 55
0673_0072_0070_0048_0048.jpg 1 72 70 48 48
0674_0047_0009_0094_0094.jpg 1 47 9 94 94
0675_0033_0042_0085_0085.jpg 1 33 42 85 85
0676_0009_0063_0064_0064.jpg 1 9 63 64 64
0677_0013_0014_0098_0098.jpg 1 13 14 98 98
0678_0013_0049_0081_0081.jpg 1 13 49 81 81
0679_0017_0040_0085_0085.jpg 1 17 40 85 85
0680_0044_0031_0059_0059.jpg 1 44 31 59 59
0681_0033_0029_0029_0029.jpg 1 33 29 29 29
0682_0020_0057_0077_0077.jpg 1 20 57 77 77
0683_0023_0040_0043_0043.jpg 1 23 40 43 43
0684_0043_0033_0077_0077.jpg 1 43 33 77 77
0685_0074_0015_0033_0033.jpg 1 74 15 33 33
0686_0032_0029_0071_0071.jpg 1 32 29 71 71
0687_0057_0007_0083_0083.jpg 1 57 7 83 83
0688_0029_0044_0053_0053.jpg 1 29 44 53 53
0689_0032_0042_0095_0095.jpg 1 32 42 95 95
0690_0019_0043_0091_0091.jpg 1 19 43 91 91
0691_0048_0067_0033_0033.jpg 1 48 67 33 33
0692_0054_0013_0064_0064.jpg 1 54 13 64 64
0693_0035_0054_0081_0081.jpg 1 35 54 81 81
0694_0026_0042_0095_0095.jpg 1 26 42 95 95
0695_0031_0037_0055_0055.jpg 1 31 37 55 55
0696_0009_0008_0104_0104.jpg 1 9 8 104 104
0697_0049_0040_0064_0064.jpg 1 49 40 64 64
0698_0086_0037_0031_0031.jpg 1 86 37 31 31
0699_0026_0028_0073_0073.jpg 1 26 28 73 73
0700_0065_0035_0077_0077.jpg 1 65 35 77 77
0701_0063_0013_0077_0077.jpg 1 63 13 77 77
0702_0020_0073_0033_0033.jpg 1 20 73 33 33
0703_0051_0060_0080_0080.jpg 1 51 60 80 80
0704_0103_0086_0032_0032.jpg 1 103 86 32 32
0705_0059_0057_0048_0048.jpg 1 59 57 48 48
0706_0035_0050_0033_0033.jpg 1 35 50 33 33
0707_0032_0017_0076_0076.jpg 1 32 17 76 76
0708_0038_0047_0094_0094.jpg 1 38 47 94 94
0709_0057_0007_0074_0074.jpg 1 57 7 74 74
0710_0013_0038_0099_0099.jpg 1 13 38 99 99
0711_0041_0022_0064_0064.jpg 1 41 22 64 64
0712_0049_0028_0094_0094.jpg 1 49 28 94 94
0713_0060_0084_0028_0028.jpg 1 60 84 28 28
0714_0025_0083_0055_0055.jpg 1 25 83 55 55
0715_0021_0043_0090_0090.jpg 1 21 43 90 90
0716_0025_0034_0042_0042.jpg 1 25 34 42 42
0717_0008_0045_0099_0099.jpg 1 8 45 99 99
0718_0087_0020_0040_0040.jpg 1 87 20 40 40
0719_0037_0028_0093_0093.jpg 1 37 28 93 93
0720_0047_0041_0083_0083.jpg 1 47 41 83 83
0721_0069_0069_0069_0069.jpg 1 69 69 69 69
0722_0038_0042_0025_0025.jpg 1 38 42 25 25
0723_0099_0046_0030_0030.jpg 1 99 46 30 30
0724_0062_0061_0046_0046.jpg 1 62 61 46 46
0725_0092_0098_0028_0028.jpg 1 92 98 28 28
0726_0026_0035_0065_0065.jpg 1 26 35 65 65
0727_0085_0085_0033_0033.jpg 1 85 85 33 33
0728_0044_0035_0078_0078.jpg 1 44 35 78 78
0729_0028_0014_0065_0065.jpg 1 28 14 65 65
0730_0009_0075_0056_0056.jpg 1 9 75 56 56
0731_0064_0046_0072_0072.jpg 1 64 46 72 72
0732_0016_0028_0062_0062.jpg 1 16 28 62 62
0733_0074_0075_0053_0053.jpg 1 74 75 53 53
0734_0047_0081_0034_0034.jpg 1 47 81 34 34
0735_0034_0017_0083_0083.jpg 1 34 17 83 83
0736_0008_0049_0082_0082.jpg 1 8 49 82 82
0737_0044_0025_0100_0100.jpg 1 44 25 100 100
0738_0036_0061_0043_0043.jpg 1 36 61 43 43
0739_0084_0093_0028_0028.jpg 1 84 93 28 28
0740_0025_0024_0088_0088.jpg 1 25 24 88 88
0741_0032_0010_0091_0091.jpg 1 32 10 91 91
0742_0030_0077_0056_0056.jpg 1 30 77 56 56
0743_0026_0035_0104_0104.jpg 1 26 35 104 104
0744_0017_0027_0071_0071.jpg 1 17 27 71 71
0745_0040_0043_0054_0054.jpg 1 40 43 54 54
0746_0063_0026_0050_0050.jpg 1 63 26 50 50
0747_0010_0053_0084_0084.jpg 1 10 53 84 84
0748_0033_0033_0043_0043.jpg 1 33 33 43 43
0749_0044_0042_0089_0089.jpg 1 44 42 89 89
0750_0025_0009_0098_0098.jpg 1 25 9 98 98
0751_0016_0083_0041_0041.jpg 1 16 83 41 41
0752_0024_0024_0092_0092.jpg 1 24 24 92 92
0753_0049_0053_0063_0063.jpg 1 49 53 63 63
0754_0013_0030_0077_0077.jpg 1 13 30 77 77
0755_0026_0032_0087_0087.jpg 1 26 32 87 87
0756_0033_0053_0058_0058.jpg 1 33 53 58 58
0757_0066_0052_0055_0055.jpg 1 66 52 55 55
0758_0043_0025_0099_0099.jpg 1 43 25 99 99
0759_0032_0044_0041_0041.jpg 1 32 44 41 41
0760_0024_0057_0053_0053.jpg 1 24 57 53 53
0761_0078_0053_0027_0027.jpg 1 78 53 27 27
0762_0091_0056_0044_0044.jpg 1 91 56 44 44
0763_0036_0055_0054_0054.jpg 1 36 55 54 54
0764_0014_0052_0080_0080.jpg 1 14 52 80 80
0765_0031_0073_0031_0031.jpg 1 31 73 31 31
0766_0098_0111_0024_0024.jpg 1 98 111 24 24
0767_0044_0095_0035_0035.jpg 1 44 95 35 35
0768_0014_0081_0051_0051.jpg 1 14 81 51 51
0769_0051_0030_0083_0083.jpg 1 51 30 83 83
0770_0039_0015_0098_0098.jpg 1 39 15 98 98
0771_0011_0044_0096_0096.jpg 1 11 44 96 96
0772_0045_0008_0095_0095.jpg 1 45 8 95 95
0773_0070_0060_0041_0041.jpg 1 70 60 41 41
0774_0008_0040_0094_0094.jpg 1 8 40 94 94
0775_0006_0030_0099_0099.jpg 1 6 30 99 99
0776_0010_0066_0066_0066.jpg 1 10 66 66 66
0777_0012_0067_0053_0053.jpg 1 12 67 53 53
0778_0096_0058_0027_0027.jpg 1 96 58 27 27
0779_0055_0037_0085_0085.jpg 1 55 37 85 85
0780_0100_0049_0026_0026.jpg 1 100 49 26 26
0781_0036_0050_0073_0073.jpg 1 36 50 73 73
0782_0014_0030_0104_0104.jpg 1 14 30 104 104
0783_0038_0049_0046_0046.jpg 1 38 49 46 46
0784_0038_0043_0077_0077.jpg 1 38 43 77 77
0785_0037_0054_0066_0066.jpg 1 37 54 66 66
0786_0052_0039_0078_0078.jpg 1 52 39 78 78
0787_0094_0033_0032_0032.jpg 1 94 33 32 32
0788_0025_0050_0086_0086.jpg 1 25 50 86 86
0789_0057_0049_0081_0081.jpg 1 57 49 81 81
0790_0030_0024_0088_0088.jpg 1 30 24 88 88
0791_0035_0032_0084_0084.jpg 1 35 32 84 84
0792_0061_0035_0082_0082.jpg 1 61 35 82 82
0793_0074_0062_0045_0045.jpg 1 74 62 45 45
0794_0035_0104_0033_0033.jpg 1 35 104 33 33
0795_0032_0008_0085_0085.jpg 1 32 8 85 85
0796_0083_0046_0051_0051.jpg 1 83 46 51 51
0797_0030_0020_0077_0077.jpg 1 30 20 77 77
0798_0008_0020_0104_0104.jpg 1 8 20 104 104
0799_0017_0042_0066_0066.jpg 1 17 42 66 66
0800_0015_0011_0088_0088.jpg 1 15 11 88 88
0801_0062_0014_0060_0060.jpg 1 62 14 60 60
0802_0057_0065_0055_0055.jpg 1 57 65 55 55
0803_0058_0079_0026_0026.jpg 1 58 79 26 26
0804_0089_0085_0046_0046.jpg 1 89 85 46 46
0805_0026_0072_0042_0042.jpg 1 26 72 42 42
0806_0039_0038_0098_0098.jpg 1 39 38 98 98
0807_0055_0033_0025_0025.jpg 1 55 33 25 25
0808_0102_0091_0030_0030.jpg 1 102 91 30 30
0809_0013_0064_0078_0078.jpg 1 13 64 78 78
0810_0089_0016_0045_0045.jpg 1 89 16 45 45
0811_0108_0086_0027_0027.jpg 1 108 86 27 27
0812_0036_0070_0042_0042.jpg 1 36 70 42 42
0813_0015_0009_0100_0100.jpg 1 15 9 100 100
0814_0038_0034_0091_0091.jpg 1 38 34 91 91
0815_0031_0070_0054_0054.jpg 1 31 70 54 54
0816_0043_0029_0098_0098.jpg 1 43 29 98 98
0817_0049_0008_0077_0077.jpg 1 49 8 77 77
0818_0096_0085_0028_0028.jpg 1 96 85 28 28
0819_0020_0069_0037_0037.jpg 1 20 69 37 37
0820_0063_0051_0040_0040.jpg 1 63 51 40 40
0821_0041_0009_0094_0094.jpg 1 41 9 94 94
0822_0025_0056_0080_0080.jpg 1 25 56 80 80
0823_0031_0010_0090_0090.jpg 1 31 10 90 90
0824_0047_0023_0093_0093.jpg 1 47 23 93 93
0825_0044_0020_0092_0092.jpg 1 44 20 92 92
0826_0026_0021_0053_0053.jpg 1 26 21 53 53
0827_0065_0073_0034_0034.jpg 1 65 73 34 34
0828_0089_0086_0037_0037.jpg 1 89 86 37 37
0829_0016_0074_0048_0048.jpg 1 16 74 48 48
0830_0024_0053_0026_0026.jpg 1 24 53 26 26
0831_0013_0040_0077_0077.jpg 1 13 40 77 77
0832_0046_0012_0094_0094.jpg 1 46 12 94 94
0833_0076_0080_0032_0032.jpg 1 76 80 32 32
0834_0041_0080_0029_0029.jpg 1 41 80 29 29
0835_0010_0040_0087_0087.jpg 1 10 40 87 87
0836_0043_0060_0049_0049.jpg 1 43 60 49 49
0837_0023_0037_0093_0093.jpg 1 23 37 93 93
0838_0039_0038_0077_0077.jpg 1 39 38 77 77
0839_0014_0046_0069_0069.jpg 1 14 46 69 69
0840_0010_0059_0076_0076.jpg 1 10 59 76 76
0841_0015_0037_0077_0077.jpg 1 15 37 77 77
0842_0091_0077_0031_0031.jpg 1 91 77 31 31
0843_0028_0045_0044_0044.jpg 1 28 45 44 44
0844_0069_0022_0057_0057.jpg 1 69 22 57 57
0845_0021_0040_0029_0029.jpg 1 21 40 29 29
0846_0024_0023_0060_0060.jpg 1 24 23 60 60
0847_0047_0063_0075_0075.jpg 1 47 63 75 75
0848_0059_0068_0072_0072.jpg 1 59 68 72 72
0849_0045_0013_0059_0059.jpg 1 45 13 59 59
0850_0031_0026_0071_0071.jpg 1 31 26 71 71
0851_0062_0059_0067_0067.jpg 1 62 59 67 67
0852_0014_0041_0099_0099.jpg 1 14 41 99 99
0853_0028_0058_0060_0060.jpg 1 28 58 60 60
0854_0032_0023_0064_0064.jpg 1 32 23 64 64
0855_0059_0064_0065_0065.jpg 1 59 64 65 65
0856_0067_0064_0026_0026.jpg 1 67 64 26 26
0857_0011_0023_0073_0073.jpg 1 11 23 73 73
0858_0024_0024_0064_0064.jpg 1 24 24 64 64
0859_0038_0017_0057_0057.jpg 1 38 17 57 57
0860_0026_0020_0050_0050.jpg 1 26 20 50 50
0861_0029_0071_0049_0049.jpg 1 29 71 49 49
0862_0070_0053_0059_0059.jpg 1 70 53 59 59
0863_0042_0030_0068_0068.jpg 1 42 30 68 68
0864_0076_0014_0031_0031.jpg 1 76 14 31 31
0865_0044_0032_0039_0039.jpg 1 44 32 39 39
0866_0074_0014_0034_0034.jpg 1 74 14 34 34
0867_0093_0018_0034_0034.jpg 1 93 18 34 34
0868_0014_0049_0078_0078.jpg 1 14 49 78 78
0869_0013_0058_0032_0032.jpg 1 13 58 32 32
0870_0089_0097_0039_0039.jpg 1 89 97 39 39
0871_0029_0046_0086_0086.jpg 1 29 46 86 86
0872_0046_0035_0050_0050.jpg 1 46 35 50 50
0873_0043_0055_0055_0055.jpg 1 43 55 55 55
0874_0051_0068_0039_0039.jpg 1 51 68 39 39
0875_0015_0061_0066_0066.jpg 1 15 61 66 66
0876_0018_0045_0090_0090.jpg 1 18 45 90 90
0877_0056_0107_0029_0029.jpg 1 56 107 29 29
0878_0012_0035_0078_0078.jpg 1 12 35 78 78
0879_0037_0022_0045_0045.jpg 1 37 22 45 45
0880_0028_0031_0104_0104.jpg 1 28 31 104 104
0881_0039_0042_0028_0028.jpg 1 39 42 28 28
0882_0027_0028_0053_0053.jpg 1 27 28 53 53
0883_0113_0097_0024_0024.jpg 1 113 97 24 24
0884_0030_0006_0101_0101.jpg 1 30 6 101 101
0885_0036_0030_0100_0100.jpg 1 36 30 100 100
0886_0021_0026_0077_0077.jpg 1 21 26 77 77
0887_0104_0092_0024_0024.jpg 1 104 92 24 24
0888_0036_0022_0030_0030.jpg 1 36 22 30 30
0889_0091_0097_0041_0041.jpg 1 91 97 41 41
0890_0039_0035_0087_0087.jpg 1 39 35 87 87
0891_0010_0055_0073_0073.jpg 1 10 55 73 73
0892_0036_0078_0058_0058.jpg 1 36 78 58 58
0893_0013_0040_0048_0048.jpg 1 13 40 48 48
0894_0014_0038_0084_0084.jpg 1 14 38 84 84
0895_0014_0040_0068_0068.jpg 1 14 40 68 68
0896_0077_0009_0060_0060.jpg 1 77 9 60 60
0897_0067_0014_0039_0039.jpg 1 67 14 39 39
0898_0053_0049_0070_0070.jpg 1 53 49 70 70
0899_0055_0038_0068_0068.jpg 1 55 38 68 68
0900_0043_0054_0084_0084.jpg 1 43 54 84 84
0901_0054_0049_0081_0081.jpg 1 54 49 81 81
0902_0049_0035_0095_0095.jpg 1 49 35 95 95
0903_0059_0019_0032_0032.jpg 1 59 19 32 32
0904_0031_0036_0081_0081.jpg 1 31 36 81 81
0905_0010_0033_0095_0095.jpg 1 10 33 95 95
0906_0015_0047_0089_0089.jpg 1 15 47 89 89
0907_0061_0024_0077_0077.jpg 1 61 24 77 77
0908_0055_0014_0028_0028.jpg 1 55 14 28 28
0909_0047_0016_0075_0075.jpg 1 47 16 75 75
0910_0014_0076_0062_0062.jpg 1 14 76 62 62
0911_0018_0082_0049_0049.jpg 1 18 82 49 49
0912_0055_0025_0058_0058.jpg 1 55 25 58 58
0913_0031_0035_0052_0052.jpg 1 31 35 52 52
0914_0024_0022_0100_0100.jpg 1 24 22 100 100
0915_0051_0014_0086_0086.jpg 1 51 14 86 86
0916_0077_0074_0046_0046.jpg 1 77 74 46 46
0917_0089_0055_0047_0047.jpg 1 89 55 47 47
0918_0016_0030_0092_0092.jpg 1 16 30 92 92
0919_0018_0074_0057_0057.jpg 1 18 74 57 57
0920_0011_0061_0047_0047.jpg 1 11 61 47 47
0921_0041_0043_0028_0028.jpg 1 41 43 28 28
0922_0036_0061_0078_0078.jpg 1 36 61 78 78
0923_0073_0049_0056_0056.jpg 1 73 49 56 56
0924_0055_0025_0026_0026.jpg 1 55 25 26 26
0925_0027_0014_0044_0044.jpg 1 27 14 44 44
0926_0044_0012_0093_0093.jpg 1 44 12 93 93
0927_0096_0103_0026_0026.jpg 1 96 103 26 26
0928_0059_0022_0044_0044.jpg 1 59 22 44 44
0929_0017_0036_0076_0076.jpg 1 17 36 76 76
0930_0049_0056_0072_0072.jpg 1 49 56 72 72
0931_0084_0096_0036_0036.jpg 1 84 96 36 36
0932_0028_0033_0095_0095.jpg 1 28 33 95 95
0933_0062_0046_0061_0061.jpg 1 62 46 61 61
0934_0053_0017_0085_0085.jpg 1 53 17 85 85
0935_0033_0008_0096_0096.jpg 1 33 8 96 96
0936_0007_0037_0099_0099.jpg 1 7 37 99 99
0937_0045_0019_0037_0037.jpg 1 45 19 37 37
0938_0034_0084_0055_0055.jpg 1 34 84 55 55
0939_0028_0020_0096_0096.jpg 1 28 20 96 96
0940_0035_0088_0043_0043.jpg 1 35 88 43 43
0941_0028_0048_0087_0087.jpg 1 28 48 87 87
0942_0040_0011_0088_0088.jpg 1 40 11 88 88
0943_0021_0035_0083_0083.jpg 1 21 35 83 83
0944_0021_0060_0082_0082.jpg 1 21 60 82 82
0945_0028_0074_0056_0056.jpg 1 28 74 56 56
0946_0059_0061_0079_0079.jpg 1 59 61 79 79
0947_0026_0017_0063_0063.jpg 1 26 17 63 63
0948_0026_0092_0036_0036.jpg 1 26 92 36 36
0949_0014_0011_0081_0081.jpg 1 14 11 81 81
0950_0072_0044_0032_0032.jpg 1 72 44 32 32
0951_0025_0011_0097_0097.jpg 1 25 11 97 97
0952_0041_0041_0085_0085.jpg 1 41 41 85 85
0953_0065_0055_0032_0032.jpg 1 65 55 32 32
0954_0018_0012_0077_0077.jpg 1 18 12 77 77
0955_0025_0050_0088_0088.jpg 1 25 50 88 88
0956_0064_0030_0037_0037.jpg 1 64 30 37 37
0957_0075_0076_0055_0055.jpg 1 75 76 55 55
0958_0072_0085_0045_0045.jpg 1 72 85 45 45
0959_0016_0097_0032_0032.jpg 1 16 97 32 32
0960_0024_0078_0030_0030.jpg 1 24 78 30 30
0961_0102_0064_0033_0033.jpg 1 102 64 33 33
0962_0009_0039_0087_0087.jpg 1 9 39 87 87
0963_0014_0032_0083_0083.jpg 1 14 32 83 83
0964_0038_0041_0043_0043.jpg 1 38 41 43 43
0965_0008_0008_0071_0071.jpg 1 8 8 71 71
0966_0027_0060_0081_0081.jpg 1 27 60 81 81
0967_0045_0019_0061_0061.jpg 1 45 19 61 61
0968_0055_0065_0059_0059.jpg 1 55 65 59 59
0969_0009_0008_0077_0077.jpg 1 9 8 77 77
0970_0018_0026_0085_0085.jpg 1 18 26 85 85
0971_0020_0047_0091_0091.jpg 1 20 47 91 91
0972_0042_0038_0070_0070.jpg 1 42 38 70 70
0973_0014_0040_0081_0081.jpg 1 14 40 81 81
0974_0036_0014_0060_0060.jpg 1 36 14 60 60
0975_0011_0013_0095_0095.jpg 1 11 13 95 95
0976_0085_0048_0040_0040.jpg 1 85 48 40 40
0977_0075_0103_0029_0029.jpg 1 75 103 29 29
0978_0080_0049_0047_0047.jpg 1 80 49 47 47
0979_0012_0007_0074_0074.jpg 1 12 7 74 74
0980_0071_0069_0066_0066.jpg 1 71 69 66 66
0981_0041_0006_0088_0088.jpg 1 41 6 88 88
0982_0103_0093_0033_0033.jpg 1 103 93 33 33
0983_0037_0024_0089_0089.jpg 1 37 24 89 89
0984_0033_0023_0102_0102.jpg 1 33 23 102 102
0985_0018_0051_0083_0083.jpg 1 18 51 83 83
0986_0031_0008_0100_0100.jpg 1 31 8 100 100
0987_0039_0010_0098_0098.jpg 1 39 10 98 98
0988_0030_0019_0029_0029.jpg 1 30 19 29 29
0989_0055_0070_0066_0066.jpg 1 55 70 66 66
0990_0016_0059_0075_0075.jpg 1 16 59 75 75
0991_0055_0066_0032_0032.jpg 1 55 66 32 32
0992_0020_0014_0103_0103.jpg 1 20 14 103 103
0993_0010_0031_0052_0052.jpg 1 10 31 52 52
0994_0053_0040_0032_0032.jpg 1 53 40 32 32
0995_0083_0052_0043_0043.jpg 1 83 52 43 43
0996_0040_0031_0034_0034.jpg 1 40 31 34 34
0997_0074_0040_0026_0026.jpg 1 74 40 26 26
0998_0010_0028_0085_0085.jpg 1 10 28 85 85
0999_0033_0012_0089_0089.jpg 1 33 12 89 89
1000_0023_0046_0078_0078.jpg 1 23 46 78 78
