0001_0039_0026_0104_0104.jpg 1 39 26 104 104
0002_0068_0047_0059_0059.jpg 1 68 47 59 59
0003_0033_0069_0057_0057.jpg 1 33 69 57 57
0004_0053_0061_0051_0051.jpg 1 53 61 51 51
0005_0058_0089_0027_0027.jpg 1 58 89 27 27
0006_0014_0008_0071_0071.jpg 1 14 8 71 71
0007_0033_0033_0088_0088.jpg 1 33 33 88 88
0008_0008_0032_0102_0102.jpg 1 8 32 102 102
0009_0062_0037_0076_0076.jpg 1 62 37 76 76
0010_0010_0041_0066_0066.jpg 1 10 41 66 66
0011_0076_0101_0034_0034.jpg 1 76 101 34 34
0012_0031_0052_0090_0090.jpg 1 31 52 90 90
0013_0066_0041_0071_0071.jpg 1 66 41 71 71
0014_0028_0032_0077_0077.jpg 1 28 32 77 77
0015_0041_0029_0094_0094.jpg 1 41 29 94 94
0016_0062_0030_0037_0037.jpg 1 62 30 37 37
0017_0033_0044_0053_0053.jpg 1 33 44 53 53
0018_0045_0038_0087_0087.jpg 1 45 38 87 87
0019_0021_0027_0087_0087.jpg 1 21 27 87 87
0020_0006_0015_0095_0095.jpg 1 6 15 95 95
0021_0019_0027_0083_0083.jpg 1 19 27 83 83
0022_0059_0022_0041_0041.jpg 1 59 22 41 41
0023_0087_0034_0032_0032.jpg 1 87 34 32 32
0024_0025_0019_0095_0095.jpg 1 25 19 95 95
0025_0016_0074_0061_0061.jpg 1 16 74 61 61
0026_0044_0098_0033_0033.jpg 1 44 98 33 33
0027_0042_0046_0076_0076.jpg 1 42 46 76 76
0028_0025_0026_0080_0080.jpg 1 25 26 80 80
0029_0006_0033_0086_0086.jpg 1 6 33 86 86
0030_0048_0093_0032_0032.jpg 1 48 93 32 32
0031_0059_0021_0053_0053.jpg 1 59 21 53 53
0032_0069_0048_0056_0056.jpg 1 69 48 56 56
0033_0030_0023_0103_0103.jpg 1 30 23 103 103
0034_0020_0013_0068_0068.jpg 1 20 13 68 68
0035_0020_0014_0076_0076.jpg 1 20 14 76 76
0036_0035_0020_0103_0103.jpg 1 35 20 103 103
0037_0053_0059_0054_0054.jpg 1 53 59 54 54
0038_0057_0051_0046_0046.jpg 1 57 51 46 46
0039_0051_0048_0092_0092.jpg 1 51 48 92 92
0040_0066_0086_0053_0053.jpg 1 66 86 53 53
0041_0011_0045_0095_0095.jpg 1 11 45 95 95
0042_0101_0033_0029_0029.jpg 1 101 33 29 29
0043_0076_0059_0027_0027.jpg 1 76 59 27 27
0044_0057_0038_0080_0080.jpg 1 57 38 80 80
0045_0091_0013_0031_0031.jpg 1 91 13 31 31
0046_0019_0053_0084_0084.jpg 1 19 53 84 84
0047_0006_0012_0096_0096.jpg 1 6 12 96 96
0048_0048_0057_0062_0062.jpg 1 48 57 62 62
0049_0050_0051_0085_0085.jpg 1 50 51 85 85
0050_0070_0035_0037_0037.jpg 1 70 35 37 37
0051_0053_0064_0058_0058.jpg 1 53 64 58 58
0052_0091_0019_0044_0044.jpg 1 91 19 44 44
0053_0077_0047_0043_0043.jpg 1 77 47 43 43
0054_0061_0036_0024_0024.jpg 1 61 36 24 24
0055_0105_0082_0028_0028.jpg 1 105 82 28 28
0056_0036_0009_0101_0101.jpg 1 36 9 101 101
0057_0019_0036_0034_0034.jpg 1 19 36 34 34
0058_0036_0063_0031_0031.jpg 1 36 63 31 31
0059_0067_0091_0034_0034.jpg 1 67 91 34 34
0060_0035_0081_0047_0047.jpg 1 35 81 47 47
0061_0071_0011_0069_0069.jpg 1 71 11 69 69
0062_0034_0085_0048_0048.jpg 1 34 85 48 48
0063_0025_0008_0085_0085.jpg 1 25 8 85 85
0064_0049_0057_0081_0081.jpg 1 49 57 81 81
0065_0037_0019_0103_0103.jpg 1 37 19 103 103
0066_0038_0079_0034_0034.jpg 1 38 79 34 34
0067_0029_0078_0042_0042.jpg 1 29 78 42 42
0068_0023_0088_0044_0044.jpg 1 23 88 44 44
0069_0012_0060_0064_0064.jpg 1 12 60 64 64
0070_0048_0072_0034_0034.jpg 1 48 72 34 34
0071_0077_0026_0031_0031.jpg 1 77 26 31 31
0072_0087_0013_0031_0031.jpg 1 87 13 31 31
0073_0092_0095_0041_0041.jpg 1 92 95 41 41
0074_0012_0073_0059_0059.jpg 1 12 73 59 59
0075_0075_0048_0063_0063.jpg 1 75 48 63 63
0076_0050_0019_0024_0024.jpg 1 50 19 24 24
0077_0015_0029_0082_0082.jpg 1 15 29 82 82
0078_0040_0021_0077_0077.jpg 1 40 21 77 77
0079_0035_0023_0037_0037.jpg 1 35 23 37 37
0080_0073_0078_0034_0034.jpg 1 73 78 34 34
0081_0018_0048_0044_0044.jpg 1 18 48 44 44
0082_0047_0100_0037_0037.jpg 1 47 100 37 37
0083_0071_0081_0049_0049.jpg 1 71 81 49 49
0084_0013_0018_0036_0036.jpg 1 13 18 36 36
0085_0047_0036_0061_0061.jpg 1 47 36 61 61
0086_0012_0025_0045_0045.jpg 1 12 25 45 45
0087_0006_0045_0092_0092.jpg 1 6 45 92 92
0088_0011_0067_0037_0037.jpg 1 11 67 37 37
0089_0095_0075_0040_0040.jpg 1 95 75 40 40
0090_0062_0056_0029_0029.jpg 1 62 56 29 29
0091_0052_0034_0075_0075.jpg 1 52 34 75 75
0092_0009_0026_0077_0077.jpg 1 9 26 77 77
0093_0011_0005_0095_0095.jpg 1 11 5 95 95
0094_0040_0040_0074_0074.jpg 1 40 40 74 74
0095_0024_0012_0095_0095.jpg 1 24 12 95 95
0096_0057_0063_0079_0079.jpg 1 57 63 79 79
0097_0015_0079_0034_0034.jpg 1 15 79 34 34
0098_0013_0015_0081_0081.jpg 1 13 15 81 81
0099_0068_0013_0029_0029.jpg 1 68 13 29 29
0100_0074_0022_0025_0025.jpg 1 74 22 25 25
0101_0063_0019_0073_0073.jpg 1 63 19 73 73
0102_0043_0028_0083_0083.jpg 1 43 28 83 83
0103_0038_0046_0057_0057.jpg 1 38 46 57 57
0104_0013_0017_0076_0076.jpg 1 13 17 76 76
0105_0026_0029_0077_0077.jpg 1 26 29 77 77
0106_0007_0008_0102_0102.jpg 1 7 8 102 102
0107_0040_0031_0058_0058.jpg 1 40 31 58 58
0108_0011_0015_0090_0090.jpg 1 11 15 90 90
0109_0023_0044_0091_0091.jpg 1 23 44 91 91
0110_0021_0063_0068_0068.jpg 1 21 63 68 68
0111_0026_0016_0104_0104.jpg 1 26 16 104 104
0112_0049_0058_0084_0084.jpg 1 49 58 84 84
0113_0040_0018_0089_0089.jpg 1 40 18 89 89
0114_0014_0010_0104_0104.jpg 1 14 10 104 104
0115_0013_0022_0062_0062.jpg 1 13 22 62 62
0116_0008_0029_0066_0066.jpg 1 8 29 66 66
0117_0065_0043_0029_0029.jpg 1 65 43 29 29
0118_0021_0023_0054_0054.jpg 1 21 23 54 54
0119_0038_0015_0102_0102.jpg 1 38 15 102 102
0120_0008_0011_0095_0095.jpg 1 8 11 95 95
0121_0040_0057_0068_0068.jpg 1 40 57 68 68
0122_0053_0014_0088_0088.jpg 1 53 14 88 88
0123_0026_0038_0057_0057.jpg 1 26 38 57 57
0124_0055_0043_0071_0071.jpg 1 55 43 71 71
0125_0064_0021_0047_0047.jpg 1 64 21 47 47
0126_0053_0040_0079_0079.jpg 1 53 40 79 79
0127_0047_0070_0061_0061.jpg 1 47 70 61 61
0128_0049_0023_0045_0045.jpg 1 49 23 45 45
0129_0060_0032_0056_0056.jpg 1 60 32 56 56
0130_0040_0021_0044_0044.jpg 1 40 21 44 44
0131_0036_0024_0095_0095.jpg 1 36 24 95 95
0132_0046_0039_0054_0054.jpg 1 46 39 54 54
0133_0038_0057_0063_0063.jpg 1 38 57 63 63
0134_0025_0046_0050_0050.jpg 1 25 46 50 50
0135_0063_0026_0045_0045.jpg 1 63 26 45 45
0136_0010_0055_0056_0056.jpg 1 10 55 56 56
0137_0025_0066_0043_0043.jpg 1 25 66 43 43
0138_0041_0032_0101_0101.jpg 1 41 32 101 101
0139_0052_0046_0044_0044.jpg 1 52 46 44 44
0140_0029_0049_0071_0071.jpg 1 29 49 71 71
0141_0070_0074_0053_0053.jpg 1 70 74 53 53
0142_0020_0056_0054_0054.jpg 1 20 56 54 54
0143_0062_0063_0077_0077.jpg 1 62 63 77 77
0144_0081_0067_0050_0050.jpg 1 81 67 50 50
0145_0029_0065_0041_0041.jpg 1 29 65 41 41
0146_0088_0057_0046_0046.jpg 1 88 57 46 46
0147_0041_0017_0087_0087.jpg 1 41 17 87 87
0148_0020_0007_0102_0102.jpg 1 20 7 102 102
0149_0056_0054_0059_0059.jpg 1 56 54 59 59
0150_0037_0025_0048_0048.jpg 1 37 25 48 48
0151_0030_0047_0083_0083.jpg 1 30 47 83 83
0152_0037_0024_0046_0046.jpg 1 37 24 46 46
0153_0072_0072_0062_0062.jpg 1 72 72 62 62
0154_0042_0033_0082_0082.jpg 1 42 33 82 82
0155_0069_0029_0028_0028.jpg 1 69 29 28 28
0156_0049_0015_0063_0063.jpg 1 49 15 63 63
0157_0076_0065_0064_0064.jpg 1 76 65 64 64
0158_0079_0038_0060_0060.jpg 1 79 38 60 60
0159_0079_0028_0033_0033.jpg 1 79 28 33 33
0160_0023_0019_0058_0058.jpg 1 23 19 58 58
0161_0043_0093_0027_0027.jpg 1 43 93 27 27
0162_0089_0015_0038_0038.jpg 1 89 15 38 38
0163_0028_0017_0094_0094.jpg 1 28 17 94 94
0164_0076_0085_0024_0024.jpg 1 76 85 24 24
0165_0024_0064_0069_0069.jpg 1 24 64 69 69
0166_0043_0069_0030_0030.jpg 1 43 69 30 30
0167_0012_0017_0037_0037.jpg 1 12 17 37 37
0168_0008_0023_0081_0081.jpg 1 8 23 81 81
0169_0106_0083_0029_0029.jpg 1 106 83 29 29
0170_0050_0035_0062_0062.jpg 1 50 35 62 62
0171_0079_0025_0050_0050.jpg 1 79 25 50 50
0172_0071_0017_0061_0061.jpg 1 71 17 61 61
0173_0028_0017_0085_0085.jpg 1 28 17 85 85
0174_0041_0038_0083_0083.jpg 1 41 38 83 83
0175_0012_0043_0097_0097.jpg 1 12 43 97 97
0176_0026_0040_0055_0055.jpg 1 26 40 55 55
0177_0032_0038_0102_0102.jpg 1 32 38 102 102
0178_0047_0016_0086_0086.jpg 1 47 16 86 86
0179_0059_0007_0080_0080.jpg 1 59 7 80 80
0180_0020_0040_0056_0056.jpg 1 20 40 56 56
0181_0011_0024_0037_0037.jpg 1 11 24 37 37
0182_0030_0017_0069_0069.jpg 1 30 17 69 69
0183_0006_0036_0097_0097.jpg 1 6 36 97 97
0184_0085_0044_0048_0048.jpg 1 85 44 48 48
0185_0024_0033_0086_0086.jpg 1 24 33 86 86
0186_0010_0034_0078_0078.jpg 1 10 34 78 78
0187_0073_0098_0028_0028.jpg 1 73 98 28 28
0188_0029_0010_0076_0076.jpg 1 29 10 76 76
0189_0073_0013_0059_0059.jpg 1 73 13 59 59
0190_0015_0020_0099_0099.jpg 1 15 20 99 99
0191_0047_0021_0095_0095.jpg 1 47 21 95 95
0192_0011_0035_0045_0045.jpg 1 11 35 45 45
0193_0010_0050_0086_0086.jpg 1 10 50 86 86
0194_0005_0035_0104_0104.jpg 1 5 35 104 104
0195_0049_0051_0030_0030.jpg 1 49 51 30 30
0196_0071_0049_0068_0068.jpg 1 71 49 68 68
0197_0058_0028_0079_0079.jpg 1 58 28 79 79
0198_0075_0036_0064_0064.jpg 1 75 36 64 64
0199_0021_0037_0099_0099.jpg 1 21 37 99 99
0200_0086_0023_0051_0051.jpg 1 86 23 51 51
0201_0042_0083_0052_0052.jpg 1 42 83 52 52
0202_0023_0039_0094_0094.jpg 1 23 39 94 94
0203_0015_0022_0098_0098.jpg 1 15 22 98 98
0204_0038_0013_0093_0093.jpg 1 38 13 93 93
0205_0025_0053_0089_0089.jpg 1 25 53 89 89
0206_0047_0050_0062_0062.jpg 1 47 50 62 62
0207_0024_0024_0085_0085.jpg 1 24 24 85 85
0208_0095_0056_0025_0025.jpg 1 95 56 25 25
0209_0060_0057_0071_0071.jpg 1 60 57 71 71
0210_0057_0025_0071_0071.jpg 1 57 25 71 71
0211_0030_0012_0048_0048.jpg 1 30 12 48 48
0212_0034_0049_0069_0069.jpg 1 34 49 69 69
0213_0092_0015_0032_0032.jpg 1 92 15 32 32
0214_0037_0044_0098_0098.jpg 1 37 44 98 98
0215_0030_0027_0100_0100.jpg 1 30 27 100 100
0216_0109_0057_0025_0025.jpg 1 109 57 25 25
0217_0063_0024_0056_0056.jpg 1 63 24 56 56
0218_0015_0018_0081_0081.jpg 1 15 18 81 81
0219_0025_0024_0064_0064.jpg 1 25 24 64 64
0220_0044_0026_0095_0095.jpg 1 44 26 95 95
0221_0024_0016_0035_0035.jpg 1 24 16 35 35
0222_0016_0020_0045_0045.jpg 1 16 20 45 45
0223_0039_0061_0026_0026.jpg 1 39 61 26 26
0224_0067_0056_0070_0070.jpg 1 67 56 70 70
0225_0028_0098_0039_0039.jpg 1 28 98 39 39
0226_0049_0058_0045_0045.jpg 1 49 58 45 45
0227_0059_0039_0032_0032.jpg 1 59 39 32 32
0228_0022_0044_0093_0093.jpg 1 22 44 93 93
0229_0049_0039_0048_0048.jpg 1 49 39 48 48
0230_0050_0097_0033_0033.jpg 1 50 97 33 33
0231_0055_0010_0070_0070.jpg 1 55 10 70 70
0232_0040_0043_0087_0087.jpg 1 40 43 87 87
0233_0033_0039_0096_0096.jpg 1 33 39 96 96
0234_0057_0082_0027_0027.jpg 1 57 82 27 27
0235_0036_0022_0060_0060.jpg 1 36 22 60 60
0236_0017_0045_0050_0050.jpg 1 17 45 50 50
0237_0047_0027_0085_0085.jpg 1 47 27 85 85
0238_0012_0070_0052_0052.jpg 1 12 70 52 52
0239_0061_0098_0030_0030.jpg 1 61 98 30 30
0240_0032_0017_0033_0033.jpg 1 32 17 33 33
0241_0024_0041_0079_0079.jpg 1 24 41 79 79
0242_0074_0049_0067_0067.jpg 1 74 49 67 67
0243_0034_0008_0073_0073.jpg 1 34 8 73 73
0244_0062_0061_0044_0044.jpg 1 62 61 44 44
0245_0056_0033_0084_0084.jpg 1 56 33 84 84
0246_0015_0022_0064_0064.jpg 1 15 22 64 64
0247_0042_0014_0053_0053.jpg 1 42 14 53 53
0248_0029_0034_0082_0082.jpg 1 29 34 82 82
0249_0019_0028_0103_0103.jpg 1 19 28 103 103
0250_0042_0033_0061_0061.jpg 1 42 33 61 61
0251_0015_0017_0046_0046.jpg 1 15 17 46 46
0252_0053_0027_0086_0086.jpg 1 53 27 86 86
0253_0067_0012_0047_0047.jpg 1 67 12 47 47
0254_0035_0031_0099_0099.jpg 1 35 31 99 99
0255_0014_0016_0094_0094.jpg 1 14 16 94 94
0256_0008_0045_0084_0084.jpg 1 8 45 84 84
0257_0077_0084_0043_0043.jpg 1 77 84 43 43
0258_0036_0030_0076_0076.jpg 1 36 30 76 76
0259_0013_0012_0084_0084.jpg 1 13 12 84 84
0260_0048_0035_0076_0076.jpg 1 48 35 76 76
0261_0091_0084_0046_0046.jpg 1 91 84 46 46
0262_0047_0036_0039_0039.jpg 1 47 36 39 39
0263_0071_0026_0024_0024.jpg 1 71 26 24 24
0264_0020_0076_0058_0058.jpg 1 20 76 58 58
0265_0056_0036_0065_0065.jpg 1 56 36 65 65
0266_0013_0063_0066_0066.jpg 1 13 63 66 66
0267_0048_0046_0071_0071.jpg 1 48 46 71 71
0268_0074_0055_0049_0049.jpg 1 74 55 49 49
0269_0017_0067_0067_0067.jpg 1 17 67 67 67
0270_0032_0075_0033_0033.jpg 1 32 75 33 33
0271_0022_0047_0064_0064.jpg 1 22 47 64 64
0272_0036_0040_0046_0046.jpg 1 36 40 46 46
0273_0039_0025_0073_0073.jpg 1 39 25 73 73
0274_0012_0049_0076_0076.jpg 1 12 49 76 76
0275_0060_0047_0078_0078.jpg 1 60 47 78 78
0276_0069_0052_0049_0049.jpg 1 69 52 49 49
0277_0035_0064_0075_0075.jpg 1 35 64 75 75
0278_0048_0007_0077_0077.jpg 1 48 7 77 77
0279_0020_0096_0035_0035.jpg 1 20 96 35 35
0280_0013_0035_0103_0103.jpg 1 13 35 103 103
0281_0066_0049_0058_0058.jpg 1 66 49 58 58
0282_0082_0033_0040_0040.jpg 1 82 33 40 40
0283_0043_0021_0064_0064.jpg 1 43 21 64 64
0284_0006_0027_0097_0097.jpg 1 6 27 97 97
0285_0020_0014_0088_0088.jpg 1 20 14 88 88
0286_0043_0045_0056_0056.jpg 1 43 45 56 56
0287_0025_0023_0062_0062.jpg 1 25 23 62 62
0288_0027_0075_0025_0025.jpg 1 27 75 25 25
0289_0027_0036_0067_0067.jpg 1 27 36 67 67
0290_0039_0046_0075_0075.jpg 1 39 46 75 75
0291_0013_0018_0095_0095.jpg 1 13 18 95 95
0292_0096_0018_0033_0033.jpg 1 96 18 33 33
0293_0021_0044_0072_0072.jpg 1 21 44 72 72
0294_0037_0084_0042_0042.jpg 1 37 84 42 42
0295_0040_0063_0042_0042.jpg 1 40 63 42 42
0296_0063_0061_0065_0065.jpg 1 63 61 65 65
0297_0030_0072_0066_0066.jpg 1 30 72 66 66
0298_0079_0067_0042_0042.jpg 1 79 67 42 42
0299_0026_0014_0097_0097.jpg 1 26 14 97 97
0300_0087_0051_0041_0041.jpg 1 87 51 41 41
0301_0057_0043_0073_0073.jpg 1 57 43 73 73
0302_0016_0036_0098_0098.jpg 1 16 36 98 98
0303_0039_0075_0024_0024.jpg 1 39 75 24 24
0304_0030_0020_0100_0100.jpg 1 30 20 100 100
0305_0014_0007_0095_0095.jpg 1 14 7 95 95
0306_0028_0011_0062_0062.jpg 1 28 11 62 62
0307_0013_0068_0035_0035.jpg 1 13 68 35 35
0308_0011_0086_0038_0038.jpg 1 11 86 38 38
0309_0077_0039_0043_0043.jpg 1 77 39 43 43
0310_0020_0014_0095_0095.jpg 1 20 14 95 95
0311_0027_0027_0087_0087.jpg 1 27 27 87 87
0312_0061_0081_0057_0057.jpg 1 61 81 57 57
0313_0057_0040_0059_0059.jpg 1 57 40 59 59
0314_0051_0077_0033_0033.jpg 1 51 77 33 33
0315_0030_0066_0034_0034.jpg 1 30 66 34 34
0316_0069_0091_0024_0024.jpg 1 69 91 24 24
0317_0021_0034_0099_0099.jpg 1 21 34 99 99
0318_0020_0083_0046_0046.jpg 1 20 83 46 46
0319_0034_0018_0052_0052.jpg 1 34 18 52 52
0320_0038_0051_0051_0051.jpg 1 38 51 51 51
0321_0024_0049_0085_0085.jpg 1 24 49 85 85
0322_0009_0020_0076_0076.jpg 1 9 20 76 76
0323_0065_0058_0055_0055.jpg 1 65 58 55 55
0324_0023_0032_0081_0081.jpg 1 23 32 81 81
0325_0087_0061_0038_0038.jpg 1 87 61 38 38
0326_0046_0040_0071_0071.jpg 1 46 40 71 71
0327_0068_0028_0073_0073.jpg 1 68 28 73 73
0328_0030_0031_0070_0070.jpg 1 30 31 70 70
0329_0035_0063_0055_0055.jpg 1 35 63 55 55
0330_0029_0019_0078_0078.jpg 1 29 19 78 78
0331_0036_0052_0089_0089.jpg 1 36 52 89 89
0332_0040_0058_0063_0063.jpg 1 40 58 63 63
0333_0027_0019_0065_0065.jpg 1 27 19 65 65
0334_0038_0087_0041_0041.jpg 1 38 87 41 41
0335_0105_0051_0026_0026.jpg 1 105 51 26 26
0336_0031_0005_0102_0102.jpg 1 31 5 102 102
0337_0019_0028_0028_0028.jpg 1 19 28 28 28
0338_0044_0016_0042_0042.jpg 1 44 16 42 42
0339_0020_0084_0039_0039.jpg 1 20 84 39 39
0340_0058_0069_0073_0073.jpg 1 58 69 73 73
0341_0045_0046_0075_0075.jpg 1 45 46 75 75
0342_0009_0011_0076_0076.jpg 1 9 11 76 76
0343_0039_0039_0072_0072.jpg 1 39 39 72 72
0344_0050_0020_0034_0034.jpg 1 50 20 34 34
0345_0037_0053_0069_0069.jpg 1 37 53 69 69
0346_0024_0012_0102_0102.jpg 1 24 12 102 102
0347_0083_0058_0026_0026.jpg 1 83 58 26 26
0348_0042_0086_0045_0045.jpg 1 42 86 45 45
0349_0035_0037_0030_0030.jpg 1 35 37 30 30
0350_0041_0047_0059_0059.jpg 1 41 47 59 59
0351_0045_0031_0027_0027.jpg 1 45 31 27 27
0352_0010_0045_0083_0083.jpg 1 10 45 83 83
0353_0039_0024_0066_0066.jpg 1 39 24 66 66
0354_0038_0068_0038_0038.jpg 1 38 68 38 38
0355_0043_0038_0056_0056.jpg 1 43 38 56 56
0356_0014_0030_0103_0103.jpg 1 14 30 103 103
0357_0071_0047_0030_0030.jpg 1 71 47 30 30
0358_0059_0059_0084_0084.jpg 1 59 59 84 84
0359_0013_0040_0071_0071.jpg 1 13 40 71 71
0360_0043_0033_0068_0068.jpg 1 43 33 68 68
0361_0036_0056_0047_0047.jpg 1 36 56 47 47
0362_0104_0022_0027_0027.jpg 1 104 22 27 27
0363_0082_0077_0052_0052.jpg 1 82 77 52 52
0364_0111_0029_0026_0026.jpg 1 111 29 26 26
0365_0017_0084_0032_0032.jpg 1 17 84 32 32
0366_0076_0067_0039_0039.jpg 1 76 67 39 39
0367_0025_0039_0088_0088.jpg 1 25 39 88 88
0368_0051_0043_0040_0040.jpg 1 51 43 40 40
0369_0027_0009_0086_0086.jpg 1 27 9 86 86
0370_0027_0031_0078_0078.jpg 1 27 31 78 78
0371_0039_0043_0045_0045.jpg 1 39 43 45 45
0372_0022_0020_0079_0079.jpg 1 22 20 79 79
0373_0062_0010_0060_0060.jpg 1 62 10 60 60
0374_0081_0082_0049_0049.jpg 1 81 82 49 49
0375_0063_0051_0058_0058.jpg 1 63 51 58 58
0376_0048_0059_0081_0081.jpg 1 48 59 81 81
0377_0042_0101_0032_0032.jpg 1 42 101 32 32
0378_0040_0033_0091_0091.jpg 1 40 33 91 91
0379_0044_0045_0093_0093.jpg 1 44 45 93 93
0380_0039_0018_0095_0095.jpg 1 39 18 95 95
0381_0075_0081_0040_0040.jpg 1 75 81 40 40
0382_0089_0084_0036_0036.jpg 1 89 84 36 36
0383_0079_0036_0030_0030.jpg 1 79 36 30 30
0384_0035_0055_0060_0060.jpg 1 35 55 60 60
0385_0046_0035_0080_0080.jpg 1 46 35 80 80
0386_0042_0029_0026_0026.jpg 1 42 29 26 26
0387_0010_0040_0100_0100.jpg 1 10 40 100 100
0388_0061_0098_0029_0029.jpg 1 61 98 29 29
0389_0086_0085_0032_0032.jpg 1 86 85 32 32
0390_0021_0019_0089_0089.jpg 1 21 19 89 89
0391_0086_0039_0047_0047.jpg 1 86 39 47 47
0392_0029_0014_0092_0092.jpg 1 29 14 92 92
0393_0026_0022_0093_0093.jpg 1 26 22 93 93
0394_0026_0017_0088_0088.jpg 1 26 17 88 88
0395_0032_0055_0067_0067.jpg 1 32 55 67 67
0396_0032_0049_0035_0035.jpg 1 32 49 35 35
0397_0017_0032_0027_0027.jpg 1 17 32 27 27
0398_0027_0048_0031_0031.jpg 1 27 48 31 31
0399_0048_0055_0047_0047.jpg 1 48 55 47 47
0400_0014_0028_0075_0075.jpg 1 14 28 75 75
0401_0075_0017_0034_0034.jpg 1 75 17 34 34
0402_0018_0044_0035_0035.jpg 1 18 44 35 35
0403_0018_0027_0084_0084.jpg 1 18 27 84 84
0404_0059_0022_0029_0029.jpg 1 59 22 29 29
0405_0011_0045_0072_0072.jpg 1 11 45 72 72
0406_0085_0036_0044_0044.jpg 1 85 36 44 44
0407_0041_0021_0042_0042.jpg 1 41 21 42 42
0408_0070_0071_0061_0061.jpg 1 70 71 61 61
0409_0025_0007_0085_0085.jpg 1 25 7 85 85
0410_0007_0026_0100_0100.jpg 1 7 26 100 100
0411_0043_0031_0100_0100.jpg 1 43 31 100 100
0412_0042_0063_0051_0051.jpg 1 42 63 51 51
0413_0015_0060_0030_0030.jpg 1 15 60 30 30
0414_0023_0043_0102_0102.jpg 1 23 43 102 102
0415_0039_0038_0081_0081.jpg 1 39 38 81 81
0416_0007_0015_0083_0083.jpg 1 7 15 83 83
0417_0052_0033_0045_0045.jpg 1 52 33 45 45
0418_0076_0057_0038_0038.jpg 1 76 57 38 38
0419_0029_0016_0084_0084.jpg 1 29 16 84 84
0420_0042_0048_0047_0047.jpg 1 42 48 47 47
0421_0058_0025_0052_0052.jpg 1 58 25 52 52
0422_0025_0063_0061_0061.jpg 1 25 63 61 61
0423_0032_0040_0058_0058.jpg 1 32 40 58 58
0424_0014_0040_0085_0085.jpg 1 14 40 85 85
0425_0038_0017_0101_0101.jpg 1 38 17 101 101
0426_0044_0063_0033_0033.jpg 1 44 63 33 33
0427_0081_0079_0047_0047.jpg 1 81 79 47 47
0428_0036_0040_0067_0067.jpg 1 36 40 67 67
0429_0012_0061_0033_0033.jpg 1 12 61 33 33
0430_0040_0034_0036_0036.jpg 1 40 34 36 36
0431_0057_0017_0078_0078.jpg 1 57 17 78 78
0432_0078_0046_0043_0043.jpg 1 78 46 43 43
0433_0095_0016_0040_0040.jpg 1 95 16 40 40
0434_0031_0031_0081_0081.jpg 1 31 31 81 81
0435_0066_0095_0031_0031.jpg 1 66 95 31 31
0436_0067_0031_0024_0024.jpg 1 67 31 24 24
0437_0051_0025_0082_0082.jpg 1 51 25 82 82
0438_0007_0043_0097_0097.jpg 1 7 43 97 97
0439_0025_0012_0089_0089.jpg 1 25 12 89 89
0440_0034_0041_0064_0064.jpg 1 34 41 64 64
0441_0028_0050_0039_0039.jpg 1 28 50 39 39
0442_0041_0009_0097_0097.jpg 1 41 9 97 97
0443_0034_0018_0099_0099.jpg 1 34 18 99 99
0444_0069_0041_0056_0056.jpg 1 69 41 56 56
0445_0048_0048_0090_0090.jpg 1 48 48 90 90
0446_0028_0044_0065_0065.jpg 1 28 44 65 65
0447_0024_0090_0036_0036.jpg 1 24 90 36 36
0448_0056_0061_0073_0073.jpg 1 56 61 73 73
0449_0033_0039_0102_0102.jpg 1 33 39 102 102
0450_0094_0074_0044_0044.jpg 1 94 74 44 44
0451_0034_0048_0090_0090.jpg 1 34 48 90 90
0452_0038_0012_0072_0072.jpg 1 38 12 72 72
0453_0042_0029_0061_0061.jpg 1 42 29 61 61
0454_0014_0049_0083_0083.jpg 1 14 49 83 83
0455_0010_0060_0077_0077.jpg 1 10 60 77 77
0456_0038_0040_0090_0090.jpg 1 38 40 90 90
0457_0009_0036_0086_0086.jpg 1 9 36 86 86
0458_0065_0062_0057_0057.jpg 1 65 62 57 57
0459_0040_0024_0088_0088.jpg 1 40 24 88 88
0460_0095_0083_0040_0040.jpg 1 95 83 40 40
0461_0091_0102_0031_0031.jpg 1 91 102 31 31
0462_0024_0062_0078_0078.jpg 1 24 62 78 78
0463_0019_0024_0103_0103.jpg 1 19 24 103 103
0464_0044_0022_0078_0078.jpg 1 44 22 78 78
0465_0012_0068_0055_0055.jpg 1 12 68 55 55
0466_0063_0032_0051_0051.jpg 1 63 32 51 51
0467_0046_0071_0029_0029.jpg 1 46 71 29 29
0468_0013_0070_0046_0046.jpg 1 13 70 46 46
0469_0006_0042_0101_0101.jpg 1 6 42 101 101
0470_0022_0038_0087_0087.jpg 1 22 38 87 87
0471_0030_0036_0097_0097.jpg 1 30 36 97 97
0472_0105_0079_0026_0026.jpg 1 105 79 26 26
0473_0012_0050_0059_0059.jpg 1 12 50 59 59
0474_0028_0059_0042_0042.jpg 1 28 59 42 42
0475_0018_0011_0100_0100.jpg 1 18 11 100 100
0476_0040_0034_0073_0073.jpg 1 40 34 73 73
0477_0035_0088_0044_0044.jpg 1 35 88 44 44
0478_0031_0050_0066_0066.jpg 1 31 50 66 66
0479_0065_0034_0059_0059.jpg 1 65 34 59 59
0480_0017_0036_0104_0104.jpg 1 17 36 104 104
0481_0018_0081_0052_0052.jpg 1 18 81 52 52
0482_0023_0050_0034_0034.jpg 1 23 50 34 34
0483_0093_0069_0032_0032.jpg 1 93 69 32 32
0484_0036_0028_0090_0090.jpg 1 36 28 90 90
0485_0030_0032_0060_0060.jpg 1 30 32 60 60
0486_0018_0058_0073_0073.jpg 1 18 58 73 73
0487_0055_0039_0047_0047.jpg 1 55 39 47 47
0488_0059_0033_0053_0053.jpg 1 59 33 53 53
0489_0026_0060_0077_0077.jpg 1 26 60 77 77
0490_0041_0035_0080_0080.jpg 1 41 35 80 80
0491_0018_0034_0050_0050.jpg 1 18 34 50 50
0492_0025_0036_0087_0087.jpg 1 25 36 87 87
0493_0026_0019_0098_0098.jpg 1 26 19 98 98
0494_0020_0048_0072_0072.jpg 1 20 48 72 72
0495_0082_0036_0034_0034.jpg 1 82 36 34 34
0496_0036_0061_0081_0081.jpg 1 36 61 81 81
0497_0032_0088_0047_0047.jpg 1 32 88 47 47
0498_0056_0049_0066_0066.jpg 1 56 49 66 66
0499_0015_0024_0088_0088.jpg 1 15 24 88 88
0500_0072_0045_0037_0037.jpg 1 72 45 37 37
0501_0095_0018_0034_0034.jpg 1 95 18 34 34
0502_0058_0062_0055_0055.jpg 1 58 62 55 55
0503_0053_0056_0064_0064.jpg 1 53 56 64 64
0504_0034_0017_0089_0089.jpg 1 34 17 89 89
0505_0056_0100_0038_0038.jpg 1 56 100 38 38
0506_0051_0078_0033_0033.jpg 1 51 78 33 33
0507_0024_0014_0088_0088.jpg 1 24 14 88 88
0508_0063_0095_0035_0035.jpg 1 63 95 35 35
0509_0067_0035_0045_0045.jpg 1 67 35 45 45
0510_0083_0064_0052_0052.jpg 1 83 64 52 52
0511_0023_0032_0077_0077.jpg 1 23 32 77 77
0512_0047_0021_0074_0074.jpg 1 47 21 74 74
0513_0034_0037_0057_0057.jpg 1 34 37 57 57
0514_0086_0056_0024_0024.jpg 1 86 56 24 24
0515_0027_0043_0086_0086.jpg 1 27 43 86 86
0516_0048_0059_0061_0061.jpg 1 48 59 61 61
0517_0060_0060_0072_0072.jpg 1 60 60 72 72
0518_0056_0054_0073_0073.jpg 1 56 54 73 73
0519_0034_0015_0084_0084.jpg 1 34 15 84 84
0520_0047_0024_0091_0091.jpg 1 47 24 91 91
0521_0048_0038_0071_0071.jpg 1 48 38 71 71
0522_0058_0013_0071_0071.jpg 1 58 13 71 71
0523_0038_0042_0079_0079.jpg 1 38 42 79 79
0524_0063_0067_0069_0069.jpg 1 63 67 69 69
0525_0021_0054_0075_0075.jpg 1 21 54 75 75
0526_0025_0083_0050_0050.jpg 1 25 83 50 50
0527_0082_0031_0049_0049.jpg 1 82 31 49 49
0528_0083_0058_0029_0029.jpg 1 83 58 29 29
0529_0012_0038_0103_0103.jpg 1 12 38 103 103
0530_0071_0076_0046_0046.jpg 1 71 76 46 46
0531_0053_0026_0075_0075.jpg 1 53 26 75 75
0532_0095_0026_0029_0029.jpg 1 95 26 29 29
0533_0056_0057_0040_0040.jpg 1 56 57 40 40
0534_0065_0080_0025_0025.jpg 1 65 80 25 25
0535_0025_0012_0102_0102.jpg 1 25 12 102 102
0536_0071_0042_0064_0064.jpg 1 71 42 64 64
0537_0043_0020_0098_0098.jpg 1 43 20 98 98
0538_0028_0014_0095_0095.jpg 1 28 14 95 95
0539_0069_0053_0054_0054.jpg 1 69 53 54 54
0540_0088_0028_0048_0048.jpg 1 88 28 48 48
0541_0045_0041_0095_0095.jpg 1 45 41 95 95
0542_0045_0026_0060_0060.jpg 1 45 26 60 60
0543_0042_0064_0074_0074.jpg 1 42 64 74 74
0544_0021_0046_0079_0079.jpg 1 21 46 79 79
0545_0011_0037_0092_0092.jpg 1 11 37 92 92
0546_0043_0049_0088_0088.jpg 1 43 49 88 88
0547_0030_0032_0092_0092.jpg 1 30 32 92 92
0548_0065_0062_0063_0063.jpg 1 65 62 63 63
0549_0013_0046_0039_0039.jpg 1 13 46 39 39
0550_0026_0072_0049_0049.jpg 1 26 72 49 49
0551_0033_0029_0091_0091.jpg 1 33 29 91 91
0552_0011_0078_0036_0036.jpg 1 11 78 36 36
0553_0071_0051_0059_0059.jpg 1 71 51 59 59
0554_0078_0021_0050_0050.jpg 1 78 21 50 50
0555_0044_0019_0086_0086.jpg 1 44 19 86 86
0556_0016_0079_0044_0044.jpg 1 16 79 44 44
0557_0029_0074_0064_0064.jpg 1 29 74 64 64
0558_0057_0068_0055_0055.jpg 1 57 68 55 55
0559_0038_0030_0098_0098.jpg 1 38 30 98 98
0560_0019_0034_0043_0043.jpg 1 19 34 43 43
0561_0039_0018_0035_0035.jpg 1 39 18 35 35
0562_0030_0061_0075_0075.jpg 1 30 61 75 75
0563_0061_0011_0039_0039.jpg 1 61 11 39 39
0564_0028_0054_0088_0088.jpg 1 28 54 88 88
0565_0046_0021_0055_0055.jpg 1 46 21 55 55
0566_0040_0074_0051_0051.jpg 1 40 74 51 51
0567_0071_0070_0056_0056.jpg 1 71 70 56 56
0568_0017_0018_0097_0097.jpg 1 17 18 97 97
0569_0014_0030_0087_0087.jpg 1 14 30 87 87
0570_0057_0031_0035_0035.jpg 1 57 31 35 35
0571_0040_0045_0099_0099.jpg 1 40 45 99 99
0572_0051_0050_0055_0055.jpg 1 51 50 55 55
0573_0011_0037_0077_0077.jpg 1 11 37 77 77
0574_0008_0021_0104_0104.jpg 1 8 21 104 104
0575_0033_0041_0030_0030.jpg 1 33 41 30 30
0576_0042_0038_0097_0097.jpg 1 42 38 97 97
0577_0025_0035_0071_0071.jpg 1 25 35 71 71
0578_0020_0056_0046_0046.jpg 1 20 56 46 46
0579_0038_0028_0089_0089.jpg 1 38 28 89 89
0580_0021_0009_0065_0065.jpg 1 21 9 65 65
0581_0019_0054_0041_0041.jpg 1 19 54 41 41
0582_0023_0067_0047_0047.jpg 1 23 67 47 47
0583_0024_0026_0102_0102.jpg 1 24 26 102 102
0584_0030_0023_0081_0081.jpg 1 30 23 81 81
0585_0025_0039_0099_0099.jpg 1 25 39 99 99
0586_0041_0062_0072_0072.jpg 1 41 62 72 72
0587_0091_0025_0039_0039.jpg 1 91 25 39 39
0588_0038_0015_0027_0027.jpg 1 38 15 27 27
0589_0026_0101_0033_0033.jpg 1 26 101 33 33
0590_0047_0056_0028_0028.jpg 1 47 56 28 28
0591_0026_0049_0068_0068.jpg 1 26 49 68 68
0592_0029_0013_0032_0032.jpg 1 29 13 32 32
0593_0062_0051_0064_0064.jpg 1 62 51 64 64
0594_0073_0078_0051_0051.jpg 1 73 78 51 51
0595_0050_0015_0074_0074.jpg 1 50 15 74 74
0596_0047_0093_0031_0031.jpg 1 47 93 31 31
0597_0032_0096_0033_0033.jpg 1 32 96 33 33
0598_0018_0042_0095_0095.jpg 1 18 42 95 95
0599_0013_0043_0094_0094.jpg 1 13 43 94 94
0600_0041_0014_0070_0070.jpg 1 41 14 70 70
0601_0013_0029_0089_0089.jpg 1 13 29 89 89
0602_0033_0040_0051_0051.jpg 1 33 40 51 51
0603_0045_0048_0038_0038.jpg 1 45 48 38 38
0604_0030_0064_0058_0058.jpg 1 30 64 58 58
0605_0013_0014_0050_0050.jpg 1 13 14 50 50
0606_0028_0040_0093_0093.jpg 1 28 40 93 93
0607_0084_0014_0036_0036.jpg 1 84 14 36 36
0608_0044_0020_0033_0033.jpg 1 44 20 33 33
0609_0026_0019_0028_0028.jpg 1 26 19 28 28
0610_0025_0026_0054_0054.jpg 1 25 26 54 54
0611_0031_0038_0046_0046.jpg 1 31 38 46 46
0612_0026_0036_0095_0095.jpg 1 26 36 95 95
0613_0079_0012_0050_0050.jpg 1 79 12 50 50
0614_0065_0066_0074_0074.jpg 1 65 66 74 74
0615_0110_0023_0024_0024.jpg 1 110 23 24 24
0616_0029_0033_0039_0039.jpg 1 29 33 39 39
0617_0063_0059_0075_0075.jpg 1 63 59 75 75
0618_0045_0021_0030_0030.jpg 1 45 21 30 30
0619_0025_0020_0039_0039.jpg 1 25 20 39 39
0620_0038_0048_0096_0096.jpg 1 38 48 96 96
0621_0030_0056_0074_0074.jpg 1 30 56 74 74
0622_0042_0008_0083_0083.jpg 1 42 8 83 83
0623_0027_0038_0089_0089.jpg 1 27 38 89 89
0624_0084_0041_0037_0037.jpg 1 84 41 37 37
0625_0064_0048_0041_0041.jpg 1 64 48 41 41
0626_0075_0022_0043_0043.jpg 1 75 22 43 43
0627_0060_0039_0083_0083.jpg 1 60 39 83 83
0628_0056_0064_0027_0027.jpg 1 56 64 27 27
0629_0037_0036_0096_0096.jpg 1 37 36 96 96
0630_0051_0060_0043_0043.jpg 1 51 60 43 43
0631_0022_0089_0050_0050.jpg 1 22 89 50 50
0632_0059_0045_0060_0060.jpg 1 59 45 60 60
0633_0046_0013_0095_0095.jpg 1 46 13 95 95
0634_0030_0016_0059_0059.jpg 1 30 16 59 59
0635_0048_0025_0093_0093.jpg 1 48 25 93 93
0636_0092_0048_0044_0044.jpg 1 92 48 44 44
0637_0031_0016_0049_0049.jpg 1 31 16 49 49
0638_0017_0023_0065_0065.jpg 1 17 23 65 65
0639_0053_0046_0044_0044.jpg 1 53 46 44 44
0640_0062_0047_0062_0062.jpg 1 62 47 62 62
0641_0098_0064_0032_0032.jpg 1 98 64 32 32
0642_0062_0052_0051_0051.jpg 1 62 52 51 51
0643_0070_0063_0037_0037.jpg 1 70 63 37 37
0644_0034_0013_0063_0063.jpg 1 34 13 63 63
0645_0053_0018_0024_0024.jpg 1 53 18 24 24
0646_0046_0089_0032_0032.jpg 1 46 89 32 32
0647_0014_0057_0084_0084.jpg 1 14 57 84 84
0648_0039_0038_0084_0084.jpg 1 39 38 84 84
0649_0051_0010_0049_0049.jpg 1 51 10 49 49
0650_0084_0043_0054_0054.jpg 1 84 43 54 54
0651_0055_0079_0054_0054.jpg 1 55 79 54 54
0652_0083_0057_0027_0027.jpg 1 83 57 27 27
0653_0040_0076_0049_0049.jpg 1 40 76 49 49
0654_0030_0045_0096_0096.jpg 1 30 45 96 96
0655_0018_0039_0104_0104.jpg 1 18 39 104 104
0656_0013_0015_0088_0088.jpg 1 13 15 88 88
0657_0010_0030_0050_0050.jpg 1 10 30 50 50
0658_0033_0052_0037_0037.jpg 1 33 52 37 37
0659_0046_0053_0087_0087.jpg 1 46 53 87 87
0660_0030_0035_0085_0085.jpg 1 30 35 85 85
0661_0040_0017_0098_0098.jpg 1 40 17 98 98
0662_0021_0020_0062_0062.jpg 1 21 20 62 62
0663_0085_0019_0043_0043.jpg 1 85 19 43 43
0664_0005_0013_0101_0101.jpg 1 5 13 101 101
0665_0042_0041_0079_0079.jpg 1 42 41 79 79
0666_0035_0045_0098_0098.jpg 1 35 45 98 98
0667_0029_0062_0053_0053.jpg 1 29 62 53 53
0668_0015_0049_0073_0073.jpg 1 15 49 73 73
0669_0083_0034_0044_0044.jpg 1 83 34 44 44
0670_0042_0016_0087_0087.jpg 1 42 16 87 87
0671_0069_0018_0072_0072.jpg 1 69 18 72 72
0672_0046_0036_0083_0083.jpg 1 46 36 83 83
0673_0045_0093_0031_0031.jpg 1 45 93 31 31
0674_0029_0025_0102_0102.jpg 1 29 25 102 102
0675_0005_0027_0102_0102.jpg 1 5 27 102 102
0676_0019_0034_0092_0092.jpg 1 19 34 92 92
0677_0048_0023_0081_0081.jpg 1 48 23 81 81
0678_0020_0085_0030_0030.jpg 1 20 85 30 30
0679_0051_0021_0042_0042.jpg 1 51 21 42 42
0680_0023_0040_0102_0102.jpg 1 23 40 102 102
0681_0013_0029_0097_0097.jpg 1 13 29 97 97
0682_0062_0016_0062_0062.jpg 1 62 16 62 62
0683_0051_0041_0069_0069.jpg 1 51 41 69 69
0684_0052_0052_0083_0083.jpg 1 52 52 83 83
0685_0035_0061_0060_0060.jpg 1 35 61 60 60
0686_0014_0053_0080_0080.jpg 1 14 53 80 80
0687_0059_0022_0059_0059.jpg 1 59 22 59 59
0688_0022_0045_0039_0039.jpg 1 22 45 39 39
0689_0066_0078_0037_0037.jpg 1 66 78 37 37
0690_0057_0015_0065_0065.jpg 1 57 15 65 65
0691_0079_0089_0041_0041.jpg 1 79 89 41 41
0692_0028_0059_0061_0061.jpg 1 28 59 61 61
0693_0044_0031_0055_0055.jpg 1 44 31 55 55
0694_0041_0017_0055_0055.jpg 1 41 17 55 55
0695_0024_0029_0027_0027.jpg 1 24 29 27 27
0696_0057_0035_0052_0052.jpg 1 57 35 52 52
0697_0036_0021_0047_0047.jpg 1 36 21 47 47
0698_0078_0072_0059_0059.jpg 1 78 72 59 59
0699_0080_0077_0031_0031.jpg 1 80 77 31 31
0700_0082_0043_0036_0036.jpg 1 82 43 36 36
0701_0050_0059_0079_0079.jpg 1 50 59 79 79
0702_0037_0011_0103_0103.jpg 1 37 11 103 103
0703_0067_0008_0075_0075.jpg 1 67 8 75 75
0704_0082_0014_0047_0047.jpg 1 82 14 47 47
0705_0095_0044_0034_0034.jpg 1 95 44 34 34
0706_0047_0034_0042_0042.jpg 1 47 34 42 42
0707_0049_0023_0089_0089.jpg 1 49 23 89 89
0708_0075_0019_0037_0037.jpg 1 75 19 37 37
0709_0038_0049_0056_0056.jpg 1 38 49 56 56
0710_0046_0038_0078_0078.jpg 1 46 38 78 78
0711_0035_0029_0060_0060.jpg 1 35 29 60 60
0712_0040_0107_0028_0028.jpg 1 40 107 28 28
0713_0082_0070_0028_0028.jpg 1 82 70 28 28
0714_0030_0017_0089_0089.jpg 1 30 17 89 89
0715_0029_0036_0086_0086.jpg 1 29 36 86 86
0716_0022_0031_0096_0096.jpg 1 22 31 96 96
0717_0018_0032_0102_0102.jpg 1 18 32 102 102
0718_0047_0032_0089_0089.jpg 1 47 32 89 89
0719_0050_0034_0093_0093.jpg 1 50 34 93 93
0720_0069_0096_0030_0030.jpg 1 69 96 30 30
0721_0047_0046_0092_0092.jpg 1 47 46 92 92
0722_0010_0026_0074_0074.jpg 1 10 26 74 74
0723_0018_0014_0071_0071.jpg 1 18 14 71 71
0724_0030_0080_0054_0054.jpg 1 30 80 54 54
0725_0108_0084_0027_0027.jpg 1 108 84 27 27
0726_0019_0045_0088_0088.jpg 1 19 45 88 88
0727_0039_0053_0084_0084.jpg 1 39 53 84 84
0728_0018_0042_0080_0080.jpg 1 18 42 80 80
0729_0027_0033_0089_0089.jpg 1 27 33 89 89
0730_0023_0073_0062_0062.jpg 1 23 73 62 62
0731_0055_0053_0056_0056.jpg 1 55 53 56 56
0732_0034_0055_0081_0081.jpg 1 34 55 81 81
0733_0053_0046_0038_0038.jpg 1 53 46 38 38
0734_0009_0018_0102_0102.jpg 1 9 18 102 102
0735_0045_0043_0093_0093.jpg 1 45 43 93 93
0736_0090_0091_0041_0041.jpg 1 90 91 41 41
0737_0038_0031_0085_0085.jpg 1 38 31 85 85
0738_0040_0012_0048_0048.jpg 1 40 12 48 48
0739_0043_0020_0035_0035.jpg 1 43 20 35 35
0740_0047_0030_0090_0090.jpg 1 47 30 90 90
0741_0037_0055_0087_0087.jpg 1 37 55 87 87
0742_0026_0064_0036_0036.jpg 1 26 64 36 36
0743_0059_0069_0051_0051.jpg 1 59 69 51 51
0744_0060_0058_0044_0044.jpg 1 60 58 44 44
0745_0028_0005_0097_0097.jpg 1 28 5 97 97
0746_0062_0047_0044_0044.jpg 1 62 47 44 44
0747_0025_0057_0077_0077.jpg 1 25 57 77 77
0748_0031_0027_0077_0077.jpg 1 31 27 77 77
0749_0019_0054_0062_0062.jpg 1 19 54 62 62
0750_0055_0070_0027_0027.jpg 1 55 70 27 27
0751_0044_0033_0086_0086.jpg 1 44 33 86 86
0752_0025_0019_0094_0094.jpg 1 25 19 94 94
0753_0019_0045_0090_0090.jpg 1 19 45 90 90
0754_0017_0087_0037_0037.jpg 1 17 87 37 37
0755_0079_0018_0032_0032.jpg 1 79 18 32 32
0756_0075_0064_0061_0061.jpg 1 75 64 61 61
0757_0033_0006_0103_0103.jpg 1 33 6 103 103
0758_0035_0062_0050_0050.jpg 1 35 62 50 50
0759_0006_0049_0092_0092.jpg 1 6 49 92 92
0760_0036_0066_0073_0073.jpg 1 36 66 73 73
0761_0090_0028_0027_0027.jpg 1 90 28 27 27
0762_0056_0031_0082_0082.jpg 1 56 31 82 82
0763_0067_0094_0030_0030.jpg 1 67 94 30 30
0764_0071_0046_0060_0060.jpg 1 71 46 60 60
0765_0039_0037_0064_0064.jpg 1 39 37 64 64
0766_0068_0027_0044_0044.jpg 1 68 27 44 44
0767_0031_0061_0033_0033.jpg 1 31 61 33 33
0768_0071_0071_0068_0068.jpg 1 71 71 68 68
0769_0015_0011_0091_0091.jpg 1 15 11 91 91
0770_0077_0059_0038_0038.jpg 1 77 59 38 38
0771_0045_0014_0087_0087.jpg 1 45 14 87 87
0772_0023_0042_0095_0095.jpg 1 23 42 95 95
0773_0020_0031_0081_0081.jpg 1 20 31 81 81
0774_0068_0046_0065_0065.jpg 1 68 46 65 65
0775_0015_0039_0094_0094.jpg 1 15 39 94 94
0776_0092_0035_0046_0046.jpg 1 92 35 46 46
0777_0031_0037_0079_0079.jpg 1 31 37 79 79
0778_0028_0074_0029_0029.jpg 1 28 74 29 29
0779_0015_0010_0091_0091.jpg 1 15 10 91 91
0780_0084_0017_0038_0038.jpg 1 84 17 38 38
0781_0037_0045_0024_0024.jpg 1 37 45 24 24
0782_0064_0029_0078_0078.jpg 1 64 29 78 78
0783_0023_0052_0028_0028.jpg 1 23 52 28 28
0784_0065_0062_0066_0066.jpg 1 65 62 66 66
0785_0027_0024_0088_0088.jpg 1 27 24 88 88
0786_0073_0047_0059_0059.jpg 1 73 47 59 59
0787_0105_0062_0031_0031.jpg 1 105 62 31 31
0788_0051_0059_0049_0049.jpg 1 51 59 49 49
0789_0102_0055_0027_0027.jpg 1 102 55 27 27
0790_0015_0039_0027_0027.jpg 1 15 39 27 27
0791_0097_0090_0039_0039.jpg 1 97 90 39 39
0792_0048_0013_0073_0073.jpg 1 48 13 73 73
0793_0045_0020_0039_0039.jpg 1 45 20 39 39
0794_0091_0095_0042_0042.jpg 1 91 95 42 42
0795_0012_0023_0099_0099.jpg 1 12 23 99 99
0796_0073_0067_0032_0032.jpg 1 73 67 32 32
0797_0050_0053_0083_0083.jpg 1 50 53 83 83
0798_0022_0038_0100_0100.jpg 1 22 38 100 100
0799_0052_0082_0045_0045.jpg 1 52 82 45 45
0800_0013_0035_0101_0101.jpg 1 13 35 101 101
0801_0057_0054_0059_0059.jpg 1 57 54 59 59
0802_0042_0011_0095_0095.jpg 1 42 11 95 95
0803_0036_0058_0056_0056.jpg 1 36 58 56 56
0804_0028_0085_0053_0053.jpg 1 28 85 53 53
0805_0041_0024_0099_0099.jpg 1 41 24 99 99
0806_0068_0041_0071_0071.jpg 1 68 41 71 71
0807_0040_0047_0097_0097.jpg 1 40 47 97 97
0808_0064_0072_0047_0047.jpg 1 64 72 47 47
0809_0039_0035_0087_0087.jpg 1 39 35 87 87
0810_0045_0031_0077_0077.jpg 1 45 31 77 77
0811_0021_0047_0084_0084.jpg 1 21 47 84 84
0812_0042_0039_0097_0097.jpg 1 42 39 97 97
0813_0031_0012_0081_0081.jpg 1 31 12 81 81
0814_0083_0049_0044_0044.jpg 1 83 49 44 44
0815_0050_0056_0046_0046.jpg 1 50 56 46 46
0816_0087_0036_0045_0045.jpg 1 87 36 45 45
0817_0044_0006_0087_0087.jpg 1 44 6 87 87
0818_0023_0029_0096_0096.jpg 1 23 29 96 96
0819_0041_0051_0067_0067.jpg 1 41 51 67 67
0820_0077_0013_0043_0043.jpg 1 77 13 43 43
0821_0023_0041_0056_0056.jpg 1 23 41 56 56
0822_0029_0011_0090_0090.jpg 1 29 11 90 90
0823_0054_0026_0071_0071.jpg 1 54 26 71 71
0824_0018_0060_0029_0029.jpg 1 18 60 29 29
0825_0032_0028_0094_0094.jpg 1 32 28 94 94
0826_0061_0109_0024_0024.jpg 1 61 109 24 24
0827_0019_0059_0044_0044.jpg 1 19 59 44 44
0828_0009_0063_0071_0071.jpg 1 9 63 71 71
0829_0060_0035_0068_0068.jpg 1 60 35 68 68
0830_0056_0055_0081_0081.jpg 1 56 55 81 81
0831_0027_0015_0032_0032.jpg 1 27 15 32 32
0832_0023_0017_0025_0025.jpg 1 23 17 25 25
0833_0023_0011_0093_0093.jpg 1 23 11 93 93
0834_0014_0006_0088_0088.jpg 1 14 6 88 88
0835_0045_0028_0097_0097.jpg 1 45 28 97 97
0836_0008_0035_0087_0087.jpg 1 8 35 87 87
0837_0046_0009_0098_0098.jpg 1 46 9 98 98
0838_0047_0010_0085_0085.jpg 1 47 10 85 85
0839_0031_0049_0065_0065.jpg 1 31 49 65 65
0840_0011_0034_0062_0062.jpg 1 11 34 62 62
0841_0076_0062_0053_0053.jpg 1 76 62 53 53
0842_0034_0007_0082_0082.jpg 1 34 7 82 82
0843_0044_0064_0066_0066.jpg 1 44 64 66 66
0844_0053_0011_0089_0089.jpg 1 53 11 89 89
0845_0042_0087_0029_0029.jpg 1 42 87 29 29
0846_0073_0017_0053_0053.jpg 1 73 17 53 53
0847_0036_0024_0068_0068.jpg 1 36 24 68 68
0848_0033_0044_0097_0097.jpg 1 33 44 97 97
0849_0035_0045_0061_0061.jpg 1 35 45 61 61
0850_0074_0019_0066_0066.jpg 1 74 19 66 66
0851_0072_0074_0052_0052.jpg 1 72 74 52 52
0852_0011_0071_0061_0061.jpg 1 11 71 61 61
0853_0041_0040_0089_0089.jpg 1 41 40 89 89
0854_0038_0018_0067_0067.jpg 1 38 18 67 67
0855_0011_0018_0080_0080.jpg 1 11 18 80 80
0856_0046_0023_0050_0050.jpg 1 46 23 50 50
0857_0051_0021_0085_0085.jpg 1 51 21 85 85
0858_0027_0027_0101_0101.jpg 1 27 27 101 101
0859_0071_0093_0031_0031.jpg 1 71 93 31 31
0860_0062_0025_0039_0039.jpg 1 62 25 39 39
0861_0021_0046_0094_0094.jpg 1 21 46 94 94
0862_0053_0092_0024_0024.jpg 1 53 92 24 24
0863_0039_0011_0083_0083.jpg 1 39 11 83 83
0864_0056_0016_0043_0043.jpg 1 56 16 43 43
0865_0062_0057_0074_0074.jpg 1 62 57 74 74
0866_0087_0099_0026_0026.jpg 1 87 99 26 26
0867_0028_0064_0039_0039.jpg 1 28 64 39 39
0868_0040_0091_0028_0028.jpg 1 40 91 28 28
0869_0069_0090_0046_0046.jpg 1 69 90 46 46
0870_0012_0011_0054_0054.jpg 1 12 11 54 54
0871_0072_0017_0036_0036.jpg 1 72 17 36 36
0872_0066_0025_0059_0059.jpg 1 66 25 59 59
0873_0043_0030_0080_0080.jpg 1 43 30 80 80
0874_0030_0075_0064_0064.jpg 1 30 75 64 64
0875_0071_0045_0057_0057.jpg 1 71 45 57 57
0876_0086_0076_0039_0039.jpg 1 86 76 39 39
0877_0033_0066_0059_0059.jpg 1 33 66 59 59
0878_0026_0097_0028_0028.jpg 1 26 97 28 28
0879_0055_0038_0077_0077.jpg 1 55 38 77 77
0880_0016_0008_0077_0077.jpg 1 16 8 77 77
0881_0030_0022_0056_0056.jpg 1 30 22 56 56
0882_0040_0015_0098_0098.jpg 1 40 15 98 98
0883_0019_0020_0046_0046.jpg 1 19 20 46 46
0884_0059_0046_0080_0080.jpg 1 59 46 80 80
0885_0073_0066_0031_0031.jpg 1 73 66 31 31
0886_0034_0032_0091_0091.jpg 1 34 32 91 91
0887_0012_0009_0097_0097.jpg 1 12 9 97 97
0888_0014_0032_0095_0095.jpg 1 14 32 95 95
0889_0085_0011_0045_0045.jpg 1 85 11 45 45
0890_0068_0104_0026_0026.jpg 1 68 104 26 26
0891_0023_0033_0080_0080.jpg 1 23 33 80 80
0892_0056_0024_0076_0076.jpg 1 56 24 76 76
0893_0035_0051_0066_0066.jpg 1 35 51 66 66
0894_0015_0015_0094_0094.jpg 1 15 15 94 94
0895_0044_0065_0036_0036.jpg 1 44 65 36 36
0896_0011_0062_0076_0076.jpg 1 11 62 76 76
0897_0058_0049_0061_0061.jpg 1 58 49 61 61
0898_0083_0057_0030_0030.jpg 1 83 57 30 30
0899_0041_0024_0103_0103.jpg 1 41 24 103 103
0900_0057_0022_0041_0041.jpg 1 57 22 41 41
0901_0031_0017_0035_0035.jpg 1 31 17 35 35
0902_0015_0058_0078_0078.jpg 1 15 58 78 78
0903_0027_0060_0054_0054.jpg 1 27 60 54 54
0904_0081_0052_0029_0029.jpg 1 81 52 29 29
0905_0077_0023_0047_0047.jpg 1 77 23 47 47
0906_0051_0023_0066_0066.jpg 1 51 23 66 66
0907_0022_0095_0027_0027.jpg 1 22 95 27 27
0908_0026_0011_0098_0098.jpg 1 26 11 98 98
0909_0010_0035_0104_0104.jpg 1 10 35 104 104
0910_0055_0043_0078_0078.jpg 1 55 43 78 78
0911_0072_0063_0036_0036.jpg 1 72 63 36 36
0912_0092_0090_0040_0040.jpg 1 92 90 40 40
0913_0057_0056_0084_0084.jpg 1 57 56 84 84
0914_0050_0057_0081_0081.jpg 1 50 57 81 81
0915_0044_0049_0060_0060.jpg 1 44 49 60 60
0916_0023_0006_0103_0103.jpg 1 23 6 103 103
0917_0052_0044_0091_0091.jpg 1 52 44 91 91
0918_0037_0061_0063_0063.jpg 1 37 61 63 63
0919_0052_0061_0070_0070.jpg 1 52 61 70 70
0920_0037_0016_0094_0094.jpg 1 37 16 94 94
0921_0049_0014_0053_0053.jpg 1 49 14 53 53
0922_0082_0023_0036_0036.jpg 1 82 23 36 36
0923_0057_0024_0034_0034.jpg 1 57 24 34 34
0924_0055_0024_0074_0074.jpg 1 55 24 74 74
0925_0036_0036_0093_0093.jpg 1 36 36 93 93
0926_0108_0025_0024_0024.jpg 1 108 25 24 24
0927_0102_0085_0034_0034.jpg 1 102 85 34 34
0928_0041_0028_0098_0098.jpg 1 41 28 98 98
0929_0090_0055_0044_0044.jpg 1 90 55 44 44
0930_0068_0014_0055_0055.jpg 1 68 14 55 55
0931_0057_0034_0081_0081.jpg 1 57 34 81 81
0932_0008_0033_0082_0082.jpg 1 8 33 82 82
0933_0057_0034_0085_0085.jpg 1 57 34 85 85
0934_0029_0063_0044_0044.jpg 1 29 63 44 44
0935_0041_0020_0090_0090.jpg 1 41 20 90 90
0936_0043_0015_0088_0088.jpg 1 43 15 88 88
0937_0023_0010_0057_0057.jpg 1 23 10 57 57
0938_0016_0026_0066_0066.jpg 1 16 26 66 66
0939_0010_0018_0103_0103.jpg 1 10 18 103 103
0940_0048_0067_0045_0045.jpg 1 48 67 45 45
0941_0057_0074_0040_0040.jpg 1 57 74 40 40
0942_0050_0062_0053_0053.jpg 1 50 62 53 53
0943_0058_0051_0071_0071.jpg 1 58 51 71 71
0944_0037_0070_0044_0044.jpg 1 37 70 44 44
0945_0048_0099_0034_0034.jpg 1 48 99 34 34
0946_0054_0051_0061_0061.jpg 1 54 51 61 61
0947_0084_0023_0045_0045.jpg 1 84 23 45 45
0948_0065_0044_0059_0059.jpg 1 65 44 59 59
0949_0089_0021_0039_0039.jpg 1 89 21 39 39
0950_0076_0055_0033_0033.jpg 1 76 55 33 33
0951_0051_0041_0065_0065.jpg 1 51 41 65 65
0952_0042_0048_0088_0088.jpg 1 42 48 88 88
0953_0066_0042_0058_0058.jpg 1 66 42 58 58
0954_0072_0023_0067_0067.jpg 1 72 23 67 67
0955_0010_0074_0052_0052.jpg 1 10 74 52 52
0956_0058_0044_0081_0081.jpg 1 58 44 81 81
0957_0061_0046_0069_0069.jpg 1 61 46 69 69
0958_0034_0044_0089_0089.jpg 1 34 44 89 89
0959_0049_0047_0091_0091.jpg 1 49 47 91 91
0960_0009_0051_0068_0068.jpg 1 9 51 68 68
0961_0080_0071_0032_0032.jpg 1 80 71 32 32
0962_0042_0099_0031_0031.jpg 1 42 99 31 31
0963_0050_0022_0047_0047.jpg 1 50 22 47 47
0964_0048_0055_0073_0073.jpg 1 48 55 73 73
0965_0022_0083_0053_0053.jpg 1 22 83 53 53
0966_0027_0006_0104_0104.jpg 1 27 6 104 104
0967_0032_0027_0092_0092.jpg 1 32 27 92 92
0968_0023_0023_0054_0054.jpg 1 23 23 54 54
0969_0006_0032_0088_0088.jpg 1 6 32 88 88
0970_0022_0016_0093_0093.jpg 1 22 16 93 93
0971_0044_0034_0098_0098.jpg 1 44 34 98 98
0972_0016_0025_0065_0065.jpg 1 16 25 65 65
0973_0070_0041_0055_0055.jpg 1 70 41 55 55
0974_0018_0007_0083_0083.jpg 1 18 7 83 83
0975_0060_0051_0041_0041.jpg 1 60 51 41 41
0976_0022_0050_0085_0085.jpg 1 22 50 85 85
0977_0038_0037_0051_0051.jpg 1 38 37 51 51
0978_0040_0079_0032_0032.jpg 1 40 79 32 32
0979_0091_0060_0036_0036.jpg 1 91 60 36 36
0980_0031_0043_0062_0062.jpg 1 31 43 62 62
0981_0066_0032_0054_0054.jpg 1 66 32 54 54
0982_0081_0055_0044_0044.jpg 1 81 55 44 44
0983_0045_0013_0092_0092.jpg 1 45 13 92 92
0984_0043_0015_0101_0101.jpg 1 43 15 101 101
0985_0039_0018_0081_0081.jpg 1 39 18 81 81
0986_0029_0048_0053_0053.jpg 1 29 48 53 53
0987_0030_0021_0100_0100.jpg 1 30 21 100 100
0988_0034_0009_0094_0094.jpg 1 34 9 94 94
0989_0038_0038_0070_0070.jpg 1 38 38 70 70
0990_0078_0047_0039_0039.jpg 1 78 47 39 39
0991_0041_0029_0066_0066.jpg 1 41 29 66 66
0992_0045_0063_0054_0054.jpg 1 45 63 54 54
0993_0055_0060_0050_0050.jpg 1 55 60 50 50
0994_0086_0051_0036_0036.jpg 1 86 51 36 36
0995_0015_0073_0024_0024.jpg 1 15 73 24 24
0996_0067_0053_0046_0046.jpg 1 67 53 46 46
0997_0017_0057_0046_0046.jpg 1 17 57 46 46
0998_0055_0024_0061_0061.jpg 1 55 24 61 61
0999_0029_0084_0032_0032.jpg 1 29 84 32 32
1000_0025_0108_0028_0028.jpg 1 25 108 28 28
