0001_0032_0020_0082_0082.jpg 1 32 20 82 82
0002_0013_0008_0084_0084.jpg 1 13 8 84 84
0003_0012_0094_0034_0034.jpg 1 12 94 34 34
0004_0014_0100_0031_0031.jpg 1 14 100 31 31
0005_0034_0049_0085_0085.jpg 1 34 49 85 85
0006_0018_0059_0055_0055.jpg 1 18 59 55 55
0007_0097_0072_0031_0031.jpg 1 97 72 31 31
0008_0042_0049_0093_0093.jpg 1 42 49 93 93
0009_0111_0091_0025_0025.jpg 1 111 91 25 25
0010_0062_0021_0070_0070.jpg 1 62 21 70 70
0011_0009_0020_0100_0100.jpg 1 9 20 100 100
0012_0024_0069_0057_0057.jpg 1 24 69 57 57
0013_0010_0011_0099_0099.jpg 1 10 11 99 99
0014_0007_0040_0079_0079.jpg 1 7 40 79 79
0015_0038_0018_0089_0089.jpg 1 38 18 89 89
0016_0043_0025_0084_0084.jpg 1 43 25 84 84
0017_0028_0019_0096_0096.jpg 1 28 19 96 96
0018_0055_0057_0077_0077.jpg 1 55 57 77 77
0019_0032_0027_0102_0102.jpg 1 32 27 102 102
0020_0029_0079_0059_0059.jpg 1 29 79 59 59
0021_0063_0046_0032_0032.jpg 1 63 46 32 32
0022_0018_0086_0041_0041.jpg 1 18 86 41 41
0023_0014_0045_0092_0092.jpg 1 14 45 92 92
0024_0022_0039_0103_0103.jpg 1 22 39 103 103
0025_0048_0006_0083_0083.jpg 1 48 6 83 83
0026_0021_0051_0070_0070.jpg 1 21 51 70 70
0027_0026_0027_0069_0069.jpg 1 26 27 69 69
0028_0021_0026_0073_0073.jpg 1 21 26 73 73
0029_0044_0051_0089_0089.jpg 1 44 51 89 89
0030_0020_0097_0037_0037.jpg 1 20 97 37 37
0031_0042_0060_0048_0048.jpg 1 42 60 48 48
0032_0032_0053_0025_0025.jpg 1 32 53 25 25
0033_0009_0078_0061_0061.jpg 1 9 78 61 61
0034_0031_0007_0077_0077.jpg 1 31 7 77 77
0035_0032_0027_0092_0092.jpg 1 32 27 92 92
0036_0011_0062_0080_0080.jpg 1 11 62 80 80
0037_0033_0069_0054_0054.jpg 1 33 69 54 54
0038_0060_0029_0044_0044.jpg 1 60 29 44 44
0039_0023_0045_0036_0036.jpg 1 23 45 36 36
0040_0039_0078_0038_0038.jpg 1 39 78 38 38
0041_0021_0038_0055_0055.jpg 1 21 38 55 55
0042_0062_0030_0070_0070.jpg 1 62 30 70 70
0043_0070_0067_0045_0045.jpg 1 70 67 45 45
0044_0045_0024_0097_0097.jpg 1 45 24 97 97
0045_0063_0039_0065_0065.jpg 1 63 39 65 65
0046_0014_0041_0099_0099.jpg 1 14 41 99 99
0047_0021_0005_0100_0100.jpg 1 21 5 100 100
0048_0033_0037_0101_0101.jpg 1 33 37 101 101
0049_0047_0037_0076_0076.jpg 1 47 37 76 76
0050_0035_0053_0070_0070.jpg 1 35 53 70 70
0051_0076_0033_0059_0059.jpg 1 76 33 59 59
0052_0025_0051_0086_0086.jpg 1 25 51 86 86
0053_0037_0044_0071_0071.jpg 1 37 44 71 71
0054_0069_0068_0037_0037.jpg 1 69 68 37 37
0055_0019_0020_0087_0087.jpg 1 19 20 87 87
0056_0060_0079_0045_0045.jpg 1 60 79 45 45
0057_0050_0085_0035_0035.jpg 1 50 85 35 35
0058_0037_0084_0038_0038.jpg 1 37 84 38 38
0059_0007_0038_0101_0101.jpg 1 7 38 101 101
0060_0043_0052_0075_0075.jpg 1 43 52 75 75
0061_0050_0026_0089_0089.jpg 1 50 26 89 89
0062_0015_0022_0053_0053.jpg 1 15 22 53 53
0063_0076_0013_0030_0030.jpg 1 76 13 30 30
0064_0056_0053_0051_0051.jpg 1 56 53 51 51
0065_0051_0075_0047_0047.jpg 1 51 75 47 47
0066_0031_0023_0087_0087.jpg 1 31 23 87 87
0067_0063_0063_0053_0053.jpg 1 63 63 53 53
0068_0021_0033_0094_0094.jpg 1 21 33 94 94
0069_0034_0026_0074_0074.jpg 1 34 26 74 74
0070_0040_0051_0082_0082.jpg 1 40 51 82 82
0071_0023_0027_0037_0037.jpg 1 23 27 37 37
0072_0093_0034_0029_0029.jpg 1 93 34 29 29
0073_0051_0026_0030_0030.jpg 1 51 26 30 30
0074_0033_0030_0045_0045.jpg 1 33 30 45 45
0075_0033_0068_0070_0070.jpg 1 33 68 70 70
0076_0040_0098_0030_0030.jpg 1 40 98 30 30
0077_0012_0057_0041_0041.jpg 1 12 57 41 41
0078_0019_0012_0083_0083.jpg 1 19 12 83 83
0079_0055_0023_0070_0070.jpg 1 55 23 70 70
0080_0052_0072_0058_0058.jpg 1 52 72 58 58
0081_0053_0017_0049_0049.jpg 1 53 17 49 49
0082_0035_0043_0097_0097.jpg 1 35 43 97 97
0083_0052_0030_0046_0046.jpg 1 52 30 46 46
0084_0066_0021_0044_0044.jpg 1 66 21 44 44
0085_0061_0067_0046_0046.jpg 1 61 67 46 46
0086_0022_0040_0046_0046.jpg 1 22 40 46 46
0087_0052_0020_0087_0087.jpg 1 52 20 87 87
0088_0057_0058_0083_0083.jpg 1 57 58 83 83
0089_0041_0052_0032_0032.jpg 1 41 52 32 32
0090_0035_0037_0059_0059.jpg 1 35 37 59 59
0091_0064_0051_0052_0052.jpg 1 64 51 52 52
0092_0024_0088_0036_0036.jpg 1 24 88 36 36
0093_0076_0039_0049_0049.jpg 1 76 39 49 49
0094_0036_0035_0092_0092.jpg 1 36 35 92 92
0095_0021_0046_0079_0079.jpg 1 21 46 79 79
0096_0040_0061_0081_0081.jpg 1 40 61 81 81
0097_0011_0028_0075_0075.jpg 1 11 28 75 75
0098_0021_0032_0097_0097.jpg 1 21 32 97 97
0099_0061_0034_0077_0077.jpg 1 61 34 77 77
0100_0036_0055_0067_0067.jpg 1 36 55 67 67
0101_0069_0070_0033_0033.jpg 1 69 70 33 33
0102_0006_0041_0100_0100.jpg 1 6 41 100 100
0103_0053_0035_0053_0053.jpg 1 53 35 53 53
0104_0012_0012_0079_0079.jpg 1 12 12 79 79
0105_0047_0034_0046_0046.jpg 1 47 34 46 46
0106_0026_0070_0033_0033.jpg 1 26 70 33 33
0107_0043_0032_0078_0078.jpg 1 43 32 78 78
0108_0044_0057_0032_0032.jpg 1 44 57 32 32
0109_0056_0032_0046_0046.jpg 1 56 32 46 46
0110_0018_0025_0086_0086.jpg 1 18 25 86 86
0111_0066_0013_0030_0030.jpg 1 66 13 30 30
0112_0020_0017_0099_0099.jpg 1 20 17 99 99
0113_0025_0035_0080_0080.jpg 1 25 35 80 80
0114_0081_0069_0056_0056.jpg 1 81 69 56 56
0115_0048_0080_0044_0044.jpg 1 48 80 44 44
0116_0054_0023_0087_0087.jpg 1 54 23 87 87
0117_0039_0045_0094_0094.jpg 1 39 45 94 94
0118_0029_0016_0078_0078.jpg 1 29 16 78 78
0119_0013_0034_0075_0075.jpg 1 13 34 75 75
0120_0086_0039_0050_0050.jpg 1 86 39 50 50
0121_0029_0023_0094_0094.jpg 1 29 23 94 94
0122_0044_0014_0066_0066.jpg 1 44 14 66 66
0123_0029_0009_0100_0100.jpg 1 29 9 100 100
0124_0012_0060_0069_0069.jpg 1 12 60 69 69
0125_0092_0033_0035_0035.jpg 1 92 33 35 35
0126_0043_0040_0072_0072.jpg 1 43 40 72 72
0127_0022_0015_0073_0073.jpg 1 22 15 73 73
0128_0077_0085_0033_0033.jpg 1 77 85 33 33
0129_0059_0077_0054_0054.jpg 1 59 77 54 54
0130_0031_0005_0103_0103.jpg 1 31 5 103 103
0131_0082_0075_0040_0040.jpg 1 82 75 40 40
0132_0025_0014_0079_0079.jpg 1 25 14 79 79
0133_0055_0023_0064_0064.jpg 1 55 23 64 64
0134_0034_0011_0069_0069.jpg 1 34 11 69 69
0135_0037_0055_0083_0083.jpg 1 37 55 83 83
0136_0086_0098_0037_0037.jpg 1 86 98 37 37
0137_0065_0066_0038_0038.jpg 1 65 66 38 38
0138_0038_0023_0081_0081.jpg 1 38 23 81 81
0139_0106_0083_0026_0026.jpg 1 106 83 26 26
0140_0051_0058_0049_0049.jpg 1 51 58 49 49
0141_0026_0026_0101_0101.jpg 1 26 26 101 101
0142_0020_0030_0104_0104.jpg 1 20 30 104 104
0143_0029_0007_0095_0095.jpg 1 29 7 95 95
0144_0070_0056_0033_0033.jpg 1 70 56 33 33
0145_0047_0022_0040_0040.jpg 1 47 22 40 40
0146_0041_0026_0089_0089.jpg 1 41 26 89 89
0147_0010_0064_0060_0060.jpg 1 10 64 60 60
0148_0066_0077_0028_0028.jpg 1 66 77 28 28
0149_0052_0051_0089_0089.jpg 1 52 51 89 89
0150_0029_0031_0096_0096.jpg 1 29 31 96 96
0151_0005_0009_0096_0096.jpg 1 5 9 96 96
0152_0024_0070_0042_0042.jpg 1 24 70 42 42
0153_0023_0017_0044_0044.jpg 1 23 17 44 44
0154_0065_0038_0070_0070.jpg 1 65 38 70 70
0155_0036_0046_0075_0075.jpg 1 36 46 75 75
0156_0053_0035_0068_0068.jpg 1 53 35 68 68
0157_0073_0042_0058_0058.jpg 1 73 42 58 58
0158_0045_0067_0055_0055.jpg 1 45 67 55 55
0159_0039_0015_0073_0073.jpg 1 39 15 73 73
0160_0091_0030_0025_0025.jpg 1 91 30 25 25
0161_0033_0074_0059_0059.jpg 1 33 74 59 59
0162_0061_0078_0042_0042.jpg 1 61 78 42 42
0163_0018_0033_0083_0083.jpg 1 18 33 83 83
0164_0074_0048_0052_0052.jpg 1 74 48 52 52
0165_0041_0029_0053_0053.jpg 1 41 29 53 53
0166_0031_0015_0089_0089.jpg 1 31 15 89 89
0167_0059_0041_0080_0080.jpg 1 59 41 80 80
0168_0061_0043_0037_0037.jpg 1 61 43 37 37
0169_0106_0014_0030_0030.jpg 1 106 14 30 30
0170_0015_0037_0084_0084.jpg 1 15 37 84 84
0171_0018_0016_0102_0102.jpg 1 18 16 102 102
0172_0030_0030_0097_0097.jpg 1 30 30 97 97
0173_0032_0037_0074_0074.jpg 1 32 37 74 74
0174_0062_0086_0045_0045.jpg 1 62 86 45 45
0175_0074_0035_0061_0061.jpg 1 74 35 61 61
0176_0074_0093_0035_0035.jpg 1 74 93 35 35
0177_0009_0009_0097_0097.jpg 1 9 9 97 97
0178_0100_0029_0032_0032.jpg 1 100 29 32 32
0179_0026_0013_0085_0085.jpg 1 26 13 85 85
0180_0069_0064_0057_0057.jpg 1 69 64 57 57
0181_0031_0042_0098_0098.jpg 1 31 42 98 98
0182_0043_0069_0055_0055.jpg 1 43 69 55 55
0183_0081_0095_0040_0040.jpg 1 81 95 40 40
0184_0098_0029_0032_0032.jpg 1 98 29 32 32
0185_0028_0050_0050_0050.jpg 1 28 50 50 50
0186_0030_0020_0075_0075.jpg 1 30 20 75 75
0187_0017_0024_0062_0062.jpg 1 17 24 62 62
0188_0008_0042_0097_0097.jpg 1 8 42 97 97
0189_0018_0059_0075_0075.jpg 1 18 59 75 75
0190_0024_0021_0084_0084.jpg 1 24 21 84 84
0191_0061_0030_0067_0067.jpg 1 61 30 67 67
0192_0074_0052_0043_0043.jpg 1 74 52 43 43
0193_0018_0006_0087_0087.jpg 1 18 6 87 87
0194_0040_0019_0087_0087.jpg 1 40 19 87 87
0195_0095_0066_0025_0025.jpg 1 95 66 25 25
0196_0044_0046_0086_0086.jpg 1 44 46 86 86
0197_0033_0087_0045_0045.jpg 1 33 87 45 45
0198_0030_0047_0094_0094.jpg 1 30 47 94 94
0199_0048_0049_0084_0084.jpg 1 48 49 84 84
0200_0070_0069_0065_0065.jpg 1 70 69 65 65
0201_0052_0060_0072_0072.jpg 1 52 60 72 72
0202_0040_0046_0095_0095.jpg 1 40 46 95 95
0203_0036_0011_0092_0092.jpg 1 36 11 92 92
0204_0011_0014_0101_0101.jpg 1 11 14 101 101
0205_0023_0042_0101_0101.jpg 1 23 42 101 101
0206_0024_0057_0048_0048.jpg 1 24 57 48 48
0207_0072_0078_0033_0033.jpg 1 72 78 33 33
0208_0061_0051_0062_0062.jpg 1 61 51 62 62
0209_0031_0045_0065_0065.jpg 1 31 45 65 65
0210_0048_0041_0090_0090.jpg 1 48 41 90 90
0211_0012_0031_0096_0096.jpg 1 12 31 96 96
0212_0024_0059_0039_0039.jpg 1 24 59 39 39
0213_0019_0067_0069_0069.jpg 1 19 67 69 69
0214_0036_0045_0040_0040.jpg 1 36 45 40 40
0215_0029_0067_0024_0024.jpg 1 29 67 24 24
0216_0013_0023_0101_0101.jpg 1 13 23 101 101
0217_0042_0018_0076_0076.jpg 1 42 18 76 76
0218_0038_0035_0084_0084.jpg 1 38 35 84 84
0219_0064_0048_0044_0044.jpg 1 64 48 44 44
0220_0019_0019_0094_0094.jpg 1 19 19 94 94
0221_0048_0033_0094_0094.jpg 1 48 33 94 94
0222_0011_0068_0036_0036.jpg 1 11 68 36 36
0223_0092_0030_0041_0041.jpg 1 92 30 41 41
0224_0068_0042_0064_0064.jpg 1 68 42 64 64
0225_0011_0072_0045_0045.jpg 1 11 72 45 45
0226_0093_0065_0035_0035.jpg 1 93 65 35 35
0227_0028_0019_0071_0071.jpg 1 28 19 71 71
0228_0050_0030_0026_0026.jpg 1 50 30 26 26
0229_0034_0017_0063_0063.jpg 1 34 17 63 63
0230_0064_0020_0073_0073.jpg 1 64 20 73 73
0231_0026_0020_0095_0095.jpg 1 26 20 95 95
0232_0009_0042_0101_0101.jpg 1 9 42 101 101
0233_0014_0038_0103_0103.jpg 1 14 38 103 103
0234_0056_0012_0027_0027.jpg 1 56 12 27 27
0235_0063_0065_0063_0063.jpg 1 63 65 63 63
0236_0046_0025_0080_0080.jpg 1 46 25 80 80
0237_0039_0008_0082_0082.jpg 1 39 8 82 82
0238_0051_0040_0090_0090.jpg 1 51 40 90 90
0239_0056_0093_0028_0028.jpg 1 56 93 28 28
0240_0099_0020_0035_0035.jpg 1 99 20 35 35
0241_0022_0025_0084_0084.jpg 1 22 25 84 84
0242_0039_0082_0044_0044.jpg 1 39 82 44 44
0243_0050_0026_0079_0079.jpg 1 50 26 79 79
0244_0011_0047_0090_0090.jpg 1 11 47 90 90
0245_0086_0075_0053_0053.jpg 1 86 75 53 53
0246_0032_0019_0089_0089.jpg 1 32 19 89 89
0247_0040_0017_0047_0047.jpg 1 40 17 47 47
0248_0065_0033_0069_0069.jpg 1 65 33 69 69
0249_0019_0037_0091_0091.jpg 1 19 37 91 91
0250_0090_0024_0028_0028.jpg 1 90 24 28 28
0251_0064_0048_0066_0066.jpg 1 64 48 66 66
0252_0056_0029_0075_0075.jpg 1 56 29 75 75
0253_0060_0019_0059_0059.jpg 1 60 19 59 59
0254_0042_0029_0083_0083.jpg 1 42 29 83 83
0255_0044_0021_0083_0083.jpg 1 44 21 83 83
0256_0063_0021_0067_0067.jpg 1 63 21 67 67
0257_0035_0029_0103_0103.jpg 1 35 29 103 103
0258_0089_0102_0031_0031.jpg 1 89 102 31 31
0259_0104_0027_0029_0029.jpg 1 104 27 29 29
0260_0018_0021_0097_0097.jpg 1 18 21 97 97
0261_0009_0024_0099_0099.jpg 1 9 24 99 99
0262_0060_0076_0047_0047.jpg 1 60 76 47 47
0263_0025_0034_0035_0035.jpg 1 25 34 35 35
0264_0043_0084_0051_0051.jpg 1 43 84 51 51
0265_0075_0035_0033_0033.jpg 1 75 35 33 33
0266_0008_0053_0081_0081.jpg 1 8 53 81 81
0267_0037_0038_0100_0100.jpg 1 37 38 100 100
0268_0037_0011_0058_0058.jpg 1 37 11 58 58
0269_0081_0068_0025_0025.jpg 1 81 68 25 25
0270_0012_0042_0035_0035.jpg 1 12 42 35 35
0271_0014_0013_0025_0025.jpg 1 14 13 25 25
0272_0054_0044_0082_0082.jpg 1 54 44 82 82
0273_0016_0067_0026_0026.jpg 1 16 67 26 26
0274_0052_0064_0071_0071.jpg 1 52 64 71 71
0275_0052_0054_0056_0056.jpg 1 52 54 56 56
0276_0006_0051_0085_0085.jpg 1 6 51 85 85
0277_0031_0017_0068_0068.jpg 1 31 17 68 68
0278_0067_0084_0056_0056.jpg 1 67 84 56 56
0279_0027_0042_0073_0073.jpg 1 27 42 73 73
0280_0008_0041_0087_0087.jpg 1 8 41 87 87
0281_0013_0073_0055_0055.jpg 1 13 73 55 55
0282_0053_0081_0026_0026.jpg 1 53 81 26 26
0283_0044_0042_0084_0084.jpg 1 44 42 84 84
0284_0042_0103_0033_0033.jpg 1 42 103 33 33
0285_0056_0055_0045_0045.jpg 1 56 55 45 45
0286_0043_0011_0096_0096.jpg 1 43 11 96 96
0287_0065_0018_0034_0034.jpg 1 65 18 34 34
0288_0034_0012_0096_0096.jpg 1 34 12 96 96
0289_0088_0077_0052_0052.jpg 1 88 77 52 52
0290_0030_0078_0053_0053.jpg 1 30 78 53 53
0291_0095_0025_0026_0026.jpg 1 95 25 26 26
0292_0050_0060_0069_0069.jpg 1 50 60 69 69
0293_0057_0042_0029_0029.jpg 1 57 42 29 29
0294_0066_0047_0052_0052.jpg 1 66 47 52 52
0295_0073_0010_0058_0058.jpg 1 73 10 58 58
0296_0029_0029_0084_0084.jpg 1 29 29 84 84
0297_0034_0057_0081_0081.jpg 1 34 57 81 81
0298_0027_0009_0096_0096.jpg 1 27 9 96 96
0299_0014_0014_0070_0070.jpg 1 14 14 70 70
0300_0042_0020_0061_0061.jpg 1 42 20 61 61
0301_0065_0070_0071_0071.jpg 1 65 70 71 71
0302_0110_0073_0027_0027.jpg 1 110 73 27 27
0303_0043_0006_0096_0096.jpg 1 43 6 96 96
0304_0048_0046_0036_0036.jpg 1 48 46 36 36
0305_0035_0022_0086_0086.jpg 1 35 22 86 86
0306_0032_0022_0067_0067.jpg 1 32 22 67 67
0307_0048_0040_0062_0062.jpg 1 48 40 62 62
0308_0022_0046_0055_0055.jpg 1 22 46 55 55
0309_0013_0066_0049_0049.jpg 1 13 66 49 49
0310_0079_0050_0062_0062.jpg 1 79 50 62 62
0311_0059_0048_0075_0075.jpg 1 59 48 75 75
0312_0076_0053_0041_0041.jpg 1 76 53 41 41
0313_0029_0004_0103_0103.jpg 1 29 4 103 103
0314_0076_0016_0047_0047.jpg 1 76 16 47 47
0315_0043_0010_0056_0056.jpg 1 43 10 56 56
0316_0080_0023_0039_0039.jpg 1 80 23 39 39
0317_0063_0076_0049_0049.jpg 1 63 76 49 49
0318_0006_0014_0103_0103.jpg 1 6 14 103 103
0319_0052_0035_0033_0033.jpg 1 52 35 33 33
0320_0018_0015_0097_0097.jpg 1 18 15 97 97
0321_0090_0088_0028_0028.jpg 1 90 88 28 28
0322_0031_0094_0036_0036.jpg 1 31 94 36 36
0323_0022_0021_0092_0092.jpg 1 22 21 92 92
0324_0025_0070_0060_0060.jpg 1 25 70 60 60
0325_0082_0057_0045_0045.jpg 1 82 57 45 45
0326_0093_0062_0027_0027.jpg 1 93 62 27 27
0327_0061_0010_0077_0077.jpg 1 61 10 77 77
0328_0039_0026_0070_0070.jpg 1 39 26 70 70
0329_0051_0107_0028_0028.jpg 1 51 107 28 28
0330_0079_0020_0024_0024.jpg 1 79 20 24 24
0331_0054_0033_0036_0036.jpg 1 54 33 36 36
0332_0025_0016_0089_0089.jpg 1 25 16 89 89
0333_0049_0066_0035_0035.jpg 1 49 66 35 35
0334_0069_0027_0069_0069.jpg 1 69 27 69 69
0335_0013_0027_0101_0101.jpg 1 13 27 101 101
0336_0086_0021_0032_0032.jpg 1 86 21 32 32
0337_0042_0045_0094_0094.jpg 1 42 45 94 94
0338_0050_0013_0056_0056.jpg 1 50 13 56 56
0339_0049_0060_0079_0079.jpg 1 49 60 79 79
0340_0063_0050_0057_0057.jpg 1 63 50 57 57
0341_0013_0019_0083_0083.jpg 1 13 19 83 83
0342_0054_0018_0036_0036.jpg 1 54 18 36 36
0343_0023_0026_0097_0097.jpg 1 23 26 97 97
0344_0095_0083_0024_0024.jpg 1 95 83 24 24
0345_0025_0010_0103_0103.jpg 1 25 10 103 103
0346_0008_0015_0079_0079.jpg 1 8 15 79 79
0347_0086_0086_0039_0039.jpg 1 86 86 39 39
0348_0051_0031_0085_0085.jpg 1 51 31 85 85
0349_0064_0028_0056_0056.jpg 1 64 28 56 56
0350_0040_0092_0033_0033.jpg 1 40 92 33 33
0351_0059_0032_0060_0060.jpg 1 59 32 60 60
0352_0008_0029_0093_0093.jpg 1 8 29 93 93
0353_0035_0020_0092_0092.jpg 1 35 20 92 92
0354_0039_0036_0082_0082.jpg 1 39 36 82 82
0355_0034_0043_0095_0095.jpg 1 34 43 95 95
0356_0010_0035_0078_0078.jpg 1 10 35 78 78
0357_0015_0095_0029_0029.jpg 1 15 95 29 29
0358_0011_0047_0076_0076.jpg 1 11 47 76 76
0359_0011_0034_0054_0054.jpg 1 11 34 54 54
0360_0016_0027_0089_0089.jpg 1 16 27 89 89
0361_0020_0011_0062_0062.jpg 1 20 11 62 62
0362_0103_0062_0029_0029.jpg 1 103 62 29 29
0363_0018_0075_0040_0040.jpg 1 18 75 40 40
0364_0011_0016_0063_0063.jpg 1 11 16 63 63
0365_0060_0047_0048_0048.jpg 1 60 47 48 48
0366_0061_0049_0076_0076.jpg 1 61 49 76 76
0367_0046_0013_0038_0038.jpg 1 46 13 38 38
0368_0046_0046_0094_0094.jpg 1 46 46 94 94
0369_0010_0041_0092_0092.jpg 1 10 41 92 92
0370_0037_0049_0074_0074.jpg 1 37 49 74 74
0371_0006_0036_0104_0104.jpg 1 6 36 104 104
0372_0053_0045_0085_0085.jpg 1 53 45 85 85
0373_0019_0031_0081_0081.jpg 1 19 31 81 81
0374_0052_0043_0088_0088.jpg 1 52 43 88 88
0375_0048_0037_0037_0037.jpg 1 48 37 37 37
0376_0031_0053_0085_0085.jpg 1 31 53 85 85
0377_0009_0040_0093_0093.jpg 1 9 40 93 93
0378_0058_0028_0066_0066.jpg 1 58 28 66 66
0379_0081_0082_0041_0041.jpg 1 81 82 41 41
0380_0051_0054_0085_0085.jpg 1 51 54 85 85
0381_0088_0031_0047_0047.jpg 1 88 31 47 47
0382_0014_0035_0090_0090.jpg 1 14 35 90 90
0383_0016_0057_0064_0064.jpg 1 16 57 64 64
0384_0056_0067_0060_0060.jpg 1 56 67 60 60
0385_0060_0035_0066_0066.jpg 1 60 35 66 66
0386_0051_0055_0088_0088.jpg 1 51 55 88 88
0387_0013_0021_0082_0082.jpg 1 13 21 82 82
0388_0040_0043_0025_0025.jpg 1 40 43 25 25
0389_0012_0039_0099_0099.jpg 1 12 39 99 99
0390_0060_0013_0072_0072.jpg 1 60 13 72 72
0391_0057_0027_0027_0027.jpg 1 57 27 27 27
0392_0065_0067_0058_0058.jpg 1 65 67 58 58
0393_0081_0042_0027_0027.jpg 1 81 42 27 27
0394_0036_0044_0066_0066.jpg 1 36 44 66 66
0395_0026_0068_0029_0029.jpg 1 26 68 29 29
0396_0017_0037_0069_0069.jpg 1 17 37 69 69
0397_0099_0102_0025_0025.jpg 1 99 102 25 25
0398_0047_0006_0091_0091.jpg 1 47 6 91 91
0399_0017_0014_0035_0035.jpg 1 17 14 35 35
0400_0013_0010_0101_0101.jpg 1 13 10 101 101
0401_0045_0040_0093_0093.jpg 1 45 40 93 93
0402_0015_0025_0037_0037.jpg 1 15 25 37 37
0403_0028_0030_0070_0070.jpg 1 28 30 70 70
0404_0034_0048_0035_0035.jpg 1 34 48 35 35
0405_0060_0042_0082_0082.jpg 1 60 42 82 82
0406_0019_0014_0064_0064.jpg 1 19 14 64 64
0407_0026_0059_0034_0034.jpg 1 26 59 34 34
0408_0097_0078_0030_0030.jpg 1 97 78 30 30
0409_0038_0027_0101_0101.jpg 1 38 27 101 101
0410_0051_0041_0092_0092.jpg 1 51 41 92 92
0411_0025_0065_0069_0069.jpg 1 25 65 69 69
0412_0037_0052_0085_0085.jpg 1 37 52 85 85
0413_0061_0078_0056_0056.jpg 1 61 78 56 56
0414_0049_0078_0053_0053.jpg 1 49 78 53 53
0415_0036_0037_0046_0046.jpg 1 36 37 46 46
0416_0069_0064_0048_0048.jpg 1 69 64 48 48
0417_0104_0071_0025_0025.jpg 1 104 71 25 25
0418_0036_0010_0091_0091.jpg 1 36 10 91 91
0419_0029_0021_0104_0104.jpg 1 29 21 104 104
0420_0030_0032_0074_0074.jpg 1 30 32 74 74
0421_0066_0015_0049_0049.jpg 1 66 15 49 49
0422_0065_0043_0046_0046.jpg 1 65 43 46 46
0423_0026_0022_0103_0103.jpg 1 26 22 103 103
0424_0039_0029_0103_0103.jpg 1 39 29 103 103
0425_0012_0042_0075_0075.jpg 1 12 42 75 75
0426_0079_0022_0031_0031.jpg 1 79 22 31 31
0427_0065_0050_0067_0067.jpg 1 65 50 67 67
0428_0071_0028_0042_0042.jpg 1 71 28 42 42
0429_0080_0032_0029_0029.jpg 1 80 32 29 29
0430_0021_0045_0070_0070.jpg 1 21 45 70 70
0431_0015_0089_0049_0049.jpg 1 15 89 49 49
0432_0090_0079_0031_0031.jpg 1 90 79 31 31
0433_0101_0030_0024_0024.jpg 1 101 30 24 24
0434_0087_0040_0040_0040.jpg 1 87 40 40 40
0435_0046_0014_0080_0080.jpg 1 46 14 80 80
0436_0091_0061_0048_0048.jpg 1 91 61 48 48
0437_0058_0083_0052_0052.jpg 1 58 83 52 52
0438_0050_0077_0025_0025.jpg 1 50 77 25 25
0439_0071_0034_0061_0061.jpg 1 71 34 61 61
0440_0045_0017_0092_0092.jpg 1 45 17 92 92
0441_0025_0046_0094_0094.jpg 1 25 46 94 94
0442_0051_0069_0069_0069.jpg 1 51 69 69 69
0443_0015_0086_0034_0034.jpg 1 15 86 34 34
0444_0025_0080_0057_0057.jpg 1 25 80 57 57
0445_0037_0039_0033_0033.jpg 1 37 39 33 33
0446_0021_0048_0085_0085.jpg 1 21 48 85 85
0447_0089_0055_0039_0039.jpg 1 89 55 39 39
0448_0024_0045_0097_0097.jpg 1 24 45 97 97
0449_0056_0046_0067_0067.jpg 1 56 46 67 67
0450_0034_0046_0068_0068.jpg 1 34 46 68 68
0451_0042_0015_0055_0055.jpg 1 42 15 55 55
0452_0042_0081_0024_0024.jpg 1 42 81 24 24
0453_0060_0024_0051_0051.jpg 1 60 24 51 51
0454_0045_0031_0063_0063.jpg 1 45 31 63 63
0455_0063_0020_0025_0025.jpg 1 63 20 25 25
0456_0012_0024_0088_0088.jpg 1 12 24 88 88
0457_0054_0009_0088_0088.jpg 1 54 9 88 88
0458_0042_0041_0086_0086.jpg 1 42 41 86 86
0459_0033_0009_0066_0066.jpg 1 33 9 66 66
0460_0033_0008_0073_0073.jpg 1 33 8 73 73
0461_0017_0029_0036_0036.jpg 1 17 29 36 36
0462_0022_0012_0058_0058.jpg 1 22 12 58 58
0463_0021_0007_0093_0093.jpg 1 21 7 93 93
0464_0012_0030_0040_0040.jpg 1 12 30 40 40
0465_0077_0081_0030_0030.jpg 1 77 81 30 30
0466_0026_0044_0056_0056.jpg 1 26 44 56 56
0467_0028_0022_0028_0028.jpg 1 28 22 28 28
0468_0070_0015_0056_0056.jpg 1 70 15 56 56
0469_0052_0080_0052_0052.jpg 1 52 80 52 52
0470_0019_0037_0093_0093.jpg 1 19 37 93 93
0471_0041_0045_0039_0039.jpg 1 41 45 39 39
0472_0064_0046_0060_0060.jpg 1 64 46 60 60
0473_0016_0011_0059_0059.jpg 1 16 11 59 59
0474_0021_0013_0091_0091.jpg 1 21 13 91 91
0475_0015_0076_0026_0026.jpg 1 15 76 26 26
0476_0011_0027_0092_0092.jpg 1 11 27 92 92
0477_0030_0048_0053_0053.jpg 1 30 48 53 53
0478_0044_0050_0069_0069.jpg 1 44 50 69 69
0479_0016_0073_0039_0039.jpg 1 16 73 39 39
0480_0026_0097_0037_0037.jpg 1 26 97 37 37
0481_0032_0010_0048_0048.jpg 1 32 10 48 48
0482_0054_0056_0041_0041.jpg 1 54 56 41 41
0483_0039_0017_0100_0100.jpg 1 39 17 100 100
0484_0056_0088_0042_0042.jpg 1 56 88 42 42
0485_0093_0052_0025_0025.jpg 1 93 52 25 25
0486_0049_0019_0094_0094.jpg 1 49 19 94 94
0487_0090_0083_0025_0025.jpg 1 90 83 25 25
0488_0032_0025_0052_0052.jpg 1 32 25 52 52
0489_0015_0011_0092_0092.jpg 1 15 11 92 92
0490_0040_0049_0030_0030.jpg 1 40 49 30 30
0491_0033_0023_0084_0084.jpg 1 33 23 84 84
0492_0081_0011_0039_0039.jpg 1 81 11 39 39
0493_0069_0061_0072_0072.jpg 1 69 61 72 72
0494_0032_0047_0078_0078.jpg 1 32 47 78 78
0495_0073_0070_0024_0024.jpg 1 73 70 24 24
0496_0052_0077_0048_0048.jpg 1 52 77 48 48
0497_0068_0023_0070_0070.jpg 1 68 23 70 70
0498_0056_0073_0055_0055.jpg 1 56 73 55 55
0499_0058_0016_0054_0054.jpg 1 58 16 54 54
0500_0053_0020_0052_0052.jpg 1 53 20 52 52
0501_0017_0006_0088_0088.jpg 1 17 6 88 88
0502_0070_0018_0064_0064.jpg 1 70 18 64 64
0503_0006_0021_0085_0085.jpg 1 6 21 85 85
0504_0036_0053_0077_0077.jpg 1 36 53 77 77
0505_0022_0031_0057_0057.jpg 1 22 31 57 57
0506_0032_0015_0099_0099.jpg 1 32 15 99 99
0507_0030_0047_0055_0055.jpg 1 30 47 55 55
0508_0041_0027_0089_0089.jpg 1 41 27 89 89
0509_0074_0048_0045_0045.jpg 1 74 48 45 45
0510_0033_0020_0080_0080.jpg 1 33 20 80 80
0511_0065_0036_0055_0055.jpg 1 65 36 55 55
0512_0075_0043_0046_0046.jpg 1 75 43 46 46
0513_0046_0035_0051_0051.jpg 1 46 35 51 51
0514_0029_0058_0075_0075.jpg 1 29 58 75 75
0515_0022_0032_0074_0074.jpg 1 22 32 74 74
0516_0009_0040_0104_0104.jpg 1 9 40 104 104
0517_0067_0058_0058_0058.jpg 1 67 58 58 58
0518_0047_0022_0069_0069.jpg 1 47 22 69 69
0519_0006_0015_0101_0101.jpg 1 6 15 101 101
0520_0038_0040_0100_0100.jpg 1 38 40 100 100
0521_0059_0041_0059_0059.jpg 1 59 41 59 59
0522_0013_0053_0035_0035.jpg 1 13 53 35 35
0523_0007_0036_0104_0104.jpg 1 7 36 104 104
0524_0018_0016_0097_0097.jpg 1 18 16 97 97
0525_0065_0080_0037_0037.jpg 1 65 80 37 37
0526_0061_0069_0073_0073.jpg 1 61 69 73 73
0527_0062_0057_0066_0066.jpg 1 62 57 66 66
0528_0084_0083_0054_0054.jpg 1 84 83 54 54
0529_0067_0095_0033_0033.jpg 1 67 95 33 33
0530_0097_0041_0035_0035.jpg 1 97 41 35 35
0531_0059_0039_0065_0065.jpg 1 59 39 65 65
0532_0027_0042_0101_0101.jpg 1 27 42 101 101
0533_0008_0024_0088_0088.jpg 1 8 24 88 88
0534_0059_0010_0082_0082.jpg 1 59 10 82 82
0535_0035_0012_0095_0095.jpg 1 35 12 95 95
0536_0037_0020_0056_0056.jpg 1 37 20 56 56
0537_0050_0021_0089_0089.jpg 1 50 21 89 89
0538_0012_0051_0049_0049.jpg 1 12 51 49 49
0539_0036_0105_0031_0031.jpg 1 36 105 31 31
0540_0034_0014_0094_0094.jpg 1 34 14 94 94
0541_0010_0093_0043_0043.jpg 1 10 93 43 43
0542_0075_0024_0055_0055.jpg 1 75 24 55 55
0543_0047_0095_0024_0024.jpg 1 47 95 24 24
0544_0068_0056_0049_0049.jpg 1 68 56 49 49
0545_0039_0010_0102_0102.jpg 1 39 10 102 102
0546_0027_0063_0079_0079.jpg 1 27 63 79 79
0547_0066_0042_0067_0067.jpg 1 66 42 67 67
0548_0082_0068_0040_0040.jpg 1 82 68 40 40
0549_0013_0087_0026_0026.jpg 1 13 87 26 26
0550_0030_0097_0036_0036.jpg 1 30 97 36 36
0551_0085_0100_0030_0030.jpg 1 85 100 30 30
0552_0046_0040_0094_0094.jpg 1 46 40 94 94
0553_0007_0037_0103_0103.jpg 1 7 37 103 103
0554_0054_0061_0032_0032.jpg 1 54 61 32 32
0555_0049_0053_0064_0064.jpg 1 49 53 64 64
0556_0060_0014_0063_0063.jpg 1 60 14 63 63
0557_0062_0021_0028_0028.jpg 1 62 21 28 28
0558_0070_0010_0052_0052.jpg 1 70 10 52 52
0559_0031_0027_0078_0078.jpg 1 31 27 78 78
0560_0034_0088_0042_0042.jpg 1 34 88 42 42
0561_0036_0091_0028_0028.jpg 1 36 91 28 28
0562_0089_0016_0035_0035.jpg 1 89 16 35 35
0563_0049_0037_0085_0085.jpg 1 49 37 85 85
0564_0016_0031_0052_0052.jpg 1 16 31 52 52
0565_0044_0015_0088_0088.jpg 1 44 15 88 88
0566_0037_0018_0085_0085.jpg 1 37 18 85 85
0567_0021_0048_0083_0083.jpg 1 21 48 83 83
0568_0021_0033_0024_0024.jpg 1 21 33 24 24
0569_0017_0039_0028_0028.jpg 1 17 39 28 28
0570_0046_0042_0069_0069.jpg 1 46 42 69 69
0571_0030_0080_0058_0058.jpg 1 30 80 58 58
0572_0043_0073_0063_0063.jpg 1 43 73 63 63
0573_0021_0025_0051_0051.jpg 1 21 25 51 51
0574_0045_0039_0091_0091.jpg 1 45 39 91 91
0575_0048_0044_0093_0093.jpg 1 48 44 93 93
0576_0038_0050_0043_0043.jpg 1 38 50 43 43
0577_0064_0062_0060_0060.jpg 1 64 62 60 60
0578_0018_0016_0099_0099.jpg 1 18 16 99 99
0579_0071_0056_0054_0054.jpg 1 71 56 54 54
0580_0098_0039_0031_0031.jpg 1 98 39 31 31
0581_0037_0075_0031_0031.jpg 1 37 75 31 31
0582_0034_0040_0025_0025.jpg 1 34 40 25 25
0583_0064_0056_0074_0074.jpg 1 64 56 74 74
0584_0045_0057_0054_0054.jpg 1 45 57 54 54
0585_0042_0015_0044_0044.jpg 1 42 15 44 44
0586_0031_0078_0058_0058.jpg 1 31 78 58 58
0587_0015_0048_0095_0095.jpg 1 15 48 95 95
0588_0069_0064_0064_0064.jpg 1 69 64 64 64
0589_0068_0038_0063_0063.jpg 1 68 38 63 63
0590_0048_0019_0076_0076.jpg 1 48 19 76 76
0591_0014_0035_0098_0098.jpg 1 14 35 98 98
0592_0065_0078_0031_0031.jpg 1 65 78 31 31
0593_0038_0011_0081_0081.jpg 1 38 11 81 81
0594_0065_0044_0043_0043.jpg 1 65 44 43 43
0595_0057_0063_0050_0050.jpg 1 57 63 50 50
0596_0066_0021_0073_0073.jpg 1 66 21 73 73
0597_0048_0049_0080_0080.jpg 1 48 49 80 80
0598_0079_0073_0034_0034.jpg 1 79 73 34 34
0599_0042_0043_0069_0069.jpg 1 42 43 69 69
0600_0017_0045_0051_0051.jpg 1 17 45 51 51
0601_0042_0036_0070_0070.jpg 1 42 36 70 70
0602_0033_0051_0082_0082.jpg 1 33 51 82 82
0603_0065_0054_0052_0052.jpg 1 65 54 52 52
0604_0044_0026_0053_0053.jpg 1 44 26 53 53
0605_0037_0059_0058_0058.jpg 1 37 59 58 58
0606_0066_0013_0063_0063.jpg 1 66 13 63 63
0607_0013_0068_0054_0054.jpg 1 13 68 54 54
0608_0036_0031_0095_0095.jpg 1 36 31 95 95
0609_0067_0070_0058_0058.jpg 1 67 70 58 58
0610_0082_0070_0039_0039.jpg 1 82 70 39 39
0611_0014_0038_0059_0059.jpg 1 14 38 59 59
0612_0012_0033_0076_0076.jpg 1 12 33 76 76
0613_0018_0032_0063_0063.jpg 1 18 32 63 63
0614_0086_0022_0034_0034.jpg 1 86 22 34 34
0615_0052_0051_0049_0049.jpg 1 52 51 49 49
0616_0033_0068_0055_0055.jpg 1 33 68 55 55
0617_0037_0057_0076_0076.jpg 1 37 57 76 76
0618_0037_0027_0097_0097.jpg 1 37 27 97 97
0619_0030_0017_0102_0102.jpg 1 30 17 102 102
0620_0050_0055_0050_0050.jpg 1 50 55 50 50
0621_0051_0030_0048_0048.jpg 1 51 30 48 48
0622_0008_0022_0095_0095.jpg 1 8 22 95 95
0623_0011_0012_0096_0096.jpg 1 11 12 96 96
0624_0018_0084_0041_0041.jpg 1 18 84 41 41
0625_0034_0043_0101_0101.jpg 1 34 43 101 101
0626_0062_0035_0074_0074.jpg 1 62 35 74 74
0627_0030_0007_0104_0104.jpg 1 30 7 104 104
0628_0009_0054_0067_0067.jpg 1 9 54 67 67
0629_0045_0062_0059_0059.jpg 1 45 62 59 59
0630_0033_0042_0089_0089.jpg 1 33 42 89 89
0631_0041_0059_0062_0062.jpg 1 41 59 62 62
0632_0022_0037_0078_0078.jpg 1 22 37 78 78
0633_0043_0040_0031_0031.jpg 1 43 40 31 31
0634_0041_0041_0083_0083.jpg 1 41 41 83 83
0635_0099_0023_0028_0028.jpg 1 99 23 28 28
0636_0009_0013_0090_0090.jpg 1 9 13 90 90
0637_0032_0085_0040_0040.jpg 1 32 85 40 40
0638_0085_0059_0043_0043.jpg 1 85 59 43 43
0639_0038_0044_0099_0099.jpg 1 38 44 99 99
0640_0032_0049_0045_0045.jpg 1 32 49 45 45
0641_0040_0039_0024_0024.jpg 1 40 39 24 24
0642_0099_0021_0033_0033.jpg 1 99 21 33 33
0643_0036_0025_0041_0041.jpg 1 36 25 41 41
0644_0083_0054_0040_0040.jpg 1 83 54 40 40
0645_0065_0042_0055_0055.jpg 1 65 42 55 55
0646_0024_0052_0035_0035.jpg 1 24 52 35 35
0647_0008_0016_0087_0087.jpg 1 8 16 87 87
0648_0068_0044_0073_0073.jpg 1 68 44 73 73
0649_0079_0082_0039_0039.jpg 1 79 82 39 39
0650_0018_0010_0070_0070.jpg 1 18 10 70 70
0651_0027_0090_0044_0044.jpg 1 27 90 44 44
0652_0025_0053_0084_0084.jpg 1 25 53 84 84
0653_0036_0012_0088_0088.jpg 1 36 12 88 88
0654_0018_0098_0029_0029.jpg 1 18 98 29 29
0655_0065_0017_0030_0030.jpg 1 65 17 30 30
0656_0034_0058_0070_0070.jpg 1 34 58 70 70
0657_0039_0055_0086_0086.jpg 1 39 55 86 86
0658_0010_0023_0082_0082.jpg 1 10 23 82 82
0659_0023_0024_0089_0089.jpg 1 23 24 89 89
0660_0081_0014_0043_0043.jpg 1 81 14 43 43
0661_0035_0021_0050_0050.jpg 1 35 21 50 50
0662_0056_0042_0071_0071.jpg 1 56 42 71 71
0663_0077_0047_0049_0049.jpg 1 77 47 49 49
0664_0074_0087_0034_0034.jpg 1 74 87 34 34
0665_0016_0008_0095_0095.jpg 1 16 8 95 95
0666_0009_0010_0096_0096.jpg 1 9 10 96 96
0667_0031_0030_0098_0098.jpg 1 31 30 98 98
0668_0037_0018_0070_0070.jpg 1 37 18 70 70
0669_0048_0045_0092_0092.jpg 1 48 45 92 92
0670_0054_0011_0081_0081.jpg 1 54 11 81 81
0671_0057_0013_0074_0074.jpg 1 57 13 74 74
0672_0045_0077_0048_0048.jpg 1 45 77 48 48
0673_0087_0041_0039_0039.jpg 1 87 41 39 39
0674_0050_0014_0058_0058.jpg 1 50 14 58 58
0675_0062_0016_0079_0079.jpg 1 62 16 79 79
0676_0068_0054_0054_0054.jpg 1 68 54 54 54
0677_0069_0067_0026_0026.jpg 1 69 67 26 26
0678_0049_0048_0080_0080.jpg 1 49 48 80 80
0679_0049_0026_0057_0057.jpg 1 49 26 57 57
0680_0043_0033_0079_0079.jpg 1 43 33 79 79
0681_0010_0073_0053_0053.jpg 1 10 73 53 53
0682_0031_0010_0062_0062.jpg 1 31 10 62 62
0683_0025_0018_0063_0063.jpg 1 25 18 63 63
0684_0015_0022_0073_0073.jpg 1 15 22 73 73
0685_0023_0076_0049_0049.jpg 1 23 76 49 49
0686_0079_0062_0025_0025.jpg 1 79 62 25 25
0687_0017_0051_0092_0092.jpg 1 17 51 92 92
0688_0112_0025_0024_0024.jpg 1 112 25 24 24
0689_0038_0025_0086_0086.jpg 1 38 25 86 86
0690_0034_0060_0080_0080.jpg 1 34 60 80 80
0691_0034_0032_0069_0069.jpg 1 34 32 69 69
0692_0039_0057_0065_0065.jpg 1 39 57 65 65
0693_0071_0045_0033_0033.jpg 1 71 45 33 33
0694_0040_0028_0090_0090.jpg 1 40 28 90 90
0695_0079_0056_0049_0049.jpg 1 79 56 49 49
0696_0020_0066_0066_0066.jpg 1 20 66 66 66
0697_0030_0032_0098_0098.jpg 1 30 32 98 98
0698_0016_0044_0056_0056.jpg 1 16 44 56 56
0699_0020_0051_0075_0075.jpg 1 20 51 75 75
0700_0010_0034_0051_0051.jpg 1 10 34 51 51
0701_0052_0009_0074_0074.jpg 1 52 9 74 74
0702_0064_0066_0070_0070.jpg 1 64 66 70 70
0703_0037_0013_0034_0034.jpg 1 37 13 34 34
0704_0017_0020_0080_0080.jpg 1 17 20 80 80
0705_0075_0076_0064_0064.jpg 1 75 76 64 64
0706_0013_0022_0044_0044.jpg 1 13 22 44 44
0707_0033_0045_0086_0086.jpg 1 33 45 86 86
0708_0036_0068_0067_0067.jpg 1 36 68 67 67
0709_0071_0032_0060_0060.jpg 1 71 32 60 60
0710_0062_0071_0070_0070.jpg 1 62 71 70 70
0711_0065_0045_0032_0032.jpg 1 65 45 32 32
0712_0052_0011_0065_0065.jpg 1 52 11 65 65
0713_0019_0058_0069_0069.jpg 1 19 58 69 69
0714_0007_0030_0099_0099.jpg 1 7 30 99 99
0715_0054_0066_0063_0063.jpg 1 54 66 63 63
0716_0013_0031_0052_0052.jpg 1 13 31 52 52
0717_0011_0020_0057_0057.jpg 1 11 20 57 57
0718_0049_0099_0030_0030.jpg 1 49 99 30 30
0719_0011_0008_0084_0084.jpg 1 11 8 84 84
0720_0008_0010_0086_0086.jpg 1 8 10 86 86
0721_0017_0055_0059_0059.jpg 1 17 55 59 59
0722_0068_0064_0055_0055.jpg 1 68 64 55 55
0723_0032_0035_0094_0094.jpg 1 32 35 94 94
0724_0068_0023_0026_0026.jpg 1 68 23 26 26
0725_0014_0041_0081_0081.jpg 1 14 41 81 81
0726_0046_0013_0093_0093.jpg 1 46 13 93 93
0727_0051_0064_0025_0025.jpg 1 51 64 25 25
0728_0031_0025_0099_0099.jpg 1 31 25 99 99
0729_0051_0015_0075_0075.jpg 1 51 15 75 75
0730_0053_0028_0031_0031.jpg 1 53 28 31 31
0731_0015_0010_0081_0081.jpg 1 15 10 81 81
0732_0075_0050_0060_0060.jpg 1 75 50 60 60
0733_0037_0020_0104_0104.jpg 1 37 20 104 104
0734_0009_0027_0076_0076.jpg 1 9 27 76 76
0735_0045_0025_0092_0092.jpg 1 45 25 92 92
0736_0045_0022_0078_0078.jpg 1 45 22 78 78
0737_0040_0023_0062_0062.jpg 1 40 23 62 62
0738_0044_0013_0039_0039.jpg 1 44 13 39 39
0739_0034_0030_0098_0098.jpg 1 34 30 98 98
0740_0007_0032_0091_0091.jpg 1 7 32 91 91
0741_0101_0064_0034_0034.jpg 1 101 64 34 34
0742_0022_0034_0097_0097.jpg 1 22 34 97 97
0743_0034_0076_0057_0057.jpg 1 34 76 57 57
0744_0057_0050_0070_0070.jpg 1 57 50 70 70
0745_0043_0015_0091_0091.jpg 1 43 15 91 91
0746_0038_0041_0039_0039.jpg 1 38 41 39 39
0747_0013_0056_0081_0081.jpg 1 13 56 81 81
0748_0033_0030_0088_0088.jpg 1 33 30 88 88
0749_0060_0035_0058_0058.jpg 1 60 35 58 58
0750_0039_0023_0100_0100.jpg 1 39 23 100 100
0751_0050_0031_0090_0090.jpg 1 50 31 90 90
0752_0020_0076_0061_0061.jpg 1 20 76 61 61
0753_0021_0020_0080_0080.jpg 1 21 20 80 80
0754_0012_0036_0065_0065.jpg 1 12 36 65 65
0755_0069_0014_0040_0040.jpg 1 69 14 40 40
0756_0077_0044_0027_0027.jpg 1 77 44 27 27
0757_0042_0033_0101_0101.jpg 1 42 33 101 101
0758_0046_0021_0042_0042.jpg 1 46 21 42 42
0759_0059_0068_0050_0050.jpg 1 59 68 50 50
0760_0009_0053_0075_0075.jpg 1 9 53 75 75
0761_0057_0083_0052_0052.jpg 1 57 83 52 52
0762_0025_0034_0061_0061.jpg 1 25 34 61 61
0763_0048_0017_0070_0070.jpg 1 48 17 70 70
0764_0030_0014_0087_0087.jpg 1 30 14 87 87
0765_0041_0071_0057_0057.jpg 1 41 71 57 57
0766_0011_0077_0043_0043.jpg 1 11 77 43 43
0767_0097_0073_0040_0040.jpg 1 97 73 40 40
0768_0029_0021_0050_0050.jpg 1 29 21 50 50
0769_0071_0030_0056_0056.jpg 1 71 30 56 56
0770_0054_0041_0040_0040.jpg 1 54 41 40 40
0771_0034_0047_0088_0088.jpg 1 34 47 88 88
0772_0031_0094_0035_0035.jpg 1 31 94 35 35
0773_0013_0036_0095_0095.jpg 1 13 36 95 95
0774_0029_0049_0037_0037.jpg 1 29 49 37 37
0775_0053_0080_0051_0051.jpg 1 53 80 51 51
0776_0044_0069_0036_0036.jpg 1 44 69 36 36
0777_0031_0041_0092_0092.jpg 1 31 41 92 92
0778_0053_0036_0072_0072.jpg 1 53 36 72 72
0779_0047_0059_0054_0054.jpg 1 47 59 54 54
0780_0065_0074_0061_0061.jpg 1 65 74 61 61
0781_0028_0012_0063_0063.jpg 1 28 12 63 63
0782_0101_0058_0029_0029.jpg 1 101 58 29 29
0783_0013_0064_0034_0034.jpg 1 13 64 34 34
0784_0065_0064_0070_0070.jpg 1 65 64 70 70
0785_0093_0096_0030_0030.jpg 1 93 96 30 30
0786_0066_0052_0043_0043.jpg 1 66 52 43 43
0787_0072_0055_0048_0048.jpg 1 72 55 48 48
0788_0012_0011_0085_0085.jpg 1 12 11 85 85
0789_0009_0011_0082_0082.jpg 1 9 11 82 82
0790_0008_0011_0068_0068.jpg 1 8 11 68 68
0791_0016_0019_0084_0084.jpg 1 16 19 84 84
0792_0011_0036_0071_0071.jpg 1 11 36 71 71
0793_0027_0023_0028_0028.jpg 1 27 23 28 28
0794_0044_0038_0074_0074.jpg 1 44 38 74 74
0795_0037_0026_0033_0033.jpg 1 37 26 33 33
0796_0055_0037_0049_0049.jpg 1 55 37 49 49
0797_0070_0011_0055_0055.jpg 1 70 11 55 55
0798_0088_0048_0047_0047.jpg 1 88 48 47 47
0799_0020_0056_0075_0075.jpg 1 20 56 75 75
0800_0097_0050_0024_0024.jpg 1 97 50 24 24
0801_0041_0030_0091_0091.jpg 1 41 30 91 91
0802_0009_0044_0096_0096.jpg 1 9 44 96 96
0803_0056_0028_0070_0070.jpg 1 56 28 70 70
0804_0050_0045_0065_0065.jpg 1 50 45 65 65
0805_0074_0078_0047_0047.jpg 1 74 78 47 47
0806_0058_0067_0072_0072.jpg 1 58 67 72 72
0807_0034_0042_0089_0089.jpg 1 34 42 89 89
0808_0031_0060_0072_0072.jpg 1 31 60 72 72
0809_0023_0006_0094_0094.jpg 1 23 6 94 94
0810_0040_0041_0062_0062.jpg 1 40 41 62 62
0811_0015_0023_0079_0079.jpg 1 15 23 79 79
0812_0032_0037_0037_0037.jpg 1 32 37 37 37
0813_0012_0092_0037_0037.jpg 1 12 92 37 37
0814_0032_0029_0080_0080.jpg 1 32 29 80 80
0815_0026_0013_0098_0098.jpg 1 26 13 98 98
0816_0031_0013_0094_0094.jpg 1 31 13 94 94
0817_0046_0068_0056_0056.jpg 1 46 68 56 56
0818_0082_0096_0033_0033.jpg 1 82 96 33 33
0819_0081_0073_0033_0033.jpg 1 81 73 33 33
0820_0047_0054_0050_0050.jpg 1 47 54 50 50
0821_0077_0041_0036_0036.jpg 1 77 41 36 36
0822_0069_0069_0051_0051.jpg 1 69 69 51 51
0823_0015_0026_0091_0091.jpg 1 15 26 91 91
0824_0014_0041_0086_0086.jpg 1 14 41 86 86
0825_0079_0095_0026_0026.jpg 1 79 95 26 26
0826_0043_0043_0067_0067.jpg 1 43 43 67 67
0827_0086_0072_0044_0044.jpg 1 86 72 44 44
0828_0016_0022_0097_0097.jpg 1 16 22 97 97
0829_0051_0030_0090_0090.jpg 1 51 30 90 90
0830_0041_0075_0063_0063.jpg 1 41 75 63 63
0831_0066_0023_0071_0071.jpg 1 66 23 71 71
0832_0081_0013_0052_0052.jpg 1 81 13 52 52
0833_0060_0037_0076_0076.jpg 1 60 37 76 76
0834_0066_0047_0072_0072.jpg 1 66 47 72 72
0835_0015_0037_0087_0087.jpg 1 15 37 87 87
0836_0068_0038_0065_0065.jpg 1 68 38 65 65
0837_0035_0017_0104_0104.jpg 1 35 17 104 104
0838_0060_0074_0063_0063.jpg 1 60 74 63 63
0839_0024_0008_0093_0093.jpg 1 24 8 93 93
0840_0030_0028_0090_0090.jpg 1 30 28 90 90
0841_0058_0013_0058_0058.jpg 1 58 13 58 58
0842_0045_0022_0042_0042.jpg 1 45 22 42 42
0843_0013_0011_0097_0097.jpg 1 13 11 97 97
0844_0078_0040_0048_0048.jpg 1 78 40 48 48
0845_0055_0057_0064_0064.jpg 1 55 57 64 64
0846_0009_0041_0102_0102.jpg 1 9 41 102 102
0847_0040_0022_0041_0041.jpg 1 40 22 41 41
0848_0016_0011_0069_0069.jpg 1 16 11 69 69
0849_0012_0101_0028_0028.jpg 1 12 101 28 28
0850_0020_0084_0053_0053.jpg 1 20 84 53 53
0851_0065_0047_0060_0060.jpg 1 65 47 60 60
0852_0044_0062_0065_0065.jpg 1 44 62 65 65
0853_0038_0036_0069_0069.jpg 1 38 36 69 69
0854_0024_0037_0048_0048.jpg 1 24 37 48 48
0855_0043_0087_0033_0033.jpg 1 43 87 33 33
0856_0033_0022_0099_0099.jpg 1 33 22 99 99
0857_0015_0066_0054_0054.jpg 1 15 66 54 54
0858_0028_0039_0101_0101.jpg 1 28 39 101 101
0859_0015_0043_0073_0073.jpg 1 15 43 73 73
0860_0059_0009_0071_0071.jpg 1 59 9 71 71
0861_0083_0031_0054_0054.jpg 1 83 31 54 54
0862_0010_0064_0056_0056.jpg 1 10 64 56 56
0863_0030_0035_0092_0092.jpg 1 30 35 92 92
0864_0108_0085_0028_0028.jpg 1 108 85 28 28
0865_0028_0046_0093_0093.jpg 1 28 46 93 93
0866_0064_0043_0074_0074.jpg 1 64 43 74 74
0867_0048_0044_0087_0087.jpg 1 48 44 87 87
0868_0024_0045_0096_0096.jpg 1 24 45 96 96
0869_0055_0055_0050_0050.jpg 1 55 55 50 50
0870_0096_0093_0037_0037.jpg 1 96 93 37 37
0871_0076_0059_0062_0062.jpg 1 76 59 62 62
0872_0037_0056_0053_0053.jpg 1 37 56 53 53
0873_0020_0007_0097_0097.jpg 1 20 7 97 97
0874_0085_0033_0026_0026.jpg 1 85 33 26 26
0875_0028_0037_0093_0093.jpg 1 28 37 93 93
0876_0047_0024_0097_0097.jpg 1 47 24 97 97
0877_0018_0039_0104_0104.jpg 1 18 39 104 104
0878_0054_0052_0046_0046.jpg 1 54 52 46 46
0879_0093_0039_0031_0031.jpg 1 93 39 31 31
0880_0037_0034_0092_0092.jpg 1 37 34 92 92
0881_0016_0019_0103_0103.jpg 1 16 19 103 103
0882_0049_0063_0069_0069.jpg 1 49 63 69 69
0883_0013_0089_0029_0029.jpg 1 13 89 29 29
0884_0030_0048_0058_0058.jpg 1 30 48 58 58
0885_0013_0009_0104_0104.jpg 1 13 9 104 104
0886_0023_0028_0092_0092.jpg 1 23 28 92 92
0887_0050_0015_0065_0065.jpg 1 50 15 65 65
0888_0057_0035_0055_0055.jpg 1 57 35 55 55
0889_0033_0029_0092_0092.jpg 1 33 29 92 92
0890_0018_0049_0083_0083.jpg 1 18 49 83 83
0891_0026_0016_0071_0071.jpg 1 26 16 71 71
0892_0022_0016_0086_0086.jpg 1 22 16 86 86
0893_0052_0016_0070_0070.jpg 1 52 16 70 70
0894_0011_0011_0072_0072.jpg 1 11 11 72 72
0895_0057_0040_0060_0060.jpg 1 57 40 60 60
0896_0083_0043_0045_0045.jpg 1 83 43 45 45
0897_0030_0034_0093_0093.jpg 1 30 34 93 93
0898_0080_0029_0030_0030.jpg 1 80 29 30 30
0899_0040_0034_0063_0063.jpg 1 40 34 63 63
0900_0083_0077_0032_0032.jpg 1 83 77 32 32
0901_0057_0070_0044_0044.jpg 1 57 70 44 44
0902_0086_0020_0047_0047.jpg 1 86 20 47 47
0903_0078_0062_0038_0038.jpg 1 78 62 38 38
0904_0031_0041_0100_0100.jpg 1 31 41 100 100
0905_0051_0056_0077_0077.jpg 1 51 56 77 77
0906_0054_0026_0070_0070.jpg 1 54 26 70 70
0907_0007_0015_0101_0101.jpg 1 7 15 101 101
0908_0034_0034_0086_0086.jpg 1 34 34 86 86
0909_0072_0044_0061_0061.jpg 1 72 44 61 61
0910_0096_0084_0031_0031.jpg 1 96 84 31 31
0911_0039_0033_0067_0067.jpg 1 39 33 67 67
0912_0010_0077_0043_0043.jpg 1 10 77 43 43
0913_0021_0040_0104_0104.jpg 1 21 40 104 104
0914_0007_0029_0078_0078.jpg 1 7 29 78 78
0915_0059_0062_0024_0024.jpg 1 59 62 24 24
0916_0010_0029_0068_0068.jpg 1 10 29 68 68
0917_0033_0039_0099_0099.jpg 1 33 39 99 99
0918_0024_0064_0068_0068.jpg 1 24 64 68 68
0919_0087_0048_0050_0050.jpg 1 87 48 50 50
0920_0020_0034_0088_0088.jpg 1 20 34 88 88
0921_0025_0051_0072_0072.jpg 1 25 51 72 72
0922_0039_0058_0079_0079.jpg 1 39 58 79 79
0923_0020_0013_0091_0091.jpg 1 20 13 91 91
0924_0087_0025_0045_0045.jpg 1 87 25 45 45
0925_0038_0014_0096_0096.jpg 1 38 14 96 96
0926_0007_0035_0093_0093.jpg 1 7 35 93 93
0927_0016_0050_0077_0077.jpg 1 16 50 77 77
0928_0037_0089_0041_0041.jpg 1 37 89 41 41
0929_0019_0025_0071_0071.jpg 1 19 25 71 71
0930_0021_0084_0048_0048.jpg 1 21 84 48 48
0931_0027_0043_0056_0056.jpg 1 27 43 56 56
0932_0021_0038_0024_0024.jpg 1 21 38 24 24
0933_0042_0042_0094_0094.jpg 1 42 42 94 94
0934_0069_0083_0044_0044.jpg 1 69 83 44 44
0935_0060_0019_0063_0063.jpg 1 60 19 63 63
0936_0084_0075_0042_0042.jpg 1 84 75 42 42
0937_0015_0066_0045_0045.jpg 1 15 66 45 45
0938_0024_0034_0029_0029.jpg 1 24 34 29 29
0939_0034_0005_0098_0098.jpg 1 34 5 98 98
0940_0040_0034_0079_0079.jpg 1 40 34 79 79
0941_0049_0021_0094_0094.jpg 1 49 21 94 94
0942_0058_0049_0082_0082.jpg 1 58 49 82 82
0943_0036_0037_0076_0076.jpg 1 36 37 76 76
0944_0072_0024_0056_0056.jpg 1 72 24 56 56
0945_0023_0063_0026_0026.jpg 1 23 63 26 26
0946_0072_0055_0049_0049.jpg 1 72 55 49 49
0947_0046_0045_0062_0062.jpg 1 46 45 62 62
0948_0067_0048_0067_0067.jpg 1 67 48 67 67
0949_0037_0035_0071_0071.jpg 1 37 35 71 71
0950_0066_0016_0034_0034.jpg 1 66 16 34 34
0951_0021_0053_0066_0066.jpg 1 21 53 66 66
0952_0038_0007_0097_0097.jpg 1 38 7 97 97
0953_0029_0048_0081_0081.jpg 1 29 48 81 81
0954_0022_0070_0048_0048.jpg 1 22 70 48 48
0955_0066_0012_0062_0062.jpg 1 66 12 62 62
0956_0078_0047_0061_0061.jpg 1 78 47 61 61
0957_0086_0036_0044_0044.jpg 1 86 36 44 44
0958_0020_0059_0066_0066.jpg 1 20 59 66 66
0959_0033_0020_0102_0102.jpg 1 33 20 102 102
0960_0023_0010_0097_0097.jpg 1 23 10 97 97
0961_0039_0010_0075_0075.jpg 1 39 10 75 75
0962_0032_0045_0083_0083.jpg 1 32 45 83 83
0963_0022_0020_0082_0082.jpg 1 22 20 82 82
0964_0075_0062_0036_0036.jpg 1 75 62 36 36
0965_0037_0071_0058_0058.jpg 1 37 71 58 58
0966_0009_0024_0091_0091.jpg 1 9 24 91 91
0967_0101_0043_0035_0035.jpg 1 101 43 35 35
0968_0037_0029_0085_0085.jpg 1 37 29 85 85
0969_0016_0034_0047_0047.jpg 1 16 34 47 47
0970_0006_0033_0103_0103.jpg 1 6 33 103 103
0971_0057_0029_0085_0085.jpg 1 57 29 85 85
0972_0011_0035_0069_0069.jpg 1 11 35 69 69
0973_0054_0021_0048_0048.jpg 1 54 21 48 48
0974_0040_0033_0080_0080.jpg 1 40 33 80 80
0975_0020_0040_0097_0097.jpg 1 20 40 97 97
0976_0007_0050_0078_0078.jpg 1 7 50 78 78
0977_0028_0086_0054_0054.jpg 1 28 86 54 54
0978_0064_0030_0062_0062.jpg 1 64 30 62 62
0979_0051_0015_0065_0065.jpg 1 51 15 65 65
0980_0017_0046_0095_0095.jpg 1 17 46 95 95
0981_0022_0047_0087_0087.jpg 1 22 47 87 87
0982_0017_0063_0033_0033.jpg 1 17 63 33 33
0983_0026_0017_0085_0085.jpg 1 26 17 85 85
0984_0048_0058_0051_0051.jpg 1 48 58 51 51
0985_0061_0026_0081_0081.jpg 1 61 26 81 81
0986_0011_0063_0040_0040.jpg 1 11 63 40 40
0987_0036_0047_0069_0069.jpg 1 36 47 69 69
0988_0044_0014_0044_0044.jpg 1 44 14 44 44
0989_0018_0055_0087_0087.jpg 1 18 55 87 87
0990_0058_0041_0032_0032.jpg 1 58 41 32 32
0991_0045_0015_0058_0058.jpg 1 45 15 58 58
0992_0026_0083_0028_0028.jpg 1 26 83 28 28
0993_0060_0021_0058_0058.jpg 1 60 21 58 58
0994_0046_0094_0041_0041.jpg 1 46 94 41 41
0995_0057_0041_0086_0086.jpg 1 57 41 86 86
0996_0033_0023_0067_0067.jpg 1 33 23 67 67
0997_0052_0035_0053_0053.jpg 1 52 35 53 53
0998_0062_0026_0077_0077.jpg 1 62 26 77 77
0999_0014_0056_0082_0082.jpg 1 14 56 82 82
1000_0024_0055_0063_0063.jpg 1 24 55 63 63
